{
  "/home/will-mitchell/Documents/army-assist/src/types/Phase.ts": {
    "path": "/home/will-mitchell/Documents/army-assist/src/types/Phase.ts",
    "statementMap": {
      "0": {
        "start": {
          "line": 1,
          "column": 28
        },
        "end": {
          "line": 9,
          "column": 15
        }
      },
      "1": {
        "start": {
          "line": 2,
          "column": 2
        },
        "end": {
          "line": 2,
          "column": 32
        }
      },
      "2": {
        "start": {
          "line": 3,
          "column": 2
        },
        "end": {
          "line": 3,
          "column": 34
        }
      },
      "3": {
        "start": {
          "line": 4,
          "column": 2
        },
        "end": {
          "line": 4,
          "column": 34
        }
      },
      "4": {
        "start": {
          "line": 5,
          "column": 2
        },
        "end": {
          "line": 5,
          "column": 30
        }
      },
      "5": {
        "start": {
          "line": 6,
          "column": 2
        },
        "end": {
          "line": 6,
          "column": 28
        }
      },
      "6": {
        "start": {
          "line": 7,
          "column": 2
        },
        "end": {
          "line": 7,
          "column": 28
        }
      },
      "7": {
        "start": {
          "line": 8,
          "column": 2
        },
        "end": {
          "line": 8,
          "column": 16
        }
      }
    },
    "fnMap": {
      "0": {
        "name": "(anonymous_0)",
        "decl": {
          "start": {
            "line": 1,
            "column": 29
          },
          "end": {
            "line": 1,
            "column": 30
          }
        },
        "loc": {
          "start": {
            "line": 1,
            "column": 41
          },
          "end": {
            "line": 9,
            "column": 1
          }
        },
        "line": 1
      }
    },
    "branchMap": {
      "0": {
        "loc": {
          "start": {
            "line": 9,
            "column": 3
          },
          "end": {
            "line": 9,
            "column": 14
          }
        },
        "type": "binary-expr",
        "locations": [
          {
            "start": {
              "line": 9,
              "column": 3
            },
            "end": {
              "line": 9,
              "column": 8
            }
          },
          {
            "start": {
              "line": 9,
              "column": 12
            },
            "end": {
              "line": 9,
              "column": 14
            }
          }
        ],
        "line": 9
      }
    },
    "s": {
      "0": 64,
      "1": 64,
      "2": 64,
      "3": 64,
      "4": 64,
      "5": 64,
      "6": 64,
      "7": 64
    },
    "f": {
      "0": 64
    },
    "b": {
      "0": [
        64,
        64
      ]
    },
    "inputSourceMap": {
      "version": 3,
      "file": null,
      "sources": [
        "/home/will-mitchell/Documents/army-assist/src/types/Phase.ts"
      ],
      "names": [
        "Phase"
      ],
      "mappings": "AAAA,IAAK,QAAL,kBAAKA,WAAL;AACE,EAAAA,OAAA,aAAU;AACV,EAAAA,OAAA,cAAW;AACX,EAAAA,OAAA,cAAW;AACX,EAAAA,OAAA,YAAU;AACV,EAAAA,OAAA,WAAU;AACV,EAAAA,OAAA,WAAQ;AANL,SAAAA;AAAA,GAAA;AASL,eAAe;"
    },
    "_coverageSchema": "1a1c01bbd47fc00a2c39e90264f33305004495a9",
    "hash": "77988fa3350d5d3210bd03fe200fb077f9b98242"
  },
  "/home/will-mitchell/Documents/army-assist/src/types/Side.ts": {
    "path": "/home/will-mitchell/Documents/army-assist/src/types/Side.ts",
    "statementMap": {
      "0": {
        "start": {
          "line": 1,
          "column": 27
        },
        "end": {
          "line": 5,
          "column": 14
        }
      },
      "1": {
        "start": {
          "line": 2,
          "column": 2
        },
        "end": {
          "line": 2,
          "column": 32
        }
      },
      "2": {
        "start": {
          "line": 3,
          "column": 2
        },
        "end": {
          "line": 3,
          "column": 44
        }
      },
      "3": {
        "start": {
          "line": 4,
          "column": 2
        },
        "end": {
          "line": 4,
          "column": 15
        }
      }
    },
    "fnMap": {
      "0": {
        "name": "(anonymous_0)",
        "decl": {
          "start": {
            "line": 1,
            "column": 28
          },
          "end": {
            "line": 1,
            "column": 29
          }
        },
        "loc": {
          "start": {
            "line": 1,
            "column": 39
          },
          "end": {
            "line": 5,
            "column": 1
          }
        },
        "line": 1
      }
    },
    "branchMap": {
      "0": {
        "loc": {
          "start": {
            "line": 5,
            "column": 3
          },
          "end": {
            "line": 5,
            "column": 13
          }
        },
        "type": "binary-expr",
        "locations": [
          {
            "start": {
              "line": 5,
              "column": 3
            },
            "end": {
              "line": 5,
              "column": 7
            }
          },
          {
            "start": {
              "line": 5,
              "column": 11
            },
            "end": {
              "line": 5,
              "column": 13
            }
          }
        ],
        "line": 5
      }
    },
    "s": {
      "0": 64,
      "1": 64,
      "2": 64,
      "3": 64
    },
    "f": {
      "0": 64
    },
    "b": {
      "0": [
        64,
        64
      ]
    },
    "inputSourceMap": {
      "version": 3,
      "file": null,
      "sources": [
        "/home/will-mitchell/Documents/army-assist/src/types/Side.ts"
      ],
      "names": [
        "Side"
      ],
      "mappings": "AAAA,IAAK,OAAL,kBAAKA,UAAL;AAAY,EAAAA,YAAA;AAAI,EAAAA,YAAA;AAAX,SAAAA;AAAA,GAAA;AAEL,eAAe;"
    },
    "_coverageSchema": "1a1c01bbd47fc00a2c39e90264f33305004495a9",
    "hash": "e8a53a0ca925c2ec50ccd11ac130b5344733a54e"
  },
  "/home/will-mitchell/Documents/army-assist/src/types/SortOptions.ts": {
    "path": "/home/will-mitchell/Documents/army-assist/src/types/SortOptions.ts",
    "statementMap": {
      "0": {
        "start": {
          "line": 1,
          "column": 34
        },
        "end": {
          "line": 5,
          "column": 21
        }
      },
      "1": {
        "start": {
          "line": 2,
          "column": 2
        },
        "end": {
          "line": 2,
          "column": 32
        }
      },
      "2": {
        "start": {
          "line": 3,
          "column": 2
        },
        "end": {
          "line": 3,
          "column": 45
        }
      },
      "3": {
        "start": {
          "line": 4,
          "column": 2
        },
        "end": {
          "line": 4,
          "column": 22
        }
      }
    },
    "fnMap": {
      "0": {
        "name": "(anonymous_0)",
        "decl": {
          "start": {
            "line": 1,
            "column": 35
          },
          "end": {
            "line": 1,
            "column": 36
          }
        },
        "loc": {
          "start": {
            "line": 1,
            "column": 53
          },
          "end": {
            "line": 5,
            "column": 1
          }
        },
        "line": 1
      }
    },
    "branchMap": {
      "0": {
        "loc": {
          "start": {
            "line": 5,
            "column": 3
          },
          "end": {
            "line": 5,
            "column": 20
          }
        },
        "type": "binary-expr",
        "locations": [
          {
            "start": {
              "line": 5,
              "column": 3
            },
            "end": {
              "line": 5,
              "column": 14
            }
          },
          {
            "start": {
              "line": 5,
              "column": 18
            },
            "end": {
              "line": 5,
              "column": 20
            }
          }
        ],
        "line": 5
      }
    },
    "s": {
      "0": 64,
      "1": 64,
      "2": 64,
      "3": 64
    },
    "f": {
      "0": 64
    },
    "b": {
      "0": [
        64,
        64
      ]
    },
    "inputSourceMap": {
      "version": 3,
      "file": null,
      "sources": [
        "/home/will-mitchell/Documents/army-assist/src/types/SortOptions.ts"
      ],
      "names": [
        "SortOptions"
      ],
      "mappings": "AAAA,IAAK,cAAL,kBAAKA,iBAAL;AACE,EAAAA,aAAA,UAAO;AACP,EAAAA,aAAA,gBAAa;AAFV,SAAAA;AAAA,GAAA;AAKL,eAAe;"
    },
    "_coverageSchema": "1a1c01bbd47fc00a2c39e90264f33305004495a9",
    "hash": "57288b1c33db5499687d4b8aecae1e08e950e17c"
  },
  "/home/will-mitchell/Documents/army-assist/src/utils/VersionHelper.ts": {
    "path": "/home/will-mitchell/Documents/army-assist/src/utils/VersionHelper.ts",
    "statementMap": {
      "0": {
        "start": {
          "line": 2,
          "column": 26
        },
        "end": {
          "line": 2,
          "column": 56
        }
      },
      "1": {
        "start": {
          "line": 2,
          "column": 32
        },
        "end": {
          "line": 2,
          "column": 56
        }
      },
      "2": {
        "start": {
          "line": 3,
          "column": 31
        },
        "end": {
          "line": 3,
          "column": 66
        }
      },
      "3": {
        "start": {
          "line": 3,
          "column": 37
        },
        "end": {
          "line": 3,
          "column": 66
        }
      }
    },
    "fnMap": {
      "0": {
        "name": "(anonymous_0)",
        "decl": {
          "start": {
            "line": 2,
            "column": 26
          },
          "end": {
            "line": 2,
            "column": 27
          }
        },
        "loc": {
          "start": {
            "line": 2,
            "column": 32
          },
          "end": {
            "line": 2,
            "column": 56
          }
        },
        "line": 2
      },
      "1": {
        "name": "(anonymous_1)",
        "decl": {
          "start": {
            "line": 3,
            "column": 31
          },
          "end": {
            "line": 3,
            "column": 32
          }
        },
        "loc": {
          "start": {
            "line": 3,
            "column": 37
          },
          "end": {
            "line": 3,
            "column": 66
          }
        },
        "line": 3
      }
    },
    "branchMap": {},
    "s": {
      "0": 64,
      "1": 64,
      "2": 64,
      "3": 128
    },
    "f": {
      "0": 64,
      "1": 128
    },
    "b": {},
    "inputSourceMap": {
      "version": 3,
      "file": null,
      "sources": [
        "/home/will-mitchell/Documents/army-assist/src/utils/VersionHelper.ts"
      ],
      "names": [],
      "mappings": "AAAA,OAAO,mBAAmB;AAE1B,MAAM,oBAAoB,MAAM,cAAc,CAAC,EAAE;AACjD,MAAM,yBAAyB,MAAM,cAAc,CAAC,EAAE;AAEtD,SAAQ,mBAAmB;"
    },
    "_coverageSchema": "1a1c01bbd47fc00a2c39e90264f33305004495a9",
    "hash": "30c20a91c1a388d9f4e68377c6db94ba72abc82f"
  },
  "/home/will-mitchell/Documents/army-assist/src/utils/StoreHelper.ts": {
    "path": "/home/will-mitchell/Documents/army-assist/src/utils/StoreHelper.ts",
    "statementMap": {
      "0": {
        "start": {
          "line": 1,
          "column": 30
        },
        "end": {
          "line": 10,
          "column": 1
        }
      },
      "1": {
        "start": {
          "line": 2,
          "column": 24
        },
        "end": {
          "line": 8,
          "column": 3
        }
      },
      "2": {
        "start": {
          "line": 9,
          "column": 2
        },
        "end": {
          "line": 9,
          "column": 41
        }
      },
      "3": {
        "start": {
          "line": 11,
          "column": 27
        },
        "end": {
          "line": 46,
          "column": 1
        }
      },
      "4": {
        "start": {
          "line": 12,
          "column": 2
        },
        "end": {
          "line": 44,
          "column": 3
        }
      },
      "5": {
        "start": {
          "line": 14,
          "column": 6
        },
        "end": {
          "line": 14,
          "column": 26
        }
      },
      "6": {
        "start": {
          "line": 15,
          "column": 6
        },
        "end": {
          "line": 15,
          "column": 12
        }
      },
      "7": {
        "start": {
          "line": 17,
          "column": 6
        },
        "end": {
          "line": 17,
          "column": 49
        }
      },
      "8": {
        "start": {
          "line": 18,
          "column": 6
        },
        "end": {
          "line": 18,
          "column": 12
        }
      },
      "9": {
        "start": {
          "line": 20,
          "column": 6
        },
        "end": {
          "line": 20,
          "column": 33
        }
      },
      "10": {
        "start": {
          "line": 21,
          "column": 6
        },
        "end": {
          "line": 21,
          "column": 12
        }
      },
      "11": {
        "start": {
          "line": 23,
          "column": 6
        },
        "end": {
          "line": 23,
          "column": 29
        }
      },
      "12": {
        "start": {
          "line": 24,
          "column": 6
        },
        "end": {
          "line": 24,
          "column": 12
        }
      },
      "13": {
        "start": {
          "line": 27,
          "column": 6
        },
        "end": {
          "line": 27,
          "column": 33
        }
      },
      "14": {
        "start": {
          "line": 28,
          "column": 6
        },
        "end": {
          "line": 28,
          "column": 12
        }
      },
      "15": {
        "start": {
          "line": 30,
          "column": 6
        },
        "end": {
          "line": 30,
          "column": 29
        }
      },
      "16": {
        "start": {
          "line": 31,
          "column": 6
        },
        "end": {
          "line": 31,
          "column": 12
        }
      },
      "17": {
        "start": {
          "line": 33,
          "column": 6
        },
        "end": {
          "line": 33,
          "column": 38
        }
      },
      "18": {
        "start": {
          "line": 34,
          "column": 6
        },
        "end": {
          "line": 34,
          "column": 12
        }
      },
      "19": {
        "start": {
          "line": 36,
          "column": 6
        },
        "end": {
          "line": 36,
          "column": 39
        }
      },
      "20": {
        "start": {
          "line": 37,
          "column": 6
        },
        "end": {
          "line": 37,
          "column": 12
        }
      },
      "21": {
        "start": {
          "line": 39,
          "column": 6
        },
        "end": {
          "line": 39,
          "column": 50
        }
      },
      "22": {
        "start": {
          "line": 40,
          "column": 6
        },
        "end": {
          "line": 40,
          "column": 12
        }
      },
      "23": {
        "start": {
          "line": 42,
          "column": 6
        },
        "end": {
          "line": 42,
          "column": 35
        }
      },
      "24": {
        "start": {
          "line": 43,
          "column": 6
        },
        "end": {
          "line": 43,
          "column": 12
        }
      },
      "25": {
        "start": {
          "line": 45,
          "column": 2
        },
        "end": {
          "line": 45,
          "column": 14
        }
      },
      "26": {
        "start": {
          "line": 47,
          "column": 30
        },
        "end": {
          "line": 114,
          "column": 1
        }
      },
      "27": {
        "start": {
          "line": 48,
          "column": 2
        },
        "end": {
          "line": 113,
          "column": 3
        }
      },
      "28": {
        "start": {
          "line": 50,
          "column": 6
        },
        "end": {
          "line": 54,
          "column": 8
        }
      },
      "29": {
        "start": {
          "line": 56,
          "column": 6
        },
        "end": {
          "line": 60,
          "column": 8
        }
      },
      "30": {
        "start": {
          "line": 62,
          "column": 6
        },
        "end": {
          "line": 66,
          "column": 8
        }
      },
      "31": {
        "start": {
          "line": 68,
          "column": 6
        },
        "end": {
          "line": 72,
          "column": 8
        }
      },
      "32": {
        "start": {
          "line": 74,
          "column": 6
        },
        "end": {
          "line": 78,
          "column": 8
        }
      },
      "33": {
        "start": {
          "line": 80,
          "column": 6
        },
        "end": {
          "line": 84,
          "column": 8
        }
      },
      "34": {
        "start": {
          "line": 86,
          "column": 6
        },
        "end": {
          "line": 90,
          "column": 8
        }
      },
      "35": {
        "start": {
          "line": 92,
          "column": 6
        },
        "end": {
          "line": 96,
          "column": 8
        }
      },
      "36": {
        "start": {
          "line": 98,
          "column": 6
        },
        "end": {
          "line": 102,
          "column": 8
        }
      },
      "37": {
        "start": {
          "line": 104,
          "column": 6
        },
        "end": {
          "line": 112,
          "column": 7
        }
      },
      "38": {
        "start": {
          "line": 105,
          "column": 8
        },
        "end": {
          "line": 109,
          "column": 10
        }
      },
      "39": {
        "start": {
          "line": 111,
          "column": 8
        },
        "end": {
          "line": 111,
          "column": 23
        }
      },
      "40": {
        "start": {
          "line": 115,
          "column": 29
        },
        "end": {
          "line": 173,
          "column": 1
        }
      },
      "41": {
        "start": {
          "line": 116,
          "column": 2
        },
        "end": {
          "line": 118,
          "column": 3
        }
      },
      "42": {
        "start": {
          "line": 117,
          "column": 4
        },
        "end": {
          "line": 117,
          "column": 11
        }
      },
      "43": {
        "start": {
          "line": 119,
          "column": 2
        },
        "end": {
          "line": 127,
          "column": 3
        }
      },
      "44": {
        "start": {
          "line": 121,
          "column": 6
        },
        "end": {
          "line": 121,
          "column": 82
        }
      },
      "45": {
        "start": {
          "line": 122,
          "column": 6
        },
        "end": {
          "line": 122,
          "column": 12
        }
      },
      "46": {
        "start": {
          "line": 124,
          "column": 6
        },
        "end": {
          "line": 124,
          "column": 78
        }
      },
      "47": {
        "start": {
          "line": 125,
          "column": 6
        },
        "end": {
          "line": 125,
          "column": 86
        }
      },
      "48": {
        "start": {
          "line": 126,
          "column": 6
        },
        "end": {
          "line": 126,
          "column": 12
        }
      },
      "49": {
        "start": {
          "line": 128,
          "column": 2
        },
        "end": {
          "line": 171,
          "column": 3
        }
      },
      "50": {
        "start": {
          "line": 130,
          "column": 6
        },
        "end": {
          "line": 136,
          "column": 7
        }
      },
      "51": {
        "start": {
          "line": 131,
          "column": 8
        },
        "end": {
          "line": 135,
          "column": 9
        }
      },
      "52": {
        "start": {
          "line": 132,
          "column": 10
        },
        "end": {
          "line": 132,
          "column": 48
        }
      },
      "53": {
        "start": {
          "line": 134,
          "column": 10
        },
        "end": {
          "line": 134,
          "column": 51
        }
      },
      "54": {
        "start": {
          "line": 137,
          "column": 6
        },
        "end": {
          "line": 137,
          "column": 12
        }
      },
      "55": {
        "start": {
          "line": 139,
          "column": 6
        },
        "end": {
          "line": 139,
          "column": 45
        }
      },
      "56": {
        "start": {
          "line": 140,
          "column": 6
        },
        "end": {
          "line": 140,
          "column": 12
        }
      },
      "57": {
        "start": {
          "line": 142,
          "column": 6
        },
        "end": {
          "line": 142,
          "column": 93
        }
      },
      "58": {
        "start": {
          "line": 143,
          "column": 6
        },
        "end": {
          "line": 143,
          "column": 12
        }
      },
      "59": {
        "start": {
          "line": 145,
          "column": 6
        },
        "end": {
          "line": 145,
          "column": 73
        }
      },
      "60": {
        "start": {
          "line": 146,
          "column": 6
        },
        "end": {
          "line": 146,
          "column": 12
        }
      },
      "61": {
        "start": {
          "line": 148,
          "column": 6
        },
        "end": {
          "line": 148,
          "column": 65
        }
      },
      "62": {
        "start": {
          "line": 149,
          "column": 6
        },
        "end": {
          "line": 149,
          "column": 12
        }
      },
      "63": {
        "start": {
          "line": 151,
          "column": 6
        },
        "end": {
          "line": 151,
          "column": 62
        }
      },
      "64": {
        "start": {
          "line": 152,
          "column": 6
        },
        "end": {
          "line": 152,
          "column": 12
        }
      },
      "65": {
        "start": {
          "line": 154,
          "column": 6
        },
        "end": {
          "line": 154,
          "column": 46
        }
      },
      "66": {
        "start": {
          "line": 155,
          "column": 6
        },
        "end": {
          "line": 155,
          "column": 12
        }
      },
      "67": {
        "start": {
          "line": 157,
          "column": 6
        },
        "end": {
          "line": 157,
          "column": 130
        }
      },
      "68": {
        "start": {
          "line": 158,
          "column": 6
        },
        "end": {
          "line": 158,
          "column": 12
        }
      },
      "69": {
        "start": {
          "line": 160,
          "column": 6
        },
        "end": {
          "line": 160,
          "column": 61
        }
      },
      "70": {
        "start": {
          "line": 161,
          "column": 6
        },
        "end": {
          "line": 161,
          "column": 12
        }
      },
      "71": {
        "start": {
          "line": 163,
          "column": 6
        },
        "end": {
          "line": 163,
          "column": 50
        }
      },
      "72": {
        "start": {
          "line": 164,
          "column": 6
        },
        "end": {
          "line": 164,
          "column": 12
        }
      },
      "73": {
        "start": {
          "line": 166,
          "column": 6
        },
        "end": {
          "line": 166,
          "column": 63
        }
      },
      "74": {
        "start": {
          "line": 167,
          "column": 6
        },
        "end": {
          "line": 167,
          "column": 12
        }
      },
      "75": {
        "start": {
          "line": 169,
          "column": 6
        },
        "end": {
          "line": 169,
          "column": 52
        }
      },
      "76": {
        "start": {
          "line": 170,
          "column": 6
        },
        "end": {
          "line": 170,
          "column": 12
        }
      },
      "77": {
        "start": {
          "line": 172,
          "column": 2
        },
        "end": {
          "line": 172,
          "column": 17
        }
      }
    },
    "fnMap": {
      "0": {
        "name": "(anonymous_0)",
        "decl": {
          "start": {
            "line": 1,
            "column": 30
          },
          "end": {
            "line": 1,
            "column": 31
          }
        },
        "loc": {
          "start": {
            "line": 1,
            "column": 44
          },
          "end": {
            "line": 10,
            "column": 1
          }
        },
        "line": 1
      },
      "1": {
        "name": "(anonymous_1)",
        "decl": {
          "start": {
            "line": 11,
            "column": 27
          },
          "end": {
            "line": 11,
            "column": 28
          }
        },
        "loc": {
          "start": {
            "line": 11,
            "column": 37
          },
          "end": {
            "line": 46,
            "column": 1
          }
        },
        "line": 11
      },
      "2": {
        "name": "(anonymous_2)",
        "decl": {
          "start": {
            "line": 47,
            "column": 30
          },
          "end": {
            "line": 47,
            "column": 31
          }
        },
        "loc": {
          "start": {
            "line": 47,
            "column": 43
          },
          "end": {
            "line": 114,
            "column": 1
          }
        },
        "line": 47
      },
      "3": {
        "name": "(anonymous_3)",
        "decl": {
          "start": {
            "line": 115,
            "column": 29
          },
          "end": {
            "line": 115,
            "column": 30
          }
        },
        "loc": {
          "start": {
            "line": 115,
            "column": 53
          },
          "end": {
            "line": 173,
            "column": 1
          }
        },
        "line": 115
      }
    },
    "branchMap": {
      "0": {
        "loc": {
          "start": {
            "line": 12,
            "column": 2
          },
          "end": {
            "line": 44,
            "column": 3
          }
        },
        "type": "switch",
        "locations": [
          {
            "start": {
              "line": 13,
              "column": 4
            },
            "end": {
              "line": 15,
              "column": 12
            }
          },
          {
            "start": {
              "line": 16,
              "column": 4
            },
            "end": {
              "line": 18,
              "column": 12
            }
          },
          {
            "start": {
              "line": 19,
              "column": 4
            },
            "end": {
              "line": 21,
              "column": 12
            }
          },
          {
            "start": {
              "line": 22,
              "column": 4
            },
            "end": {
              "line": 24,
              "column": 12
            }
          },
          {
            "start": {
              "line": 25,
              "column": 4
            },
            "end": {
              "line": 25,
              "column": 31
            }
          },
          {
            "start": {
              "line": 26,
              "column": 4
            },
            "end": {
              "line": 28,
              "column": 12
            }
          },
          {
            "start": {
              "line": 29,
              "column": 4
            },
            "end": {
              "line": 31,
              "column": 12
            }
          },
          {
            "start": {
              "line": 32,
              "column": 4
            },
            "end": {
              "line": 34,
              "column": 12
            }
          },
          {
            "start": {
              "line": 35,
              "column": 4
            },
            "end": {
              "line": 37,
              "column": 12
            }
          },
          {
            "start": {
              "line": 38,
              "column": 4
            },
            "end": {
              "line": 40,
              "column": 12
            }
          },
          {
            "start": {
              "line": 41,
              "column": 4
            },
            "end": {
              "line": 43,
              "column": 12
            }
          }
        ],
        "line": 12
      },
      "1": {
        "loc": {
          "start": {
            "line": 48,
            "column": 2
          },
          "end": {
            "line": 113,
            "column": 3
          }
        },
        "type": "switch",
        "locations": [
          {
            "start": {
              "line": 49,
              "column": 4
            },
            "end": {
              "line": 54,
              "column": 8
            }
          },
          {
            "start": {
              "line": 55,
              "column": 4
            },
            "end": {
              "line": 60,
              "column": 8
            }
          },
          {
            "start": {
              "line": 61,
              "column": 4
            },
            "end": {
              "line": 66,
              "column": 8
            }
          },
          {
            "start": {
              "line": 67,
              "column": 4
            },
            "end": {
              "line": 72,
              "column": 8
            }
          },
          {
            "start": {
              "line": 73,
              "column": 4
            },
            "end": {
              "line": 78,
              "column": 8
            }
          },
          {
            "start": {
              "line": 79,
              "column": 4
            },
            "end": {
              "line": 84,
              "column": 8
            }
          },
          {
            "start": {
              "line": 85,
              "column": 4
            },
            "end": {
              "line": 90,
              "column": 8
            }
          },
          {
            "start": {
              "line": 91,
              "column": 4
            },
            "end": {
              "line": 96,
              "column": 8
            }
          },
          {
            "start": {
              "line": 97,
              "column": 4
            },
            "end": {
              "line": 102,
              "column": 8
            }
          },
          {
            "start": {
              "line": 103,
              "column": 4
            },
            "end": {
              "line": 112,
              "column": 7
            }
          }
        ],
        "line": 48
      },
      "2": {
        "loc": {
          "start": {
            "line": 104,
            "column": 6
          },
          "end": {
            "line": 112,
            "column": 7
          }
        },
        "type": "if",
        "locations": [
          {
            "start": {
              "line": 104,
              "column": 6
            },
            "end": {
              "line": 112,
              "column": 7
            }
          },
          {
            "start": {
              "line": 110,
              "column": 13
            },
            "end": {
              "line": 112,
              "column": 7
            }
          }
        ],
        "line": 104
      },
      "3": {
        "loc": {
          "start": {
            "line": 116,
            "column": 2
          },
          "end": {
            "line": 118,
            "column": 3
          }
        },
        "type": "if",
        "locations": [
          {
            "start": {
              "line": 116,
              "column": 2
            },
            "end": {
              "line": 118,
              "column": 3
            }
          },
          {
            "start": {},
            "end": {}
          }
        ],
        "line": 116
      },
      "4": {
        "loc": {
          "start": {
            "line": 119,
            "column": 2
          },
          "end": {
            "line": 127,
            "column": 3
          }
        },
        "type": "switch",
        "locations": [
          {
            "start": {
              "line": 120,
              "column": 4
            },
            "end": {
              "line": 122,
              "column": 12
            }
          },
          {
            "start": {
              "line": 123,
              "column": 4
            },
            "end": {
              "line": 126,
              "column": 12
            }
          }
        ],
        "line": 119
      },
      "5": {
        "loc": {
          "start": {
            "line": 121,
            "column": 16
          },
          "end": {
            "line": 121,
            "column": 81
          }
        },
        "type": "cond-expr",
        "locations": [
          {
            "start": {
              "line": 121,
              "column": 26
            },
            "end": {
              "line": 121,
              "column": 58
            }
          },
          {
            "start": {
              "line": 121,
              "column": 61
            },
            "end": {
              "line": 121,
              "column": 81
            }
          }
        ],
        "line": 121
      },
      "6": {
        "loc": {
          "start": {
            "line": 124,
            "column": 16
          },
          "end": {
            "line": 124,
            "column": 77
          }
        },
        "type": "cond-expr",
        "locations": [
          {
            "start": {
              "line": 124,
              "column": 26
            },
            "end": {
              "line": 124,
              "column": 56
            }
          },
          {
            "start": {
              "line": 124,
              "column": 59
            },
            "end": {
              "line": 124,
              "column": 77
            }
          }
        ],
        "line": 124
      },
      "7": {
        "loc": {
          "start": {
            "line": 125,
            "column": 16
          },
          "end": {
            "line": 125,
            "column": 85
          }
        },
        "type": "cond-expr",
        "locations": [
          {
            "start": {
              "line": 125,
              "column": 26
            },
            "end": {
              "line": 125,
              "column": 60
            }
          },
          {
            "start": {
              "line": 125,
              "column": 63
            },
            "end": {
              "line": 125,
              "column": 85
            }
          }
        ],
        "line": 125
      },
      "8": {
        "loc": {
          "start": {
            "line": 128,
            "column": 2
          },
          "end": {
            "line": 171,
            "column": 3
          }
        },
        "type": "switch",
        "locations": [
          {
            "start": {
              "line": 129,
              "column": 4
            },
            "end": {
              "line": 137,
              "column": 12
            }
          },
          {
            "start": {
              "line": 138,
              "column": 4
            },
            "end": {
              "line": 140,
              "column": 12
            }
          },
          {
            "start": {
              "line": 141,
              "column": 4
            },
            "end": {
              "line": 143,
              "column": 12
            }
          },
          {
            "start": {
              "line": 144,
              "column": 4
            },
            "end": {
              "line": 146,
              "column": 12
            }
          },
          {
            "start": {
              "line": 147,
              "column": 4
            },
            "end": {
              "line": 149,
              "column": 12
            }
          },
          {
            "start": {
              "line": 150,
              "column": 4
            },
            "end": {
              "line": 152,
              "column": 12
            }
          },
          {
            "start": {
              "line": 153,
              "column": 4
            },
            "end": {
              "line": 155,
              "column": 12
            }
          },
          {
            "start": {
              "line": 156,
              "column": 4
            },
            "end": {
              "line": 158,
              "column": 12
            }
          },
          {
            "start": {
              "line": 159,
              "column": 4
            },
            "end": {
              "line": 161,
              "column": 12
            }
          },
          {
            "start": {
              "line": 162,
              "column": 4
            },
            "end": {
              "line": 164,
              "column": 12
            }
          },
          {
            "start": {
              "line": 165,
              "column": 4
            },
            "end": {
              "line": 167,
              "column": 12
            }
          },
          {
            "start": {
              "line": 168,
              "column": 4
            },
            "end": {
              "line": 170,
              "column": 12
            }
          }
        ],
        "line": 128
      },
      "9": {
        "loc": {
          "start": {
            "line": 130,
            "column": 6
          },
          "end": {
            "line": 136,
            "column": 7
          }
        },
        "type": "if",
        "locations": [
          {
            "start": {
              "line": 130,
              "column": 6
            },
            "end": {
              "line": 136,
              "column": 7
            }
          },
          {
            "start": {},
            "end": {}
          }
        ],
        "line": 130
      },
      "10": {
        "loc": {
          "start": {
            "line": 131,
            "column": 8
          },
          "end": {
            "line": 135,
            "column": 9
          }
        },
        "type": "if",
        "locations": [
          {
            "start": {
              "line": 131,
              "column": 8
            },
            "end": {
              "line": 135,
              "column": 9
            }
          },
          {
            "start": {
              "line": 133,
              "column": 15
            },
            "end": {
              "line": 135,
              "column": 9
            }
          }
        ],
        "line": 131
      }
    },
    "s": {
      "0": 64,
      "1": 64,
      "2": 64,
      "3": 64,
      "4": 3712,
      "5": 0,
      "6": 0,
      "7": 0,
      "8": 0,
      "9": 0,
      "10": 0,
      "11": 0,
      "12": 0,
      "13": 0,
      "14": 0,
      "15": 0,
      "16": 0,
      "17": 0,
      "18": 0,
      "19": 64,
      "20": 64,
      "21": 0,
      "22": 0,
      "23": 0,
      "24": 0,
      "25": 3712,
      "26": 64,
      "27": 15360,
      "28": 128,
      "29": 0,
      "30": 128,
      "31": 1408,
      "32": 0,
      "33": 64,
      "34": 0,
      "35": 640,
      "36": 128,
      "37": 12864,
      "38": 5056,
      "39": 7808,
      "40": 64,
      "41": 3712,
      "42": 0,
      "43": 3712,
      "44": 0,
      "45": 0,
      "46": 0,
      "47": 0,
      "48": 0,
      "49": 3712,
      "50": 0,
      "51": 0,
      "52": 0,
      "53": 0,
      "54": 0,
      "55": 0,
      "56": 0,
      "57": 0,
      "58": 0,
      "59": 0,
      "60": 0,
      "61": 0,
      "62": 0,
      "63": 0,
      "64": 0,
      "65": 0,
      "66": 0,
      "67": 0,
      "68": 0,
      "69": 0,
      "70": 0,
      "71": 0,
      "72": 0,
      "73": 0,
      "74": 0,
      "75": 0,
      "76": 0,
      "77": 3712
    },
    "f": {
      "0": 64,
      "1": 3712,
      "2": 15360,
      "3": 3712
    },
    "b": {
      "0": [
        0,
        0,
        0,
        0,
        0,
        0,
        0,
        0,
        64,
        0,
        0
      ],
      "1": [
        128,
        0,
        128,
        1408,
        0,
        64,
        0,
        640,
        128,
        12864
      ],
      "2": [
        5056,
        7808
      ],
      "3": [
        0,
        3712
      ],
      "4": [
        0,
        0
      ],
      "5": [
        0,
        0
      ],
      "6": [
        0,
        0
      ],
      "7": [
        0,
        0
      ],
      "8": [
        0,
        0,
        0,
        0,
        0,
        0,
        0,
        0,
        0,
        0,
        0,
        0
      ],
      "9": [
        0,
        0
      ],
      "10": [
        0,
        0
      ]
    },
    "inputSourceMap": {
      "version": 3,
      "file": null,
      "sources": [
        "/home/will-mitchell/Documents/army-assist/src/utils/StoreHelper.ts"
      ],
      "names": [],
      "mappings": "AAKA,MAAM,wBAAwB,CAAC,aAAwB;AACrD,QAAM,gBAAgB;AAAA,IACpB;AAAA,MACE,IAAI;AAAA,MACJ,MAAM;AAAA,MACN,MAAM;AAAA,IACR;AAAA,EACF;AAEA,SAAO,CAAC,GAAG,UAAU,GAAG,aAAa;AACvC;AAEA,MAAM,qBAAqB,CAAC,SAAmB;AAC7C,UAAQ,KAAK,MAAM;AAAA,IACjB,KAAK;AACH,WAAK,OAAO;AACZ;AAAA,IACF,KAAK;AACH,WAAK,OAAO;AACZ;AAAA,IACF,KAAK;AACH,WAAK,OAAO;AACZ;AAAA,IACF,KAAK;AACH,WAAK,OAAO;AACZ;AAAA,IACF,KAAK;AAAA,IACL,KAAK;AACH,WAAK,OAAO;AACZ;AAAA,IACF,KAAK;AACH,WAAK,OAAO;AACZ;AAAA,IACF,KAAK;AACH,WAAK,OAAO;AACZ;AAAA,IACF,KAAK;AACH,WAAK,OAAO;AACZ;AAAA,IACF,KAAK;AACH,WAAK,OAAO;AACZ;AAAA,IACF,KAAK;AACH,WAAK,OAAO;AACZ;AAAA,EACJ;AAEA,SAAO;AACT;AAEA,MAAM,wBAAwB,CAAC,YAAqB;AAClD,UAAQ,QAAQ,YAAY;AAAA,IAC1B,KAAK;AACH,aAAO;AAAA,QACL,GAAG;AAAA,QACH,MAAM,SAAS,QAAQ,SAAS;AAAA,QAChC,aAAa,sGAAsG,QAAQ,SAAS;AAAA,MACtI;AAAA,IACF,KAAK;AACH,aAAO;AAAA,QACL,GAAG;AAAA,QACH,MAAM;AAAA,QACN,aACE;AAAA,MACJ;AAAA,IACF,KAAK;AACH,aAAO;AAAA,QACL,GAAG;AAAA,QACH,MAAM;AAAA,QACN,aACE;AAAA,MACJ;AAAA,IACF,KAAK;AACH,aAAO;AAAA,QACL,GAAG;AAAA,QACH,MAAM,iBAAiB,QAAQ,SAAS;AAAA,QACxC,aACE;AAAA,MACJ;AAAA,IACF,KAAK;AACH,aAAO;AAAA,QACL,GAAG;AAAA,QACH,MAAM;AAAA,QACN,aACE;AAAA,MACJ;AAAA,IACF,KAAK;AACH,aAAO;AAAA,QACL,GAAG;AAAA,QACH,MAAM;AAAA,QACN,aACE;AAAA,MACJ;AAAA,IACF,KAAK;AACH,aAAO;AAAA,QACL,GAAG;AAAA,QACH,MAAM;AAAA,QACN,aACE;AAAA,MACJ;AAAA,IACF,KAAK;AACH,aAAO;AAAA,QACL,GAAG;AAAA,QACH,MAAM;AAAA,QACN,aACE;AAAA,MACJ;AAAA,IACF,KAAK;AACH,aAAO;AAAA,QACL,GAAG;AAAA,QACH,MAAM;AAAA,QACN,aACE;AAAA,MACJ;AAAA,IACF;AACE,UAAI,QAAQ,SAAS,IAAI;AACvB,eAAO;AAAA,UACL,GAAG;AAAA,UACH,MAAM,mBAAmB,QAAQ,UAAU;AAAA,UAC3C,aACE;AAAA,QACJ;AAAA,MACF,OAAO;AACL,eAAO;AAAA,MACT;AAAA,EACJ;AACF;AAEA,MAAM,uBAAuB,CAAC,WAAqB,YAAkC;AACnF,MAAG,CAAC,SAAS;AACX;AAAA,EACF;AAEA,UAAQ,UAAU,IAAI;AAAA,IACpB,KAAK;AACH,gBAAU,UAAU,CAAC,GAAG,SAAS,kBAAkB,IAAI,CAAC,kBAAkB;AAC1E;AAAA,IACF,KAAK;AACH,gBAAU,UAAU,CAAC,GAAG,SAAS,gBAAgB,IAAI,CAAC,gBAAgB;AACtE,gBAAU,UAAU,CAAC,GAAG,SAAS,oBAAoB,IAAI,CAAC,oBAAoB;AAC9E;AAAA,EACJ;AAEA,UAAQ,UAAU,MAAM;AAAA,IACtB,KAAK;AACH,UAAI,SAAS;AACX,YAAI,QAAQ,CAAC,MAAM,4BAA4B;AAC7C,oBAAU,CAAC,YAAY,aAAa;AAAA,QACtC,OAAO;AACL,oBAAU,CAAC,eAAe,aAAa;AAAA,QACzC;AAAA,MACF;AACA;AAAA,IACF,KAAK;AACH,gBAAU,CAAC,GAAG,SAAS,cAAc;AACrC;AAAA,IACF,KAAK;AACH,gBAAU,CAAC,GAAG,SAAS,gCAAgC,8BAA8B;AACrF;AAAA,IACF,KAAK;AACH,gBAAU,CAAC,GAAG,SAAS,kBAAkB,wBAAwB;AACjE;AAAA,IACF,KAAK;AACH,gBAAU,CAAC,GAAG,SAAS,kBAAkB,gBAAgB;AACzD;AAAA,IACF,KAAK;AACH,gBAAU,CAAC,GAAG,SAAS,+BAA+B;AACtD;AAAA,IACF,KAAK;AACH,gBAAU,CAAC,GAAG,SAAS,eAAe;AACtC;AAAA,IACF,KAAK;AACH,gBAAU,CAAC,GAAG,SAAS,mCAAmC,uCAAuC,yBAAyB;AAC1H;AAAA,IACF,KAAK;AACH,gBAAU,CAAC,GAAG,SAAS,8BAA8B;AACrD;AAAA,IACF,KAAK;AACH,gBAAU,CAAC,GAAG,SAAS,mBAAmB;AAC1C;AAAA,IACF,KAAK;AACH,gBAAU,CAAC,GAAG,SAAS,gCAAgC;AACvD;AAAA,IACF,KAAK;AACH,gBAAU,CAAC,GAAG,SAAS,qBAAqB;AAC5C;AAAA,EACJ;AAEA,SAAO;AACT;AAEA;AAAA,EACE;AAAA,EACA;AAAA,EACA;AAAA,EACA;AAAA;"
    },
    "_coverageSchema": "1a1c01bbd47fc00a2c39e90264f33305004495a9",
    "hash": "d09c8cafa82ba96b25803f7bd496cfb40ef78356"
  },
  "/home/will-mitchell/Documents/army-assist/src/store/store.ts": {
    "path": "/home/will-mitchell/Documents/army-assist/src/store/store.ts",
    "statementMap": {
      "0": {
        "start": {
          "line": 19,
          "column": 17
        },
        "end": {
          "line": 249,
          "column": 1
        }
      },
      "1": {
        "start": {
          "line": 21,
          "column": 14
        },
        "end": {
          "line": 242,
          "column": 5
        }
      },
      "2": {
        "start": {
          "line": 45,
          "column": 19
        },
        "end": {
          "line": 54,
          "column": 8
        }
      },
      "3": {
        "start": {
          "line": 55,
          "column": 25
        },
        "end": {
          "line": 55,
          "column": 38
        }
      },
      "4": {
        "start": {
          "line": 57,
          "column": 22
        },
        "end": {
          "line": 57,
          "column": 38
        }
      },
      "5": {
        "start": {
          "line": 58,
          "column": 29
        },
        "end": {
          "line": 58,
          "column": 74
        }
      },
      "6": {
        "start": {
          "line": 59,
          "column": 33
        },
        "end": {
          "line": 59,
          "column": 88
        }
      },
      "7": {
        "start": {
          "line": 60,
          "column": 8
        },
        "end": {
          "line": 63,
          "column": 9
        }
      },
      "8": {
        "start": {
          "line": 61,
          "column": 10
        },
        "end": {
          "line": 61,
          "column": 72
        }
      },
      "9": {
        "start": {
          "line": 62,
          "column": 10
        },
        "end": {
          "line": 62,
          "column": 23
        }
      },
      "10": {
        "start": {
          "line": 64,
          "column": 25
        },
        "end": {
          "line": 64,
          "column": 56
        }
      },
      "11": {
        "start": {
          "line": 65,
          "column": 36
        },
        "end": {
          "line": 67,
          "column": 12
        }
      },
      "12": {
        "start": {
          "line": 66,
          "column": 17
        },
        "end": {
          "line": 66,
          "column": 77
        }
      },
      "13": {
        "start": {
          "line": 68,
          "column": 8
        },
        "end": {
          "line": 71,
          "column": 9
        }
      },
      "14": {
        "start": {
          "line": 69,
          "column": 10
        },
        "end": {
          "line": 69,
          "column": 70
        }
      },
      "15": {
        "start": {
          "line": 70,
          "column": 10
        },
        "end": {
          "line": 70,
          "column": 23
        }
      },
      "16": {
        "start": {
          "line": 72,
          "column": 38
        },
        "end": {
          "line": 72,
          "column": 60
        }
      },
      "17": {
        "start": {
          "line": 73,
          "column": 8
        },
        "end": {
          "line": 73,
          "column": 48
        }
      },
      "18": {
        "start": {
          "line": 74,
          "column": 26
        },
        "end": {
          "line": 74,
          "column": 28
        }
      },
      "19": {
        "start": {
          "line": 75,
          "column": 29
        },
        "end": {
          "line": 75,
          "column": 33
        }
      },
      "20": {
        "start": {
          "line": 76,
          "column": 8
        },
        "end": {
          "line": 141,
          "column": 11
        }
      },
      "21": {
        "start": {
          "line": 77,
          "column": 34
        },
        "end": {
          "line": 79,
          "column": 11
        }
      },
      "22": {
        "start": {
          "line": 80,
          "column": 10
        },
        "end": {
          "line": 90,
          "column": 11
        }
      },
      "23": {
        "start": {
          "line": 81,
          "column": 23
        },
        "end": {
          "line": 81,
          "column": 41
        }
      },
      "24": {
        "start": {
          "line": 82,
          "column": 12
        },
        "end": {
          "line": 88,
          "column": 13
        }
      },
      "25": {
        "start": {
          "line": 84,
          "column": 16
        },
        "end": {
          "line": 84,
          "column": 43
        }
      },
      "26": {
        "start": {
          "line": 85,
          "column": 16
        },
        "end": {
          "line": 85,
          "column": 22
        }
      },
      "27": {
        "start": {
          "line": 87,
          "column": 16
        },
        "end": {
          "line": 87,
          "column": 22
        }
      },
      "28": {
        "start": {
          "line": 89,
          "column": 12
        },
        "end": {
          "line": 89,
          "column": 38
        }
      },
      "29": {
        "start": {
          "line": 91,
          "column": 30
        },
        "end": {
          "line": 93,
          "column": 11
        }
      },
      "30": {
        "start": {
          "line": 94,
          "column": 29
        },
        "end": {
          "line": 96,
          "column": 11
        }
      },
      "31": {
        "start": {
          "line": 97,
          "column": 10
        },
        "end": {
          "line": 140,
          "column": 11
        }
      },
      "32": {
        "start": {
          "line": 98,
          "column": 36
        },
        "end": {
          "line": 98,
          "column": 47
        }
      },
      "33": {
        "start": {
          "line": 99,
          "column": 12
        },
        "end": {
          "line": 99,
          "column": 50
        }
      },
      "34": {
        "start": {
          "line": 100,
          "column": 12
        },
        "end": {
          "line": 118,
          "column": 13
        }
      },
      "35": {
        "start": {
          "line": 101,
          "column": 14
        },
        "end": {
          "line": 116,
          "column": 16
        }
      },
      "36": {
        "start": {
          "line": 117,
          "column": 14
        },
        "end": {
          "line": 117,
          "column": 45
        }
      },
      "37": {
        "start": {
          "line": 119,
          "column": 17
        },
        "end": {
          "line": 140,
          "column": 11
        }
      },
      "38": {
        "start": {
          "line": 120,
          "column": 47
        },
        "end": {
          "line": 120,
          "column": 57
        }
      },
      "39": {
        "start": {
          "line": 121,
          "column": 25
        },
        "end": {
          "line": 136,
          "column": 13
        }
      },
      "40": {
        "start": {
          "line": 137,
          "column": 12
        },
        "end": {
          "line": 139,
          "column": 13
        }
      },
      "41": {
        "start": {
          "line": 138,
          "column": 14
        },
        "end": {
          "line": 138,
          "column": 49
        }
      },
      "42": {
        "start": {
          "line": 142,
          "column": 8
        },
        "end": {
          "line": 209,
          "column": 9
        }
      },
      "43": {
        "start": {
          "line": 143,
          "column": 10
        },
        "end": {
          "line": 143,
          "column": 33
        }
      },
      "44": {
        "start": {
          "line": 144,
          "column": 31
        },
        "end": {
          "line": 204,
          "column": 37
        }
      },
      "45": {
        "start": {
          "line": 145,
          "column": 12
        },
        "end": {
          "line": 145,
          "column": 44
        }
      },
      "46": {
        "start": {
          "line": 146,
          "column": 43
        },
        "end": {
          "line": 148,
          "column": 13
        }
      },
      "47": {
        "start": {
          "line": 147,
          "column": 24
        },
        "end": {
          "line": 147,
          "column": 75
        }
      },
      "48": {
        "start": {
          "line": 149,
          "column": 35
        },
        "end": {
          "line": 151,
          "column": 13
        }
      },
      "49": {
        "start": {
          "line": 150,
          "column": 59
        },
        "end": {
          "line": 150,
          "column": 74
        }
      },
      "50": {
        "start": {
          "line": 152,
          "column": 30
        },
        "end": {
          "line": 154,
          "column": 44
        }
      },
      "51": {
        "start": {
          "line": 153,
          "column": 24
        },
        "end": {
          "line": 153,
          "column": 65
        }
      },
      "52": {
        "start": {
          "line": 155,
          "column": 12
        },
        "end": {
          "line": 158,
          "column": 13
        }
      },
      "53": {
        "start": {
          "line": 156,
          "column": 14
        },
        "end": {
          "line": 156,
          "column": 72
        }
      },
      "54": {
        "start": {
          "line": 157,
          "column": 14
        },
        "end": {
          "line": 157,
          "column": 26
        }
      },
      "55": {
        "start": {
          "line": 159,
          "column": 35
        },
        "end": {
          "line": 161,
          "column": 13
        }
      },
      "56": {
        "start": {
          "line": 160,
          "column": 35
        },
        "end": {
          "line": 160,
          "column": 80
        }
      },
      "57": {
        "start": {
          "line": 162,
          "column": 12
        },
        "end": {
          "line": 165,
          "column": 13
        }
      },
      "58": {
        "start": {
          "line": 163,
          "column": 14
        },
        "end": {
          "line": 163,
          "column": 78
        }
      },
      "59": {
        "start": {
          "line": 164,
          "column": 14
        },
        "end": {
          "line": 164,
          "column": 26
        }
      },
      "60": {
        "start": {
          "line": 166,
          "column": 38
        },
        "end": {
          "line": 169,
          "column": 62
        }
      },
      "61": {
        "start": {
          "line": 168,
          "column": 27
        },
        "end": {
          "line": 168,
          "column": 79
        }
      },
      "62": {
        "start": {
          "line": 169,
          "column": 31
        },
        "end": {
          "line": 169,
          "column": 61
        }
      },
      "63": {
        "start": {
          "line": 170,
          "column": 12
        },
        "end": {
          "line": 174,
          "column": 13
        }
      },
      "64": {
        "start": {
          "line": 171,
          "column": 30
        },
        "end": {
          "line": 171,
          "column": 84
        }
      },
      "65": {
        "start": {
          "line": 171,
          "column": 59
        },
        "end": {
          "line": 171,
          "column": 72
        }
      },
      "66": {
        "start": {
          "line": 172,
          "column": 14
        },
        "end": {
          "line": 172,
          "column": 104
        }
      },
      "67": {
        "start": {
          "line": 173,
          "column": 14
        },
        "end": {
          "line": 173,
          "column": 33
        }
      },
      "68": {
        "start": {
          "line": 175,
          "column": 26
        },
        "end": {
          "line": 178,
          "column": 14
        }
      },
      "69": {
        "start": {
          "line": 175,
          "column": 79
        },
        "end": {
          "line": 175,
          "column": 112
        }
      },
      "70": {
        "start": {
          "line": 175,
          "column": 128
        },
        "end": {
          "line": 175,
          "column": 164
        }
      },
      "71": {
        "start": {
          "line": 176,
          "column": 34
        },
        "end": {
          "line": 176,
          "column": 81
        }
      },
      "72": {
        "start": {
          "line": 177,
          "column": 14
        },
        "end": {
          "line": 177,
          "column": 71
        }
      },
      "73": {
        "start": {
          "line": 177,
          "column": 58
        },
        "end": {
          "line": 177,
          "column": 69
        }
      },
      "74": {
        "start": {
          "line": 179,
          "column": 12
        },
        "end": {
          "line": 179,
          "column": 63
        }
      },
      "75": {
        "start": {
          "line": 180,
          "column": 12
        },
        "end": {
          "line": 188,
          "column": 15
        }
      },
      "76": {
        "start": {
          "line": 181,
          "column": 28
        },
        "end": {
          "line": 181,
          "column": 67
        }
      },
      "77": {
        "start": {
          "line": 182,
          "column": 14
        },
        "end": {
          "line": 186,
          "column": 15
        }
      },
      "78": {
        "start": {
          "line": 183,
          "column": 30
        },
        "end": {
          "line": 183,
          "column": 52
        }
      },
      "79": {
        "start": {
          "line": 184,
          "column": 35
        },
        "end": {
          "line": 184,
          "column": 43
        }
      },
      "80": {
        "start": {
          "line": 185,
          "column": 16
        },
        "end": {
          "line": 185,
          "column": 53
        }
      },
      "81": {
        "start": {
          "line": 187,
          "column": 14
        },
        "end": {
          "line": 187,
          "column": 28
        }
      },
      "82": {
        "start": {
          "line": 189,
          "column": 41
        },
        "end": {
          "line": 191,
          "column": 13
        }
      },
      "83": {
        "start": {
          "line": 190,
          "column": 31
        },
        "end": {
          "line": 190,
          "column": 66
        }
      },
      "84": {
        "start": {
          "line": 192,
          "column": 29
        },
        "end": {
          "line": 194,
          "column": 46
        }
      },
      "85": {
        "start": {
          "line": 193,
          "column": 27
        },
        "end": {
          "line": 193,
          "column": 64
        }
      },
      "86": {
        "start": {
          "line": 194,
          "column": 25
        },
        "end": {
          "line": 194,
          "column": 34
        }
      },
      "87": {
        "start": {
          "line": 195,
          "column": 12
        },
        "end": {
          "line": 203,
          "column": 14
        }
      },
      "88": {
        "start": {
          "line": 204,
          "column": 27
        },
        "end": {
          "line": 204,
          "column": 36
        }
      },
      "89": {
        "start": {
          "line": 205,
          "column": 10
        },
        "end": {
          "line": 207,
          "column": 11
        }
      },
      "90": {
        "start": {
          "line": 206,
          "column": 12
        },
        "end": {
          "line": 206,
          "column": 25
        }
      },
      "91": {
        "start": {
          "line": 208,
          "column": 10
        },
        "end": {
          "line": 208,
          "column": 39
        }
      },
      "92": {
        "start": {
          "line": 210,
          "column": 8
        },
        "end": {
          "line": 210,
          "column": 20
        }
      },
      "93": {
        "start": {
          "line": 213,
          "column": 22
        },
        "end": {
          "line": 216,
          "column": 11
        }
      },
      "94": {
        "start": {
          "line": 213,
          "column": 60
        },
        "end": {
          "line": 216,
          "column": 9
        }
      },
      "95": {
        "start": {
          "line": 217,
          "column": 8
        },
        "end": {
          "line": 217,
          "column": 30
        }
      },
      "96": {
        "start": {
          "line": 220,
          "column": 22
        },
        "end": {
          "line": 220,
          "column": 52
        }
      },
      "97": {
        "start": {
          "line": 221,
          "column": 22
        },
        "end": {
          "line": 221,
          "column": 62
        }
      },
      "98": {
        "start": {
          "line": 221,
          "column": 45
        },
        "end": {
          "line": 221,
          "column": 61
        }
      },
      "99": {
        "start": {
          "line": 222,
          "column": 8
        },
        "end": {
          "line": 225,
          "column": 9
        }
      },
      "100": {
        "start": {
          "line": 223,
          "column": 10
        },
        "end": {
          "line": 223,
          "column": 77
        }
      },
      "101": {
        "start": {
          "line": 224,
          "column": 10
        },
        "end": {
          "line": 224,
          "column": 25
        }
      },
      "102": {
        "start": {
          "line": 228,
          "column": 8
        },
        "end": {
          "line": 233,
          "column": 12
        }
      },
      "103": {
        "start": {
          "line": 228,
          "column": 24
        },
        "end": {
          "line": 233,
          "column": 9
        }
      },
      "104": {
        "start": {
          "line": 235,
          "column": 39
        },
        "end": {
          "line": 235,
          "column": 60
        }
      },
      "105": {
        "start": {
          "line": 236,
          "column": 33
        },
        "end": {
          "line": 236,
          "column": 50
        }
      },
      "106": {
        "start": {
          "line": 237,
          "column": 43
        },
        "end": {
          "line": 237,
          "column": 65
        }
      },
      "107": {
        "start": {
          "line": 238,
          "column": 41
        },
        "end": {
          "line": 238,
          "column": 62
        }
      },
      "108": {
        "start": {
          "line": 239,
          "column": 37
        },
        "end": {
          "line": 239,
          "column": 56
        }
      },
      "109": {
        "start": {
          "line": 240,
          "column": 37
        },
        "end": {
          "line": 240,
          "column": 56
        }
      },
      "110": {
        "start": {
          "line": 241,
          "column": 43
        },
        "end": {
          "line": 241,
          "column": 65
        }
      },
      "111": {
        "start": {
          "line": 245,
          "column": 39
        },
        "end": {
          "line": 245,
          "column": 53
        }
      }
    },
    "fnMap": {
      "0": {
        "name": "(anonymous_0)",
        "decl": {
          "start": {
            "line": 21,
            "column": 4
          },
          "end": {
            "line": 21,
            "column": 5
          }
        },
        "loc": {
          "start": {
            "line": 21,
            "column": 14
          },
          "end": {
            "line": 242,
            "column": 5
          }
        },
        "line": 21
      },
      "1": {
        "name": "(anonymous_1)",
        "decl": {
          "start": {
            "line": 45,
            "column": 13
          },
          "end": {
            "line": 45,
            "column": 14
          }
        },
        "loc": {
          "start": {
            "line": 45,
            "column": 19
          },
          "end": {
            "line": 54,
            "column": 8
          }
        },
        "line": 45
      },
      "2": {
        "name": "(anonymous_2)",
        "decl": {
          "start": {
            "line": 55,
            "column": 15
          },
          "end": {
            "line": 55,
            "column": 16
          }
        },
        "loc": {
          "start": {
            "line": 55,
            "column": 25
          },
          "end": {
            "line": 55,
            "column": 38
          }
        },
        "line": 55
      },
      "3": {
        "name": "(anonymous_3)",
        "decl": {
          "start": {
            "line": 56,
            "column": 17
          },
          "end": {
            "line": 56,
            "column": 18
          }
        },
        "loc": {
          "start": {
            "line": 56,
            "column": 27
          },
          "end": {
            "line": 211,
            "column": 7
          }
        },
        "line": 56
      },
      "4": {
        "name": "(anonymous_4)",
        "decl": {
          "start": {
            "line": 66,
            "column": 10
          },
          "end": {
            "line": 66,
            "column": 11
          }
        },
        "loc": {
          "start": {
            "line": 66,
            "column": 17
          },
          "end": {
            "line": 66,
            "column": 77
          }
        },
        "line": 66
      },
      "5": {
        "name": "(anonymous_5)",
        "decl": {
          "start": {
            "line": 76,
            "column": 22
          },
          "end": {
            "line": 76,
            "column": 23
          }
        },
        "loc": {
          "start": {
            "line": 76,
            "column": 39
          },
          "end": {
            "line": 141,
            "column": 9
          }
        },
        "line": 76
      },
      "6": {
        "name": "(anonymous_6)",
        "decl": {
          "start": {
            "line": 144,
            "column": 45
          },
          "end": {
            "line": 144,
            "column": 46
          }
        },
        "loc": {
          "start": {
            "line": 144,
            "column": 55
          },
          "end": {
            "line": 204,
            "column": 11
          }
        },
        "line": 144
      },
      "7": {
        "name": "(anonymous_7)",
        "decl": {
          "start": {
            "line": 147,
            "column": 14
          },
          "end": {
            "line": 147,
            "column": 15
          }
        },
        "loc": {
          "start": {
            "line": 147,
            "column": 24
          },
          "end": {
            "line": 147,
            "column": 75
          }
        },
        "line": 147
      },
      "8": {
        "name": "(anonymous_8)",
        "decl": {
          "start": {
            "line": 150,
            "column": 49
          },
          "end": {
            "line": 150,
            "column": 50
          }
        },
        "loc": {
          "start": {
            "line": 150,
            "column": 59
          },
          "end": {
            "line": 150,
            "column": 74
          }
        },
        "line": 150
      },
      "9": {
        "name": "(anonymous_9)",
        "decl": {
          "start": {
            "line": 153,
            "column": 14
          },
          "end": {
            "line": 153,
            "column": 15
          }
        },
        "loc": {
          "start": {
            "line": 153,
            "column": 24
          },
          "end": {
            "line": 153,
            "column": 65
          }
        },
        "line": 153
      },
      "10": {
        "name": "(anonymous_10)",
        "decl": {
          "start": {
            "line": 160,
            "column": 14
          },
          "end": {
            "line": 160,
            "column": 15
          }
        },
        "loc": {
          "start": {
            "line": 160,
            "column": 35
          },
          "end": {
            "line": 160,
            "column": 80
          }
        },
        "line": 160
      },
      "11": {
        "name": "(anonymous_11)",
        "decl": {
          "start": {
            "line": 168,
            "column": 14
          },
          "end": {
            "line": 168,
            "column": 15
          }
        },
        "loc": {
          "start": {
            "line": 168,
            "column": 27
          },
          "end": {
            "line": 168,
            "column": 79
          }
        },
        "line": 168
      },
      "12": {
        "name": "(anonymous_12)",
        "decl": {
          "start": {
            "line": 169,
            "column": 18
          },
          "end": {
            "line": 169,
            "column": 19
          }
        },
        "loc": {
          "start": {
            "line": 169,
            "column": 31
          },
          "end": {
            "line": 169,
            "column": 61
          }
        },
        "line": 169
      },
      "13": {
        "name": "(anonymous_13)",
        "decl": {
          "start": {
            "line": 171,
            "column": 48
          },
          "end": {
            "line": 171,
            "column": 49
          }
        },
        "loc": {
          "start": {
            "line": 171,
            "column": 59
          },
          "end": {
            "line": 171,
            "column": 72
          }
        },
        "line": 171
      },
      "14": {
        "name": "(anonymous_14)",
        "decl": {
          "start": {
            "line": 175,
            "column": 69
          },
          "end": {
            "line": 175,
            "column": 70
          }
        },
        "loc": {
          "start": {
            "line": 175,
            "column": 79
          },
          "end": {
            "line": 175,
            "column": 112
          }
        },
        "line": 175
      },
      "15": {
        "name": "(anonymous_15)",
        "decl": {
          "start": {
            "line": 175,
            "column": 118
          },
          "end": {
            "line": 175,
            "column": 119
          }
        },
        "loc": {
          "start": {
            "line": 175,
            "column": 128
          },
          "end": {
            "line": 175,
            "column": 164
          }
        },
        "line": 175
      },
      "16": {
        "name": "(anonymous_16)",
        "decl": {
          "start": {
            "line": 175,
            "column": 174
          },
          "end": {
            "line": 175,
            "column": 175
          }
        },
        "loc": {
          "start": {
            "line": 175,
            "column": 184
          },
          "end": {
            "line": 178,
            "column": 13
          }
        },
        "line": 175
      },
      "17": {
        "name": "(anonymous_17)",
        "decl": {
          "start": {
            "line": 177,
            "column": 48
          },
          "end": {
            "line": 177,
            "column": 49
          }
        },
        "loc": {
          "start": {
            "line": 177,
            "column": 58
          },
          "end": {
            "line": 177,
            "column": 69
          }
        },
        "line": 177
      },
      "18": {
        "name": "(anonymous_18)",
        "decl": {
          "start": {
            "line": 180,
            "column": 39
          },
          "end": {
            "line": 180,
            "column": 40
          }
        },
        "loc": {
          "start": {
            "line": 180,
            "column": 51
          },
          "end": {
            "line": 188,
            "column": 13
          }
        },
        "line": 180
      },
      "19": {
        "name": "(anonymous_19)",
        "decl": {
          "start": {
            "line": 190,
            "column": 14
          },
          "end": {
            "line": 190,
            "column": 15
          }
        },
        "loc": {
          "start": {
            "line": 190,
            "column": 31
          },
          "end": {
            "line": 190,
            "column": 66
          }
        },
        "line": 190
      },
      "20": {
        "name": "(anonymous_20)",
        "decl": {
          "start": {
            "line": 193,
            "column": 14
          },
          "end": {
            "line": 193,
            "column": 15
          }
        },
        "loc": {
          "start": {
            "line": 193,
            "column": 27
          },
          "end": {
            "line": 193,
            "column": 64
          }
        },
        "line": 193
      },
      "21": {
        "name": "(anonymous_21)",
        "decl": {
          "start": {
            "line": 194,
            "column": 18
          },
          "end": {
            "line": 194,
            "column": 19
          }
        },
        "loc": {
          "start": {
            "line": 194,
            "column": 25
          },
          "end": {
            "line": 194,
            "column": 34
          }
        },
        "line": 194
      },
      "22": {
        "name": "(anonymous_22)",
        "decl": {
          "start": {
            "line": 204,
            "column": 20
          },
          "end": {
            "line": 204,
            "column": 21
          }
        },
        "loc": {
          "start": {
            "line": 204,
            "column": 27
          },
          "end": {
            "line": 204,
            "column": 36
          }
        },
        "line": 204
      },
      "23": {
        "name": "(anonymous_23)",
        "decl": {
          "start": {
            "line": 212,
            "column": 16
          },
          "end": {
            "line": 212,
            "column": 17
          }
        },
        "loc": {
          "start": {
            "line": 212,
            "column": 27
          },
          "end": {
            "line": 218,
            "column": 7
          }
        },
        "line": 212
      },
      "24": {
        "name": "(anonymous_24)",
        "decl": {
          "start": {
            "line": 213,
            "column": 52
          },
          "end": {
            "line": 213,
            "column": 53
          }
        },
        "loc": {
          "start": {
            "line": 213,
            "column": 60
          },
          "end": {
            "line": 216,
            "column": 9
          }
        },
        "line": 213
      },
      "25": {
        "name": "(anonymous_25)",
        "decl": {
          "start": {
            "line": 219,
            "column": 18
          },
          "end": {
            "line": 219,
            "column": 19
          }
        },
        "loc": {
          "start": {
            "line": 219,
            "column": 28
          },
          "end": {
            "line": 226,
            "column": 7
          }
        },
        "line": 219
      },
      "26": {
        "name": "(anonymous_26)",
        "decl": {
          "start": {
            "line": 221,
            "column": 38
          },
          "end": {
            "line": 221,
            "column": 39
          }
        },
        "loc": {
          "start": {
            "line": 221,
            "column": 45
          },
          "end": {
            "line": 221,
            "column": 61
          }
        },
        "line": 221
      },
      "27": {
        "name": "(anonymous_27)",
        "decl": {
          "start": {
            "line": 227,
            "column": 19
          },
          "end": {
            "line": 227,
            "column": 20
          }
        },
        "loc": {
          "start": {
            "line": 227,
            "column": 30
          },
          "end": {
            "line": 234,
            "column": 7
          }
        },
        "line": 227
      },
      "28": {
        "name": "(anonymous_28)",
        "decl": {
          "start": {
            "line": 228,
            "column": 12
          },
          "end": {
            "line": 228,
            "column": 13
          }
        },
        "loc": {
          "start": {
            "line": 228,
            "column": 24
          },
          "end": {
            "line": 233,
            "column": 9
          }
        },
        "line": 228
      },
      "29": {
        "name": "(anonymous_29)",
        "decl": {
          "start": {
            "line": 235,
            "column": 21
          },
          "end": {
            "line": 235,
            "column": 22
          }
        },
        "loc": {
          "start": {
            "line": 235,
            "column": 39
          },
          "end": {
            "line": 235,
            "column": 60
          }
        },
        "line": 235
      },
      "30": {
        "name": "(anonymous_30)",
        "decl": {
          "start": {
            "line": 236,
            "column": 19
          },
          "end": {
            "line": 236,
            "column": 20
          }
        },
        "loc": {
          "start": {
            "line": 236,
            "column": 33
          },
          "end": {
            "line": 236,
            "column": 50
          }
        },
        "line": 236
      },
      "31": {
        "name": "(anonymous_31)",
        "decl": {
          "start": {
            "line": 237,
            "column": 24
          },
          "end": {
            "line": 237,
            "column": 25
          }
        },
        "loc": {
          "start": {
            "line": 237,
            "column": 43
          },
          "end": {
            "line": 237,
            "column": 65
          }
        },
        "line": 237
      },
      "32": {
        "name": "(anonymous_32)",
        "decl": {
          "start": {
            "line": 238,
            "column": 23
          },
          "end": {
            "line": 238,
            "column": 24
          }
        },
        "loc": {
          "start": {
            "line": 238,
            "column": 41
          },
          "end": {
            "line": 238,
            "column": 62
          }
        },
        "line": 238
      },
      "33": {
        "name": "(anonymous_33)",
        "decl": {
          "start": {
            "line": 239,
            "column": 21
          },
          "end": {
            "line": 239,
            "column": 22
          }
        },
        "loc": {
          "start": {
            "line": 239,
            "column": 37
          },
          "end": {
            "line": 239,
            "column": 56
          }
        },
        "line": 239
      },
      "34": {
        "name": "(anonymous_34)",
        "decl": {
          "start": {
            "line": 240,
            "column": 21
          },
          "end": {
            "line": 240,
[...]
        }
      },
      "3": {
        "start": {
          "line": 11,
          "column": 39
        },
        "end": {
          "line": 11,
          "column": 53
        }
      },
      "4": {
        "start": {
          "line": 12,
          "column": 21
        },
        "end": {
          "line": 12,
          "column": 58
        }
      },
      "5": {
        "start": {
          "line": 12,
          "column": 41
        },
        "end": {
          "line": 12,
          "column": 57
        }
      },
      "6": {
        "start": {
          "line": 13,
          "column": 25
        },
        "end": {
          "line": 20,
          "column": 3
        }
      },
      "7": {
        "start": {
          "line": 14,
          "column": 4
        },
        "end": {
          "line": 19,
          "column": 5
        }
      },
      "8": {
        "start": {
          "line": 16,
          "column": 8
        },
        "end": {
          "line": 16,
          "column": 44
        }
      },
      "9": {
        "start": {
          "line": 18,
          "column": 8
        },
        "end": {
          "line": 18,
          "column": 18
        }
      },
      "10": {
        "start": {
          "line": 21,
          "column": 23
        },
        "end": {
          "line": 29,
          "column": 16
        }
      },
      "11": {
        "start": {
          "line": 22,
          "column": 18
        },
        "end": {
          "line": 22,
          "column": 66
        }
      },
      "12": {
        "start": {
          "line": 22,
          "column": 42
        },
        "end": {
          "line": 22,
          "column": 65
        }
      },
      "13": {
        "start": {
          "line": 23,
          "column": 4
        },
        "end": {
          "line": 27,
          "column": 5
        }
      },
      "14": {
        "start": {
          "line": 24,
          "column": 6
        },
        "end": {
          "line": 24,
          "column": 53
        }
      },
      "15": {
        "start": {
          "line": 26,
          "column": 6
        },
        "end": {
          "line": 26,
          "column": 38
        }
      },
      "16": {
        "start": {
          "line": 28,
          "column": 4
        },
        "end": {
          "line": 28,
          "column": 15
        }
      },
      "17": {
        "start": {
          "line": 30,
          "column": 22
        },
        "end": {
          "line": 30,
          "column": 59
        }
      },
      "18": {
        "start": {
          "line": 31,
          "column": 2
        },
        "end": {
          "line": 44,
          "column": 7
        }
      },
      "19": {
        "start": {
          "line": 39,
          "column": 60
        },
        "end": {
          "line": 39,
          "column": 96
        }
      }
    },
    "fnMap": {
      "0": {
        "name": "ListDisplay",
        "decl": {
          "start": {
            "line": 9,
            "column": 9
          },
          "end": {
            "line": 9,
            "column": 20
          }
        },
        "loc": {
          "start": {
            "line": 9,
            "column": 23
          },
          "end": {
            "line": 45,
            "column": 1
          }
        },
        "line": 9
      },
      "1": {
        "name": "(anonymous_1)",
        "decl": {
          "start": {
            "line": 10,
            "column": 25
          },
          "end": {
            "line": 10,
            "column": 26
          }
        },
        "loc": {
          "start": {
            "line": 10,
            "column": 36
          },
          "end": {
            "line": 10,
            "column": 47
          }
        },
        "line": 10
      },
      "2": {
        "name": "(anonymous_2)",
        "decl": {
          "start": {
            "line": 11,
            "column": 28
          },
          "end": {
            "line": 11,
            "column": 29
          }
        },
        "loc": {
          "start": {
            "line": 11,
            "column": 39
          },
          "end": {
            "line": 11,
            "column": 53
          }
        },
        "line": 11
      },
      "3": {
        "name": "(anonymous_3)",
        "decl": {
          "start": {
            "line": 12,
            "column": 30
          },
          "end": {
            "line": 12,
            "column": 31
          }
        },
        "loc": {
          "start": {
            "line": 12,
            "column": 41
          },
          "end": {
            "line": 12,
            "column": 57
          }
        },
        "line": 12
      },
      "4": {
        "name": "(anonymous_4)",
        "decl": {
          "start": {
            "line": 13,
            "column": 25
          },
          "end": {
            "line": 13,
            "column": 26
          }
        },
        "loc": {
          "start": {
            "line": 13,
            "column": 35
          },
          "end": {
            "line": 20,
            "column": 3
          }
        },
        "line": 13
      },
      "5": {
        "name": "(anonymous_5)",
        "decl": {
          "start": {
            "line": 21,
            "column": 49
          },
          "end": {
            "line": 21,
            "column": 50
          }
        },
        "loc": {
          "start": {
            "line": 21,
            "column": 64
          },
          "end": {
            "line": 29,
            "column": 3
          }
        },
        "line": 21
      },
      "6": {
        "name": "(anonymous_6)",
        "decl": {
          "start": {
            "line": 22,
            "column": 32
          },
          "end": {
            "line": 22,
            "column": 33
          }
        },
        "loc": {
          "start": {
            "line": 22,
            "column": 42
          },
          "end": {
            "line": 22,
            "column": 65
          }
        },
        "line": 22
      },
      "7": {
        "name": "(anonymous_7)",
        "decl": {
          "start": {
            "line": 39,
            "column": 34
          },
          "end": {
            "line": 39,
            "column": 35
          }
        },
        "loc": {
          "start": {
            "line": 39,
            "column": 60
          },
          "end": {
            "line": 39,
            "column": 96
          }
        },
        "line": 39
      }
    },
    "branchMap": {
      "0": {
        "loc": {
          "start": {
            "line": 14,
            "column": 4
          },
          "end": {
            "line": 19,
            "column": 5
          }
        },
        "type": "switch",
        "locations": [
          {
            "start": {
              "line": 15,
              "column": 6
            },
            "end": {
              "line": 16,
              "column": 44
            }
          },
          {
            "start": {
              "line": 17,
              "column": 6
            },
            "end": {
              "line": 18,
              "column": 18
            }
          }
        ],
        "line": 14
      },
      "1": {
        "loc": {
          "start": {
            "line": 21,
            "column": 23
          },
          "end": {
            "line": 29,
            "column": 16
          }
        },
        "type": "cond-expr",
        "locations": [
          {
            "start": {
              "line": 21,
              "column": 36
            },
            "end": {
              "line": 29,
              "column": 8
            }
          },
          {
            "start": {
              "line": 29,
              "column": 11
            },
            "end": {
              "line": 29,
              "column": 16
            }
          }
        ],
        "line": 21
      },
      "2": {
        "loc": {
          "start": {
            "line": 23,
            "column": 4
          },
          "end": {
            "line": 27,
            "column": 5
          }
        },
        "type": "if",
        "locations": [
          {
            "start": {
              "line": 23,
              "column": 4
            },
            "end": {
              "line": 27,
              "column": 5
            }
          },
          {
            "start": {
              "line": 25,
              "column": 11
            },
            "end": {
              "line": 27,
              "column": 5
            }
          }
        ],
        "line": 23
      },
      "3": {
        "loc": {
          "start": {
            "line": 24,
            "column": 26
          },
          "end": {
            "line": 24,
            "column": 47
          }
        },
        "type": "binary-expr",
        "locations": [
          {
            "start": {
              "line": 24,
              "column": 26
            },
            "end": {
              "line": 24,
              "column": 42
            }
          },
          {
            "start": {
              "line": 24,
              "column": 46
            },
            "end": {
              "line": 24,
              "column": 47
            }
          }
        ],
        "line": 24
      }
    },
    "s": {
      "0": 128,
      "1": 320,
      "2": 128,
      "3": 320,
      "4": 128,
      "5": 320,
      "6": 128,
      "7": 31104,
      "8": 31104,
      "9": 0,
      "10": 128,
      "11": 7424,
      "12": 211584,
      "13": 7424,
      "14": 0,
      "15": 7424,
      "16": 7424,
      "17": 128,
      "18": 128,
      "19": 7424
    },
    "f": {
      "0": 128,
      "1": 320,
      "2": 320,
      "3": 320,
      "4": 31104,
      "5": 7424,
      "6": 211584,
      "7": 7424
    },
    "b": {
      "0": [
        31104,
        0
      ],
      "1": [
        128,
        0
      ],
      "2": [
        0,
        7424
      ],
      "3": [
        0,
        0
      ]
    },
    "inputSourceMap": {
      "version": 3,
      "file": null,
      "sources": [
        "/home/will-mitchell/Documents/army-assist/src/components/ListDisplay.tsx"
      ],
      "names": [],
      "mappings": "AAuCI,SACE,KADF;AAtCJ,OAAO,cAAc;AACrB,OAAO,kBAAkB;AACzB,OAAO,qBAAqB;AAC5B,OAAO,oBAAoB;AAC3B,OAAO,iBAAiB;AAExB,OAAO,uBAAuB;AAC9B,OAAO,iBAAiB;AAExB,SAAS,cAAc;AACrB,QAAM,QAAQ,SAAS,CAAC,UAAU,MAAM,KAAK;AAC7C,QAAM,WAAW,SAAS,CAAC,UAAU,MAAM,QAAQ;AACnD,QAAM,aAAa,SAAS,CAAC,UAAS,MAAM,UAAU;AAEtD,QAAM,iBAAiB,CAAC,GAAa,MAAgB;AACnD,YAAQ,UAAU;AAAA,MAChB,KAAK,YAAY;AACf,eAAO,EAAE,KAAK,cAAc,EAAE,IAAI;AAAA,MACpC,KAAK,YAAY;AACf,eAAO;AAAA,IACX;AAAA,EACF;AAEA,QAAM,eAAe,aACjB,MAAM,OAAO,CAAC,KAAiB,SAAkB;AAC/C,UAAM,QAAQ,IAAI,UAAU,CAAC,SAAS,KAAK,SAAS,KAAK,IAAI;AAC7D,QAAI,UAAU,IAAI;AAChB,UAAI,KAAK,EAAE,SAAS,IAAI,KAAK,EAAE,SAAS,KAAK;AAAA,IAC/C,OAAO;AACL,UAAI,KAAK,EAAE,GAAG,MAAM,OAAO,EAAE,CAAC;AAAA,IAChC;AACA,WAAO;AAAA,EACT,GAAG,CAAC,CAAC,IACL;AAEJ,QAAM,cAAc,aAAa,SAAS,cAAc;AAExD,SACE,qBAAC,SAAI,WAAU,8BACb;AAAA,wBAAC,eAAY;AAAA,IACb,oBAAC,mBAAgB;AAAA,IACjB;AAAA,MAAC;AAAA;AAAA,QACC,MAAK;AAAA,QACL,WAAU;AAAA,QAET,sBAAY,IAAI,CAAC,SAChB,oBAAC,gBAA2B,QAAT,KAAK,EAAgB,CACzC;AAAA;AAAA,IACH;AAAA,IACA,oBAAC,kBAAe;AAAA,IAChB,oBAAC,qBAAkB;AAAA,KACrB;AAEJ;AAEA,eAAe;"
    },
    "_coverageSchema": "1a1c01bbd47fc00a2c39e90264f33305004495a9",
    "hash": "8c5279fb7d4f067708f733cd6a677b5a4182cf81"
  },
  "/home/will-mitchell/Documents/army-assist/src/components/Body.tsx": {
    "path": "/home/will-mitchell/Documents/army-assist/src/components/Body.tsx",
    "statementMap": {
      "0": {
        "start": {
          "line": 6,
          "column": 19
        },
        "end": {
          "line": 6,
          "column": 62
        }
      },
      "1": {
        "start": {
          "line": 6,
          "column": 39
        },
        "end": {
          "line": 6,
          "column": 61
        }
      },
      "2": {
        "start": {
          "line": 7,
          "column": 22
        },
        "end": {
          "line": 7,
          "column": 105
        }
      },
      "3": {
        "start": {
          "line": 8,
          "column": 2
        },
        "end": {
          "line": 8,
          "column": 118
        }
      }
    },
    "fnMap": {
      "0": {
        "name": "Body",
        "decl": {
          "start": {
            "line": 5,
            "column": 9
          },
          "end": {
            "line": 5,
            "column": 13
          }
        },
        "loc": {
          "start": {
            "line": 5,
            "column": 16
          },
          "end": {
            "line": 9,
            "column": 1
          }
        },
        "line": 5
      },
      "1": {
        "name": "(anonymous_1)",
        "decl": {
          "start": {
            "line": 6,
            "column": 28
          },
          "end": {
            "line": 6,
            "column": 29
          }
        },
        "loc": {
          "start": {
            "line": 6,
            "column": 39
          },
          "end": {
            "line": 6,
            "column": 61
          }
        },
        "line": 6
      }
    },
    "branchMap": {
      "0": {
        "loc": {
          "start": {
            "line": 7,
            "column": 22
          },
          "end": {
            "line": 7,
            "column": 105
          }
        },
        "type": "cond-expr",
        "locations": [
          {
            "start": {
              "line": 7,
              "column": 49
            },
            "end": {
              "line": 7,
              "column": 69
            }
          },
          {
            "start": {
              "line": 7,
              "column": 88
            },
            "end": {
              "line": 7,
              "column": 105
            }
          }
        ],
        "line": 7
      }
    },
    "s": {
      "0": 128,
      "1": 448,
      "2": 128,
      "3": 128
    },
    "f": {
      "0": 128,
      "1": 448
    },
    "b": {
      "0": [
        64,
        64
      ]
    },
    "inputSourceMap": {
      "version": 3,
      "file": null,
      "sources": [
        "/home/will-mitchell/Documents/army-assist/src/components/Body.tsx"
      ],
      "names": [],
      "mappings": "AAQiC;AAPjC,OAAO,cAAc;AACrB,OAAO,cAAc;AACrB,OAAO,iBAAiB;AAExB,SAAS,OAAO;AACd,QAAM,WAAW,SAAS,CAAC,UAAU,MAAM,MAAM,SAAS,CAAC;AAE3D,QAAM,cAAc,WAAW,oBAAC,eAAY,IAAK,oBAAC,YAAS;AAEzD,SACE,oBAAC,SAAI,WAAU,4CACZ,uBACH;AAEN;AAEA,eAAe;"
    },
    "_coverageSchema": "1a1c01bbd47fc00a2c39e90264f33305004495a9",
    "hash": "88e524f61f8f562556e7e7048bcc343958fc1ac6"
  },
  "/home/will-mitchell/Documents/army-assist/src/App.tsx": {
    "path": "/home/will-mitchell/Documents/army-assist/src/App.tsx",
    "statementMap": {
      "0": {
        "start": {
          "line": 7,
          "column": 21
        },
        "end": {
          "line": 7,
          "column": 58
        }
      },
      "1": {
        "start": {
          "line": 7,
          "column": 41
        },
        "end": {
          "line": 7,
          "column": 57
        }
      },
      "2": {
        "start": {
          "line": 8,
          "column": 2
        },
        "end": {
          "line": 14,
          "column": 19
        }
      },
      "3": {
        "start": {
          "line": 9,
          "column": 4
        },
        "end": {
          "line": 13,
          "column": 5
        }
      },
      "4": {
        "start": {
          "line": 10,
          "column": 6
        },
        "end": {
          "line": 10,
          "column": 53
        }
      },
      "5": {
        "start": {
          "line": 12,
          "column": 6
        },
        "end": {
          "line": 12,
          "column": 56
        }
      },
      "6": {
        "start": {
          "line": 15,
          "column": 2
        },
        "end": {
          "line": 18,
          "column": 7
        }
      }
    },
    "fnMap": {
      "0": {
        "name": "App",
        "decl": {
          "start": {
            "line": 6,
            "column": 9
          },
          "end": {
            "line": 6,
            "column": 12
          }
        },
        "loc": {
          "start": {
            "line": 6,
            "column": 15
          },
          "end": {
            "line": 19,
            "column": 1
          }
        },
        "line": 6
      },
      "1": {
        "name": "(anonymous_1)",
        "decl": {
          "start": {
            "line": 7,
            "column": 30
          },
          "end": {
            "line": 7,
            "column": 31
          }
        },
        "loc": {
          "start": {
            "line": 7,
            "column": 41
          },
          "end": {
            "line": 7,
            "column": 57
          }
        },
        "line": 7
      },
      "2": {
        "name": "(anonymous_2)",
        "decl": {
          "start": {
            "line": 8,
            "column": 12
          },
          "end": {
            "line": 8,
            "column": 13
          }
        },
        "loc": {
          "start": {
            "line": 8,
            "column": 18
          },
          "end": {
            "line": 14,
            "column": 3
          }
        },
        "line": 8
      }
    },
    "branchMap": {
      "0": {
        "loc": {
          "start": {
            "line": 9,
            "column": 4
          },
          "end": {
            "line": 13,
            "column": 5
          }
        },
        "type": "if",
        "locations": [
          {
            "start": {
              "line": 9,
              "column": 4
            },
            "end": {
              "line": 13,
              "column": 5
            }
          },
          {
            "start": {
              "line": 11,
              "column": 11
            },
            "end": {
              "line": 13,
              "column": 5
            }
          }
        ],
        "line": 9
      }
    },
    "s": {
      "0": 64,
      "1": 320,
      "2": 64,
      "3": 64,
      "4": 64,
      "5": 0,
      "6": 64
    },
    "f": {
      "0": 64,
      "1": 320,
      "2": 64
    },
    "b": {
      "0": [
        64,
        0
      ]
    },
    "inputSourceMap": {
      "version": 3,
      "file": null,
      "sources": [
        "/home/will-mitchell/Documents/army-assist/src/App.tsx"
      ],
      "names": [],
      "mappings": "AAkBI,SACE,KADF;AAlBJ,SAAgB,iBAAiB;AAEjC,OAAO,YAAY;AACnB,OAAO,UAAU;AACjB,OAAO,cAAc;AAErB,SAAS,MAAM;AACb,QAAM,aAAa,SAAS,CAAC,UAAU,MAAM,UAAU;AAEvD,YAAU,MAAM;AACd,QAAI,YAAY;AACd,eAAS,gBAAgB,UAAU,IAAI,MAAM;AAAA,IAC/C,OAAO;AACL,eAAS,gBAAgB,UAAU,OAAO,MAAM;AAAA,IAClD;AAAA,EACF,GAAG,CAAC,UAAU,CAAC;AAEf,SACE,qBAAC,SAAI,WAAU,0BACb;AAAA,wBAAC,UAAO;AAAA,IACR,oBAAC,QAAK;AAAA,KACR;AAEJ;AAEA,eAAe;"
    },
    "_coverageSchema": "1a1c01bbd47fc00a2c39e90264f33305004495a9",
    "hash": "a2ea76df0d735a3e82307991be67b0ae2a1dcc0a"
  },
  "/home/will-mitchell/Documents/army-assist/src/main.tsx": {
    "path": "/home/will-mitchell/Documents/army-assist/src/main.tsx",
    "statementMap": {
      "0": {
        "start": {
          "line": 6,
          "column": 0
        },
        "end": {
          "line": 8,
          "column": 2
        }
      }
    },
    "fnMap": {},
    "branchMap": {},
    "s": {
      "0": 64
    },
    "f": {},
    "b": {},
    "inputSourceMap": {
      "version": 3,
      "file": null,
      "sources": [
        "/home/will-mitchell/Documents/army-assist/src/main.tsx"
      ],
      "names": [],
      "mappings": "AAQI;AARJ,SAAS,kBAAkB;AAC3B,SAAS,kBAAkB;AAC3B,OAAO;AACP,OAAO,SAAS;AAGhB,WAAW,SAAS,eAAe,MAAM,CAAE,EAAE;AAAA,EAC3C,oBAAC,cACC,8BAAC,OAAI,GACP;AACF;"
    },
    "_coverageSchema": "1a1c01bbd47fc00a2c39e90264f33305004495a9",
    "hash": "a8ee5fc93378b7e624a146efc7bc5d10b97d2764"
  }
}