<?xml version="1.0" encoding="UTF-8"?>
<coverage generated="1741291809211" clover="3.2.0">
  <project timestamp="1741291809211" name="All files">
    <metrics statements="531" coveredstatements="341" conditionals="230" coveredconditionals="125" methods="204" coveredmethods="137" elements="965" coveredelements="603" complexity="0" loc="531" ncloc="531" packages="8" files="34" classes="34"/>
    <package name="src">
      <metrics statements="7" coveredstatements="6" conditionals="2" coveredconditionals="1" methods="3" coveredmethods="3"/>
      <file name="App.tsx" path="/home/will-mitchell/Documents/army-assist/src/App.tsx">
        <metrics statements="6" coveredstatements="5" conditionals="2" coveredconditionals="1" methods="3" coveredmethods="3"/>
        <line num="8" count="325" type="stmt"/>
        <line num="10" count="65" type="stmt"/>
        <line num="11" count="65" type="cond" truecount="1" falsecount="1"/>
        <line num="12" count="65" type="stmt"/>
        <line num="14" count="0" type="stmt"/>
        <line num="18" count="65" type="stmt"/>
      </file>
      <file name="main.tsx" path="/home/will-mitchell/Documents/army-assist/src/main.tsx">
        <metrics statements="1" coveredstatements="1" conditionals="0" coveredconditionals="0" methods="0" coveredmethods="0"/>
        <line num="7" count="65" type="stmt"/>
      </file>
    </package>
    <package name="src.components">
      <metrics statements="195" coveredstatements="133" conditionals="59" coveredconditionals="32" methods="114" coveredmethods="71"/>
      <file name="ArmyRuleDisplay.tsx" path="/home/will-mitchell/Documents/army-assist/src/components/ArmyRuleDisplay.tsx">
        <metrics statements="19" coveredstatements="18" conditionals="15" coveredconditionals="11" methods="13" coveredmethods="12"/>
        <line num="8" count="65" type="stmt"/>
        <line num="9" count="585" type="stmt"/>
        <line num="11" count="585" type="cond" truecount="2" falsecount="0"/>
        <line num="12" count="585" type="stmt"/>
        <line num="14" count="260" type="stmt"/>
        <line num="16" count="260" type="stmt"/>
        <line num="17" count="130" type="stmt"/>
        <line num="20" count="7800" type="cond" truecount="2" falsecount="0"/>
        <line num="22" count="130" type="stmt"/>
        <line num="32" count="130" type="stmt"/>
        <line num="35" count="23920" type="cond" truecount="2" falsecount="1"/>
        <line num="39" count="0" type="stmt"/>
        <line num="49" count="130" type="stmt"/>
        <line num="52" count="260" type="stmt"/>
        <line num="55" count="325" type="stmt"/>
        <line num="58" count="260" type="stmt"/>
        <line num="62" count="325" type="stmt"/>
        <line num="65" count="325" type="stmt"/>
        <line num="88" count="195" type="stmt"/>
      </file>
      <file name="Body.tsx" path="/home/will-mitchell/Documents/army-assist/src/components/Body.tsx">
        <metrics statements="3" coveredstatements="3" conditionals="2" coveredconditionals="2" methods="2" coveredmethods="2"/>
        <line num="7" count="455" type="stmt"/>
        <line num="9" count="130" type="cond" truecount="2" falsecount="0"/>
        <line num="11" count="130" type="stmt"/>
      </file>
      <file name="Changelog.tsx" path="/home/will-mitchell/Documents/army-assist/src/components/Changelog.tsx">
        <metrics statements="16" coveredstatements="12" conditionals="3" coveredconditionals="1" methods="8" coveredmethods="4"/>
        <line num="13" count="65" type="stmt"/>
        <line num="15" count="65" type="stmt"/>
        <line num="16" count="65" type="stmt"/>
        <line num="17" count="0" type="cond" truecount="0" falsecount="1"/>
        <line num="18" count="0" type="stmt"/>
        <line num="22" count="65" type="cond" truecount="1" falsecount="1"/>
        <line num="23" count="0" type="stmt"/>
        <line num="25" count="65" type="stmt"/>
        <line num="28" count="65" type="stmt"/>
        <line num="29" count="0" type="stmt"/>
        <line num="33" count="65" type="stmt"/>
        <line num="34" count="65" type="stmt"/>
        <line num="36" count="65" type="stmt"/>
        <line num="38" count="65" type="stmt"/>
        <line num="72" count="1105" type="stmt"/>
        <line num="81" count="4615" type="stmt"/>
      </file>
      <file name="Header.tsx" path="/home/will-mitchell/Documents/army-assist/src/components/Header.tsx">
        <metrics statements="2" coveredstatements="2" conditionals="0" coveredconditionals="0" methods="1" coveredmethods="1"/>
        <line num="7" count="65" type="stmt"/>
        <line num="8" count="65" type="stmt"/>
      </file>
      <file name="Instructions.tsx" path="/home/will-mitchell/Documents/army-assist/src/components/Instructions.tsx">
        <metrics statements="43" coveredstatements="28" conditionals="4" coveredconditionals="3" methods="21" coveredmethods="10"/>
        <line num="13" count="325" type="stmt"/>
        <line num="14" count="325" type="stmt"/>
        <line num="15" count="910" type="stmt"/>
        <line num="16" count="910" type="stmt"/>
        <line num="18" count="325" type="stmt"/>
        <line num="19" count="130" type="cond" truecount="1" falsecount="0"/>
        <line num="20" count="65" type="stmt"/>
        <line num="21" count="65" type="stmt"/>
        <line num="25" count="325" type="stmt"/>
        <line num="26" count="195" type="stmt"/>
        <line num="27" count="0" type="cond" truecount="0" falsecount="1"/>
        <line num="28" count="0" type="stmt"/>
        <line num="32" count="195" type="cond" truecount="2" falsecount="0"/>
        <line num="33" count="65" type="stmt"/>
        <line num="35" count="130" type="stmt"/>
        <line num="38" count="195" type="stmt"/>
        <line num="39" count="130" type="stmt"/>
        <line num="43" count="325" type="stmt"/>
        <line num="44" count="65" type="stmt"/>
        <line num="45" count="65" type="stmt"/>
        <line num="46" count="65" type="stmt"/>
        <line num="47" count="65" type="stmt"/>
        <line num="48" count="65" type="stmt"/>
        <line num="50" count="0" type="stmt"/>
        <line num="54" count="65" type="stmt"/>
        <line num="57" count="325" type="stmt"/>
        <line num="58" count="325" type="stmt"/>
        <line num="60" count="325" type="stmt"/>
        <line num="61" count="0" type="stmt"/>
        <line num="62" count="0" type="stmt"/>
        <line num="68" count="0" type="stmt"/>
        <line num="70" count="0" type="stmt"/>
        <line num="71" count="0" type="stmt"/>
        <line num="75" count="325" type="stmt"/>
        <line num="76" count="0" type="stmt"/>
        <line num="80" count="325" type="stmt"/>
        <line num="82" count="325" type="stmt"/>
        <line num="158" count="0" type="stmt"/>
        <line num="161" count="0" type="stmt"/>
        <line num="169" count="0" type="stmt"/>
        <line num="170" count="0" type="stmt"/>
        <line num="177" count="0" type="stmt"/>
        <line num="178" count="0" type="stmt"/>
      </file>
      <file name="ListDisplay.tsx" path="/home/will-mitchell/Documents/army-assist/src/components/ListDisplay.tsx">
        <metrics statements="16" coveredstatements="15" conditionals="8" coveredconditionals="5" methods="8" coveredmethods="8"/>
        <line num="12" count="325" type="stmt"/>
        <line num="13" count="325" type="stmt"/>
        <line num="14" count="325" type="stmt"/>
        <line num="16" count="130" type="stmt"/>
        <line num="17" count="36530" type="cond" truecount="1" falsecount="1"/>
        <line num="19" count="36530" type="stmt"/>
        <line num="21" count="0" type="stmt"/>
        <line num="25" count="130" type="cond" truecount="1" falsecount="1"/>
        <line num="27" count="400140" type="stmt"/>
        <line num="28" count="10530" type="cond" truecount="2" falsecount="0"/>
        <line num="29" count="390" type="cond" truecount="1" falsecount="1"/>
        <line num="31" count="10140" type="stmt"/>
        <line num="33" count="10530" type="stmt"/>
        <line num="37" count="130" type="stmt"/>
        <line num="39" count="130" type="stmt"/>
        <line num="48" count="10140" type="stmt"/>
      </file>
      <file name="Pastebox.tsx" path="/home/will-mitchell/Documents/army-assist/src/components/Pastebox.tsx">
        <metrics statements="11" coveredstatements="9" conditionals="1" coveredconditionals="0" methods="3" coveredmethods="3"/>
        <line num="5" count="615820" type="stmt"/>
        <line num="6" count="615820" type="stmt"/>
        <line num="8" count="615820" type="stmt"/>
        <line num="9" count="615690" type="stmt"/>
        <line num="12" count="615820" type="stmt"/>
        <line num="13" count="65" type="stmt"/>
        <line num="14" count="65" type="stmt"/>
        <line num="16" count="65" type="cond" truecount="0" falsecount="1"/>
        <line num="17" count="0" type="stmt"/>
        <line num="18" count="0" type="stmt"/>
        <line num="22" count="615820" type="stmt"/>
      </file>
      <file name="PhaseFilter.tsx" path="/home/will-mitchell/Documents/army-assist/src/components/PhaseFilter.tsx">
        <metrics statements="15" coveredstatements="12" conditionals="8" coveredconditionals="5" methods="11" coveredmethods="8"/>
        <line num="15" count="325" type="stmt"/>
        <line num="16" count="325" type="stmt"/>
        <line num="17" count="325" type="stmt"/>
        <line num="18" count="130" type="stmt"/>
        <line num="20" count="130" type="stmt"/>
        <line num="21" count="0" type="stmt"/>
        <line num="24" count="130" type="stmt"/>
        <line num="25" count="65" type="stmt"/>
        <line num="26" count="65" type="stmt"/>
        <line num="27" count="0" type="stmt"/>
        <line num="32" count="1235" type="stmt"/>
        <line num="35" count="130" type="stmt"/>
        <line num="56" count="0" type="cond" truecount="0" falsecount="2"/>
        <line num="83" count="780" type="cond" truecount="2" falsecount="0"/>
        <line num="88" count="1235" type="stmt"/>
      </file>
      <file name="ResetButton.tsx" path="/home/will-mitchell/Documents/army-assist/src/components/ResetButton.tsx">
        <metrics statements="4" coveredstatements="3" conditionals="0" coveredconditionals="0" methods="2" coveredmethods="1"/>
        <line num="4" count="65" type="stmt"/>
        <line num="5" count="260" type="stmt"/>
        <line num="7" count="260" type="stmt"/>
        <line num="10" count="0" type="stmt"/>
      </file>
      <file name="ScrollToTopButton.tsx" path="/home/will-mitchell/Documents/army-assist/src/components/ScrollToTopButton.tsx">
        <metrics statements="4" coveredstatements="3" conditionals="0" coveredconditionals="0" methods="2" coveredmethods="1"/>
        <line num="4" count="65" type="stmt"/>
        <line num="5" count="130" type="stmt"/>
        <line num="6" count="0" type="stmt"/>
        <line num="9" count="130" type="stmt"/>
      </file>
      <file name="Settings.tsx" path="/home/will-mitchell/Documents/army-assist/src/components/Settings.tsx">
        <metrics statements="29" coveredstatements="21" conditionals="2" coveredconditionals="1" methods="27" coveredmethods="17"/>
        <line num="9" count="65" type="stmt"/>
        <line num="10" count="325" type="stmt"/>
        <line num="11" count="325" type="stmt"/>
        <line num="13" count="325" type="stmt"/>
        <line num="14" count="325" type="stmt"/>
        <line num="16" count="325" type="stmt"/>
        <line num="17" count="325" type="stmt"/>
        <line num="19" count="325" type="stmt"/>
        <line num="20" count="325" type="stmt"/>
        <line num="22" count="325" type="stmt"/>
        <line num="23" count="325" type="stmt"/>
        <line num="25" count="325" type="stmt"/>
        <line num="26" count="325" type="stmt"/>
        <line num="28" count="325" type="stmt"/>
        <line num="29" count="325" type="stmt"/>
        <line num="31" count="65" type="stmt"/>
        <line num="32" count="65" type="stmt"/>
        <line num="39" count="65" type="stmt"/>
        <line num="40" count="0" type="stmt"/>
        <line num="77" count="65" type="stmt"/>
        <line num="109" count="390" type="stmt"/>
        <line num="113" count="0" type="stmt"/>
        <line num="130" count="130" type="stmt"/>
        <line num="134" count="0" type="stmt"/>
        <line num="147" count="0" type="stmt"/>
        <line num="158" count="0" type="stmt"/>
        <line num="169" count="0" type="stmt"/>
        <line num="178" count="0" type="stmt"/>
        <line num="187" count="0" type="stmt"/>
      </file>
      <file name="StratagemPanel.tsx" path="/home/will-mitchell/Documents/army-assist/src/components/StratagemPanel.tsx">
        <metrics statements="33" coveredstatements="7" conditionals="16" coveredconditionals="4" methods="16" coveredmethods="4"/>
        <line num="13" count="130" type="stmt"/>
        <line num="14" count="325" type="stmt"/>
        <line num="15" count="325" type="stmt"/>
        <line num="16" count="325" type="stmt"/>
        <line num="18" count="130" type="stmt"/>
        <line num="20" count="130" type="cond" truecount="4" falsecount="0"/>
        <line num="21" count="130" type="stmt"/>
        <line num="24" count="0" type="stmt"/>
        <line num="25" count="0" type="stmt"/>
        <line num="26" count="0" type="stmt"/>
        <line num="27" count="0" type="stmt"/>
        <line num="28" count="0" type="stmt"/>
        <line num="29" count="0" type="stmt"/>
        <line num="31" count="0" type="stmt"/>
        <line num="32" count="0" type="cond" truecount="0" falsecount="1"/>
        <line num="33" count="0" type="stmt"/>
        <line num="44" count="0" type="stmt"/>
        <line num="45" count="0" type="stmt"/>
        <line num="46" count="0" type="cond" truecount="0" falsecount="2"/>
        <line num="47" count="0" type="stmt"/>
        <line num="53" count="0" type="stmt"/>
        <line num="61" count="0" type="cond" truecount="0" falsecount="2"/>
        <line num="64" count="0" type="stmt"/>
        <line num="70" count="0" type="stmt"/>
        <line num="72" count="0" type="cond" truecount="0" falsecount="2"/>
        <line num="73" count="0" type="stmt"/>
        <line num="75" count="0" type="stmt"/>
        <line num="76" count="0" type="stmt"/>
        <line num="80" count="0" type="stmt"/>
        <line num="83" count="0" type="stmt"/>
        <line num="91" count="0" type="stmt"/>
        <line num="116" count="0" type="stmt"/>
        <line num="128" count="0" type="stmt"/>
      </file>
    </package>
    <package name="src.components.CardComponents">
      <metrics statements="71" coveredstatements="49" conditionals="39" coveredconditionals="28" methods="21" coveredmethods="16"/>
      <file name="KeywordTags.tsx" path="/home/will-mitchell/Documents/army-assist/src/components/CardComponents/KeywordTags.tsx">
        <metrics statements="24" coveredstatements="18" conditionals="13" coveredconditionals="8" methods="5" coveredmethods="5"/>
        <line num="43" count="65" type="stmt"/>
        <line num="344" count="10563" type="stmt"/>
        <line num="345" count="10563" type="cond" truecount="1" falsecount="1"/>
        <line num="346" count="0" type="stmt"/>
        <line num="348" count="10563" type="stmt"/>
        <line num="349" count="160292" type="cond" truecount="1" falsecount="1"/>
        <line num="355" count="9524" type="cond" truecount="1" falsecount="1"/>
        <line num="356" count="0" type="stmt"/>
        <line num="358" count="9524" type="stmt"/>
        <line num="362" count="13231" type="stmt"/>
        <line num="364" count="10563" type="stmt"/>
        <line num="366" count="10563" type="cond" truecount="0" falsecount="1"/>
        <line num="367" count="0" type="stmt"/>
        <line num="368" count="0" type="stmt"/>
        <line num="371" count="10563" type="stmt"/>
        <line num="372" count="10563" type="cond" truecount="2" falsecount="0"/>
        <line num="374" count="10563" type="stmt"/>
        <line num="380" count="10563" type="cond" truecount="0" falsecount="1"/>
        <line num="381" count="0" type="stmt"/>
        <line num="382" count="0" type="stmt"/>
        <line num="385" count="10563" type="stmt"/>
        <line num="386" count="10563" type="cond" truecount="1" falsecount="0"/>
        <line num="387" count="1617" type="stmt"/>
        <line num="390" count="10563" type="stmt"/>
      </file>
      <file name="ListUnitCard.tsx" path="/home/will-mitchell/Documents/army-assist/src/components/CardComponents/ListUnitCard.tsx">
        <metrics statements="35" coveredstatements="21" conditionals="26" coveredconditionals="20" methods="10" coveredmethods="7"/>
        <line num="20" count="25350" type="stmt"/>
        <line num="21" count="25350" type="stmt"/>
        <line num="23" count="25350" type="stmt"/>
        <line num="24" count="25350" type="stmt"/>
        <line num="25" count="25350" type="stmt"/>
        <line num="26" count="25350" type="stmt"/>
        <line num="29" count="10140" type="stmt"/>
        <line num="31" count="10140" type="stmt"/>
        <line num="33" count="10140" type="stmt"/>
        <line num="34" count="0" type="stmt"/>
        <line num="37" count="10140" type="stmt"/>
        <line num="38" count="0" type="cond" truecount="0" falsecount="1"/>
        <line num="40" count="0" type="stmt"/>
        <line num="41" count="0" type="stmt"/>
        <line num="43" count="0" type="cond" truecount="0" falsecount="1"/>
        <line num="44" count="0" type="stmt"/>
        <line num="47" count="0" type="stmt"/>
        <line num="50" count="10140" type="cond" truecount="3" falsecount="3"/>
        <line num="52" count="5070" type="stmt"/>
        <line num="53" count="5070" type="stmt"/>
        <line num="55" count="0" type="stmt"/>
        <line num="56" count="0" type="stmt"/>
        <line num="59" count="5070" type="stmt"/>
        <line num="64" count="5070" type="stmt"/>
        <line num="66" count="0" type="stmt"/>
        <line num="67" count="0" type="stmt"/>
        <line num="69" count="0" type="stmt"/>
        <line num="70" count="0" type="stmt"/>
        <line num="74" count="10140" type="stmt"/>
        <line num="79" count="10140" type="stmt"/>
        <line num="85" count="10140" type="cond" truecount="4" falsecount="0"/>
        <line num="86" count="10140" type="cond" truecount="2" falsecount="0"/>
        <line num="88" count="10140" type="cond" truecount="1" falsecount="1"/>
        <line num="90" count="10140" type="stmt"/>
        <line num="97" count="0" type="stmt"/>
      </file>
      <file name="PhaseAbilities.tsx" path="/home/will-mitchell/Documents/army-assist/src/components/CardComponents/PhaseAbilities.tsx">
        <metrics statements="6" coveredstatements="6" conditionals="0" coveredconditionals="0" methods="3" coveredmethods="3"/>
        <line num="10" count="65" type="stmt"/>
        <line num="11" count="10140" type="stmt"/>
        <line num="12" count="31850" type="stmt"/>
        <line num="16" count="10140" type="stmt"/>
        <line num="18" count="9252" type="stmt"/>
        <line num="33" count="10140" type="stmt"/>
      </file>
      <file name="PhaseEnhancements.tsx" path="/home/will-mitchell/Documents/army-assist/src/components/CardComponents/PhaseEnhancements.tsx">
        <metrics statements="6" coveredstatements="4" conditionals="0" coveredconditionals="0" methods="3" coveredmethods="1"/>
        <line num="10" count="65" type="stmt"/>
        <line num="11" count="10140" type="stmt"/>
        <line num="12" count="0" type="stmt"/>
        <line num="16" count="10140" type="stmt"/>
        <line num="18" count="0" type="stmt"/>
        <line num="33" count="10140" type="stmt"/>
      </file>
    </package>
    <package name="src.components.CardComponents.PhaseDisplays">
      <metrics statements="35" coveredstatements="19" conditionals="34" coveredconditionals="16" methods="15" coveredmethods="10"/>
      <file name="ChargePhase.tsx" path="/home/will-mitchell/Documents/army-assist/src/components/CardComponents/PhaseDisplays/ChargePhase.tsx">
        <metrics statements="1" coveredstatements="1" conditionals="0" coveredconditionals="0" methods="1" coveredmethods="0"/>
        <line num="3" count="65" type="stmt"/>
      </file>
      <file name="CommandPhase.tsx" path="/home/will-mitchell/Documents/army-assist/src/components/CardComponents/PhaseDisplays/CommandPhase.tsx">
        <metrics statements="5" coveredstatements="3" conditionals="2" coveredconditionals="1" methods="1" coveredmethods="1"/>
        <line num="6" count="65" type="stmt"/>
        <line num="11" count="5070" type="cond" truecount="1" falsecount="1"/>
        <line num="12" count="0" type="stmt"/>
        <line num="13" count="0" type="stmt"/>
        <line num="15" count="5070" type="stmt"/>
      </file>
      <file name="LeadershipOCTable.tsx" path="/home/will-mitchell/Documents/army-assist/src/components/CardComponents/PhaseDisplays/LeadershipOCTable.tsx">
        <metrics statements="1" coveredstatements="1" conditionals="0" coveredconditionals="0" methods="1" coveredmethods="1"/>
        <line num="13" count="5070" type="stmt"/>
      </file>
      <file name="ModelSaveTable.tsx" path="/home/will-mitchell/Documents/army-assist/src/components/CardComponents/PhaseDisplays/ModelSaveTable.tsx">
        <metrics statements="1" coveredstatements="0" conditionals="4" coveredconditionals="0" methods="1" coveredmethods="0"/>
        <line num="20" count="0" type="stmt"/>
      </file>
      <file name="MovementPhase.tsx" path="/home/will-mitchell/Documents/army-assist/src/components/CardComponents/PhaseDisplays/MovementPhase.tsx">
        <metrics statements="2" coveredstatements="1" conditionals="2" coveredconditionals="0" methods="1" coveredmethods="0"/>
        <line num="5" count="65" type="stmt"/>
        <line num="9" count="0" type="stmt"/>
      </file>
      <file name="SavesPhase.tsx" path="/home/will-mitchell/Documents/army-assist/src/components/CardComponents/PhaseDisplays/SavesPhase.tsx">
        <metrics statements="13" coveredstatements="1" conditionals="8" coveredconditionals="0" methods="2" coveredmethods="0"/>
        <line num="7" count="65" type="stmt"/>
        <line num="12" count="0" type="cond" truecount="0" falsecount="1"/>
        <line num="13" count="0" type="stmt"/>
        <line num="14" count="0" type="stmt"/>
        <line num="17" count="0" type="stmt"/>
        <line num="18" count="0" type="stmt"/>
        <line num="20" count="0" type="stmt"/>
        <line num="21" count="0" type="stmt"/>
        <line num="23" count="0" type="cond" truecount="0" falsecount="3"/>
        <line num="27" count="0" type="stmt"/>
        <line num="28" count="0" type="cond" truecount="0" falsecount="2"/>
        <line num="29" count="0" type="cond" truecount="0" falsecount="2"/>
        <line num="31" count="0" type="stmt"/>
      </file>
      <file name="ShootingOrFightPhase.tsx" path="/home/will-mitchell/Documents/army-assist/src/components/CardComponents/PhaseDisplays/ShootingOrFightPhase.tsx">
        <metrics statements="9" coveredstatements="9" conditionals="8" coveredconditionals="6" methods="5" coveredmethods="5"/>
        <line num="10" count="65" type="stmt"/>
        <line num="19" count="5070" type="stmt"/>
        <line num="21" count="34582470" type="cond" truecount="2" falsecount="0"/>
        <line num="26" count="20284836" type="cond" truecount="2" falsecount="0"/>
        <line num="29" count="5070" type="cond" truecount="1" falsecount="1"/>
        <line num="30" count="22944" type="stmt"/>
        <line num="32" count="87643" type="stmt"/>
        <line num="37" count="5070" type="stmt"/>
        <line num="39" count="5070" type="stmt"/>
      </file>
      <file name="WeaponPhaseTable.tsx" path="/home/will-mitchell/Documents/army-assist/src/components/CardComponents/PhaseDisplays/WeaponPhaseTable.tsx">
        <metrics statements="3" coveredstatements="3" conditionals="10" coveredconditionals="9" methods="3" coveredmethods="3"/>
        <line num="16" count="9944" type="stmt"/>
        <line num="18" count="4972" type="stmt"/>
        <line num="35" count="9524" type="stmt"/>
      </file>
    </package>
    <package name="src.components.CardComponents.PhaseDisplays.TableComponents.tsx">
      <metrics statements="4" coveredstatements="4" conditionals="0" coveredconditionals="0" methods="2" coveredmethods="2"/>
      <file name="TableCell.tsx" path="/home/will-mitchell/Documents/army-assist/src/components/CardComponents/PhaseDisplays/TableComponents.tsx/TableCell.tsx">
        <metrics statements="2" coveredstatements="2" conditionals="0" coveredconditionals="0" methods="1" coveredmethods="1"/>
        <line num="6" count="65" type="stmt"/>
        <line num="7" count="75320" type="stmt"/>
      </file>
      <file name="TableHeaderCell.tsx" path="/home/will-mitchell/Documents/army-assist/src/components/CardComponents/PhaseDisplays/TableComponents.tsx/TableHeaderCell.tsx">
        <metrics statements="2" coveredstatements="2" conditionals="0" coveredconditionals="0" methods="1" coveredmethods="1"/>
        <line num="6" count="65" type="stmt"/>
        <line num="7" count="48668" type="stmt"/>
      </file>
    </package>
    <package name="src.store">
      <metrics statements="109" coveredstatements="80" conditionals="33" coveredconditionals="23" methods="38" coveredmethods="24"/>
      <file name="store.ts" path="/home/will-mitchell/Documents/army-assist/src/store/store.ts">
        <metrics statements="109" coveredstatements="80" conditionals="33" coveredconditionals="23" methods="38" coveredmethods="24"/>
        <line num="66" count="65" type="stmt"/>
        <line num="68" count="65" type="stmt"/>
        <line num="94" count="0" type="stmt"/>
        <line num="104" count="0" type="stmt"/>
        <line num="106" count="65" type="stmt"/>
        <line num="108" count="65" type="stmt"/>
        <line num="109" count="65" type="stmt"/>
        <line num="113" count="65" type="cond" truecount="2" falsecount="1"/>
        <line num="114" count="0" type="stmt"/>
        <line num="115" count="0" type="stmt"/>
        <line num="118" count="65" type="stmt"/>
        <line num="119" count="65" type="stmt"/>
        <line num="120" count="1820" type="cond" truecount="2" falsecount="0"/>
        <line num="123" count="65" type="cond" truecount="0" falsecount="1"/>
        <line num="124" count="0" type="stmt"/>
        <line num="125" count="0" type="stmt"/>
        <line num="128" count="65" type="stmt"/>
        <line num="130" count="65" type="stmt"/>
        <line num="132" count="65" type="stmt"/>
        <line num="133" count="65" type="stmt"/>
        <line num="135" count="65" type="stmt"/>
        <line num="136" count="9818" type="stmt"/>
        <line num="140" count="9818" type="cond" truecount="0" falsecount="1"/>
        <line num="142" count="0" type="stmt"/>
        <line num="144" count="0" type="cond" truecount="0" falsecount="2"/>
        <line num="146" count="0" type="stmt"/>
        <line num="147" count="0" type="stmt"/>
        <line num="149" count="0" type="stmt"/>
        <line num="152" count="0" type="stmt"/>
        <line num="155" count="9818" type="stmt"/>
        <line num="158" count="9818" type="stmt"/>
        <line num="162" count="9818" type="cond" truecount="2" falsecount="0"/>
        <line num="164" count="5284" type="stmt"/>
        <line num="165" count="5284" type="stmt"/>
        <line num="166" count="5284" type="cond" truecount="1" falsecount="0"/>
        <line num="167" count="5284" type="stmt"/>
        <line num="184" count="5284" type="stmt"/>
        <line num="186" count="4534" type="cond" truecount="1" falsecount="0"/>
        <line num="187" count="2844" type="stmt"/>
        <line num="188" count="2844" type="stmt"/>
        <line num="205" count="2844" type="cond" truecount="3" falsecount="0"/>
        <line num="206" count="2844" type="stmt"/>
        <line num="211" count="65" type="cond" truecount="1" falsecount="0"/>
        <line num="212" count="65" type="stmt"/>
        <line num="213" count="65" type="stmt"/>
        <line num="215" count="5284" type="stmt"/>
        <line num="217" count="5284" type="stmt"/>
        <line num="218" count="8184916" type="stmt"/>
        <line num="222" count="5284" type="stmt"/>
        <line num="223" count="9100" type="stmt"/>
        <line num="227" count="5284" type="cond" truecount="1" falsecount="1"/>
        <line num="229" count="0" type="stmt"/>
        <line num="233" count="5284" type="cond" truecount="1" falsecount="0"/>
        <line num="234" count="19" type="stmt"/>
        <line num="235" count="19" type="stmt"/>
        <line num="237" count="5265" type="stmt"/>
        <line num="239" count="3634280" type="stmt"/>
        <line num="242" count="5265" type="cond" truecount="0" falsecount="1"/>
        <line num="243" count="0" type="stmt"/>
        <line num="244" count="0" type="stmt"/>
        <line num="247" count="5265" type="stmt"/>
        <line num="250" count="33574905" type="stmt"/>
        <line num="251" count="16575" type="stmt"/>
        <line num="253" count="5265" type="cond" truecount="3" falsecount="0"/>
        <line num="254" count="1430" type="stmt"/>
        <line num="255" count="2795" type="stmt"/>
        <line num="257" count="1430" type="cond" truecount="2" falsecount="0"/>
        <line num="260" count="1430" type="stmt"/>
        <line num="263" count="5265" type="stmt"/>
        <line num="265" count="19240" type="cond" truecount="2" falsecount="0"/>
        <line num="266" count="19240" type="stmt"/>
        <line num="268" count="19240" type="stmt"/>
        <line num="271" count="20735" type="stmt"/>
        <line num="275" count="5265" type="stmt"/>
        <line num="277" count="5265" type="stmt"/>
        <line num="278" count="20735" type="stmt"/>
        <line num="279" count="20735" type="cond" truecount="1" falsecount="0"/>
        <line num="280" count="2405" type="stmt"/>
        <line num="281" count="2405" type="stmt"/>
        <line num="282" count="2405" type="stmt"/>
        <line num="284" count="18330" type="stmt"/>
        <line num="287" count="5265" type="stmt"/>
        <line num="289" count="3095820" type="stmt"/>
        <line num="292" count="5265" type="stmt"/>
        <line num="293" count="67197195" type="stmt"/>
        <line num="295" count="34580" type="stmt"/>
        <line num="298" count="5265" type="stmt"/>
        <line num="308" count="5284" type="stmt"/>
        <line num="310" count="65" type="cond" truecount="0" falsecount="1"/>
        <line num="311" count="0" type="stmt"/>
        <line num="314" count="65" type="stmt"/>
        <line num="317" count="65" type="stmt"/>
        <line num="321" count="5265" type="stmt"/>
        <line num="326" count="65" type="stmt"/>
        <line num="329" count="0" type="stmt"/>
        <line num="330" count="0" type="stmt"/>
        <line num="332" count="0" type="cond" truecount="0" falsecount="1"/>
        <line num="333" count="0" type="stmt"/>
        <line num="334" count="0" type="stmt"/>
        <line num="338" count="0" type="stmt"/>
        <line num="345" count="65" type="stmt"/>
        <line num="346" count="0" type="stmt"/>
        <line num="347" count="0" type="stmt"/>
        <line num="348" count="0" type="stmt"/>
        <line num="349" count="0" type="stmt"/>
        <line num="350" count="0" type="stmt"/>
        <line num="351" count="0" type="stmt"/>
        <line num="352" count="0" type="stmt"/>
        <line num="356" count="65" type="stmt"/>
      </file>
    </package>
    <package name="src.types">
      <metrics statements="11" coveredstatements="11" conditionals="6" coveredconditionals="6" methods="3" coveredmethods="3"/>
      <file name="Phase.ts" path="/home/will-mitchell/Documents/army-assist/src/types/Phase.ts">
        <metrics statements="7" coveredstatements="7" conditionals="2" coveredconditionals="2" methods="1" coveredmethods="1"/>
        <line num="1" count="65" type="cond" truecount="2" falsecount="0"/>
        <line num="2" count="65" type="stmt"/>
        <line num="3" count="65" type="stmt"/>
        <line num="4" count="65" type="stmt"/>
        <line num="5" count="65" type="stmt"/>
        <line num="6" count="65" type="stmt"/>
        <line num="7" count="65" type="stmt"/>
      </file>
      <file name="Side.ts" path="/home/will-mitchell/Documents/army-assist/src/types/Side.ts">
        <metrics statements="1" coveredstatements="1" conditionals="2" coveredconditionals="2" methods="1" coveredmethods="1"/>
        <line num="1" count="65" type="cond" truecount="2" falsecount="0"/>
      </file>
      <file name="SortOptions.ts" path="/home/will-mitchell/Documents/army-assist/src/types/SortOptions.ts">
        <metrics statements="3" coveredstatements="3" conditionals="2" coveredconditionals="2" methods="1" coveredmethods="1"/>
        <line num="1" count="65" type="cond" truecount="2" falsecount="0"/>
        <line num="2" count="65" type="stmt"/>
        <line num="3" count="65" type="stmt"/>
      </file>
    </package>
    <package name="src.utils">
      <metrics statements="99" coveredstatements="39" conditionals="57" coveredconditionals="19" methods="8" coveredmethods="8"/>
      <file name="StoreHelper.ts" path="/home/will-mitchell/Documents/army-assist/src/utils/StoreHelper.ts">
        <metrics statements="97" coveredstatements="37" conditionals="57" coveredconditionals="19" methods="6" coveredmethods="6"/>
        <line num="6" count="65" type="stmt"/>
        <line num="7" count="65" type="stmt"/>
        <line num="15" count="65" type="stmt"/>
        <line num="18" count="65" type="stmt"/>
        <line num="19" count="5284" type="cond" truecount="2" falsecount="9"/>
        <line num="21" count="0" type="stmt"/>
        <line num="22" count="0" type="stmt"/>
        <line num="24" count="0" type="stmt"/>
        <line num="25" count="0" type="stmt"/>
        <line num="27" count="0" type="stmt"/>
        <line num="28" count="0" type="stmt"/>
        <line num="30" count="0" type="stmt"/>
        <line num="31" count="0" type="stmt"/>
        <line num="34" count="0" type="stmt"/>
        <line num="35" count="0" type="stmt"/>
        <line num="37" count="65" type="stmt"/>
        <line num="38" count="65" type="stmt"/>
        <line num="40" count="0" type="stmt"/>
        <line num="41" count="0" type="stmt"/>
        <line num="43" count="0" type="stmt"/>
        <line num="44" count="0" type="stmt"/>
        <line num="46" count="0" type="stmt"/>
        <line num="47" count="0" type="stmt"/>
        <line num="49" count="65" type="stmt"/>
        <line num="50" count="65" type="stmt"/>
        <line num="53" count="5284" type="stmt"/>
        <line num="56" count="65" type="stmt"/>
        <line num="57" count="16575" type="cond" truecount="10" falsecount="0"/>
        <line num="59" count="195" type="stmt"/>
        <line num="65" count="260" type="stmt"/>
        <line num="72" count="260" type="stmt"/>
        <line num="79" count="3250" type="stmt"/>
        <line num="86" count="65" type="stmt"/>
        <line num="93" count="130" type="stmt"/>
        <line num="100" count="130" type="stmt"/>
        <line num="107" count="260" type="stmt"/>
        <line num="114" count="260" type="stmt"/>
        <line num="121" count="11765" type="cond" truecount="2" falsecount="0"/>
        <line num="122" count="1495" type="stmt"/>
        <line num="129" count="10270" type="stmt"/>
        <line num="134" count="65" type="stmt"/>
        <line num="135" count="5265" type="cond" truecount="0" falsecount="1"/>
        <line num="136" count="0" type="stmt"/>
        <line num="139" count="5265" type="cond" truecount="0" falsecount="2"/>
        <line num="141" count="0" type="cond" truecount="0" falsecount="2"/>
        <line num="142" count="0" type="stmt"/>
        <line num="144" count="0" type="cond" truecount="0" falsecount="2"/>
        <line num="145" count="0" type="cond" truecount="0" falsecount="2"/>
        <line num="146" count="0" type="stmt"/>
        <line num="149" count="5265" type="cond" truecount="3" falsecount="17"/>
        <line num="151" count="0" type="cond" truecount="0" falsecount="1"/>
        <line num="152" count="0" type="cond" truecount="0" falsecount="2"/>
        <line num="153" count="0" type="stmt"/>
        <line num="155" count="0" type="stmt"/>
        <line num="158" count="0" type="stmt"/>
        <line num="160" count="0" type="stmt"/>
        <line num="161" count="0" type="stmt"/>
        <line num="163" count="0" type="stmt"/>
        <line num="164" count="0" type="stmt"/>
        <line num="166" count="0" type="stmt"/>
        <line num="167" count="0" type="stmt"/>
        <line num="169" count="0" type="stmt"/>
        <line num="170" count="0" type="stmt"/>
        <line num="172" count="0" type="stmt"/>
        <line num="173" count="0" type="stmt"/>
        <line num="175" count="0" type="stmt"/>
        <line num="176" count="0" type="stmt"/>
        <line num="178" count="0" type="stmt"/>
        <line num="179" count="0" type="stmt"/>
        <line num="181" count="0" type="stmt"/>
        <line num="182" count="0" type="stmt"/>
        <line num="184" count="0" type="stmt"/>
        <line num="185" count="0" type="stmt"/>
        <line num="187" count="0" type="stmt"/>
        <line num="188" count="0" type="stmt"/>
        <line num="190" count="65" type="stmt"/>
        <line num="191" count="65" type="stmt"/>
        <line num="193" count="0" type="stmt"/>
        <line num="194" count="0" type="stmt"/>
        <line num="195" count="0" type="stmt"/>
        <line num="197" count="0" type="stmt"/>
        <line num="198" count="0" type="stmt"/>
        <line num="200" count="0" type="stmt"/>
        <line num="201" count="0" type="stmt"/>
        <line num="203" count="0" type="stmt"/>
        <line num="204" count="0" type="stmt"/>
        <line num="206" count="0" type="stmt"/>
        <line num="207" count="0" type="stmt"/>
        <line num="209" count="130" type="stmt"/>
        <line num="210" count="130" type="stmt"/>
        <line num="212" count="65" type="stmt"/>
        <line num="213" count="65" type="stmt"/>
        <line num="215" count="0" type="stmt"/>
        <line num="216" count="0" type="stmt"/>
        <line num="219" count="5265" type="stmt"/>
        <line num="222" count="65" type="stmt"/>
        <line num="223" count="650" type="cond" truecount="2" falsecount="0"/>
      </file>
      <file name="VersionHelper.ts" path="/home/will-mitchell/Documents/army-assist/src/utils/VersionHelper.ts">
        <metrics statements="2" coveredstatements="2" conditionals="0" coveredconditionals="0" methods="2" coveredmethods="2"/>
        <line num="3" count="65" type="stmt"/>
        <line num="4" count="130" type="stmt"/>
      </file>
    </package>
  </project>
</coverage>
