<?xml version="1.0" encoding="UTF-8"?>
<coverage generated="1741212531949" clover="3.2.0">
  <project timestamp="1741212531949" name="All files">
    <metrics statements="511" coveredstatements="325" conditionals="214" coveredconditionals="108" methods="200" coveredmethods="134" elements="925" coveredelements="567" complexity="0" loc="511" ncloc="511" packages="8" files="34" classes="34"/>
    <package name="src">
      <metrics statements="7" coveredstatements="6" conditionals="2" coveredconditionals="1" methods="3" coveredmethods="3"/>
      <file name="App.tsx" path="/home/will-mitchell/Documents/army-assist/src/App.tsx">
        <metrics statements="6" coveredstatements="5" conditionals="2" coveredconditionals="1" methods="3" coveredmethods="3"/>
        <line num="8" count="320" type="stmt"/>
        <line num="10" count="64" type="stmt"/>
        <line num="11" count="64" type="cond" truecount="1" falsecount="1"/>
        <line num="12" count="64" type="stmt"/>
        <line num="14" count="0" type="stmt"/>
        <line num="18" count="64" type="stmt"/>
      </file>
      <file name="main.tsx" path="/home/will-mitchell/Documents/army-assist/src/main.tsx">
        <metrics statements="1" coveredstatements="1" conditionals="0" coveredconditionals="0" methods="0" coveredmethods="0"/>
        <line num="7" count="64" type="stmt"/>
      </file>
    </package>
    <package name="src.components">
      <metrics statements="195" coveredstatements="132" conditionals="59" coveredconditionals="30" methods="114" coveredmethods="71"/>
      <file name="ArmyRuleDisplay.tsx" path="/home/will-mitchell/Documents/army-assist/src/components/ArmyRuleDisplay.tsx">
        <metrics statements="19" coveredstatements="18" conditionals="15" coveredconditionals="11" methods="13" coveredmethods="12"/>
        <line num="8" count="64" type="stmt"/>
        <line num="9" count="576" type="stmt"/>
        <line num="11" count="576" type="cond" truecount="2" falsecount="0"/>
        <line num="12" count="576" type="stmt"/>
        <line num="14" count="256" type="stmt"/>
        <line num="16" count="256" type="stmt"/>
        <line num="17" count="128" type="stmt"/>
        <line num="20" count="7680" type="cond" truecount="2" falsecount="0"/>
        <line num="22" count="64" type="stmt"/>
        <line num="32" count="128" type="stmt"/>
        <line num="35" count="23552" type="cond" truecount="2" falsecount="1"/>
        <line num="39" count="0" type="stmt"/>
        <line num="49" count="128" type="stmt"/>
        <line num="52" count="256" type="stmt"/>
        <line num="55" count="320" type="stmt"/>
        <line num="58" count="256" type="stmt"/>
        <line num="62" count="320" type="stmt"/>
        <line num="65" count="320" type="stmt"/>
        <line num="88" count="128" type="stmt"/>
      </file>
      <file name="Body.tsx" path="/home/will-mitchell/Documents/army-assist/src/components/Body.tsx">
        <metrics statements="3" coveredstatements="3" conditionals="2" coveredconditionals="2" methods="2" coveredmethods="2"/>
        <line num="7" count="448" type="stmt"/>
        <line num="9" count="128" type="cond" truecount="2" falsecount="0"/>
        <line num="11" count="128" type="stmt"/>
      </file>
      <file name="Changelog.tsx" path="/home/will-mitchell/Documents/army-assist/src/components/Changelog.tsx">
        <metrics statements="16" coveredstatements="12" conditionals="3" coveredconditionals="1" methods="8" coveredmethods="4"/>
        <line num="13" count="64" type="stmt"/>
        <line num="15" count="64" type="stmt"/>
        <line num="16" count="64" type="stmt"/>
        <line num="17" count="0" type="cond" truecount="0" falsecount="1"/>
        <line num="18" count="0" type="stmt"/>
        <line num="22" count="64" type="cond" truecount="1" falsecount="1"/>
        <line num="23" count="0" type="stmt"/>
        <line num="25" count="64" type="stmt"/>
        <line num="28" count="64" type="stmt"/>
        <line num="29" count="0" type="stmt"/>
        <line num="33" count="64" type="stmt"/>
        <line num="34" count="64" type="stmt"/>
        <line num="36" count="64" type="stmt"/>
        <line num="38" count="64" type="stmt"/>
        <line num="72" count="1024" type="stmt"/>
        <line num="81" count="4160" type="stmt"/>
      </file>
      <file name="Header.tsx" path="/home/will-mitchell/Documents/army-assist/src/components/Header.tsx">
        <metrics statements="2" coveredstatements="2" conditionals="0" coveredconditionals="0" methods="1" coveredmethods="1"/>
        <line num="7" count="64" type="stmt"/>
        <line num="8" count="64" type="stmt"/>
      </file>
      <file name="Instructions.tsx" path="/home/will-mitchell/Documents/army-assist/src/components/Instructions.tsx">
        <metrics statements="43" coveredstatements="28" conditionals="4" coveredconditionals="3" methods="21" coveredmethods="10"/>
        <line num="13" count="320" type="stmt"/>
        <line num="14" count="320" type="stmt"/>
        <line num="15" count="896" type="stmt"/>
        <line num="16" count="896" type="stmt"/>
        <line num="18" count="320" type="stmt"/>
        <line num="19" count="128" type="cond" truecount="1" falsecount="0"/>
        <line num="20" count="64" type="stmt"/>
        <line num="21" count="64" type="stmt"/>
        <line num="25" count="320" type="stmt"/>
        <line num="26" count="192" type="stmt"/>
        <line num="27" count="0" type="cond" truecount="0" falsecount="1"/>
        <line num="28" count="0" type="stmt"/>
        <line num="32" count="192" type="cond" truecount="2" falsecount="0"/>
        <line num="33" count="64" type="stmt"/>
        <line num="35" count="128" type="stmt"/>
        <line num="38" count="192" type="stmt"/>
        <line num="39" count="128" type="stmt"/>
        <line num="43" count="320" type="stmt"/>
        <line num="44" count="64" type="stmt"/>
        <line num="45" count="64" type="stmt"/>
        <line num="46" count="64" type="stmt"/>
        <line num="47" count="64" type="stmt"/>
        <line num="48" count="64" type="stmt"/>
        <line num="50" count="0" type="stmt"/>
        <line num="54" count="64" type="stmt"/>
        <line num="57" count="320" type="stmt"/>
        <line num="58" count="320" type="stmt"/>
        <line num="60" count="320" type="stmt"/>
        <line num="61" count="0" type="stmt"/>
        <line num="62" count="0" type="stmt"/>
        <line num="68" count="0" type="stmt"/>
        <line num="70" count="0" type="stmt"/>
        <line num="71" count="0" type="stmt"/>
        <line num="75" count="320" type="stmt"/>
        <line num="76" count="0" type="stmt"/>
        <line num="80" count="320" type="stmt"/>
        <line num="82" count="320" type="stmt"/>
        <line num="158" count="0" type="stmt"/>
        <line num="161" count="0" type="stmt"/>
        <line num="169" count="0" type="stmt"/>
        <line num="170" count="0" type="stmt"/>
        <line num="177" count="0" type="stmt"/>
        <line num="178" count="0" type="stmt"/>
      </file>
      <file name="ListDisplay.tsx" path="/home/will-mitchell/Documents/army-assist/src/components/ListDisplay.tsx">
        <metrics statements="16" coveredstatements="14" conditionals="8" coveredconditionals="3" methods="8" coveredmethods="8"/>
        <line num="12" count="320" type="stmt"/>
        <line num="13" count="320" type="stmt"/>
        <line num="14" count="320" type="stmt"/>
        <line num="16" count="128" type="stmt"/>
        <line num="17" count="31104" type="cond" truecount="1" falsecount="1"/>
        <line num="19" count="31104" type="stmt"/>
        <line num="21" count="0" type="stmt"/>
        <line num="25" count="128" type="cond" truecount="1" falsecount="1"/>
        <line num="27" count="211584" type="stmt"/>
        <line num="28" count="7424" type="cond" truecount="1" falsecount="1"/>
        <line num="29" count="0" type="cond" truecount="0" falsecount="2"/>
        <line num="31" count="7424" type="stmt"/>
        <line num="33" count="7424" type="stmt"/>
        <line num="37" count="128" type="stmt"/>
        <line num="39" count="128" type="stmt"/>
        <line num="48" count="7424" type="stmt"/>
      </file>
      <file name="Pastebox.tsx" path="/home/will-mitchell/Documents/army-assist/src/components/Pastebox.tsx">
        <metrics statements="11" coveredstatements="9" conditionals="1" coveredconditionals="0" methods="3" coveredmethods="3"/>
        <line num="5" count="295424" type="stmt"/>
        <line num="6" count="295424" type="stmt"/>
        <line num="8" count="295424" type="stmt"/>
        <line num="9" count="295296" type="stmt"/>
        <line num="12" count="295424" type="stmt"/>
        <line num="13" count="64" type="stmt"/>
        <line num="14" count="64" type="stmt"/>
        <line num="16" count="64" type="cond" truecount="0" falsecount="1"/>
        <line num="17" count="0" type="stmt"/>
        <line num="18" count="0" type="stmt"/>
        <line num="22" count="295424" type="stmt"/>
      </file>
      <file name="PhaseFilter.tsx" path="/home/will-mitchell/Documents/army-assist/src/components/PhaseFilter.tsx">
        <metrics statements="15" coveredstatements="12" conditionals="8" coveredconditionals="5" methods="11" coveredmethods="8"/>
        <line num="15" count="320" type="stmt"/>
        <line num="16" count="320" type="stmt"/>
        <line num="17" count="320" type="stmt"/>
        <line num="18" count="128" type="stmt"/>
        <line num="20" count="128" type="stmt"/>
        <line num="21" count="0" type="stmt"/>
        <line num="24" count="128" type="stmt"/>
        <line num="25" count="64" type="stmt"/>
        <line num="26" count="64" type="stmt"/>
        <line num="27" count="0" type="stmt"/>
        <line num="32" count="1221" type="stmt"/>
        <line num="35" count="128" type="stmt"/>
        <line num="56" count="0" type="cond" truecount="0" falsecount="2"/>
        <line num="83" count="768" type="cond" truecount="2" falsecount="0"/>
        <line num="88" count="1221" type="stmt"/>
      </file>
      <file name="ResetButton.tsx" path="/home/will-mitchell/Documents/army-assist/src/components/ResetButton.tsx">
        <metrics statements="4" coveredstatements="3" conditionals="0" coveredconditionals="0" methods="2" coveredmethods="1"/>
        <line num="4" count="64" type="stmt"/>
        <line num="5" count="256" type="stmt"/>
        <line num="7" count="256" type="stmt"/>
        <line num="10" count="0" type="stmt"/>
      </file>
      <file name="ScrollToTopButton.tsx" path="/home/will-mitchell/Documents/army-assist/src/components/ScrollToTopButton.tsx">
        <metrics statements="4" coveredstatements="3" conditionals="0" coveredconditionals="0" methods="2" coveredmethods="1"/>
        <line num="4" count="64" type="stmt"/>
        <line num="5" count="128" type="stmt"/>
        <line num="6" count="0" type="stmt"/>
        <line num="9" count="128" type="stmt"/>
      </file>
      <file name="Settings.tsx" path="/home/will-mitchell/Documents/army-assist/src/components/Settings.tsx">
        <metrics statements="29" coveredstatements="21" conditionals="2" coveredconditionals="1" methods="27" coveredmethods="17"/>
        <line num="9" count="64" type="stmt"/>
        <line num="10" count="320" type="stmt"/>
        <line num="11" count="320" type="stmt"/>
        <line num="13" count="320" type="stmt"/>
        <line num="14" count="320" type="stmt"/>
        <line num="16" count="320" type="stmt"/>
        <line num="17" count="320" type="stmt"/>
        <line num="19" count="320" type="stmt"/>
        <line num="20" count="320" type="stmt"/>
        <line num="22" count="320" type="stmt"/>
        <line num="23" count="320" type="stmt"/>
        <line num="25" count="320" type="stmt"/>
        <line num="26" count="320" type="stmt"/>
        <line num="28" count="320" type="stmt"/>
        <line num="29" count="320" type="stmt"/>
        <line num="31" count="64" type="stmt"/>
        <line num="32" count="64" type="stmt"/>
        <line num="39" count="64" type="stmt"/>
        <line num="40" count="0" type="stmt"/>
        <line num="77" count="64" type="stmt"/>
        <line num="109" count="384" type="stmt"/>
        <line num="113" count="0" type="stmt"/>
        <line num="130" count="128" type="stmt"/>
        <line num="134" count="0" type="stmt"/>
        <line num="147" count="0" type="stmt"/>
        <line num="158" count="0" type="stmt"/>
        <line num="169" count="0" type="stmt"/>
        <line num="178" count="0" type="stmt"/>
        <line num="187" count="0" type="stmt"/>
      </file>
      <file name="StratagemPanel.tsx" path="/home/will-mitchell/Documents/army-assist/src/components/StratagemPanel.tsx">
        <metrics statements="33" coveredstatements="7" conditionals="16" coveredconditionals="4" methods="16" coveredmethods="4"/>
        <line num="13" count="128" type="stmt"/>
        <line num="14" count="320" type="stmt"/>
        <line num="15" count="320" type="stmt"/>
        <line num="16" count="320" type="stmt"/>
        <line num="18" count="128" type="stmt"/>
        <line num="20" count="128" type="cond" truecount="4" falsecount="0"/>
        <line num="21" count="128" type="stmt"/>
        <line num="24" count="0" type="stmt"/>
        <line num="25" count="0" type="stmt"/>
        <line num="26" count="0" type="stmt"/>
        <line num="27" count="0" type="stmt"/>
        <line num="28" count="0" type="stmt"/>
        <line num="29" count="0" type="stmt"/>
        <line num="31" count="0" type="stmt"/>
        <line num="32" count="0" type="cond" truecount="0" falsecount="1"/>
        <line num="33" count="0" type="stmt"/>
        <line num="44" count="0" type="stmt"/>
        <line num="45" count="0" type="stmt"/>
        <line num="46" count="0" type="cond" truecount="0" falsecount="2"/>
        <line num="47" count="0" type="stmt"/>
        <line num="53" count="0" type="stmt"/>
        <line num="61" count="0" type="cond" truecount="0" falsecount="2"/>
        <line num="64" count="0" type="stmt"/>
        <line num="70" count="0" type="stmt"/>
        <line num="72" count="0" type="cond" truecount="0" falsecount="2"/>
        <line num="73" count="0" type="stmt"/>
        <line num="75" count="0" type="stmt"/>
        <line num="76" count="0" type="stmt"/>
        <line num="80" count="0" type="stmt"/>
        <line num="83" count="0" type="stmt"/>
        <line num="91" count="0" type="stmt"/>
        <line num="116" count="0" type="stmt"/>
        <line num="128" count="0" type="stmt"/>
      </file>
    </package>
    <package name="src.components.CardComponents">
      <metrics statements="71" coveredstatements="49" conditionals="39" coveredconditionals="28" methods="21" coveredmethods="16"/>
      <file name="KeywordTags.tsx" path="/home/will-mitchell/Documents/army-assist/src/components/CardComponents/KeywordTags.tsx">
        <metrics statements="24" coveredstatements="18" conditionals="13" coveredconditionals="8" methods="5" coveredmethods="5"/>
        <line num="42" count="64" type="stmt"/>
        <line num="336" count="3002" type="stmt"/>
        <line num="337" count="3002" type="cond" truecount="1" falsecount="1"/>
        <line num="338" count="0" type="stmt"/>
        <line num="340" count="3002" type="stmt"/>
        <line num="341" count="40175" type="cond" truecount="1" falsecount="1"/>
        <line num="347" count="3904" type="cond" truecount="1" falsecount="1"/>
        <line num="348" count="0" type="stmt"/>
        <line num="350" count="3904" type="stmt"/>
        <line num="354" count="4892" type="stmt"/>
        <line num="356" count="3002" type="stmt"/>
        <line num="358" count="3002" type="cond" truecount="0" falsecount="1"/>
        <line num="359" count="0" type="stmt"/>
        <line num="360" count="0" type="stmt"/>
        <line num="363" count="3002" type="stmt"/>
        <line num="364" count="3002" type="cond" truecount="2" falsecount="0"/>
        <line num="366" count="3002" type="stmt"/>
        <line num="372" count="3002" type="cond" truecount="0" falsecount="1"/>
        <line num="373" count="0" type="stmt"/>
        <line num="374" count="0" type="stmt"/>
        <line num="377" count="3002" type="stmt"/>
        <line num="378" count="3002" type="cond" truecount="1" falsecount="0"/>
        <line num="379" count="293" type="stmt"/>
        <line num="382" count="3002" type="stmt"/>
      </file>
      <file name="ListUnitCard.tsx" path="/home/will-mitchell/Documents/army-assist/src/components/CardComponents/ListUnitCard.tsx">
        <metrics statements="35" coveredstatements="21" conditionals="26" coveredconditionals="20" methods="10" coveredmethods="7"/>
        <line num="20" count="18560" type="stmt"/>
        <line num="21" count="18560" type="stmt"/>
        <line num="23" count="18560" type="stmt"/>
        <line num="24" count="18560" type="stmt"/>
        <line num="25" count="18560" type="stmt"/>
        <line num="26" count="18560" type="stmt"/>
        <line num="29" count="7424" type="stmt"/>
        <line num="31" count="7424" type="stmt"/>
        <line num="33" count="7424" type="stmt"/>
        <line num="34" count="0" type="stmt"/>
        <line num="37" count="7424" type="stmt"/>
        <line num="38" count="0" type="cond" truecount="0" falsecount="1"/>
        <line num="40" count="0" type="stmt"/>
        <line num="41" count="0" type="stmt"/>
        <line num="43" count="0" type="cond" truecount="0" falsecount="1"/>
        <line num="44" count="0" type="stmt"/>
        <line num="47" count="0" type="stmt"/>
        <line num="50" count="7424" type="cond" truecount="3" falsecount="3"/>
        <line num="52" count="3712" type="stmt"/>
        <line num="53" count="3712" type="stmt"/>
        <line num="55" count="0" type="stmt"/>
        <line num="56" count="0" type="stmt"/>
        <line num="59" count="3712" type="stmt"/>
        <line num="64" count="3712" type="stmt"/>
        <line num="66" count="0" type="stmt"/>
        <line num="67" count="0" type="stmt"/>
        <line num="69" count="0" type="stmt"/>
        <line num="70" count="0" type="stmt"/>
        <line num="74" count="7424" type="stmt"/>
        <line num="79" count="7424" type="stmt"/>
        <line num="85" count="7424" type="cond" truecount="4" falsecount="0"/>
        <line num="86" count="7424" type="cond" truecount="2" falsecount="0"/>
        <line num="88" count="7424" type="cond" truecount="1" falsecount="1"/>
        <line num="90" count="7424" type="stmt"/>
        <line num="97" count="0" type="stmt"/>
      </file>
      <file name="PhaseAbilities.tsx" path="/home/will-mitchell/Documents/army-assist/src/components/CardComponents/PhaseAbilities.tsx">
        <metrics statements="6" coveredstatements="6" conditionals="0" coveredconditionals="0" methods="3" coveredmethods="3"/>
        <line num="10" count="64" type="stmt"/>
        <line num="11" count="7424" type="stmt"/>
        <line num="12" count="30720" type="stmt"/>
        <line num="16" count="7424" type="stmt"/>
        <line num="18" count="5849" type="stmt"/>
        <line num="33" count="7424" type="stmt"/>
      </file>
      <file name="PhaseEnhancements.tsx" path="/home/will-mitchell/Documents/army-assist/src/components/CardComponents/PhaseEnhancements.tsx">
        <metrics statements="6" coveredstatements="4" conditionals="0" coveredconditionals="0" methods="3" coveredmethods="1"/>
        <line num="10" count="64" type="stmt"/>
        <line num="11" count="7424" type="stmt"/>
        <line num="12" count="0" type="stmt"/>
        <line num="16" count="7424" type="stmt"/>
        <line num="18" count="0" type="stmt"/>
        <line num="33" count="7424" type="stmt"/>
      </file>
    </package>
    <package name="src.components.CardComponents.PhaseDisplays">
      <metrics statements="35" coveredstatements="19" conditionals="28" coveredconditionals="11" methods="14" coveredmethods="9"/>
      <file name="ChargePhase.tsx" path="/home/will-mitchell/Documents/army-assist/src/components/CardComponents/PhaseDisplays/ChargePhase.tsx">
        <metrics statements="1" coveredstatements="1" conditionals="0" coveredconditionals="0" methods="1" coveredmethods="0"/>
        <line num="3" count="64" type="stmt"/>
      </file>
      <file name="CommandPhase.tsx" path="/home/will-mitchell/Documents/army-assist/src/components/CardComponents/PhaseDisplays/CommandPhase.tsx">
        <metrics statements="5" coveredstatements="3" conditionals="2" coveredconditionals="1" methods="1" coveredmethods="1"/>
        <line num="6" count="64" type="stmt"/>
        <line num="11" count="3712" type="cond" truecount="1" falsecount="1"/>
        <line num="12" count="0" type="stmt"/>
        <line num="13" count="0" type="stmt"/>
        <line num="15" count="3712" type="stmt"/>
      </file>
      <file name="LeadershipOCTable.tsx" path="/home/will-mitchell/Documents/army-assist/src/components/CardComponents/PhaseDisplays/LeadershipOCTable.tsx">
        <metrics statements="1" coveredstatements="1" conditionals="0" coveredconditionals="0" methods="1" coveredmethods="1"/>
        <line num="13" count="3712" type="stmt"/>
      </file>
      <file name="ModelSaveTable.tsx" path="/home/will-mitchell/Documents/army-assist/src/components/CardComponents/PhaseDisplays/ModelSaveTable.tsx">
        <metrics statements="1" coveredstatements="0" conditionals="4" coveredconditionals="0" methods="1" coveredmethods="0"/>
        <line num="20" count="0" type="stmt"/>
      </file>
      <file name="MovementPhase.tsx" path="/home/will-mitchell/Documents/army-assist/src/components/CardComponents/PhaseDisplays/MovementPhase.tsx">
        <metrics statements="2" coveredstatements="1" conditionals="2" coveredconditionals="0" methods="1" coveredmethods="0"/>
        <line num="5" count="64" type="stmt"/>
        <line num="9" count="0" type="stmt"/>
      </file>
      <file name="SavesPhase.tsx" path="/home/will-mitchell/Documents/army-assist/src/components/CardComponents/PhaseDisplays/SavesPhase.tsx">
        <metrics statements="13" coveredstatements="1" conditionals="8" coveredconditionals="0" methods="2" coveredmethods="0"/>
        <line num="7" count="64" type="stmt"/>
        <line num="12" count="0" type="cond" truecount="0" falsecount="1"/>
        <line num="13" count="0" type="stmt"/>
        <line num="14" count="0" type="stmt"/>
        <line num="17" count="0" type="stmt"/>
        <line num="18" count="0" type="stmt"/>
        <line num="20" count="0" type="stmt"/>
        <line num="21" count="0" type="stmt"/>
        <line num="23" count="0" type="cond" truecount="0" falsecount="3"/>
        <line num="27" count="0" type="stmt"/>
        <line num="28" count="0" type="cond" truecount="0" falsecount="2"/>
        <line num="29" count="0" type="cond" truecount="0" falsecount="2"/>
        <line num="31" count="0" type="stmt"/>
      </file>
      <file name="ShootingOrFightPhase.tsx" path="/home/will-mitchell/Documents/army-assist/src/components/CardComponents/PhaseDisplays/ShootingOrFightPhase.tsx">
        <metrics statements="10" coveredstatements="10" conditionals="8" coveredconditionals="6" methods="5" coveredmethods="5"/>
        <line num="10" count="64" type="stmt"/>
        <line num="19" count="3712" type="stmt"/>
        <line num="20" count="3712" type="stmt"/>
        <line num="22" count="25319552" type="cond" truecount="2" falsecount="0"/>
        <line num="27" count="12792944" type="cond" truecount="2" falsecount="0"/>
        <line num="30" count="3712" type="cond" truecount="1" falsecount="1"/>
        <line num="31" count="5008" type="stmt"/>
        <line num="33" count="9232" type="stmt"/>
        <line num="38" count="3712" type="stmt"/>
        <line num="40" count="3712" type="stmt"/>
      </file>
      <file name="WeaponPhaseTable.tsx" path="/home/will-mitchell/Documents/army-assist/src/components/CardComponents/PhaseDisplays/WeaponPhaseTable.tsx">
        <metrics statements="2" coveredstatements="2" conditionals="4" coveredconditionals="4" methods="2" coveredmethods="2"/>
        <line num="14" count="3452" type="stmt"/>
        <line num="31" count="3904" type="stmt"/>
      </file>
    </package>
    <package name="src.components.CardComponents.PhaseDisplays.TableComponents.tsx">
      <metrics statements="4" coveredstatements="4" conditionals="0" coveredconditionals="0" methods="2" coveredmethods="2"/>
      <file name="TableCell.tsx" path="/home/will-mitchell/Documents/army-assist/src/components/CardComponents/PhaseDisplays/TableComponents.tsx/TableCell.tsx">
        <metrics statements="2" coveredstatements="2" conditionals="0" coveredconditionals="0" methods="1" coveredmethods="1"/>
        <line num="6" count="64" type="stmt"/>
        <line num="7" count="34752" type="stmt"/>
      </file>
      <file name="TableHeaderCell.tsx" path="/home/will-mitchell/Documents/army-assist/src/components/CardComponents/PhaseDisplays/TableComponents.tsx/TableHeaderCell.tsx">
        <metrics statements="2" coveredstatements="2" conditionals="0" coveredconditionals="0" methods="1" coveredmethods="1"/>
        <line num="6" count="64" type="stmt"/>
        <line num="7" count="35040" type="stmt"/>
      </file>
    </package>
    <package name="src.store">
      <metrics statements="108" coveredstatements="78" conditionals="33" coveredconditionals="22" methods="37" coveredmethods="24"/>
      <file name="store.ts" path="/home/will-mitchell/Documents/army-assist/src/store/store.ts">
        <metrics statements="108" coveredstatements="78" conditionals="33" coveredconditionals="22" methods="37" coveredmethods="24"/>
        <line num="65" count="64" type="stmt"/>
        <line num="67" count="64" type="stmt"/>
        <line num="92" count="0" type="stmt"/>
        <line num="102" count="0" type="stmt"/>
        <line num="104" count="64" type="stmt"/>
        <line num="106" count="64" type="stmt"/>
        <line num="107" count="64" type="stmt"/>
        <line num="111" count="64" type="cond" truecount="2" falsecount="1"/>
        <line num="112" count="0" type="stmt"/>
        <line num="113" count="0" type="stmt"/>
        <line num="116" count="64" type="stmt"/>
        <line num="117" count="64" type="stmt"/>
        <line num="118" count="1792" type="cond" truecount="2" falsecount="0"/>
        <line num="121" count="64" type="cond" truecount="0" falsecount="1"/>
        <line num="122" count="0" type="stmt"/>
        <line num="123" count="0" type="stmt"/>
        <line num="126" count="64" type="stmt"/>
        <line num="128" count="64" type="stmt"/>
        <line num="130" count="64" type="stmt"/>
        <line num="131" count="64" type="stmt"/>
        <line num="133" count="64" type="stmt"/>
        <line num="134" count="6784" type="stmt"/>
        <line num="138" count="6784" type="cond" truecount="0" falsecount="1"/>
        <line num="140" count="0" type="stmt"/>
        <line num="142" count="0" type="cond" truecount="0" falsecount="2"/>
        <line num="144" count="0" type="stmt"/>
        <line num="145" count="0" type="stmt"/>
        <line num="147" count="0" type="stmt"/>
        <line num="150" count="0" type="stmt"/>
        <line num="153" count="6784" type="stmt"/>
        <line num="156" count="6784" type="stmt"/>
        <line num="160" count="6784" type="cond" truecount="2" falsecount="0"/>
        <line num="162" count="3712" type="stmt"/>
        <line num="163" count="3712" type="stmt"/>
        <line num="164" count="3712" type="cond" truecount="1" falsecount="0"/>
        <line num="165" count="3712" type="stmt"/>
        <line num="182" count="3712" type="stmt"/>
        <line num="184" count="3072" type="cond" truecount="1" falsecount="0"/>
        <line num="185" count="1216" type="stmt"/>
        <line num="186" count="1216" type="stmt"/>
        <line num="203" count="1216" type="cond" truecount="3" falsecount="0"/>
        <line num="204" count="1216" type="stmt"/>
        <line num="209" count="64" type="cond" truecount="1" falsecount="0"/>
        <line num="210" count="64" type="stmt"/>
        <line num="211" count="64" type="stmt"/>
        <line num="213" count="3712" type="stmt"/>
        <line num="215" count="3712" type="stmt"/>
        <line num="216" count="5749888" type="stmt"/>
        <line num="220" count="3712" type="stmt"/>
        <line num="221" count="3712" type="stmt"/>
        <line num="225" count="3712" type="cond" truecount="1" falsecount="1"/>
        <line num="227" count="0" type="stmt"/>
        <line num="231" count="3712" type="cond" truecount="0" falsecount="1"/>
        <line num="232" count="0" type="stmt"/>
        <line num="233" count="0" type="stmt"/>
        <line num="235" count="3712" type="stmt"/>
        <line num="237" count="2148416" type="stmt"/>
        <line num="240" count="3712" type="cond" truecount="0" falsecount="1"/>
        <line num="241" count="0" type="stmt"/>
        <line num="242" count="0" type="stmt"/>
        <line num="245" count="3712" type="stmt"/>
        <line num="248" count="23671424" type="stmt"/>
        <line num="249" count="15360" type="stmt"/>
        <line num="251" count="3712" type="cond" truecount="3" falsecount="0"/>
        <line num="252" count="1152" type="stmt"/>
        <line num="253" count="1216" type="stmt"/>
        <line num="255" count="1152" type="cond" truecount="2" falsecount="0"/>
        <line num="258" count="1152" type="stmt"/>
        <line num="261" count="3712" type="stmt"/>
        <line num="263" count="7104" type="cond" truecount="2" falsecount="0"/>
        <line num="264" count="7040" type="stmt"/>
        <line num="266" count="7040" type="stmt"/>
        <line num="269" count="7360" type="stmt"/>
        <line num="273" count="3712" type="stmt"/>
        <line num="275" count="3712" type="stmt"/>
        <line num="276" count="7360" type="stmt"/>
        <line num="277" count="7360" type="cond" truecount="1" falsecount="0"/>
        <line num="278" count="448" type="stmt"/>
        <line num="279" count="448" type="stmt"/>
        <line num="280" count="448" type="stmt"/>
        <line num="282" count="6912" type="stmt"/>
        <line num="285" count="3712" type="stmt"/>
        <line num="287" count="2182656" type="stmt"/>
        <line num="290" count="3712" type="stmt"/>
        <line num="291" count="47376256" type="stmt"/>
        <line num="293" count="18560" type="stmt"/>
        <line num="296" count="3712" type="stmt"/>
        <line num="306" count="3712" type="stmt"/>
        <line num="308" count="64" type="cond" truecount="0" falsecount="1"/>
        <line num="309" count="0" type="stmt"/>
        <line num="312" count="64" type="stmt"/>
        <line num="315" count="64" type="stmt"/>
        <line num="319" count="3712" type="stmt"/>
        <line num="324" count="64" type="stmt"/>
        <line num="327" count="0" type="stmt"/>
        <line num="328" count="0" type="stmt"/>
        <line num="330" count="0" type="cond" truecount="0" falsecount="1"/>
        <line num="331" count="0" type="stmt"/>
        <line num="332" count="0" type="stmt"/>
        <line num="336" count="0" type="stmt"/>
        <line num="343" count="64" type="stmt"/>
        <line num="344" count="0" type="stmt"/>
        <line num="345" count="0" type="stmt"/>
        <line num="346" count="0" type="stmt"/>
        <line num="347" count="0" type="stmt"/>
        <line num="348" count="0" type="stmt"/>
        <line num="349" count="0" type="stmt"/>
        <line num="353" count="64" type="stmt"/>
      </file>
    </package>
    <package name="src.types">
      <metrics statements="11" coveredstatements="11" conditionals="6" coveredconditionals="6" methods="3" coveredmethods="3"/>
      <file name="Phase.ts" path="/home/will-mitchell/Documents/army-assist/src/types/Phase.ts">
        <metrics statements="7" coveredstatements="7" conditionals="2" coveredconditionals="2" methods="1" coveredmethods="1"/>
        <line num="1" count="64" type="cond" truecount="2" falsecount="0"/>
        <line num="2" count="64" type="stmt"/>
        <line num="3" count="64" type="stmt"/>
        <line num="4" count="64" type="stmt"/>
        <line num="5" count="64" type="stmt"/>
        <line num="6" count="64" type="stmt"/>
        <line num="7" count="64" type="stmt"/>
      </file>
      <file name="Side.ts" path="/home/will-mitchell/Documents/army-assist/src/types/Side.ts">
        <metrics statements="1" coveredstatements="1" conditionals="2" coveredconditionals="2" methods="1" coveredmethods="1"/>
        <line num="1" count="64" type="cond" truecount="2" falsecount="0"/>
      </file>
      <file name="SortOptions.ts" path="/home/will-mitchell/Documents/army-assist/src/types/SortOptions.ts">
        <metrics statements="3" coveredstatements="3" conditionals="2" coveredconditionals="2" methods="1" coveredmethods="1"/>
        <line num="1" count="64" type="cond" truecount="2" falsecount="0"/>
        <line num="2" count="64" type="stmt"/>
        <line num="3" count="64" type="stmt"/>
      </file>
    </package>
    <package name="src.utils">
      <metrics statements="80" coveredstatements="26" conditionals="47" coveredconditionals="10" methods="6" coveredmethods="6"/>
      <file name="StoreHelper.ts" path="/home/will-mitchell/Documents/army-assist/src/utils/StoreHelper.ts">
        <metrics statements="78" coveredstatements="24" conditionals="47" coveredconditionals="10" methods="4" coveredmethods="4"/>
        <line num="6" count="64" type="stmt"/>
        <line num="7" count="64" type="stmt"/>
        <line num="15" count="64" type="stmt"/>
        <line num="18" count="64" type="stmt"/>
        <line num="19" count="3712" type="cond" truecount="1" falsecount="10"/>
        <line num="21" count="0" type="stmt"/>
        <line num="22" count="0" type="stmt"/>
        <line num="24" count="0" type="stmt"/>
        <line num="25" count="0" type="stmt"/>
        <line num="27" count="0" type="stmt"/>
        <line num="28" count="0" type="stmt"/>
        <line num="30" count="0" type="stmt"/>
        <line num="31" count="0" type="stmt"/>
        <line num="34" count="0" type="stmt"/>
        <line num="35" count="0" type="stmt"/>
        <line num="37" count="0" type="stmt"/>
        <line num="38" count="0" type="stmt"/>
        <line num="40" count="0" type="stmt"/>
        <line num="41" count="0" type="stmt"/>
        <line num="43" count="64" type="stmt"/>
        <line num="44" count="64" type="stmt"/>
        <line num="46" count="0" type="stmt"/>
        <line num="47" count="0" type="stmt"/>
        <line num="49" count="0" type="stmt"/>
        <line num="50" count="0" type="stmt"/>
        <line num="53" count="3712" type="stmt"/>
        <line num="56" count="64" type="stmt"/>
        <line num="57" count="15360" type="cond" truecount="7" falsecount="3"/>
        <line num="59" count="128" type="stmt"/>
        <line num="65" count="0" type="stmt"/>
        <line num="72" count="128" type="stmt"/>
        <line num="79" count="1408" type="stmt"/>
        <line num="86" count="0" type="stmt"/>
        <line num="93" count="64" type="stmt"/>
        <line num="100" count="0" type="stmt"/>
        <line num="107" count="640" type="stmt"/>
        <line num="114" count="128" type="stmt"/>
        <line num="121" count="12864" type="cond" truecount="2" falsecount="0"/>
        <line num="122" count="5056" type="stmt"/>
        <line num="129" count="7808" type="stmt"/>
        <line num="134" count="64" type="stmt"/>
        <line num="135" count="3712" type="cond" truecount="0" falsecount="1"/>
        <line num="136" count="0" type="stmt"/>
        <line num="139" count="3712" type="cond" truecount="0" falsecount="2"/>
        <line num="141" count="0" type="cond" truecount="0" falsecount="2"/>
        <line num="142" count="0" type="stmt"/>
        <line num="144" count="0" type="cond" truecount="0" falsecount="2"/>
        <line num="145" count="0" type="cond" truecount="0" falsecount="2"/>
        <line num="146" count="0" type="stmt"/>
        <line num="149" count="3712" type="cond" truecount="0" falsecount="12"/>
        <line num="151" count="0" type="cond" truecount="0" falsecount="1"/>
        <line num="152" count="0" type="cond" truecount="0" falsecount="2"/>
        <line num="153" count="0" type="stmt"/>
        <line num="155" count="0" type="stmt"/>
        <line num="158" count="0" type="stmt"/>
        <line num="160" count="0" type="stmt"/>
        <line num="161" count="0" type="stmt"/>
        <line num="163" count="0" type="stmt"/>
        <line num="164" count="0" type="stmt"/>
        <line num="166" count="0" type="stmt"/>
        <line num="167" count="0" type="stmt"/>
        <line num="169" count="0" type="stmt"/>
        <line num="170" count="0" type="stmt"/>
        <line num="172" count="0" type="stmt"/>
        <line num="173" count="0" type="stmt"/>
        <line num="175" count="0" type="stmt"/>
        <line num="176" count="0" type="stmt"/>
        <line num="178" count="0" type="stmt"/>
        <line num="179" count="0" type="stmt"/>
        <line num="181" count="0" type="stmt"/>
        <line num="182" count="0" type="stmt"/>
        <line num="184" count="0" type="stmt"/>
        <line num="185" count="0" type="stmt"/>
        <line num="187" count="0" type="stmt"/>
        <line num="188" count="0" type="stmt"/>
        <line num="190" count="0" type="stmt"/>
        <line num="191" count="0" type="stmt"/>
        <line num="194" count="3712" type="stmt"/>
      </file>
      <file name="VersionHelper.ts" path="/home/will-mitchell/Documents/army-assist/src/utils/VersionHelper.ts">
        <metrics statements="2" coveredstatements="2" conditionals="0" coveredconditionals="0" methods="2" coveredmethods="2"/>
        <line num="3" count="64" type="stmt"/>
        <line num="4" count="128" type="stmt"/>
      </file>
    </package>
  </project>
</coverage>
