{"total": {"lines":{"total":531,"covered":341,"skipped":0,"pct":64.21},"statements":{"total":589,"covered":390,"skipped":0,"pct":66.21},"functions":{"total":204,"covered":137,"skipped":0,"pct":67.15},"branches":{"total":230,"covered":125,"skipped":0,"pct":54.34},"branchesTrue":{"total":0,"covered":0,"skipped":0,"pct":100}}
,"/home/will-mitchell/Documents/army-assist/src/App.tsx": {"lines":{"total":6,"covered":5,"skipped":0,"pct":83.33},"functions":{"total":3,"covered":3,"skipped":0,"pct":100},"statements":{"total":7,"covered":6,"skipped":0,"pct":85.71},"branches":{"total":2,"covered":1,"skipped":0,"pct":50}}
,"/home/will-mitchell/Documents/army-assist/src/main.tsx": {"lines":{"total":1,"covered":1,"skipped":0,"pct":100},"functions":{"total":0,"covered":0,"skipped":0,"pct":100},"statements":{"total":1,"covered":1,"skipped":0,"pct":100},"branches":{"total":0,"covered":0,"skipped":0,"pct":100}}
,"/home/will-mitchell/Documents/army-assist/src/components/ArmyRuleDisplay.tsx": {"lines":{"total":19,"covered":18,"skipped":0,"pct":94.73},"functions":{"total":13,"covered":12,"skipped":0,"pct":92.3},"statements":{"total":22,"covered":21,"skipped":0,"pct":95.45},"branches":{"total":15,"covered":11,"skipped":0,"pct":73.33}}
,"/home/will-mitchell/Documents/army-assist/src/components/Body.tsx": {"lines":{"total":3,"covered":3,"skipped":0,"pct":100},"functions":{"total":2,"covered":2,"skipped":0,"pct":100},"statements":{"total":4,"covered":4,"skipped":0,"pct":100},"branches":{"total":2,"covered":2,"skipped":0,"pct":100}}
,"/home/will-mitchell/Documents/army-assist/src/components/Changelog.tsx": {"lines":{"total":16,"covered":12,"skipped":0,"pct":75},"functions":{"total":8,"covered":4,"skipped":0,"pct":50},"statements":{"total":18,"covered":12,"skipped":0,"pct":66.66},"branches":{"total":3,"covered":1,"skipped":0,"pct":33.33}}
,"/home/will-mitchell/Documents/army-assist/src/components/Header.tsx": {"lines":{"total":2,"covered":2,"skipped":0,"pct":100},"functions":{"total":1,"covered":1,"skipped":0,"pct":100},"statements":{"total":2,"covered":2,"skipped":0,"pct":100},"branches":{"total":0,"covered":0,"skipped":0,"pct":100}}
,"/home/will-mitchell/Documents/army-assist/src/components/Instructions.tsx": {"lines":{"total":43,"covered":28,"skipped":0,"pct":65.11},"functions":{"total":21,"covered":10,"skipped":0,"pct":47.61},"statements":{"total":47,"covered":31,"skipped":0,"pct":65.95},"branches":{"total":4,"covered":3,"skipped":0,"pct":75}}
,"/home/will-mitchell/Documents/army-assist/src/components/ListDisplay.tsx": {"lines":{"total":16,"covered":15,"skipped":0,"pct":93.75},"functions":{"total":8,"covered":8,"skipped":0,"pct":100},"statements":{"total":20,"covered":19,"skipped":0,"pct":95},"branches":{"total":8,"covered":5,"skipped":0,"pct":62.5}}
,"/home/will-mitchell/Documents/army-assist/src/components/Pastebox.tsx": {"lines":{"total":11,"covered":9,"skipped":0,"pct":81.81},"functions":{"total":3,"covered":3,"skipped":0,"pct":100},"statements":{"total":11,"covered":9,"skipped":0,"pct":81.81},"branches":{"total":1,"covered":0,"skipped":0,"pct":0}}
,"/home/will-mitchell/Documents/army-assist/src/components/PhaseFilter.tsx": {"lines":{"total":15,"covered":12,"skipped":0,"pct":80},"functions":{"total":11,"covered":8,"skipped":0,"pct":72.72},"statements":{"total":18,"covered":15,"skipped":0,"pct":83.33},"branches":{"total":8,"covered":5,"skipped":0,"pct":62.5}}
,"/home/will-mitchell/Documents/army-assist/src/components/ResetButton.tsx": {"lines":{"total":4,"covered":3,"skipped":0,"pct":75},"functions":{"total":2,"covered":1,"skipped":0,"pct":50},"statements":{"total":4,"covered":3,"skipped":0,"pct":75},"branches":{"total":0,"covered":0,"skipped":0,"pct":100}}
,"/home/will-mitchell/Documents/army-assist/src/components/ScrollToTopButton.tsx": {"lines":{"total":4,"covered":3,"skipped":0,"pct":75},"functions":{"total":2,"covered":1,"skipped":0,"pct":50},"statements":{"total":4,"covered":3,"skipped":0,"pct":75},"branches":{"total":0,"covered":0,"skipped":0,"pct":100}}
,"/home/will-mitchell/Documents/army-assist/src/components/Settings.tsx": {"lines":{"total":29,"covered":21,"skipped":0,"pct":72.41},"functions":{"total":27,"covered":17,"skipped":0,"pct":62.96},"statements":{"total":45,"covered":35,"skipped":0,"pct":77.77},"branches":{"total":2,"covered":1,"skipped":0,"pct":50}}
,"/home/will-mitchell/Documents/army-assist/src/components/StratagemPanel.tsx": {"lines":{"total":33,"covered":7,"skipped":0,"pct":21.21},"functions":{"total":16,"covered":4,"skipped":0,"pct":25},"statements":{"total":36,"covered":10,"skipped":0,"pct":27.77},"branches":{"total":16,"covered":4,"skipped":0,"pct":25}}
,"/home/will-mitchell/Documents/army-assist/src/components/CardComponents/KeywordTags.tsx": {"lines":{"total":24,"covered":18,"skipped":0,"pct":75},"functions":{"total":5,"covered":5,"skipped":0,"pct":100},"statements":{"total":24,"covered":18,"skipped":0,"pct":75},"branches":{"total":13,"covered":8,"skipped":0,"pct":61.53}}
,"/home/will-mitchell/Documents/army-assist/src/components/CardComponents/ListUnitCard.tsx": {"lines":{"total":35,"covered":21,"skipped":0,"pct":60},"functions":{"total":10,"covered":7,"skipped":0,"pct":70},"statements":{"total":42,"covered":27,"skipped":0,"pct":64.28},"branches":{"total":26,"covered":20,"skipped":0,"pct":76.92}}
,"/home/will-mitchell/Documents/army-assist/src/components/CardComponents/PhaseAbilities.tsx": {"lines":{"total":6,"covered":6,"skipped":0,"pct":100},"functions":{"total":3,"covered":3,"skipped":0,"pct":100},"statements":{"total":6,"covered":6,"skipped":0,"pct":100},"branches":{"total":0,"covered":0,"skipped":0,"pct":100}}
,"/home/will-mitchell/Documents/army-assist/src/components/CardComponents/PhaseEnhancements.tsx": {"lines":{"total":6,"covered":4,"skipped":0,"pct":66.66},"functions":{"total":3,"covered":1,"skipped":0,"pct":33.33},"statements":{"total":6,"covered":4,"skipped":0,"pct":66.66},"branches":{"total":0,"covered":0,"skipped":0,"pct":100}}
,"/home/will-mitchell/Documents/army-assist/src/components/CardComponents/PhaseDisplays/ChargePhase.tsx": {"lines":{"total":1,"covered":1,"skipped":0,"pct":100},"functions":{"total":1,"covered":0,"skipped":0,"pct":0},"statements":{"total":2,"covered":1,"skipped":0,"pct":50},"branches":{"total":0,"covered":0,"skipped":0,"pct":100}}
,"/home/will-mitchell/Documents/army-assist/src/components/CardComponents/PhaseDisplays/CommandPhase.tsx": {"lines":{"total":5,"covered":3,"skipped":0,"pct":60},"functions":{"total":1,"covered":1,"skipped":0,"pct":100},"statements":{"total":5,"covered":3,"skipped":0,"pct":60},"branches":{"total":2,"covered":1,"skipped":0,"pct":50}}
,"/home/will-mitchell/Documents/army-assist/src/components/CardComponents/PhaseDisplays/LeadershipOCTable.tsx": {"lines":{"total":1,"covered":1,"skipped":0,"pct":100},"functions":{"total":1,"covered":1,"skipped":0,"pct":100},"statements":{"total":1,"covered":1,"skipped":0,"pct":100},"branches":{"total":0,"covered":0,"skipped":0,"pct":100}}
,"/home/will-mitchell/Documents/army-assist/src/components/CardComponents/PhaseDisplays/ModelSaveTable.tsx": {"lines":{"total":1,"covered":0,"skipped":0,"pct":0},"functions":{"total":1,"covered":0,"skipped":0,"pct":0},"statements":{"total":1,"covered":0,"skipped":0,"pct":0},"branches":{"total":4,"covered":0,"skipped":0,"pct":0}}
,"/home/will-mitchell/Documents/army-assist/src/components/CardComponents/PhaseDisplays/MovementPhase.tsx": {"lines":{"total":2,"covered":1,"skipped":0,"pct":50},"functions":{"total":1,"covered":0,"skipped":0,"pct":0},"statements":{"total":2,"covered":1,"skipped":0,"pct":50},"branches":{"total":2,"covered":0,"skipped":0,"pct":0}}
,"/home/will-mitchell/Documents/army-assist/src/components/CardComponents/PhaseDisplays/SavesPhase.tsx": {"lines":{"total":13,"covered":1,"skipped":0,"pct":7.69},"functions":{"total":2,"covered":0,"skipped":0,"pct":0},"statements":{"total":13,"covered":1,"skipped":0,"pct":7.69},"branches":{"total":8,"covered":0,"skipped":0,"pct":0}}
,"/home/will-mitchell/Documents/army-assist/src/components/CardComponents/PhaseDisplays/ShootingOrFightPhase.tsx": {"lines":{"total":9,"covered":9,"skipped":0,"pct":100},"functions":{"total":5,"covered":5,"skipped":0,"pct":100},"statements":{"total":9,"covered":9,"skipped":0,"pct":100},"branches":{"total":8,"covered":6,"skipped":0,"pct":75}}
,"/home/will-mitchell/Documents/army-assist/src/components/CardComponents/PhaseDisplays/WeaponPhaseTable.tsx": {"lines":{"total":3,"covered":3,"skipped":0,"pct":100},"functions":{"total":3,"covered":3,"skipped":0,"pct":100},"statements":{"total":4,"covered":4,"skipped":0,"pct":100},"branches":{"total":10,"covered":9,"skipped":0,"pct":90}}
,"/home/will-mitchell/Documents/army-assist/src/components/CardComponents/PhaseDisplays/TableComponents.tsx/TableCell.tsx": {"lines":{"total":2,"covered":2,"skipped":0,"pct":100},"functions":{"total":1,"covered":1,"skipped":0,"pct":100},"statements":{"total":2,"covered":2,"skipped":0,"pct":100},"branches":{"total":0,"covered":0,"skipped":0,"pct":100}}
,"/home/will-mitchell/Documents/army-assist/src/components/CardComponents/PhaseDisplays/TableComponents.tsx/TableHeaderCell.tsx": {"lines":{"total":2,"covered":2,"skipped":0,"pct":100},"functions":{"total":1,"covered":1,"skipped":0,"pct":100},"statements":{"total":2,"covered":2,"skipped":0,"pct":100},"branches":{"total":0,"covered":0,"skipped":0,"pct":100}}
,"/home/will-mitchell/Documents/army-assist/src/store/store.ts": {"lines":{"total":109,"covered":80,"skipped":0,"pct":73.39},"functions":{"total":38,"covered":24,"skipped":0,"pct":63.15},"statements":{"total":113,"covered":82,"skipped":0,"pct":72.56},"branches":{"total":33,"covered":23,"skipped":0,"pct":69.69}}
,"/home/will-mitchell/Documents/army-assist/src/types/Phase.ts": {"lines":{"total":7,"covered":7,"skipped":0,"pct":100},"functions":{"total":1,"covered":1,"skipped":0,"pct":100},"statements":{"total":8,"covered":8,"skipped":0,"pct":100},"branches":{"total":2,"covered":2,"skipped":0,"pct":100}}
,"/home/will-mitchell/Documents/army-assist/src/types/Side.ts": {"lines":{"total":1,"covered":1,"skipped":0,"pct":100},"functions":{"total":1,"covered":1,"skipped":0,"pct":100},"statements":{"total":4,"covered":4,"skipped":0,"pct":100},"branches":{"total":2,"covered":2,"skipped":0,"pct":100}}
,"/home/will-mitchell/Documents/army-assist/src/types/SortOptions.ts": {"lines":{"total":3,"covered":3,"skipped":0,"pct":100},"functions":{"total":1,"covered":1,"skipped":0,"pct":100},"statements":{"total":4,"covered":4,"skipped":0,"pct":100},"branches":{"total":2,"covered":2,"skipped":0,"pct":100}}
,"/home/will-mitchell/Documents/army-assist/src/utils/StoreHelper.ts": {"lines":{"total":97,"covered":37,"skipped":0,"pct":38.14},"functions":{"total":6,"covered":6,"skipped":0,"pct":100},"statements":{"total":98,"covered":38,"skipped":0,"pct":38.77},"branches":{"total":57,"covered":19,"skipped":0,"pct":33.33}}
,"/home/will-mitchell/Documents/army-assist/src/utils/VersionHelper.ts": {"lines":{"total":2,"covered":2,"skipped":0,"pct":100},"functions":{"total":2,"covered":2,"skipped":0,"pct":100},"statements":{"total":4,"covered":4,"skipped":0,"pct":100},"branches":{"total":0,"covered":0,"skipped":0,"pct":100}}
}
