{"/home/will-mitchell/Documents/army-assist/src/App.tsx": {"path":"/home/will-mitchell/Documents/army-assist/src/App.tsx","statementMap":{"0":{"start":{"line":8,"column":21},"end":{"line":8,"column":null}},"1":{"start":{"line":8,"column":41},"end":{"line":8,"column":57}},"2":{"start":{"line":10,"column":2},"end":{"line":16,"column":null}},"3":{"start":{"line":11,"column":4},"end":{"line":15,"column":null}},"4":{"start":{"line":12,"column":6},"end":{"line":12,"column":null}},"5":{"start":{"line":14,"column":6},"end":{"line":14,"column":null}},"6":{"start":{"line":18,"column":2},"end":{"line":22,"column":null}}},"fnMap":{"0":{"name":"App","decl":{"start":{"line":7,"column":9},"end":{"line":7,"column":15}},"loc":{"start":{"line":7,"column":15},"end":{"line":24,"column":null}}},"1":{"name":"(anonymous_1)","decl":{"start":{"line":8,"column":30},"end":{"line":8,"column":31}},"loc":{"start":{"line":8,"column":41},"end":{"line":8,"column":57}}},"2":{"name":"(anonymous_2)","decl":{"start":{"line":10,"column":12},"end":{"line":10,"column":18}},"loc":{"start":{"line":10,"column":18},"end":{"line":16,"column":5}}}},"branchMap":{"0":{"loc":{"start":{"line":11,"column":4},"end":{"line":15,"column":null}},"type":"if","locations":[{"start":{"line":11,"column":4},"end":{"line":15,"column":null}},{"start":{"line":13,"column":11},"end":{"line":15,"column":null}}]}},"s":{"0":65,"1":325,"2":65,"3":65,"4":65,"5":0,"6":65},"f":{"0":65,"1":325,"2":65},"b":{"0":[65,0]}}
,"/home/will-mitchell/Documents/army-assist/src/main.tsx": {"path":"/home/will-mitchell/Documents/army-assist/src/main.tsx","statementMap":{"0":{"start":{"line":7,"column":0},"end":{"line":11,"column":null}}},"fnMap":{},"branchMap":{},"s":{"0":65},"f":{},"b":{}}
,"/home/will-mitchell/Documents/army-assist/src/components/ArmyRuleDisplay.tsx": {"path":"/home/will-mitchell/Documents/army-assist/src/components/ArmyRuleDisplay.tsx","statementMap":{"0":{"start":{"line":8,"column":24},"end":{"line":112,"column":null}},"1":{"start":{"line":9,"column":18},"end":{"line":9,"column":null}},"2":{"start":{"line":9,"column":38},"end":{"line":9,"column":51}},"3":{"start":{"line":11,"column":4},"end":{"line":11,"column":null}},"4":{"start":{"line":11,"column":24},"end":{"line":11,"column":40}},"5":{"start":{"line":12,"column":16},"end":{"line":12,"column":null}},"6":{"start":{"line":12,"column":36},"end":{"line":12,"column":47}},"7":{"start":{"line":14,"column":36},"end":{"line":14,"column":null}},"8":{"start":{"line":16,"column":2},"end":{"line":50,"column":null}},"9":{"start":{"line":17,"column":34},"end":{"line":30,"column":null}},"10":{"start":{"line":20,"column":10},"end":{"line":20,"column":null}},"11":{"start":{"line":22,"column":19},"end":{"line":30,"column":8}},"12":{"start":{"line":32,"column":40},"end":{"line":47,"column":null}},"13":{"start":{"line":35,"column":10},"end":{"line":37,"column":null}},"14":{"start":{"line":39,"column":19},"end":{"line":47,"column":8}},"15":{"start":{"line":49,"column":4},"end":{"line":49,"column":null}},"16":{"start":{"line":52,"column":27},"end":{"line":52,"column":null}},"17":{"start":{"line":55,"column":4},"end":{"line":55,"column":null}},"18":{"start":{"line":58,"column":2},"end":{"line":110,"column":null}},"19":{"start":{"line":62,"column":10},"end":{"line":107,"column":null}},"20":{"start":{"line":65,"column":16},"end":{"line":71,"column":null}},"21":{"start":{"line":88,"column":20},"end":{"line":98,"column":null}}},"fnMap":{"0":{"name":"(anonymous_0)","decl":{"start":{"line":8,"column":24},"end":{"line":8,"column":30}},"loc":{"start":{"line":8,"column":30},"end":{"line":112,"column":null}}},"1":{"name":"(anonymous_1)","decl":{"start":{"line":9,"column":27},"end":{"line":9,"column":28}},"loc":{"start":{"line":9,"column":38},"end":{"line":9,"column":51}}},"2":{"name":"(anonymous_2)","decl":{"start":{"line":11,"column":13},"end":{"line":11,"column":14}},"loc":{"start":{"line":11,"column":24},"end":{"line":11,"column":40}}},"3":{"name":"(anonymous_3)","decl":{"start":{"line":12,"column":25},"end":{"line":12,"column":26}},"loc":{"start":{"line":12,"column":36},"end":{"line":12,"column":47}}},"4":{"name":"(anonymous_4)","decl":{"start":{"line":16,"column":12},"end":{"line":16,"column":18}},"loc":{"start":{"line":16,"column":18},"end":{"line":50,"column":5}}},"5":{"name":"(anonymous_5)","decl":{"start":{"line":19,"column":8},"end":{"line":19,"column":9}},"loc":{"start":{"line":20,"column":10},"end":{"line":20,"column":null}}},"6":{"name":"(anonymous_6)","decl":{"start":{"line":22,"column":11},"end":{"line":22,"column":12}},"loc":{"start":{"line":22,"column":19},"end":{"line":30,"column":8}}},"7":{"name":"(anonymous_7)","decl":{"start":{"line":34,"column":8},"end":{"line":34,"column":9}},"loc":{"start":{"line":35,"column":10},"end":{"line":37,"column":null}}},"8":{"name":"(anonymous_8)","decl":{"start":{"line":39,"column":11},"end":{"line":39,"column":12}},"loc":{"start":{"line":39,"column":19},"end":{"line":47,"column":8}}},"9":{"name":"classNames","decl":{"start":{"line":54,"column":11},"end":{"line":54,"column":25}},"loc":{"start":{"line":54,"column":44},"end":{"line":56,"column":null}}},"10":{"name":"(anonymous_10)","decl":{"start":{"line":61,"column":9},"end":{"line":61,"column":10}},"loc":{"start":{"line":62,"column":10},"end":{"line":107,"column":null}}},"11":{"name":"(anonymous_11)","decl":{"start":{"line":64,"column":25},"end":{"line":64,"column":26}},"loc":{"start":{"line":65,"column":16},"end":{"line":71,"column":null}}},"12":{"name":"(anonymous_12)","decl":{"start":{"line":87,"column":33},"end":{"line":87,"column":34}},"loc":{"start":{"line":88,"column":20},"end":{"line":98,"column":null}}}},"branchMap":{"0":{"loc":{"start":{"line":11,"column":4},"end":{"line":11,"column":null}},"type":"binary-expr","locations":[{"start":{"line":11,"column":4},"end":{"line":11,"column":45}},{"start":{"line":11,"column":45},"end":{"line":11,"column":null}}]},"1":{"loc":{"start":{"line":20,"column":10},"end":{"line":20,"column":null}},"type":"binary-expr","locations":[{"start":{"line":20,"column":10},"end":{"line":20,"column":44}},{"start":{"line":20,"column":44},"end":{"line":20,"column":null}}]},"2":{"loc":{"start":{"line":35,"column":10},"end":{"line":37,"column":null}},"type":"binary-expr","locations":[{"start":{"line":35,"column":10},"end":{"line":35,"column":null}},{"start":{"line":36,"column":10},"end":{"line":36,"column":null}},{"start":{"line":37,"column":10},"end":{"line":37,"column":null}}]},"3":{"loc":{"start":{"line":67,"column":18},"end":{"line":69,"column":null}},"type":"cond-expr","locations":[{"start":{"line":68,"column":22},"end":{"line":68,"column":null}},{"start":{"line":69,"column":22},"end":{"line":69,"column":null}}]},"4":{"loc":{"start":{"line":74,"column":15},"end":{"line":76,"column":null}},"type":"cond-expr","locations":[{"start":{"line":75,"column":18},"end":{"line":75,"column":null}},{"start":{"line":76,"column":18},"end":{"line":76,"column":null}}]},"5":{"loc":{"start":{"line":79,"column":15},"end":{"line":104,"column":null}},"type":"cond-expr","locations":[{"start":{"line":80,"column":16},"end":{"line":100,"column":null}},{"start":{"line":102,"column":16},"end":{"line":104,"column":null}}]},"6":{"loc":{"start":{"line":82,"column":20},"end":{"line":84,"column":null}},"type":"cond-expr","locations":[{"start":{"line":83,"column":24},"end":{"line":83,"column":null}},{"start":{"line":84,"column":24},"end":{"line":84,"column":null}}]}},"s":{"0":65,"1":260,"2":585,"3":260,"4":585,"5":260,"6":585,"7":260,"8":260,"9":130,"10":7800,"11":130,"12":130,"13":23920,"14":0,"15":130,"16":260,"17":325,"18":260,"19":325,"20":325,"21":195},"f":{"0":260,"1":585,"2":585,"3":585,"4":130,"5":7800,"6":130,"7":23920,"8":0,"9":325,"10":325,"11":325,"12":195},"b":{"0":[260,260],"1":[7800,130],"2":[23920,1170,0],"3":[0,325],"4":[0,325],"5":[195,130],"6":[0,195]}}
,"/home/will-mitchell/Documents/army-assist/src/components/Body.tsx": {"path":"/home/will-mitchell/Documents/army-assist/src/components/Body.tsx","statementMap":{"0":{"start":{"line":7,"column":19},"end":{"line":7,"column":null}},"1":{"start":{"line":7,"column":39},"end":{"line":7,"column":61}},"2":{"start":{"line":9,"column":22},"end":{"line":9,"column":null}},"3":{"start":{"line":11,"column":4},"end":{"line":14,"column":null}}},"fnMap":{"0":{"name":"Body","decl":{"start":{"line":6,"column":9},"end":{"line":6,"column":16}},"loc":{"start":{"line":6,"column":16},"end":{"line":16,"column":null}}},"1":{"name":"(anonymous_1)","decl":{"start":{"line":7,"column":28},"end":{"line":7,"column":29}},"loc":{"start":{"line":7,"column":39},"end":{"line":7,"column":61}}}},"branchMap":{"0":{"loc":{"start":{"line":9,"column":22},"end":{"line":9,"column":null}},"type":"cond-expr","locations":[{"start":{"line":9,"column":33},"end":{"line":9,"column":51}},{"start":{"line":9,"column":51},"end":{"line":9,"column":null}}]}},"s":{"0":130,"1":455,"2":130,"3":130},"f":{"0":130,"1":455},"b":{"0":[65,65]}}
,"/home/will-mitchell/Documents/army-assist/src/components/Changelog.tsx": {"path":"/home/will-mitchell/Documents/army-assist/src/components/Changelog.tsx","statementMap":{"0":{"start":{"line":13,"column":30},"end":{"line":13,"column":null}},"1":{"start":{"line":15,"column":2},"end":{"line":31,"column":null}},"2":{"start":{"line":16,"column":26},"end":{"line":20,"column":null}},"3":{"start":{"line":17,"column":6},"end":{"line":19,"column":null}},"4":{"start":{"line":18,"column":8},"end":{"line":18,"column":null}},"5":{"start":{"line":22,"column":4},"end":{"line":26,"column":null}},"6":{"start":{"line":23,"column":6},"end":{"line":23,"column":null}},"7":{"start":{"line":25,"column":6},"end":{"line":25,"column":null}},"8":{"start":{"line":28,"column":4},"end":{"line":30,"column":null}},"9":{"start":{"line":29,"column":6},"end":{"line":29,"column":null}},"10":{"start":{"line":33,"column":22},"end":{"line":33,"column":null}},"11":{"start":{"line":33,"column":28},"end":{"line":33,"column":null}},"12":{"start":{"line":34,"column":21},"end":{"line":34,"column":null}},"13":{"start":{"line":34,"column":27},"end":{"line":34,"column":null}},"14":{"start":{"line":36,"column":25},"end":{"line":36,"column":null}},"15":{"start":{"line":38,"column":2},"end":{"line":92,"column":null}},"16":{"start":{"line":72,"column":16},"end":{"line":86,"column":null}},"17":{"start":{"line":81,"column":22},"end":{"line":83,"column":null}}},"fnMap":{"0":{"name":"Changelog","decl":{"start":{"line":12,"column":9},"end":{"line":12,"column":21}},"loc":{"start":{"line":12,"column":21},"end":{"line":94,"column":null}}},"1":{"name":"(anonymous_1)","decl":{"start":{"line":15,"column":12},"end":{"line":15,"column":18}},"loc":{"start":{"line":15,"column":18},"end":{"line":31,"column":5}}},"2":{"name":"(anonymous_2)","decl":{"start":{"line":16,"column":26},"end":{"line":16,"column":27}},"loc":{"start":{"line":16,"column":52},"end":{"line":20,"column":null}}},"3":{"name":"(anonymous_3)","decl":{"start":{"line":28,"column":11},"end":{"line":28,"column":17}},"loc":{"start":{"line":28,"column":17},"end":{"line":30,"column":null}}},"4":{"name":"(anonymous_4)","decl":{"start":{"line":33,"column":22},"end":{"line":33,"column":28}},"loc":{"start":{"line":33,"column":28},"end":{"line":33,"column":null}}},"5":{"name":"(anonymous_5)","decl":{"start":{"line":34,"column":21},"end":{"line":34,"column":27}},"loc":{"start":{"line":34,"column":27},"end":{"line":34,"column":null}}},"6":{"name":"(anonymous_6)","decl":{"start":{"line":71,"column":33},"end":{"line":71,"column":34}},"loc":{"start":{"line":72,"column":16},"end":{"line":86,"column":null}}},"7":{"name":"(anonymous_7)","decl":{"start":{"line":80,"column":39},"end":{"line":80,"column":40}},"loc":{"start":{"line":81,"column":22},"end":{"line":83,"column":null}}}},"branchMap":{"0":{"loc":{"start":{"line":17,"column":6},"end":{"line":19,"column":null}},"type":"if","locations":[{"start":{"line":17,"column":6},"end":{"line":19,"column":null}}]},"1":{"loc":{"start":{"line":22,"column":4},"end":{"line":26,"column":null}},"type":"if","locations":[{"start":{"line":22,"column":4},"end":{"line":26,"column":null}},{"start":{"line":24,"column":11},"end":{"line":26,"column":null}}]}},"s":{"0":65,"1":65,"2":65,"3":0,"4":0,"5":65,"6":0,"7":65,"8":65,"9":0,"10":65,"11":0,"12":65,"13":0,"14":65,"15":65,"16":1105,"17":4615},"f":{"0":65,"1":65,"2":0,"3":0,"4":0,"5":0,"6":1105,"7":4615},"b":{"0":[0],"1":[0,65]}}
,"/home/will-mitchell/Documents/army-assist/src/components/Header.tsx": {"path":"/home/will-mitchell/Documents/army-assist/src/components/Header.tsx","statementMap":{"0":{"start":{"line":7,"column":15},"end":{"line":25,"column":null}},"1":{"start":{"line":8,"column":2},"end":{"line":23,"column":null}}},"fnMap":{"0":{"name":"(anonymous_0)","decl":{"start":{"line":7,"column":15},"end":{"line":7,"column":21}},"loc":{"start":{"line":7,"column":21},"end":{"line":25,"column":null}}}},"branchMap":{},"s":{"0":65,"1":65},"f":{"0":65},"b":{}}
,"/home/will-mitchell/Documents/army-assist/src/components/Instructions.tsx": {"path":"/home/will-mitchell/Documents/army-assist/src/components/Instructions.tsx","statementMap":{"0":{"start":{"line":13,"column":30},"end":{"line":13,"column":null}},"1":{"start":{"line":14,"column":26},"end":{"line":14,"column":null}},"2":{"start":{"line":15,"column":23},"end":{"line":15,"column":null}},"3":{"start":{"line":15,"column":43},"end":{"line":15,"column":61}},"4":{"start":{"line":16,"column":24},"end":{"line":16,"column":null}},"5":{"start":{"line":16,"column":44},"end":{"line":16,"column":63}},"6":{"start":{"line":18,"column":2},"end":{"line":23,"column":null}},"7":{"start":{"line":19,"column":4},"end":{"line":22,"column":null}},"8":{"start":{"line":20,"column":6},"end":{"line":20,"column":null}},"9":{"start":{"line":21,"column":6},"end":{"line":21,"column":null}},"10":{"start":{"line":25,"column":2},"end":{"line":41,"column":null}},"11":{"start":{"line":26,"column":26},"end":{"line":30,"column":null}},"12":{"start":{"line":27,"column":6},"end":{"line":29,"column":null}},"13":{"start":{"line":28,"column":8},"end":{"line":28,"column":null}},"14":{"start":{"line":32,"column":4},"end":{"line":36,"column":null}},"15":{"start":{"line":33,"column":6},"end":{"line":33,"column":null}},"16":{"start":{"line":35,"column":6},"end":{"line":35,"column":null}},"17":{"start":{"line":38,"column":4},"end":{"line":40,"column":null}},"18":{"start":{"line":39,"column":6},"end":{"line":39,"column":null}},"19":{"start":{"line":43,"column":2},"end":{"line":55,"column":null}},"20":{"start":{"line":44,"column":22},"end":{"line":52,"column":null}},"21":{"start":{"line":45,"column":6},"end":{"line":51,"column":null}},"22":{"start":{"line":46,"column":25},"end":{"line":46,"column":null}},"23":{"start":{"line":47,"column":21},"end":{"line":47,"column":null}},"24":{"start":{"line":48,"column":8},"end":{"line":48,"column":null}},"25":{"start":{"line":50,"column":8},"end":{"line":50,"column":null}},"26":{"start":{"line":54,"column":4},"end":{"line":54,"column":null}},"27":{"start":{"line":57,"column":22},"end":{"line":57,"column":null}},"28":{"start":{"line":57,"column":28},"end":{"line":57,"column":null}},"29":{"start":{"line":58,"column":21},"end":{"line":58,"column":null}},"30":{"start":{"line":58,"column":27},"end":{"line":58,"column":null}},"31":{"start":{"line":60,"column":32},"end":{"line":73,"column":null}},"32":{"start":{"line":61,"column":4},"end":{"line":72,"column":null}},"33":{"start":{"line":62,"column":6},"end":{"line":68,"column":null}},"34":{"start":{"line":68,"column":20},"end":{"line":68,"column":61}},"35":{"start":{"line":70,"column":6},"end":{"line":70,"column":null}},"36":{"start":{"line":71,"column":6},"end":{"line":71,"column":null}},"37":{"start":{"line":75,"column":19},"end":{"line":77,"column":null}},"38":{"start":{"line":76,"column":4},"end":{"line":76,"column":null}},"39":{"start":{"line":80,"column":4},"end":{"line":80,"column":null}},"40":{"start":{"line":82,"column":2},"end":{"line":202,"column":null}},"41":{"start":{"line":158,"column":20},"end":{"line":158,"column":null}},"42":{"start":{"line":161,"column":20},"end":{"line":161,"column":null}},"43":{"start":{"line":169,"column":36},"end":{"line":169,"column":null}},"44":{"start":{"line":170,"column":33},"end":{"line":170,"column":null}},"45":{"start":{"line":177,"column":36},"end":{"line":177,"column":null}},"46":{"start":{"line":178,"column":33},"end":{"line":178,"column":null}}},"fnMap":{"0":{"name":"Instructions","decl":{"start":{"line":12,"column":9},"end":{"line":12,"column":24}},"loc":{"start":{"line":12,"column":24},"end":{"line":204,"column":null}}},"1":{"name":"(anonymous_1)","decl":{"start":{"line":15,"column":32},"end":{"line":15,"column":33}},"loc":{"start":{"line":15,"column":43},"end":{"line":15,"column":61}}},"2":{"name":"(anonymous_2)","decl":{"start":{"line":16,"column":33},"end":{"line":16,"column":34}},"loc":{"start":{"line":16,"column":44},"end":{"line":16,"column":63}}},"3":{"name":"(anonymous_3)","decl":{"start":{"line":18,"column":12},"end":{"line":18,"column":18}},"loc":{"start":{"line":18,"column":18},"end":{"line":23,"column":5}}},"4":{"name":"(anonymous_4)","decl":{"start":{"line":25,"column":12},"end":{"line":25,"column":18}},"loc":{"start":{"line":25,"column":18},"end":{"line":41,"column":5}}},"5":{"name":"(anonymous_5)","decl":{"start":{"line":26,"column":26},"end":{"line":26,"column":27}},"loc":{"start":{"line":26,"column":52},"end":{"line":30,"column":null}}},"6":{"name":"(anonymous_6)","decl":{"start":{"line":38,"column":11},"end":{"line":38,"column":17}},"loc":{"start":{"line":38,"column":17},"end":{"line":40,"column":null}}},"7":{"name":"(anonymous_7)","decl":{"start":{"line":43,"column":12},"end":{"line":43,"column":18}},"loc":{"start":{"line":43,"column":18},"end":{"line":55,"column":5}}},"8":{"name":"(anonymous_8)","decl":{"start":{"line":44,"column":22},"end":{"line":44,"column":34}},"loc":{"start":{"line":44,"column":34},"end":{"line":52,"column":null}}},"9":{"name":"(anonymous_9)","decl":{"start":{"line":57,"column":22},"end":{"line":57,"column":28}},"loc":{"start":{"line":57,"column":28},"end":{"line":57,"column":null}}},"10":{"name":"(anonymous_10)","decl":{"start":{"line":58,"column":21},"end":{"line":58,"column":27}},"loc":{"start":{"line":58,"column":27},"end":{"line":58,"column":null}}},"11":{"name":"(anonymous_11)","decl":{"start":{"line":60,"column":32},"end":{"line":60,"column":44}},"loc":{"start":{"line":60,"column":44},"end":{"line":73,"column":null}}},"12":{"name":"(anonymous_12)","decl":{"start":{"line":68,"column":14},"end":{"line":68,"column":20}},"loc":{"start":{"line":68,"column":20},"end":{"line":68,"column":61}}},"13":{"name":"(anonymous_13)","decl":{"start":{"line":75,"column":19},"end":{"line":75,"column":20}},"loc":{"start":{"line":75,"column":36},"end":{"line":77,"column":null}}},"14":{"name":"(anonymous_14)","decl":{"start":{"line":95,"column":17},"end":{"line":95,"column":23}},"loc":{"start":{"line":95,"column":23},"end":{"line":95,"column":null}}},"15":{"name":"(anonymous_15)","decl":{"start":{"line":157,"column":30},"end":{"line":157,"column":null}},"loc":{"start":{"line":158,"column":20},"end":{"line":158,"column":null}}},"16":{"name":"(anonymous_16)","decl":{"start":{"line":160,"column":27},"end":{"line":160,"column":null}},"loc":{"start":{"line":161,"column":20},"end":{"line":161,"column":null}}},"17":{"name":"(anonymous_17)","decl":{"start":{"line":169,"column":30},"end":{"line":169,"column":36}},"loc":{"start":{"line":169,"column":36},"end":{"line":169,"column":null}}},"18":{"name":"(anonymous_18)","decl":{"start":{"line":170,"column":27},"end":{"line":170,"column":33}},"loc":{"start":{"line":170,"column":33},"end":{"line":170,"column":null}}},"19":{"name":"(anonymous_19)","decl":{"start":{"line":177,"column":30},"end":{"line":177,"column":36}},"loc":{"start":{"line":177,"column":36},"end":{"line":177,"column":null}}},"20":{"name":"(anonymous_20)","decl":{"start":{"line":178,"column":27},"end":{"line":178,"column":33}},"loc":{"start":{"line":178,"column":33},"end":{"line":178,"column":null}}}},"branchMap":{"0":{"loc":{"start":{"line":19,"column":4},"end":{"line":22,"column":null}},"type":"if","locations":[{"start":{"line":19,"column":4},"end":{"line":22,"column":null}}]},"1":{"loc":{"start":{"line":27,"column":6},"end":{"line":29,"column":null}},"type":"if","locations":[{"start":{"line":27,"column":6},"end":{"line":29,"column":null}}]},"2":{"loc":{"start":{"line":32,"column":4},"end":{"line":36,"column":null}},"type":"if","locations":[{"start":{"line":32,"column":4},"end":{"line":36,"column":null}},{"start":{"line":34,"column":11},"end":{"line":36,"column":null}}]}},"s":{"0":325,"1":325,"2":325,"3":910,"4":325,"5":910,"6":325,"7":130,"8":65,"9":65,"10":325,"11":195,"12":0,"13":0,"14":195,"15":65,"16":130,"17":195,"18":130,"19":325,"20":65,"21":65,"22":65,"23":65,"24":65,"25":0,"26":65,"27":325,"28":130,"29":325,"30":0,"31":325,"32":0,"33":0,"34":0,"35":0,"36":0,"37":325,"38":0,"39":325,"40":325,"41":0,"42":0,"43":0,"44":0,"45":0,"46":0},"f":{"0":325,"1":910,"2":910,"3":130,"4":195,"5":0,"6":130,"7":65,"8":65,"9":130,"10":0,"11":0,"12":0,"13":0,"14":65,"15":0,"16":0,"17":0,"18":0,"19":0,"20":0},"b":{"0":[65],"1":[0],"2":[65,130]}}
,"/home/will-mitchell/Documents/army-assist/src/components/ListDisplay.tsx": {"path":"/home/will-mitchell/Documents/army-assist/src/components/ListDisplay.tsx","statementMap":{"0":{"start":{"line":12,"column":16},"end":{"line":12,"column":null}},"1":{"start":{"line":12,"column":36},"end":{"line":12,"column":47}},"2":{"start":{"line":13,"column":19},"end":{"line":13,"column":null}},"3":{"start":{"line":13,"column":39},"end":{"line":13,"column":53}},"4":{"start":{"line":14,"column":21},"end":{"line":14,"column":null}},"5":{"start":{"line":14,"column":40},"end":{"line":14,"column":56}},"6":{"start":{"line":16,"column":25},"end":{"line":23,"column":null}},"7":{"start":{"line":17,"column":4},"end":{"line":22,"column":null}},"8":{"start":{"line":19,"column":8},"end":{"line":19,"column":null}},"9":{"start":{"line":21,"column":8},"end":{"line":21,"column":null}},"10":{"start":{"line":25,"column":23},"end":{"line":35,"column":null}},"11":{"start":{"line":27,"column":22},"end":{"line":27,"column":null}},"12":{"start":{"line":27,"column":46},"end":{"line":27,"column":69}},"13":{"start":{"line":28,"column":8},"end":{"line":32,"column":null}},"14":{"start":{"line":29,"column":10},"end":{"line":29,"column":null}},"15":{"start":{"line":31,"column":10},"end":{"line":31,"column":null}},"16":{"start":{"line":33,"column":8},"end":{"line":33,"column":null}},"17":{"start":{"line":37,"column":22},"end":{"line":37,"column":null}},"18":{"start":{"line":39,"column":2},"end":{"line":53,"column":null}},"19":{"start":{"line":48,"column":10},"end":{"line":48,"column":null}}},"fnMap":{"0":{"name":"ListDisplay","decl":{"start":{"line":11,"column":9},"end":{"line":11,"column":23}},"loc":{"start":{"line":11,"column":23},"end":{"line":55,"column":null}}},"1":{"name":"(anonymous_1)","decl":{"start":{"line":12,"column":25},"end":{"line":12,"column":26}},"loc":{"start":{"line":12,"column":36},"end":{"line":12,"column":47}}},"2":{"name":"(anonymous_2)","decl":{"start":{"line":13,"column":28},"end":{"line":13,"column":29}},"loc":{"start":{"line":13,"column":39},"end":{"line":13,"column":53}}},"3":{"name":"(anonymous_3)","decl":{"start":{"line":14,"column":30},"end":{"line":14,"column":31}},"loc":{"start":{"line":14,"column":40},"end":{"line":14,"column":56}}},"4":{"name":"(anonymous_4)","decl":{"start":{"line":16,"column":25},"end":{"line":16,"column":26}},"loc":{"start":{"line":16,"column":55},"end":{"line":23,"column":null}}},"5":{"name":"(anonymous_5)","decl":{"start":{"line":26,"column":19},"end":{"line":26,"column":20}},"loc":{"start":{"line":26,"column":55},"end":{"line":34,"column":9}}},"6":{"name":"(anonymous_6)","decl":{"start":{"line":27,"column":36},"end":{"line":27,"column":37}},"loc":{"start":{"line":27,"column":46},"end":{"line":27,"column":69}}},"7":{"name":"(anonymous_7)","decl":{"start":{"line":47,"column":25},"end":{"line":47,"column":26}},"loc":{"start":{"line":48,"column":10},"end":{"line":48,"column":null}}}},"branchMap":{"0":{"loc":{"start":{"line":17,"column":4},"end":{"line":22,"column":null}},"type":"switch","locations":[{"start":{"line":18,"column":6},"end":{"line":19,"column":null}},{"start":{"line":20,"column":6},"end":{"line":21,"column":null}}]},"1":{"loc":{"start":{"line":25,"column":23},"end":{"line":35,"column":null}},"type":"cond-expr","locations":[{"start":{"line":26,"column":6},"end":{"line":34,"column":null}},{"start":{"line":35,"column":6},"end":{"line":35,"column":null}}]},"2":{"loc":{"start":{"line":28,"column":8},"end":{"line":32,"column":null}},"type":"if","locations":[{"start":{"line":28,"column":8},"end":{"line":32,"column":null}},{"start":{"line":30,"column":15},"end":{"line":32,"column":null}}]},"3":{"loc":{"start":{"line":29,"column":30},"end":{"line":29,"column":55}},"type":"binary-expr","locations":[{"start":{"line":29,"column":30},"end":{"line":29,"column":50}},{"start":{"line":29,"column":50},"end":{"line":29,"column":55}}]}},"s":{"0":130,"1":325,"2":130,"3":325,"4":130,"5":325,"6":130,"7":36530,"8":36530,"9":0,"10":130,"11":10530,"12":400140,"13":10530,"14":390,"15":10140,"16":10530,"17":130,"18":130,"19":10140},"f":{"0":130,"1":325,"2":325,"3":325,"4":36530,"5":10530,"6":400140,"7":10140},"b":{"0":[36530,0],"1":[130,0],"2":[390,10140],"3":[390,0]}}
,"/home/will-mitchell/Documents/army-assist/src/components/Pastebox.tsx": {"path":"/home/will-mitchell/Documents/army-assist/src/components/Pastebox.tsx","statementMap":{"0":{"start":{"line":5,"column":26},"end":{"line":5,"column":null}},"1":{"start":{"line":6,"column":16},"end":{"line":6,"column":null}},"2":{"start":{"line":8,"column":23},"end":{"line":10,"column":null}},"3":{"start":{"line":9,"column":4},"end":{"line":9,"column":null}},"4":{"start":{"line":12,"column":23},"end":{"line":20,"column":null}},"5":{"start":{"line":13,"column":4},"end":{"line":13,"column":null}},"6":{"start":{"line":14,"column":19},"end":{"line":14,"column":null}},"7":{"start":{"line":16,"column":4},"end":{"line":19,"column":null}},"8":{"start":{"line":17,"column":6},"end":{"line":17,"column":null}},"9":{"start":{"line":18,"column":6},"end":{"line":18,"column":null}},"10":{"start":{"line":22,"column":2},"end":{"line":43,"column":null}}},"fnMap":{"0":{"name":"Pastebox","decl":{"start":{"line":4,"column":24},"end":{"line":4,"column":35}},"loc":{"start":{"line":4,"column":35},"end":{"line":45,"column":null}}},"1":{"name":"(anonymous_1)","decl":{"start":{"line":8,"column":23},"end":{"line":8,"column":24}},"loc":{"start":{"line":8,"column":74},"end":{"line":10,"column":null}}},"2":{"name":"(anonymous_2)","decl":{"start":{"line":12,"column":23},"end":{"line":12,"column":24}},"loc":{"start":{"line":12,"column":68},"end":{"line":20,"column":null}}}},"branchMap":{"0":{"loc":{"start":{"line":16,"column":4},"end":{"line":19,"column":null}},"type":"if","locations":[{"start":{"line":16,"column":4},"end":{"line":19,"column":null}}]}},"s":{"0":615820,"1":615820,"2":615820,"3":615690,"4":615820,"5":65,"6":65,"7":65,"8":0,"9":0,"10":615820},"f":{"0":615820,"1":615690,"2":65},"b":{"0":[0]}}
,"/home/will-mitchell/Documents/army-assist/src/components/PhaseFilter.tsx": {"path":"/home/will-mitchell/Documents/army-assist/src/components/PhaseFilter.tsx","statementMap":{"0":{"start":{"line":15,"column":16},"end":{"line":15,"column":null}},"1":{"start":{"line":15,"column":36},"end":{"line":15,"column":47}},"2":{"start":{"line":16,"column":23},"end":{"line":16,"column":null}},"3":{"start":{"line":16,"column":43},"end":{"line":16,"column":61}},"4":{"start":{"line":17,"column":19},"end":{"line":17,"column":null}},"5":{"start":{"line":17,"column":39},"end":{"line":17,"column":53}},"6":{"start":{"line":18,"column":38},"end":{"line":18,"column":null}},"7":{"start":{"line":20,"column":23},"end":{"line":22,"column":null}},"8":{"start":{"line":21,"column":4},"end":{"line":21,"column":null}},"9":{"start":{"line":24,"column":2},"end":{"line":29,"column":null}},"10":{"start":{"line":25,"column":4},"end":{"line":25,"column":null}},"11":{"start":{"line":26,"column":4},"end":{"line":28,"column":null}},"12":{"start":{"line":27,"column":6},"end":{"line":27,"column":null}},"13":{"start":{"line":32,"column":4},"end":{"line":32,"column":null}},"14":{"start":{"line":35,"column":2},"end":{"line":102,"column":null}},"15":{"start":{"line":56,"column":18},"end":{"line":69,"column":null}},"16":{"start":{"line":83,"column":14},"end":{"line":97,"column":null}},"17":{"start":{"line":88,"column":20},"end":{"line":93,"column":null}}},"fnMap":{"0":{"name":"PhaseFilter","decl":{"start":{"line":14,"column":9},"end":{"line":14,"column":23}},"loc":{"start":{"line":14,"column":23},"end":{"line":104,"column":null}}},"1":{"name":"(anonymous_1)","decl":{"start":{"line":15,"column":25},"end":{"line":15,"column":26}},"loc":{"start":{"line":15,"column":36},"end":{"line":15,"column":47}}},"2":{"name":"(anonymous_2)","decl":{"start":{"line":16,"column":32},"end":{"line":16,"column":33}},"loc":{"start":{"line":16,"column":43},"end":{"line":16,"column":61}}},"3":{"name":"(anonymous_3)","decl":{"start":{"line":17,"column":28},"end":{"line":17,"column":29}},"loc":{"start":{"line":17,"column":39},"end":{"line":17,"column":53}}},"4":{"name":"(anonymous_4)","decl":{"start":{"line":20,"column":23},"end":{"line":20,"column":29}},"loc":{"start":{"line":20,"column":29},"end":{"line":22,"column":null}}},"5":{"name":"(anonymous_5)","decl":{"start":{"line":24,"column":18},"end":{"line":24,"column":24}},"loc":{"start":{"line":24,"column":24},"end":{"line":29,"column":5}}},"6":{"name":"(anonymous_6)","decl":{"start":{"line":26,"column":11},"end":{"line":26,"column":17}},"loc":{"start":{"line":26,"column":17},"end":{"line":28,"column":null}}},"7":{"name":"classNames","decl":{"start":{"line":31,"column":11},"end":{"line":31,"column":25}},"loc":{"start":{"line":31,"column":44},"end":{"line":33,"column":null}}},"8":{"name":"(anonymous_8)","decl":{"start":{"line":55,"column":16},"end":{"line":55,"column":17}},"loc":{"start":{"line":56,"column":18},"end":{"line":69,"column":null}}},"9":{"name":"(anonymous_9)","decl":{"start":{"line":82,"column":12},"end":{"line":82,"column":13}},"loc":{"start":{"line":83,"column":14},"end":{"line":97,"column":null}}},"10":{"name":"(anonymous_10)","decl":{"start":{"line":87,"column":29},"end":{"line":87,"column":30}},"loc":{"start":{"line":88,"column":20},"end":{"line":93,"column":null}}}},"branchMap":{"0":{"loc":{"start":{"line":37,"column":7},"end":{"line":100,"column":null}},"type":"cond-expr","locations":[{"start":{"line":38,"column":8},"end":{"line":74,"column":null}},{"start":{"line":76,"column":8},"end":{"line":100,"column":null}}]},"1":{"loc":{"start":{"line":56,"column":18},"end":{"line":69,"column":null}},"type":"binary-expr","locations":[{"start":{"line":56,"column":18},"end":{"line":56,"column":null}},{"start":{"line":57,"column":20},"end":{"line":69,"column":null}}]},"2":{"loc":{"start":{"line":83,"column":14},"end":{"line":97,"column":null}},"type":"binary-expr","locations":[{"start":{"line":83,"column":14},"end":{"line":83,"column":null}},{"start":{"line":84,"column":16},"end":{"line":97,"column":null}}]},"3":{"loc":{"start":{"line":90,"column":22},"end":{"line":92,"column":null}},"type":"cond-expr","locations":[{"start":{"line":91,"column":26},"end":{"line":91,"column":null}},{"start":{"line":92,"column":26},"end":{"line":92,"column":null}}]}},"s":{"0":130,"1":325,"2":130,"3":325,"4":130,"5":325,"6":130,"7":130,"8":0,"9":130,"10":65,"11":65,"12":0,"13":1235,"14":130,"15":0,"16":780,"17":1235},"f":{"0":130,"1":325,"2":325,"3":325,"4":0,"5":65,"6":0,"7":1235,"8":0,"9":780,"10":1235},"b":{"0":[0,130],"1":[0,0],"2":[780,780],"3":[260,975]}}
,"/home/will-mitchell/Documents/army-assist/src/components/ResetButton.tsx": {"path":"/home/will-mitchell/Documents/army-assist/src/components/ResetButton.tsx","statementMap":{"0":{"start":{"line":4,"column":20},"end":{"line":16,"column":null}},"1":{"start":{"line":5,"column":16},"end":{"line":5,"column":null}},"2":{"start":{"line":7,"column":2},"end":{"line":14,"column":null}},"3":{"start":{"line":10,"column":21},"end":{"line":10,"column":null}}},"fnMap":{"0":{"name":"(anonymous_0)","decl":{"start":{"line":4,"column":20},"end":{"line":4,"column":26}},"loc":{"start":{"line":4,"column":26},"end":{"line":16,"column":null}}},"1":{"name":"(anonymous_1)","decl":{"start":{"line":10,"column":15},"end":{"line":10,"column":21}},"loc":{"start":{"line":10,"column":21},"end":{"line":10,"column":null}}}},"branchMap":{},"s":{"0":65,"1":260,"2":260,"3":0},"f":{"0":260,"1":0},"b":{}}
,"/home/will-mitchell/Documents/army-assist/src/components/ScrollToTopButton.tsx": {"path":"/home/will-mitchell/Documents/army-assist/src/components/ScrollToTopButton.tsx","statementMap":{"0":{"start":{"line":4,"column":26},"end":{"line":19,"column":null}},"1":{"start":{"line":5,"column":22},"end":{"line":7,"column":null}},"2":{"start":{"line":6,"column":4},"end":{"line":6,"column":null}},"3":{"start":{"line":9,"column":2},"end":{"line":17,"column":null}}},"fnMap":{"0":{"name":"(anonymous_0)","decl":{"start":{"line":4,"column":26},"end":{"line":4,"column":32}},"loc":{"start":{"line":4,"column":32},"end":{"line":19,"column":null}}},"1":{"name":"(anonymous_1)","decl":{"start":{"line":5,"column":22},"end":{"line":5,"column":28}},"loc":{"start":{"line":5,"column":28},"end":{"line":7,"column":null}}}},"branchMap":{},"s":{"0":65,"1":130,"2":0,"3":130},"f":{"0":130,"1":0},"b":{}}
,"/home/will-mitchell/Documents/army-assist/src/components/Settings.tsx": {"path":"/home/will-mitchell/Documents/army-assist/src/components/Settings.tsx","statementMap":{"0":{"start":{"line":9,"column":30},"end":{"line":9,"column":null}},"1":{"start":{"line":10,"column":23},"end":{"line":10,"column":null}},"2":{"start":{"line":10,"column":43},"end":{"line":10,"column":61}},"3":{"start":{"line":11,"column":22},"end":{"line":11,"column":null}},"4":{"start":{"line":11,"column":42},"end":{"line":11,"column":59}},"5":{"start":{"line":13,"column":21},"end":{"line":13,"column":null}},"6":{"start":{"line":13,"column":41},"end":{"line":13,"column":55}},"7":{"start":{"line":14,"column":22},"end":{"line":14,"column":null}},"8":{"start":{"line":14,"column":42},"end":{"line":14,"column":59}},"9":{"start":{"line":16,"column":24},"end":{"line":16,"column":null}},"10":{"start":{"line":16,"column":44},"end":{"line":16,"column":63}},"11":{"start":{"line":17,"column":27},"end":{"line":17,"column":null}},"12":{"start":{"line":17,"column":47},"end":{"line":17,"column":69}},"13":{"start":{"line":19,"column":23},"end":{"line":19,"column":null}},"14":{"start":{"line":19,"column":43},"end":{"line":19,"column":61}},"15":{"start":{"line":20,"column":26},"end":{"line":20,"column":null}},"16":{"start":{"line":20,"column":46},"end":{"line":20,"column":67}},"17":{"start":{"line":22,"column":21},"end":{"line":22,"column":null}},"18":{"start":{"line":22,"column":41},"end":{"line":22,"column":57}},"19":{"start":{"line":23,"column":24},"end":{"line":23,"column":null}},"20":{"start":{"line":23,"column":44},"end":{"line":23,"column":63}},"21":{"start":{"line":25,"column":21},"end":{"line":25,"column":null}},"22":{"start":{"line":25,"column":41},"end":{"line":25,"column":57}},"23":{"start":{"line":26,"column":24},"end":{"line":26,"column":null}},"24":{"start":{"line":26,"column":44},"end":{"line":26,"column":63}},"25":{"start":{"line":28,"column":24},"end":{"line":28,"column":null}},"26":{"start":{"line":28,"column":44},"end":{"line":28,"column":63}},"27":{"start":{"line":29,"column":27},"end":{"line":29,"column":null}},"28":{"start":{"line":29,"column":47},"end":{"line":29,"column":69}},"29":{"start":{"line":31,"column":22},"end":{"line":31,"column":null}},"30":{"start":{"line":31,"column":28},"end":{"line":31,"column":null}},"31":{"start":{"line":32,"column":21},"end":{"line":32,"column":null}},"32":{"start":{"line":32,"column":27},"end":{"line":32,"column":null}},"33":{"start":{"line":39,"column":7},"end":{"line":74,"column":null}},"34":{"start":{"line":40,"column":4},"end":{"line":74,"column":null}},"35":{"start":{"line":77,"column":2},"end":{"line":202,"column":null}},"36":{"start":{"line":109,"column":18},"end":{"line":119,"column":null}},"37":{"start":{"line":113,"column":36},"end":{"line":113,"column":null}},"38":{"start":{"line":130,"column":18},"end":{"line":135,"column":null}},"39":{"start":{"line":134,"column":36},"end":{"line":134,"column":null}},"40":{"start":{"line":147,"column":32},"end":{"line":147,"column":null}},"41":{"start":{"line":158,"column":32},"end":{"line":158,"column":null}},"42":{"start":{"line":169,"column":32},"end":{"line":169,"column":null}},"43":{"start":{"line":178,"column":32},"end":{"line":178,"column":null}},"44":{"start":{"line":187,"column":32},"end":{"line":187,"column":null}}},"fnMap":{"0":{"name":"Settings","decl":{"start":{"line":8,"column":9},"end":{"line":8,"column":20}},"loc":{"start":{"line":8,"column":20},"end":{"line":204,"column":null}}},"1":{"name":"(anonymous_1)","decl":{"start":{"line":10,"column":32},"end":{"line":10,"column":33}},"loc":{"start":{"line":10,"column":43},"end":{"line":10,"column":61}}},"2":{"name":"(anonymous_2)","decl":{"start":{"line":11,"column":31},"end":{"line":11,"column":32}},"loc":{"start":{"line":11,"column":42},"end":{"line":11,"column":59}}},"3":{"name":"(anonymous_3)","decl":{"start":{"line":13,"column":30},"end":{"line":13,"column":31}},"loc":{"start":{"line":13,"column":41},"end":{"line":13,"column":55}}},"4":{"name":"(anonymous_4)","decl":{"start":{"line":14,"column":31},"end":{"line":14,"column":32}},"loc":{"start":{"line":14,"column":42},"end":{"line":14,"column":59}}},"5":{"name":"(anonymous_5)","decl":{"start":{"line":16,"column":33},"end":{"line":16,"column":34}},"loc":{"start":{"line":16,"column":44},"end":{"line":16,"column":63}}},"6":{"name":"(anonymous_6)","decl":{"start":{"line":17,"column":36},"end":{"line":17,"column":37}},"loc":{"start":{"line":17,"column":47},"end":{"line":17,"column":69}}},"7":{"name":"(anonymous_7)","decl":{"start":{"line":19,"column":32},"end":{"line":19,"column":33}},"loc":{"start":{"line":19,"column":43},"end":{"line":19,"column":61}}},"8":{"name":"(anonymous_8)","decl":{"start":{"line":20,"column":35},"end":{"line":20,"column":36}},"loc":{"start":{"line":20,"column":46},"end":{"line":20,"column":67}}},"9":{"name":"(anonymous_9)","decl":{"start":{"line":22,"column":30},"end":{"line":22,"column":31}},"loc":{"start":{"line":22,"column":41},"end":{"line":22,"column":57}}},"10":{"name":"(anonymous_10)","decl":{"start":{"line":23,"column":33},"end":{"line":23,"column":34}},"loc":{"start":{"line":23,"column":44},"end":{"line":23,"column":63}}},"11":{"name":"(anonymous_11)","decl":{"start":{"line":25,"column":30},"end":{"line":25,"column":31}},"loc":{"start":{"line":25,"column":41},"end":{"line":25,"column":57}}},"12":{"name":"(anonymous_12)","decl":{"start":{"line":26,"column":33},"end":{"line":26,"column":34}},"loc":{"start":{"line":26,"column":44},"end":{"line":26,"column":63}}},"13":{"name":"(anonymous_13)","decl":{"start":{"line":28,"column":33},"end":{"line":28,"column":34}},"loc":{"start":{"line":28,"column":44},"end":{"line":28,"column":63}}},"14":{"name":"(anonymous_14)","decl":{"start":{"line":29,"column":36},"end":{"line":29,"column":37}},"loc":{"start":{"line":29,"column":47},"end":{"line":29,"column":69}}},"15":{"name":"(anonymous_15)","decl":{"start":{"line":31,"column":22},"end":{"line":31,"column":28}},"loc":{"start":{"line":31,"column":28},"end":{"line":31,"column":null}}},"16":{"name":"(anonymous_16)","decl":{"start":{"line":32,"column":21},"end":{"line":32,"column":27}},"loc":{"start":{"line":32,"column":27},"end":{"line":32,"column":null}}},"17":{"name":"(anonymous_17)","decl":{"start":{"line":39,"column":7},"end":{"line":39,"column":8}},"loc":{"start":{"line":40,"column":4},"end":{"line":74,"column":null}}},"18":{"name":"(anonymous_18)","decl":{"start":{"line":108,"column":40},"end":{"line":108,"column":41}},"loc":{"start":{"line":109,"column":18},"end":{"line":119,"column":null}}},"19":{"name":"(anonymous_19)","decl":{"start":{"line":113,"column":30},"end":{"line":113,"column":36}},"loc":{"start":{"line":113,"column":36},"end":{"line":113,"column":null}}},"20":{"name":"(anonymous_20)","decl":{"start":{"line":129,"column":48},"end":{"line":129,"column":49}},"loc":{"start":{"line":130,"column":18},"end":{"line":135,"column":null}}},"21":{"name":"(anonymous_21)","decl":{"start":{"line":134,"column":30},"end":{"line":134,"column":36}},"loc":{"start":{"line":134,"column":36},"end":{"line":134,"column":null}}},"22":{"name":"(anonymous_22)","decl":{"start":{"line":147,"column":26},"end":{"line":147,"column":32}},"loc":{"start":{"line":147,"column":32},"end":{"line":147,"column":null}}},"23":{"name":"(anonymous_23)","decl":{"start":{"line":158,"column":26},"end":{"line":158,"column":32}},"loc":{"start":{"line":158,"column":32},"end":{"line":158,"column":null}}},"24":{"name":"(anonymous_24)","decl":{"start":{"line":169,"column":26},"end":{"line":169,"column":32}},"loc":{"start":{"line":169,"column":32},"end":{"line":169,"column":null}}},"25":{"name":"(anonymous_25)","decl":{"start":{"line":178,"column":26},"end":{"line":178,"column":32}},"loc":{"start":{"line":178,"column":32},"end":{"line":178,"column":null}}},"26":{"name":"(anonymous_26)","decl":{"start":{"line":187,"column":26},"end":{"line":187,"column":32}},"loc":{"start":{"line":187,"column":32},"end":{"line":187,"column":null}}}},"branchMap":{"0":{"loc":{"start":{"line":115,"column":22},"end":{"line":117,"column":null}},"type":"cond-expr","locations":[{"start":{"line":116,"column":26},"end":{"line":116,"column":null}},{"start":{"line":117,"column":26},"end":{"line":117,"column":null}}]}},"s":{"0":65,"1":65,"2":325,"3":65,"4":325,"5":65,"6":325,"7":65,"8":325,"9":65,"10":325,"11":65,"12":325,"13":65,"14":325,"15":65,"16":325,"17":65,"18":325,"19":65,"20":325,"21":65,"22":325,"23":65,"24":325,"25":65,"26":325,"27":65,"28":325,"29":65,"30":0,"31":65,"32":0,"33":65,"34":0,"35":65,"36":390,"37":0,"38":130,"39":0,"40":0,"41":0,"42":0,"43":0,"44":0},"f":{"0":65,"1":325,"2":325,"3":325,"4":325,"5":325,"6":325,"7":325,"8":325,"9":325,"10":325,"11":325,"12":325,"13":325,"14":325,"15":0,"16":0,"17":0,"18":390,"19":0,"20":130,"21":0,"22":0,"23":0,"24":0,"25":0,"26":0},"b":{"0":[390,0]}}
,"/home/will-mitchell/Documents/army-assist/src/components/StratagemPanel.tsx": {"path":"/home/will-mitchell/Documents/army-assist/src/components/StratagemPanel.tsx","statementMap":{"0":{"start":{"line":13,"column":26},"end":{"line":13,"column":null}},"1":{"start":{"line":14,"column":18},"end":{"line":14,"column":null}},"2":{"start":{"line":14,"column":38},"end":{"line":14,"column":51}},"3":{"start":{"line":15,"column":16},"end":{"line":15,"column":null}},"4":{"start":{"line":15,"column":36},"end":{"line":15,"column":47}},"5":{"start":{"line":16,"column":21},"end":{"line":16,"column":null}},"6":{"start":{"line":16,"column":41},"end":{"line":16,"column":57}},"7":{"start":{"line":18,"column":25},"end":{"line":18,"column":null}},"8":{"start":{"line":20,"column":2},"end":{"line":22,"column":null}},"9":{"start":{"line":21,"column":4},"end":{"line":21,"column":null}},"10":{"start":{"line":24,"column":28},"end":{"line":42,"column":null}},"11":{"start":{"line":25,"column":21},"end":{"line":25,"column":null}},"12":{"start":{"line":26,"column":31},"end":{"line":26,"column":null}},"13":{"start":{"line":27,"column":4},"end":{"line":30,"column":null}},"14":{"start":{"line":28,"column":20},"end":{"line":28,"column":null}},"15":{"start":{"line":29,"column":6},"end":{"line":29,"column":null}},"16":{"start":{"line":31,"column":4},"end":{"line":41,"column":null}},"17":{"start":{"line":32,"column":6},"end":{"line":40,"column":null}},"18":{"start":{"line":33,"column":8},"end":{"line":38,"column":null}},"19":{"start":{"line":44,"column":29},"end":{"line":78,"column":null}},"20":{"start":{"line":45,"column":41},"end":{"line":45,"column":null}},"21":{"start":{"line":46,"column":4},"end":{"line":57,"column":null}},"22":{"start":{"line":47,"column":6},"end":{"line":51,"column":null}},"23":{"start":{"line":53,"column":6},"end":{"line":56,"column":null}},"24":{"start":{"line":61,"column":8},"end":{"line":61,"column":null}},"25":{"start":{"line":64,"column":6},"end":{"line":67,"column":null}},"26":{"start":{"line":70,"column":27},"end":{"line":70,"column":59}},"27":{"start":{"line":72,"column":6},"end":{"line":77,"column":null}},"28":{"start":{"line":73,"column":8},"end":{"line":73,"column":null}},"29":{"start":{"line":75,"column":8},"end":{"line":75,"column":null}},"30":{"start":{"line":76,"column":8},"end":{"line":76,"column":null}},"31":{"start":{"line":80,"column":2},"end":{"line":158,"column":null}},"32":{"start":{"line":83,"column":23},"end":{"line":83,"column":null}},"33":{"start":{"line":91,"column":23},"end":{"line":91,"column":null}},"34":{"start":{"line":116,"column":44},"end":{"line":116,"column":null}},"35":{"start":{"line":128,"column":22},"end":{"line":149,"column":null}}},"fnMap":{"0":{"name":"StratagemPanel","decl":{"start":{"line":12,"column":24},"end":{"line":12,"column":41}},"loc":{"start":{"line":12,"column":41},"end":{"line":160,"column":null}}},"1":{"name":"(anonymous_1)","decl":{"start":{"line":14,"column":27},"end":{"line":14,"column":28}},"loc":{"start":{"line":14,"column":38},"end":{"line":14,"column":51}}},"2":{"name":"(anonymous_2)","decl":{"start":{"line":15,"column":25},"end":{"line":15,"column":26}},"loc":{"start":{"line":15,"column":36},"end":{"line":15,"column":47}}},"3":{"name":"(anonymous_3)","decl":{"start":{"line":16,"column":30},"end":{"line":16,"column":31}},"loc":{"start":{"line":16,"column":41},"end":{"line":16,"column":57}}},"4":{"name":"(anonymous_4)","decl":{"start":{"line":24,"column":28},"end":{"line":24,"column":29}},"loc":{"start":{"line":24,"column":53},"end":{"line":42,"column":null}}},"5":{"name":"(anonymous_5)","decl":{"start":{"line":27,"column":21},"end":{"line":27,"column":22}},"loc":{"start":{"line":27,"column":34},"end":{"line":30,"column":5}}},"6":{"name":"(anonymous_6)","decl":{"start":{"line":31,"column":48},"end":{"line":31,"column":49}},"loc":{"start":{"line":31,"column":70},"end":{"line":41,"column":5}}},"7":{"name":"(anonymous_7)","decl":{"start":{"line":44,"column":44},"end":{"line":44,"column":45}},"loc":{"start":{"line":44,"column":59},"end":{"line":58,"column":3}}},"8":{"name":"(anonymous_8)","decl":{"start":{"line":60,"column":6},"end":{"line":60,"column":7}},"loc":{"start":{"line":61,"column":8},"end":{"line":61,"column":null}}},"9":{"name":"(anonymous_9)","decl":{"start":{"line":63,"column":12},"end":{"line":63,"column":13}},"loc":{"start":{"line":63,"column":27},"end":{"line":69,"column":5}}},"10":{"name":"(anonymous_10)","decl":{"start":{"line":70,"column":12},"end":{"line":70,"column":13}},"loc":{"start":{"line":70,"column":27},"end":{"line":70,"column":59}}},"11":{"name":"(anonymous_11)","decl":{"start":{"line":71,"column":12},"end":{"line":71,"column":13}},"loc":{"start":{"line":71,"column":27},"end":{"line":78,"column":5}}},"12":{"name":"(anonymous_12)","decl":{"start":{"line":83,"column":17},"end":{"line":83,"column":23}},"loc":{"start":{"line":83,"column":23},"end":{"line":83,"column":null}}},"13":{"name":"(anonymous_13)","decl":{"start":{"line":91,"column":17},"end":{"line":91,"column":23}},"loc":{"start":{"line":91,"column":23},"end":{"line":91,"column":null}}},"14":{"name":"(anonymous_14)","decl":{"start":{"line":116,"column":38},"end":{"line":116,"column":44}},"loc":{"start":{"line":116,"column":44},"end":{"line":116,"column":null}}},"15":{"name":"(anonymous_15)","decl":{"start":{"line":127,"column":44},"end":{"line":127,"column":45}},"loc":{"start":{"line":128,"column":22},"end":{"line":149,"column":null}}}},"branchMap":{"0":{"loc":{"start":{"line":20,"column":2},"end":{"line":22,"column":null}},"type":"if","locations":[{"start":{"line":20,"column":2},"end":{"line":22,"column":null}}]},"1":{"loc":{"start":{"line":20,"column":6},"end":{"line":20,"column":41}},"type":"binary-expr","locations":[{"start":{"line":20,"column":6},"end":{"line":20,"column":18}},{"start":{"line":20,"column":18},"end":{"line":20,"column":28}},{"start":{"line":20,"column":28},"end":{"line":20,"column":41}}]},"2":{"loc":{"start":{"line":32,"column":6},"end":{"line":40,"column":null}},"type":"if","locations":[{"start":{"line":32,"column":6},"end":{"line":40,"column":null}}]},"3":{"loc":{"start":{"line":37,"column":13},"end":{"line":37,"column":null}},"type":"cond-expr","locations":[{"start":{"line":37,"column":40},"end":{"line":37,"column":45}},{"start":{"line":37,"column":45},"end":{"line":37,"column":null}}]},"4":{"loc":{"start":{"line":46,"column":4},"end":{"line":57,"column":null}},"type":"if","locations":[{"start":{"line":46,"column":4},"end":{"line":57,"column":null}},{"start":{"line":52,"column":11},"end":{"line":57,"column":null}}]},"5":{"loc":{"start":{"line":61,"column":8},"end":{"line":61,"column":null}},"type":"binary-expr","locations":[{"start":{"line":61,"column":8},"end":{"line":61,"column":44}},{"start":{"line":61,"column":44},"end":{"line":61,"column":null}}]},"6":{"loc":{"start":{"line":65,"column":8},"end":{"line":67,"column":null}},"type":"binary-expr","locations":[{"start":{"line":65,"column":8},"end":{"line":65,"column":null}},{"start":{"line":66,"column":8},"end":{"line":66,"column":null}},{"start":{"line":67,"column":8},"end":{"line":67,"column":null}}]},"7":{"loc":{"start":{"line":72,"column":6},"end":{"line":77,"column":null}},"type":"if","locations":[{"start":{"line":72,"column":6},"end":{"line":77,"column":null}},{"start":{"line":74,"column":13},"end":{"line":77,"column":null}}]}},"s":{"0":130,"1":130,"2":325,"3":130,"4":325,"5":130,"6":325,"7":130,"8":130,"9":130,"10":0,"11":0,"12":0,"13":0,"14":0,"15":0,"16":0,"17":0,"18":0,"19":0,"20":0,"21":0,"22":0,"23":0,"24":0,"25":0,"26":0,"27":0,"28":0,"29":0,"30":0,"31":0,"32":0,"33":0,"34":0,"35":0},"f":{"0":130,"1":325,"2":325,"3":325,"4":0,"5":0,"6":0,"7":0,"8":0,"9":0,"10":0,"11":0,"12":0,"13":0,"14":0,"15":0},"b":{"0":[130],"1":[130,130,130],"2":[0],"3":[0,0],"4":[0,0],"5":[0,0],"6":[0,0,0],"7":[0,0]}}
,"/home/will-mitchell/Documents/army-assist/src/components/CardComponents/KeywordTags.tsx": {"path":"/home/will-mitchell/Documents/army-assist/src/components/CardComponents/KeywordTags.tsx","statementMap":{"0":{"start":{"line":43,"column":49},"end":{"line":338,"column":null}},"1":{"start":{"line":344,"column":22},"end":{"line":344,"column":null}},"2":{"start":{"line":345,"column":2},"end":{"line":351,"column":null}},"3":{"start":{"line":346,"column":4},"end":{"line":346,"column":null}},"4":{"start":{"line":348,"column":4},"end":{"line":350,"column":null}},"5":{"start":{"line":349,"column":46},"end":{"line":349,"column":77}},"6":{"start":{"line":355,"column":2},"end":{"line":416,"column":null}},"7":{"start":{"line":356,"column":4},"end":{"line":356,"column":null}},"8":{"start":{"line":358,"column":4},"end":{"line":414,"column":null}},"9":{"start":{"line":362,"column":33},"end":{"line":362,"column":47}},"10":{"start":{"line":364,"column":28},"end":{"line":364,"column":null}},"11":{"start":{"line":366,"column":14},"end":{"line":369,"column":null}},"12":{"start":{"line":367,"column":16},"end":{"line":367,"column":null}},"13":{"start":{"line":368,"column":16},"end":{"line":368,"column":null}},"14":{"start":{"line":371,"column":30},"end":{"line":371,"column":null}},"15":{"start":{"line":372,"column":28},"end":{"line":372,"column":null}},"16":{"start":{"line":374,"column":32},"end":{"line":377,"column":null}},"17":{"start":{"line":380,"column":14},"end":{"line":383,"column":null}},"18":{"start":{"line":381,"column":16},"end":{"line":381,"column":null}},"19":{"start":{"line":382,"column":16},"end":{"line":382,"column":null}},"20":{"start":{"line":385,"column":25},"end":{"line":385,"column":null}},"21":{"start":{"line":386,"column":14},"end":{"line":388,"column":null}},"22":{"start":{"line":387,"column":16},"end":{"line":387,"column":null}},"23":{"start":{"line":390,"column":14},"end":{"line":410,"column":null}}},"fnMap":{"0":{"name":"getParameterCaseInsensitive","decl":{"start":{"line":340,"column":9},"end":{"line":340,"column":null}},"loc":{"start":{"line":343,"column":2},"end":{"line":352,"column":null}}},"1":{"name":"(anonymous_1)","decl":{"start":{"line":349,"column":31},"end":{"line":349,"column":32}},"loc":{"start":{"line":349,"column":46},"end":{"line":349,"column":77}}},"2":{"name":"KeywordTags","decl":{"start":{"line":354,"column":9},"end":{"line":354,"column":21}},"loc":{"start":{"line":354,"column":71},"end":{"line":417,"column":null}}},"3":{"name":"(anonymous_3)","decl":{"start":{"line":362,"column":20},"end":{"line":362,"column":21}},"loc":{"start":{"line":362,"column":33},"end":{"line":362,"column":47}}},"4":{"name":"(anonymous_4)","decl":{"start":{"line":363,"column":17},"end":{"line":363,"column":18}},"loc":{"start":{"line":363,"column":37},"end":{"line":412,"column":13}}}},"branchMap":{"0":{"loc":{"start":{"line":345,"column":2},"end":{"line":351,"column":null}},"type":"if","locations":[{"start":{"line":345,"column":2},"end":{"line":351,"column":null}},{"start":{"line":347,"column":9},"end":{"line":351,"column":null}}]},"1":{"loc":{"start":{"line":349,"column":6},"end":{"line":349,"column":null}},"type":"binary-expr","locations":[{"start":{"line":349,"column":6},"end":{"line":349,"column":82}},{"start":{"line":349,"column":82},"end":{"line":349,"column":null}}]},"2":{"loc":{"start":{"line":355,"column":2},"end":{"line":416,"column":null}},"type":"if","locations":[{"start":{"line":355,"column":2},"end":{"line":416,"column":null}},{"start":{"line":357,"column":9},"end":{"line":416,"column":null}}]},"3":{"loc":{"start":{"line":366,"column":14},"end":{"line":369,"column":null}},"type":"if","locations":[{"start":{"line":366,"column":14},"end":{"line":369,"column":null}}]},"4":{"loc":{"start":{"line":372,"column":28},"end":{"line":372,"column":null}},"type":"cond-expr","locations":[{"start":{"line":372,"column":39},"end":{"line":372,"column":50}},{"start":{"line":372,"column":50},"end":{"line":372,"column":null}}]},"5":{"loc":{"start":{"line":380,"column":14},"end":{"line":383,"column":null}},"type":"if","locations":[{"start":{"line":380,"column":14},"end":{"line":383,"column":null}}]},"6":{"loc":{"start":{"line":386,"column":14},"end":{"line":388,"column":null}},"type":"if","locations":[{"start":{"line":386,"column":14},"end":{"line":388,"column":null}}]},"7":{"loc":{"start":{"line":399,"column":23},"end":{"line":399,"column":null}},"type":"cond-expr","locations":[{"start":{"line":399,"column":30},"end":{"line":399,"column":61}},{"start":{"line":399,"column":61},"end":{"line":399,"column":null}}]}},"s":{"0":65,"1":10563,"2":10563,"3":0,"4":10563,"5":160292,"6":9524,"7":0,"8":9524,"9":13231,"10":10563,"11":10563,"12":0,"13":0,"14":10563,"15":10563,"16":10563,"17":10563,"18":0,"19":0,"20":10563,"21":10563,"22":1617,"23":10563},"f":{"0":10563,"1":160292,"2":9524,"3":13231,"4":10563},"b":{"0":[0,10563],"1":[10563,0],"2":[0,9524],"3":[0],"4":[3054,7509],"5":[0],"6":[1617],"7":[1617,8946]}}
,"/home/will-mitchell/Documents/army-assist/src/components/CardComponents/ListUnitCard.tsx": {"path":"/home/will-mitchell/Documents/army-assist/src/components/CardComponents/ListUnitCard.tsx","statementMap":{"0":{"start":{"line":20,"column":16},"end":{"line":20,"column":null}},"1":{"start":{"line":20,"column":36},"end":{"line":20,"column":47}},"2":{"start":{"line":21,"column":21},"end":{"line":21,"column":null}},"3":{"start":{"line":21,"column":41},"end":{"line":21,"column":57}},"4":{"start":{"line":23,"column":24},"end":{"line":23,"column":null}},"5":{"start":{"line":23,"column":44},"end":{"line":23,"column":63}},"6":{"start":{"line":24,"column":21},"end":{"line":24,"column":null}},"7":{"start":{"line":24,"column":41},"end":{"line":24,"column":57}},"8":{"start":{"line":25,"column":23},"end":{"line":25,"column":null}},"9":{"start":{"line":25,"column":43},"end":{"line":25,"column":61}},"10":{"start":{"line":26,"column":24},"end":{"line":26,"column":null}},"11":{"start":{"line":26,"column":44},"end":{"line":26,"column":63}},"12":{"start":{"line":29,"column":16},"end":{"line":29,"column":null}},"13":{"start":{"line":31,"column":40},"end":{"line":31,"column":null}},"14":{"start":{"line":33,"column":27},"end":{"line":35,"column":null}},"15":{"start":{"line":34,"column":4},"end":{"line":34,"column":null}},"16":{"start":{"line":37,"column":25},"end":{"line":48,"column":null}},"17":{"start":{"line":38,"column":4},"end":{"line":38,"column":null}},"18":{"start":{"line":38,"column":30},"end":{"line":38,"column":null}},"19":{"start":{"line":40,"column":22},"end":{"line":40,"column":null}},"20":{"start":{"line":41,"column":30},"end":{"line":41,"column":null}},"21":{"start":{"line":43,"column":4},"end":{"line":45,"column":null}},"22":{"start":{"line":44,"column":6},"end":{"line":44,"column":null}},"23":{"start":{"line":47,"column":4},"end":{"line":47,"column":null}},"24":{"start":{"line":50,"column":2},"end":{"line":71,"column":null}},"25":{"start":{"line":52,"column":6},"end":{"line":52,"column":null}},"26":{"start":{"line":53,"column":6},"end":{"line":53,"column":null}},"27":{"start":{"line":55,"column":6},"end":{"line":55,"column":null}},"28":{"start":{"line":56,"column":6},"end":{"line":56,"column":null}},"29":{"start":{"line":59,"column":6},"end":{"line":63,"column":null}},"30":{"start":{"line":64,"column":6},"end":{"line":64,"column":null}},"31":{"start":{"line":66,"column":6},"end":{"line":66,"column":null}},"32":{"start":{"line":67,"column":6},"end":{"line":67,"column":null}},"33":{"start":{"line":69,"column":6},"end":{"line":69,"column":null}},"34":{"start":{"line":70,"column":6},"end":{"line":70,"column":null}},"35":{"start":{"line":74,"column":45},"end":{"line":77,"column":null}},"36":{"start":{"line":79,"column":51},"end":{"line":82,"column":null}},"37":{"start":{"line":85,"column":4},"end":{"line":85,"column":null}},"38":{"start":{"line":86,"column":23},"end":{"line":86,"column":null}},"39":{"start":{"line":88,"column":25},"end":{"line":88,"column":null}},"40":{"start":{"line":90,"column":2},"end":{"line":136,"column":null}},"41":{"start":{"line":97,"column":25},"end":{"line":97,"column":null}}},"fnMap":{"0":{"name":"ListUnitCard","decl":{"start":{"line":19,"column":9},"end":{"line":19,"column":22}},"loc":{"start":{"line":19,"column":52},"end":{"line":138,"column":null}}},"1":{"name":"(anonymous_1)","decl":{"start":{"line":20,"column":25},"end":{"line":20,"column":26}},"loc":{"start":{"line":20,"column":36},"end":{"line":20,"column":47}}},"2":{"name":"(anonymous_2)","decl":{"start":{"line":21,"column":30},"end":{"line":21,"column":31}},"loc":{"start":{"line":21,"column":41},"end":{"line":21,"column":57}}},"3":{"name":"(anonymous_3)","decl":{"start":{"line":23,"column":33},"end":{"line":23,"column":34}},"loc":{"start":{"line":23,"column":44},"end":{"line":23,"column":63}}},"4":{"name":"(anonymous_4)","decl":{"start":{"line":24,"column":30},"end":{"line":24,"column":31}},"loc":{"start":{"line":24,"column":41},"end":{"line":24,"column":57}}},"5":{"name":"(anonymous_5)","decl":{"start":{"line":25,"column":32},"end":{"line":25,"column":33}},"loc":{"start":{"line":25,"column":43},"end":{"line":25,"column":61}}},"6":{"name":"(anonymous_6)","decl":{"start":{"line":26,"column":33},"end":{"line":26,"column":34}},"loc":{"start":{"line":26,"column":44},"end":{"line":26,"column":63}}},"7":{"name":"(anonymous_7)","decl":{"start":{"line":33,"column":27},"end":{"line":33,"column":28}},"loc":{"start":{"line":33,"column":52},"end":{"line":35,"column":null}}},"8":{"name":"(anonymous_8)","decl":{"start":{"line":37,"column":25},"end":{"line":37,"column":26}},"loc":{"start":{"line":37,"column":50},"end":{"line":48,"column":null}}},"9":{"name":"(anonymous_9)","decl":{"start":{"line":97,"column":19},"end":{"line":97,"column":25}},"loc":{"start":{"line":97,"column":25},"end":{"line":97,"column":null}}}},"branchMap":{"0":{"loc":{"start":{"line":38,"column":4},"end":{"line":38,"column":null}},"type":"if","locations":[{"start":{"line":38,"column":4},"end":{"line":38,"column":null}}]},"1":{"loc":{"start":{"line":43,"column":4},"end":{"line":45,"column":null}},"type":"if","locations":[{"start":{"line":43,"column":4},"end":{"line":45,"column":null}}]},"2":{"loc":{"start":{"line":50,"column":2},"end":{"line":71,"column":null}},"type":"switch","locations":[{"start":{"line":51,"column":4},"end":{"line":53,"column":null}},{"start":{"line":54,"column":4},"end":{"line":56,"column":null}},{"start":{"line":57,"column":4},"end":{"line":57,"column":null}},{"start":{"line":58,"column":4},"end":{"line":64,"column":null}},{"start":{"line":65,"column":4},"end":{"line":67,"column":null}},{"start":{"line":68,"column":4},"end":{"line":70,"column":null}}]},"3":{"loc":{"start":{"line":85,"column":4},"end":{"line":85,"column":null}},"type":"binary-expr","locations":[{"start":{"line":85,"column":4},"end":{"line":85,"column":21}},{"start":{"line":85,"column":21},"end":{"line":85,"column":32}},{"start":{"line":85,"column":32},"end":{"line":85,"column":51}},{"start":{"line":85,"column":51},"end":{"line":85,"column":null}}]},"4":{"loc":{"start":{"line":86,"column":23},"end":{"line":86,"column":null}},"type":"cond-expr","locations":[{"start":{"line":86,"column":37},"end":{"line":86,"column":42}},{"start":{"line":86,"column":42},"end":{"line":86,"column":null}}]},"5":{"loc":{"start":{"line":88,"column":25},"end":{"line":88,"column":null}},"type":"cond-expr","locations":[{"start":{"line":88,"column":38},"end":{"line":88,"column":59}},{"start":{"line":88,"column":59},"end":{"line":88,"column":null}}]},"6":{"loc":{"start":{"line":110,"column":11},"end":{"line":113,"column":null}},"type":"binary-expr","locations":[{"start":{"line":110,"column":11},"end":{"line":110,"column":null}},{"start":{"line":111,"column":12},"end":{"line":113,"column":null}}]},"7":{"loc":{"start":{"line":116,"column":9},"end":{"line":125,"column":null}},"type":"binary-expr","locations":[{"start":{"line":116,"column":9},"end":{"line":116,"column":null}},{"start":{"line":117,"column":10},"end":{"line":125,"column":null}}]},"8":{"loc":{"start":{"line":119,"column":15},"end":{"line":122,"column":null}},"type":"cond-expr","locations":[{"start":{"line":120,"column":16},"end":{"line":120,"column":null}},{"start":{"line":122,"column":16},"end":{"line":122,"column":null}}]},"9":{"loc":{"start":{"line":129,"column":7},"end":{"line":134,"column":null}},"type":"binary-expr","locations":[{"start":{"line":129,"column":7},"end":{"line":129,"column":null}},{"start":{"line":130,"column":8},"end":{"line":134,"column":null}}]},"10":{"loc":{"start":{"line":129,"column":9},"end":{"line":129,"column":null}},"type":"binary-expr","locations":[{"start":{"line":129,"column":9},"end":{"line":129,"column":26}},{"start":{"line":129,"column":26},"end":{"line":129,"column":null}}]}},"s":{"0":10140,"1":25350,"2":10140,"3":25350,"4":10140,"5":25350,"6":10140,"7":25350,"8":10140,"9":25350,"10":10140,"11":25350,"12":10140,"13":10140,"14":10140,"15":0,"16":10140,"17":0,"18":0,"19":0,"20":0,"21":0,"22":0,"23":0,"24":10140,"25":5070,"26":5070,"27":0,"28":0,"29":5070,"30":5070,"31":0,"32":0,"33":0,"34":0,"35":10140,"36":10140,"37":10140,"38":10140,"39":10140,"40":10140,"41":0},"f":{"0":10140,"1":25350,"2":25350,"3":25350,"4":25350,"5":25350,"6":25350,"7":0,"8":0,"9":0},"b":{"0":[0],"1":[0],"2":[5070,0,3822,5070,0,0],"3":[10140,10140,163,98],"4":[10042,98],"5":[10140,0],"6":[10140,10140],"7":[10140,10140],"8":[10042,98],"9":[10140,10042],"10":[10140,10140]}}
,"/home/will-mitchell/Documents/army-assist/src/components/CardComponents/PhaseAbilities.tsx": {"path":"/home/will-mitchell/Documents/army-assist/src/components/CardComponents/PhaseAbilities.tsx","statementMap":{"0":{"start":{"line":10,"column":5},"end":{"line":34,"column":null}},"1":{"start":{"line":11,"column":25},"end":{"line":13,"column":null}},"2":{"start":{"line":12,"column":4},"end":{"line":12,"column":null}},"3":{"start":{"line":16,"column":4},"end":{"line":30,"column":null}},"4":{"start":{"line":18,"column":8},"end":{"line":28,"column":null}},"5":{"start":{"line":33,"column":2},"end":{"line":33,"column":null}}},"fnMap":{"0":{"name":"(anonymous_0)","decl":{"start":{"line":10,"column":5},"end":{"line":10,"column":6}},"loc":{"start":{"line":10,"column":26},"end":{"line":34,"column":null}}},"1":{"name":"(anonymous_1)","decl":{"start":{"line":11,"column":47},"end":{"line":11,"column":48}},"loc":{"start":{"line":12,"column":4},"end":{"line":12,"column":null}}},"2":{"name":"(anonymous_2)","decl":{"start":{"line":17,"column":26},"end":{"line":17,"column":27}},"loc":{"start":{"line":18,"column":8},"end":{"line":28,"column":null}}}},"branchMap":{},"s":{"0":65,"1":10140,"2":31850,"3":10140,"4":9252,"5":10140},"f":{"0":10140,"1":31850,"2":9252},"b":{}}
,"/home/will-mitchell/Documents/army-assist/src/components/CardComponents/PhaseEnhancements.tsx": {"path":"/home/will-mitchell/Documents/army-assist/src/components/CardComponents/PhaseEnhancements.tsx","statementMap":{"0":{"start":{"line":10,"column":5},"end":{"line":34,"column":null}},"1":{"start":{"line":11,"column":29},"end":{"line":13,"column":null}},"2":{"start":{"line":12,"column":34},"end":{"line":12,"column":null}},"3":{"start":{"line":16,"column":4},"end":{"line":30,"column":null}},"4":{"start":{"line":18,"column":8},"end":{"line":28,"column":null}},"5":{"start":{"line":33,"column":2},"end":{"line":33,"column":null}}},"fnMap":{"0":{"name":"(anonymous_0)","decl":{"start":{"line":10,"column":5},"end":{"line":10,"column":6}},"loc":{"start":{"line":10,"column":26},"end":{"line":34,"column":null}}},"1":{"name":"(anonymous_1)","decl":{"start":{"line":12,"column":4},"end":{"line":12,"column":5}},"loc":{"start":{"line":12,"column":34},"end":{"line":12,"column":null}}},"2":{"name":"(anonymous_2)","decl":{"start":{"line":17,"column":30},"end":{"line":17,"column":31}},"loc":{"start":{"line":18,"column":8},"end":{"line":28,"column":null}}}},"branchMap":{},"s":{"0":65,"1":10140,"2":0,"3":10140,"4":0,"5":10140},"f":{"0":10140,"1":0,"2":0},"b":{}}
,"/home/will-mitchell/Documents/army-assist/src/components/CardComponents/PhaseDisplays/ChargePhase.tsx": {"path":"/home/will-mitchell/Documents/army-assist/src/components/CardComponents/PhaseDisplays/ChargePhase.tsx","statementMap":{"0":{"start":{"line":3,"column":20},"end":{"line":8,"column":null}},"1":{"start":{"line":3,"column":54},"end":{"line":8,"column":null}}},"fnMap":{"0":{"name":"(anonymous_0)","decl":{"start":{"line":3,"column":20},"end":{"line":3,"column":54}},"loc":{"start":{"line":3,"column":54},"end":{"line":8,"column":null}}}},"branchMap":{},"s":{"0":65,"1":0},"f":{"0":0},"b":{}}
,"/home/will-mitchell/Documents/army-assist/src/components/CardComponents/PhaseDisplays/CommandPhase.tsx": {"path":"/home/will-mitchell/Documents/army-assist/src/components/CardComponents/PhaseDisplays/CommandPhase.tsx","statementMap":{"0":{"start":{"line":6,"column":21},"end":{"line":23,"column":null}},"1":{"start":{"line":11,"column":2},"end":{"line":22,"column":null}},"2":{"start":{"line":12,"column":4},"end":{"line":12,"column":null}},"3":{"start":{"line":13,"column":4},"end":{"line":13,"column":null}},"4":{"start":{"line":15,"column":4},"end":{"line":21,"column":null}}},"fnMap":{"0":{"name":"(anonymous_0)","decl":{"start":{"line":6,"column":21},"end":{"line":6,"column":22}},"loc":{"start":{"line":10,"column":34},"end":{"line":23,"column":null}}}},"branchMap":{"0":{"loc":{"start":{"line":11,"column":2},"end":{"line":22,"column":null}},"type":"if","locations":[{"start":{"line":11,"column":2},"end":{"line":22,"column":null}},{"start":{"line":14,"column":9},"end":{"line":22,"column":null}}]}},"s":{"0":65,"1":5070,"2":0,"3":0,"4":5070},"f":{"0":5070},"b":{"0":[0,5070]}}
,"/home/will-mitchell/Documents/army-assist/src/components/CardComponents/PhaseDisplays/LeadershipOCTable.tsx": {"path":"/home/will-mitchell/Documents/army-assist/src/components/CardComponents/PhaseDisplays/LeadershipOCTable.tsx","statementMap":{"0":{"start":{"line":13,"column":2},"end":{"line":27,"column":null}}},"fnMap":{"0":{"name":"LeadershipOCTable","decl":{"start":{"line":6,"column":9},"end":{"line":6,"column":27}},"loc":{"start":{"line":12,"column":3},"end":{"line":29,"column":null}}}},"branchMap":{},"s":{"0":5070},"f":{"0":5070},"b":{}}
,"/home/will-mitchell/Documents/army-assist/src/components/CardComponents/PhaseDisplays/ModelSaveTable.tsx": {"path":"/home/will-mitchell/Documents/army-assist/src/components/CardComponents/PhaseDisplays/ModelSaveTable.tsx","statementMap":{"0":{"start":{"line":20,"column":2},"end":{"line":42,"column":null}}},"fnMap":{"0":{"name":"ModelSaveTable","decl":{"start":{"line":5,"column":9},"end":{"line":5,"column":24}},"loc":{"start":{"line":19,"column":3},"end":{"line":44,"column":null}}}},"branchMap":{"0":{"loc":{"start":{"line":35,"column":59},"end":{"line":35,"column":96}},"type":"cond-expr","locations":[{"start":{"line":35,"column":77},"end":{"line":35,"column":92}},{"start":{"line":35,"column":92},"end":{"line":35,"column":96}}]},"1":{"loc":{"start":{"line":36,"column":59},"end":{"line":36,"column":80}},"type":"cond-expr","locations":[{"start":{"line":36,"column":65},"end":{"line":36,"column":76}},{"start":{"line":36,"column":76},"end":{"line":36,"column":80}}]}},"s":{"0":0},"f":{"0":0},"b":{"0":[0,0],"1":[0,0]}}
,"/home/will-mitchell/Documents/army-assist/src/components/CardComponents/PhaseDisplays/MovementPhase.tsx": {"path":"/home/will-mitchell/Documents/army-assist/src/components/CardComponents/PhaseDisplays/MovementPhase.tsx","statementMap":{"0":{"start":{"line":5,"column":22},"end":{"line":14,"column":null}},"1":{"start":{"line":9,"column":34},"end":{"line":14,"column":null}}},"fnMap":{"0":{"name":"(anonymous_0)","decl":{"start":{"line":5,"column":22},"end":{"line":5,"column":23}},"loc":{"start":{"line":9,"column":34},"end":{"line":14,"column":null}}}},"branchMap":{"0":{"loc":{"start":{"line":11,"column":5},"end":{"line":11,"column":null}},"type":"binary-expr","locations":[{"start":{"line":11,"column":5},"end":{"line":11,"column":28}},{"start":{"line":11,"column":28},"end":{"line":11,"column":null}}]}},"s":{"0":65,"1":0},"f":{"0":0},"b":{"0":[0,0]}}
,"/home/will-mitchell/Documents/army-assist/src/components/CardComponents/PhaseDisplays/SavesPhase.tsx": {"path":"/home/will-mitchell/Documents/army-assist/src/components/CardComponents/PhaseDisplays/SavesPhase.tsx","statementMap":{"0":{"start":{"line":7,"column":19},"end":{"line":42,"column":null}},"1":{"start":{"line":12,"column":2},"end":{"line":15,"column":null}},"2":{"start":{"line":13,"column":4},"end":{"line":13,"column":null}},"3":{"start":{"line":14,"column":4},"end":{"line":14,"column":null}},"4":{"start":{"line":17,"column":15},"end":{"line":17,"column":null}},"5":{"start":{"line":18,"column":18},"end":{"line":18,"column":null}},"6":{"start":{"line":20,"column":23},"end":{"line":20,"column":null}},"7":{"start":{"line":21,"column":14},"end":{"line":25,"column":null}},"8":{"start":{"line":23,"column":6},"end":{"line":24,"column":null}},"9":{"start":{"line":27,"column":19},"end":{"line":27,"column":null}},"10":{"start":{"line":28,"column":22},"end":{"line":28,"column":null}},"11":{"start":{"line":29,"column":18},"end":{"line":29,"column":null}},"12":{"start":{"line":31,"column":2},"end":{"line":41,"column":null}}},"fnMap":{"0":{"name":"(anonymous_0)","decl":{"start":{"line":7,"column":19},"end":{"line":7,"column":20}},"loc":{"start":{"line":11,"column":34},"end":{"line":42,"column":null}}},"1":{"name":"(anonymous_1)","decl":{"start":{"line":22,"column":4},"end":{"line":22,"column":5}},"loc":{"start":{"line":23,"column":6},"end":{"line":24,"column":null}}}},"branchMap":{"0":{"loc":{"start":{"line":12,"column":2},"end":{"line":15,"column":null}},"type":"if","locations":[{"start":{"line":12,"column":2},"end":{"line":15,"column":null}}]},"1":{"loc":{"start":{"line":23,"column":6},"end":{"line":24,"column":null}},"type":"binary-expr","locations":[{"start":{"line":23,"column":6},"end":{"line":23,"column":45}},{"start":{"line":23,"column":45},"end":{"line":23,"column":null}},{"start":{"line":24,"column":6},"end":{"line":24,"column":null}}]},"2":{"loc":{"start":{"line":28,"column":22},"end":{"line":28,"column":null}},"type":"cond-expr","locations":[{"start":{"line":28,"column":40},"end":{"line":28,"column":57}},{"start":{"line":28,"column":57},"end":{"line":28,"column":null}}]},"3":{"loc":{"start":{"line":29,"column":18},"end":{"line":29,"column":null}},"type":"cond-expr","locations":[{"start":{"line":29,"column":24},"end":{"line":29,"column":49}},{"start":{"line":29,"column":49},"end":{"line":29,"column":null}}]}},"s":{"0":65,"1":0,"2":0,"3":0,"4":0,"5":0,"6":0,"7":0,"8":0,"9":0,"10":0,"11":0,"12":0},"f":{"0":0,"1":0},"b":{"0":[0],"1":[0,0,0],"2":[0,0],"3":[0,0]}}
,"/home/will-mitchell/Documents/army-assist/src/components/CardComponents/PhaseDisplays/ShootingOrFightPhase.tsx": {"path":"/home/will-mitchell/Documents/army-assist/src/components/CardComponents/PhaseDisplays/ShootingOrFightPhase.tsx","statementMap":{"0":{"start":{"line":10,"column":29},"end":{"line":43,"column":null}},"1":{"start":{"line":19,"column":36},"end":{"line":27,"column":null}},"2":{"start":{"line":21,"column":6},"end":{"line":23,"column":null}},"3":{"start":{"line":26,"column":19},"end":{"line":26,"column":null}},"4":{"start":{"line":29,"column":35},"end":{"line":35,"column":null}},"5":{"start":{"line":30,"column":40},"end":{"line":33,"column":null}},"6":{"start":{"line":32,"column":10},"end":{"line":32,"column":null}},"7":{"start":{"line":37,"column":18},"end":{"line":37,"column":null}},"8":{"start":{"line":39,"column":2},"end":{"line":42,"column":null}}},"fnMap":{"0":{"name":"(anonymous_0)","decl":{"start":{"line":10,"column":29},"end":{"line":10,"column":30}},"loc":{"start":{"line":18,"column":34},"end":{"line":43,"column":null}}},"1":{"name":"(anonymous_1)","decl":{"start":{"line":20,"column":12},"end":{"line":20,"column":13}},"loc":{"start":{"line":21,"column":6},"end":{"line":23,"column":null}}},"2":{"name":"(anonymous_2)","decl":{"start":{"line":26,"column":6},"end":{"line":26,"column":7}},"loc":{"start":{"line":26,"column":19},"end":{"line":26,"column":null}}},"3":{"name":"(anonymous_3)","decl":{"start":{"line":30,"column":39},"end":{"line":30,"column":40}},"loc":{"start":{"line":30,"column":40},"end":{"line":33,"column":null}}},"4":{"name":"(anonymous_4)","decl":{"start":{"line":31,"column":34},"end":{"line":31,"column":35}},"loc":{"start":{"line":31,"column":44},"end":{"line":33,"column":9}}}},"branchMap":{"0":{"loc":{"start":{"line":21,"column":6},"end":{"line":23,"column":null}},"type":"cond-expr","locations":[{"start":{"line":22,"column":10},"end":{"line":22,"column":null}},{"start":{"line":23,"column":10},"end":{"line":23,"column":null}}]},"1":{"loc":{"start":{"line":26,"column":19},"end":{"line":26,"column":null}},"type":"binary-expr","locations":[{"start":{"line":26,"column":19},"end":{"line":26,"column":37}},{"start":{"line":26,"column":37},"end":{"line":26,"column":null}}]},"2":{"loc":{"start":{"line":29,"column":35},"end":{"line":35,"column":null}},"type":"cond-expr","locations":[{"start":{"line":30,"column":6},"end":{"line":34,"column":null}},{"start":{"line":35,"column":6},"end":{"line":35,"column":null}}]},"3":{"loc":{"start":{"line":31,"column":9},"end":{"line":31,"column":29}},"type":"binary-expr","locations":[{"start":{"line":31,"column":9},"end":{"line":31,"column":25}},{"start":{"line":31,"column":25},"end":{"line":31,"column":29}}]}},"s":{"0":65,"1":5070,"2":34582470,"3":20284836,"4":5070,"5":22944,"6":87643,"7":5070,"8":5070},"f":{"0":5070,"1":34582470,"2":20284836,"3":22944,"4":87643},"b":{"0":[26069862,8512608],"1":[20284836,20284836],"2":[5070,0],"3":[22944,0]}}
,"/home/will-mitchell/Documents/army-assist/src/components/CardComponents/PhaseDisplays/WeaponPhaseTable.tsx": {"path":"/home/will-mitchell/Documents/army-assist/src/components/CardComponents/PhaseDisplays/WeaponPhaseTable.tsx","statementMap":{"0":{"start":{"line":16,"column":16},"end":{"line":16,"column":null}},"1":{"start":{"line":16,"column":36},"end":{"line":16,"column":47}},"2":{"start":{"line":18,"column":2},"end":{"line":58,"column":null}},"3":{"start":{"line":35,"column":12},"end":{"line":54,"column":null}}},"fnMap":{"0":{"name":"WeaponPhaseTable","decl":{"start":{"line":11,"column":9},"end":{"line":11,"column":26}},"loc":{"start":{"line":15,"column":3},"end":{"line":60,"column":null}}},"1":{"name":"(anonymous_1)","decl":{"start":{"line":16,"column":25},"end":{"line":16,"column":26}},"loc":{"start":{"line":16,"column":36},"end":{"line":16,"column":47}}},"2":{"name":"(anonymous_2)","decl":{"start":{"line":34,"column":32},"end":{"line":34,"column":33}},"loc":{"start":{"line":35,"column":12},"end":{"line":54,"column":null}}}},"branchMap":{"0":{"loc":{"start":{"line":24,"column":13},"end":{"line":24,"column":null}},"type":"binary-expr","locations":[{"start":{"line":24,"column":13},"end":{"line":24,"column":38}},{"start":{"line":24,"column":38},"end":{"line":24,"column":null}}]},"1":{"loc":{"start":{"line":38,"column":16},"end":{"line":38,"column":null}},"type":"cond-expr","locations":[{"start":{"line":38,"column":34},"end":{"line":38,"column":39}},{"start":{"line":38,"column":39},"end":{"line":38,"column":null}}]},"2":{"loc":{"start":{"line":42,"column":15},"end":{"line":45,"column":null}},"type":"binary-expr","locations":[{"start":{"line":42,"column":15},"end":{"line":42,"column":null}},{"start":{"line":43,"column":16},"end":{"line":45,"column":null}}]},"3":{"loc":{"start":{"line":44,"column":19},"end":{"line":44,"column":null}},"type":"cond-expr","locations":[{"start":{"line":44,"column":46},"end":{"line":44,"column":61}},{"start":{"line":44,"column":61},"end":{"line":44,"column":null}}]},"4":{"loc":{"start":{"line":48,"column":15},"end":{"line":48,"column":58}},"type":"cond-expr","locations":[{"start":{"line":48,"column":40},"end":{"line":48,"column":45}},{"start":{"line":48,"column":45},"end":{"line":48,"column":58}}]}},"s":{"0":4972,"1":9944,"2":4972,"3":9524},"f":{"0":4972,"1":9944,"2":9524},"b":{"0":[4972,3724],"1":[6131,3393],"2":[9524,8036],"3":[0,8036],"4":[588,8936]}}
,"/home/will-mitchell/Documents/army-assist/src/components/CardComponents/PhaseDisplays/TableComponents.tsx/TableCell.tsx": {"path":"/home/will-mitchell/Documents/army-assist/src/components/CardComponents/PhaseDisplays/TableComponents.tsx/TableCell.tsx","statementMap":{"0":{"start":{"line":6,"column":5},"end":{"line":7,"column":null}},"1":{"start":{"line":7,"column":2},"end":{"line":7,"column":null}}},"fnMap":{"0":{"name":"(anonymous_0)","decl":{"start":{"line":6,"column":5},"end":{"line":6,"column":6}},"loc":{"start":{"line":7,"column":2},"end":{"line":7,"column":null}}}},"branchMap":{},"s":{"0":65,"1":75320},"f":{"0":75320},"b":{}}
,"/home/will-mitchell/Documents/army-assist/src/components/CardComponents/PhaseDisplays/TableComponents.tsx/TableHeaderCell.tsx": {"path":"/home/will-mitchell/Documents/army-assist/src/components/CardComponents/PhaseDisplays/TableComponents.tsx/TableHeaderCell.tsx","statementMap":{"0":{"start":{"line":6,"column":5},"end":{"line":7,"column":null}},"1":{"start":{"line":7,"column":2},"end":{"line":7,"column":null}}},"fnMap":{"0":{"name":"(anonymous_0)","decl":{"start":{"line":6,"column":5},"end":{"line":6,"column":6}},"loc":{"start":{"line":7,"column":2},"end":{"line":7,"column":null}}}},"branchMap":{},"s":{"0":65,"1":48668},"f":{"0":48668},"b":{}}
[...]
,"/home/will-mitchell/Documents/army-assist/src/types/Phase.ts": {"path":"/home/will-mitchell/Documents/army-assist/src/types/Phase.ts","statementMap":{"0":{"start":{"line":1,"column":0},"end":{"line":1,"column":null}},"1":{"start":{"line":2,"column":2},"end":{"line":2,"column":null}},"2":{"start":{"line":3,"column":2},"end":{"line":3,"column":null}},"3":{"start":{"line":4,"column":2},"end":{"line":4,"column":null}},"4":{"start":{"line":5,"column":2},"end":{"line":5,"column":null}},"5":{"start":{"line":6,"column":2},"end":{"line":6,"column":null}},"6":{"start":{"line":7,"column":2},"end":{"line":7,"column":null}},"7":{"start":{"line":1,"column":5},"end":{"line":1,"column":null}}},"fnMap":{"0":{"name":"(anonymous_0)","decl":{"start":{"line":1,"column":0},"end":{"line":1,"column":5}},"loc":{"start":{"line":1,"column":0},"end":{"line":1,"column":null}}}},"branchMap":{"0":{"loc":{"start":{"line":1,"column":5},"end":{"line":1,"column":null}},"type":"binary-expr","locations":[{"start":{"line":1,"column":5},"end":{"line":1,"column":null}},{"start":{"line":1,"column":5},"end":{"line":1,"column":null}}]}},"s":{"0":65,"1":65,"2":65,"3":65,"4":65,"5":65,"6":65,"7":65},"f":{"0":65},"b":{"0":[65,65]}}
,"/home/will-mitchell/Documents/army-assist/src/types/Side.ts": {"path":"/home/will-mitchell/Documents/army-assist/src/types/Side.ts","statementMap":{"0":{"start":{"line":1,"column":0},"end":{"line":1,"column":12}},"1":{"start":{"line":1,"column":12},"end":{"line":1,"column":16}},"2":{"start":{"line":1,"column":16},"end":{"line":1,"column":null}},"3":{"start":{"line":1,"column":5},"end":{"line":1,"column":12}}},"fnMap":{"0":{"name":"(anonymous_0)","decl":{"start":{"line":1,"column":0},"end":{"line":1,"column":5}},"loc":{"start":{"line":1,"column":0},"end":{"line":1,"column":12}}}},"branchMap":{"0":{"loc":{"start":{"line":1,"column":5},"end":{"line":1,"column":12}},"type":"binary-expr","locations":[{"start":{"line":1,"column":5},"end":{"line":1,"column":12}},{"start":{"line":1,"column":5},"end":{"line":1,"column":12}}]}},"s":{"0":65,"1":65,"2":65,"3":65},"f":{"0":65},"b":{"0":[65,65]}}
,"/home/will-mitchell/Documents/army-assist/src/types/SortOptions.ts": {"path":"/home/will-mitchell/Documents/army-assist/src/types/SortOptions.ts","statementMap":{"0":{"start":{"line":1,"column":0},"end":{"line":1,"column":null}},"1":{"start":{"line":2,"column":2},"end":{"line":2,"column":null}},"2":{"start":{"line":3,"column":2},"end":{"line":3,"column":null}},"3":{"start":{"line":1,"column":5},"end":{"line":1,"column":null}}},"fnMap":{"0":{"name":"(anonymous_0)","decl":{"start":{"line":1,"column":0},"end":{"line":1,"column":5}},"loc":{"start":{"line":1,"column":0},"end":{"line":1,"column":null}}}},"branchMap":{"0":{"loc":{"start":{"line":1,"column":5},"end":{"line":1,"column":null}},"type":"binary-expr","locations":[{"start":{"line":1,"column":5},"end":{"line":1,"column":null}},{"start":{"line":1,"column":5},"end":{"line":1,"column":null}}]}},"s":{"0":65,"1":65,"2":65,"3":65},"f":{"0":65},"b":{"0":[65,65]}}
,"/home/will-mitchell/Documents/army-assist/src/utils/StoreHelper.ts": {"path":"/home/will-mitchell/Documents/army-assist/src/utils/StoreHelper.ts","statementMap":{"0":{"start":{"line":6,"column":30},"end":{"line":16,"column":null}},"1":{"start":{"line":7,"column":24},"end":{"line":13,"column":null}},"2":{"start":{"line":15,"column":2},"end":{"line":15,"column":null}},"3":{"start":{"line":18,"column":27},"end":{"line":54,"column":null}},"4":{"start":{"line":19,"column":2},"end":{"line":51,"column":null}},"5":{"start":{"line":21,"column":6},"end":{"line":21,"column":null}},"6":{"start":{"line":22,"column":6},"end":{"line":22,"column":null}},"7":{"start":{"line":24,"column":6},"end":{"line":24,"column":null}},"8":{"start":{"line":25,"column":6},"end":{"line":25,"column":null}},"9":{"start":{"line":27,"column":6},"end":{"line":27,"column":null}},"10":{"start":{"line":28,"column":6},"end":{"line":28,"column":null}},"11":{"start":{"line":30,"column":6},"end":{"line":30,"column":null}},"12":{"start":{"line":31,"column":6},"end":{"line":31,"column":null}},"13":{"start":{"line":34,"column":6},"end":{"line":34,"column":null}},"14":{"start":{"line":35,"column":6},"end":{"line":35,"column":null}},"15":{"start":{"line":37,"column":6},"end":{"line":37,"column":null}},"16":{"start":{"line":38,"column":6},"end":{"line":38,"column":null}},"17":{"start":{"line":40,"column":6},"end":{"line":40,"column":null}},"18":{"start":{"line":41,"column":6},"end":{"line":41,"column":null}},"19":{"start":{"line":43,"column":6},"end":{"line":43,"column":null}},"20":{"start":{"line":44,"column":6},"end":{"line":44,"column":null}},"21":{"start":{"line":46,"column":6},"end":{"line":46,"column":null}},"22":{"start":{"line":47,"column":6},"end":{"line":47,"column":null}},"23":{"start":{"line":49,"column":6},"end":{"line":49,"column":null}},"24":{"start":{"line":50,"column":6},"end":{"line":50,"column":null}},"25":{"start":{"line":53,"column":2},"end":{"line":53,"column":null}},"26":{"start":{"line":56,"column":30},"end":{"line":132,"column":null}},"27":{"start":{"line":57,"column":2},"end":{"line":131,"column":null}},"28":{"start":{"line":59,"column":6},"end":{"line":63,"column":null}},"29":{"start":{"line":65,"column":6},"end":{"line":70,"column":null}},"30":{"start":{"line":72,"column":6},"end":{"line":77,"column":null}},"31":{"start":{"line":79,"column":6},"end":{"line":84,"column":null}},"32":{"start":{"line":86,"column":6},"end":{"line":91,"column":null}},"33":{"start":{"line":93,"column":6},"end":{"line":98,"column":null}},"34":{"start":{"line":100,"column":6},"end":{"line":105,"column":null}},"35":{"start":{"line":107,"column":6},"end":{"line":112,"column":null}},"36":{"start":{"line":114,"column":6},"end":{"line":119,"column":null}},"37":{"start":{"line":121,"column":6},"end":{"line":130,"column":null}},"38":{"start":{"line":122,"column":8},"end":{"line":127,"column":null}},"39":{"start":{"line":129,"column":8},"end":{"line":129,"column":null}},"40":{"start":{"line":134,"column":29},"end":{"line":220,"column":null}},"41":{"start":{"line":135,"column":2},"end":{"line":137,"column":null}},"42":{"start":{"line":136,"column":4},"end":{"line":136,"column":null}},"43":{"start":{"line":139,"column":2},"end":{"line":147,"column":null}},"44":{"start":{"line":141,"column":6},"end":{"line":141,"column":null}},"45":{"start":{"line":142,"column":6},"end":{"line":142,"column":null}},"46":{"start":{"line":144,"column":6},"end":{"line":144,"column":null}},"47":{"start":{"line":145,"column":6},"end":{"line":145,"column":null}},"48":{"start":{"line":146,"column":6},"end":{"line":146,"column":null}},"49":{"start":{"line":149,"column":2},"end":{"line":217,"column":null}},"50":{"start":{"line":151,"column":6},"end":{"line":157,"column":null}},"51":{"start":{"line":152,"column":8},"end":{"line":156,"column":null}},"52":{"start":{"line":153,"column":10},"end":{"line":153,"column":null}},"53":{"start":{"line":155,"column":10},"end":{"line":155,"column":null}},"54":{"start":{"line":158,"column":6},"end":{"line":158,"column":null}},"55":{"start":{"line":160,"column":6},"end":{"line":160,"column":null}},"56":{"start":{"line":161,"column":6},"end":{"line":161,"column":null}},"57":{"start":{"line":163,"column":6},"end":{"line":163,"column":null}},"58":{"start":{"line":164,"column":6},"end":{"line":164,"column":null}},"59":{"start":{"line":166,"column":6},"end":{"line":166,"column":null}},"60":{"start":{"line":167,"column":6},"end":{"line":167,"column":null}},"61":{"start":{"line":169,"column":6},"end":{"line":169,"column":null}},"62":{"start":{"line":170,"column":6},"end":{"line":170,"column":null}},"63":{"start":{"line":172,"column":6},"end":{"line":172,"column":null}},"64":{"start":{"line":173,"column":6},"end":{"line":173,"column":null}},"65":{"start":{"line":175,"column":6},"end":{"line":175,"column":null}},"66":{"start":{"line":176,"column":6},"end":{"line":176,"column":null}},"67":{"start":{"line":178,"column":6},"end":{"line":178,"column":null}},"68":{"start":{"line":179,"column":6},"end":{"line":179,"column":null}},"69":{"start":{"line":181,"column":6},"end":{"line":181,"column":null}},"70":{"start":{"line":182,"column":6},"end":{"line":182,"column":null}},"71":{"start":{"line":184,"column":6},"end":{"line":184,"column":null}},"72":{"start":{"line":185,"column":6},"end":{"line":185,"column":null}},"73":{"start":{"line":187,"column":6},"end":{"line":187,"column":null}},"74":{"start":{"line":188,"column":6},"end":{"line":188,"column":null}},"75":{"start":{"line":190,"column":6},"end":{"line":190,"column":null}},"76":{"start":{"line":191,"column":6},"end":{"line":191,"column":null}},"77":{"start":{"line":193,"column":6},"end":{"line":193,"column":null}},"78":{"start":{"line":194,"column":6},"end":{"line":194,"column":null}},"79":{"start":{"line":195,"column":6},"end":{"line":195,"column":null}},"80":{"start":{"line":197,"column":6},"end":{"line":197,"column":null}},"81":{"start":{"line":198,"column":6},"end":{"line":198,"column":null}},"82":{"start":{"line":200,"column":6},"end":{"line":200,"column":null}},"83":{"start":{"line":201,"column":6},"end":{"line":201,"column":null}},"84":{"start":{"line":203,"column":6},"end":{"line":203,"column":null}},"85":{"start":{"line":204,"column":6},"end":{"line":204,"column":null}},"86":{"start":{"line":206,"column":6},"end":{"line":206,"column":null}},"87":{"start":{"line":207,"column":6},"end":{"line":207,"column":null}},"88":{"start":{"line":209,"column":6},"end":{"line":209,"column":null}},"89":{"start":{"line":210,"column":6},"end":{"line":210,"column":null}},"90":{"start":{"line":212,"column":6},"end":{"line":212,"column":null}},"91":{"start":{"line":213,"column":6},"end":{"line":213,"column":null}},"92":{"start":{"line":215,"column":6},"end":{"line":215,"column":null}},"93":{"start":{"line":216,"column":6},"end":{"line":216,"column":null}},"94":{"start":{"line":219,"column":2},"end":{"line":219,"column":null}},"95":{"start":{"line":222,"column":23},"end":{"line":224,"column":null}},"96":{"start":{"line":223,"column":2},"end":{"line":223,"column":null}},"97":{"start":{"line":223,"column":27},"end":{"line":223,"column":67}}},"fnMap":{"0":{"name":"(anonymous_0)","decl":{"start":{"line":6,"column":30},"end":{"line":6,"column":31}},"loc":{"start":{"line":6,"column":55},"end":{"line":16,"column":null}}},"1":{"name":"(anonymous_1)","decl":{"start":{"line":18,"column":27},"end":{"line":18,"column":28}},"loc":{"start":{"line":18,"column":47},"end":{"line":54,"column":null}}},"2":{"name":"(anonymous_2)","decl":{"start":{"line":56,"column":30},"end":{"line":56,"column":31}},"loc":{"start":{"line":56,"column":52},"end":{"line":132,"column":null}}},"3":{"name":"(anonymous_3)","decl":{"start":{"line":134,"column":29},"end":{"line":134,"column":30}},"loc":{"start":{"line":134,"column":85},"end":{"line":220,"column":null}}},"4":{"name":"(anonymous_4)","decl":{"start":{"line":222,"column":23},"end":{"line":222,"column":24}},"loc":{"start":{"line":222,"column":95},"end":{"line":224,"column":null}}},"5":{"name":"(anonymous_5)","decl":{"start":{"line":223,"column":19},"end":{"line":223,"column":27}},"loc":{"start":{"line":223,"column":27},"end":{"line":223,"column":67}}}},"branchMap":{"0":{"loc":{"start":{"line":19,"column":2},"end":{"line":51,"column":null}},"type":"switch","locations":[{"start":{"line":20,"column":4},"end":{"line":22,"column":null}},{"start":{"line":23,"column":4},"end":{"line":25,"column":null}},{"start":{"line":26,"column":4},"end":{"line":28,"column":null}},{"start":{"line":29,"column":4},"end":{"line":31,"column":null}},{"start":{"line":32,"column":4},"end":{"line":32,"column":null}},{"start":{"line":33,"column":4},"end":{"line":35,"column":null}},{"start":{"line":36,"column":4},"end":{"line":38,"column":null}},{"start":{"line":39,"column":4},"end":{"line":41,"column":null}},{"start":{"line":42,"column":4},"end":{"line":44,"column":null}},{"start":{"line":45,"column":4},"end":{"line":47,"column":null}},{"start":{"line":48,"column":4},"end":{"line":50,"column":null}}]},"1":{"loc":{"start":{"line":57,"column":2},"end":{"line":131,"column":null}},"type":"switch","locations":[{"start":{"line":58,"column":4},"end":{"line":63,"column":null}},{"start":{"line":64,"column":4},"end":{"line":70,"column":null}},{"start":{"line":71,"column":4},"end":{"line":77,"column":null}},{"start":{"line":78,"column":4},"end":{"line":84,"column":null}},{"start":{"line":85,"column":4},"end":{"line":91,"column":null}},{"start":{"line":92,"column":4},"end":{"line":98,"column":null}},{"start":{"line":99,"column":4},"end":{"line":105,"column":null}},{"start":{"line":106,"column":4},"end":{"line":112,"column":null}},{"start":{"line":113,"column":4},"end":{"line":119,"column":null}},{"start":{"line":120,"column":4},"end":{"line":130,"column":null}}]},"2":{"loc":{"start":{"line":121,"column":6},"end":{"line":130,"column":null}},"type":"if","locations":[{"start":{"line":121,"column":6},"end":{"line":130,"column":null}},{"start":{"line":128,"column":13},"end":{"line":130,"column":null}}]},"3":{"loc":{"start":{"line":135,"column":2},"end":{"line":137,"column":null}},"type":"if","locations":[{"start":{"line":135,"column":2},"end":{"line":137,"column":null}}]},"4":{"loc":{"start":{"line":139,"column":2},"end":{"line":147,"column":null}},"type":"switch","locations":[{"start":{"line":140,"column":4},"end":{"line":142,"column":null}},{"start":{"line":143,"column":4},"end":{"line":146,"column":null}}]},"5":{"loc":{"start":{"line":141,"column":16},"end":{"line":141,"column":null}},"type":"cond-expr","locations":[{"start":{"line":141,"column":26},"end":{"line":141,"column":61}},{"start":{"line":141,"column":61},"end":{"line":141,"column":null}}]},"6":{"loc":{"start":{"line":144,"column":16},"end":{"line":144,"column":null}},"type":"cond-expr","locations":[{"start":{"line":144,"column":26},"end":{"line":144,"column":59}},{"start":{"line":144,"column":59},"end":{"line":144,"column":null}}]},"7":{"loc":{"start":{"line":145,"column":16},"end":{"line":145,"column":null}},"type":"cond-expr","locations":[{"start":{"line":145,"column":26},"end":{"line":145,"column":63}},{"start":{"line":145,"column":63},"end":{"line":145,"column":null}}]},"8":{"loc":{"start":{"line":149,"column":2},"end":{"line":217,"column":null}},"type":"switch","locations":[{"start":{"line":150,"column":4},"end":{"line":158,"column":null}},{"start":{"line":159,"column":4},"end":{"line":161,"column":null}},{"start":{"line":162,"column":4},"end":{"line":164,"column":null}},{"start":{"line":165,"column":4},"end":{"line":167,"column":null}},{"start":{"line":168,"column":4},"end":{"line":170,"column":null}},{"start":{"line":171,"column":4},"end":{"line":173,"column":null}},{"start":{"line":174,"column":4},"end":{"line":176,"column":null}},{"start":{"line":177,"column":4},"end":{"line":179,"column":null}},{"start":{"line":180,"column":4},"end":{"line":182,"column":null}},{"start":{"line":183,"column":4},"end":{"line":185,"column":null}},{"start":{"line":186,"column":4},"end":{"line":188,"column":null}},{"start":{"line":189,"column":4},"end":{"line":191,"column":null}},{"start":{"line":192,"column":4},"end":{"line":195,"column":null}},{"start":{"line":196,"column":4},"end":{"line":198,"column":null}},{"start":{"line":199,"column":4},"end":{"line":201,"column":null}},{"start":{"line":202,"column":4},"end":{"line":204,"column":null}},{"start":{"line":205,"column":4},"end":{"line":207,"column":null}},{"start":{"line":208,"column":4},"end":{"line":210,"column":null}},{"start":{"line":211,"column":4},"end":{"line":213,"column":null}},{"start":{"line":214,"column":4},"end":{"line":216,"column":null}}]},"9":{"loc":{"start":{"line":151,"column":6},"end":{"line":157,"column":null}},"type":"if","locations":[{"start":{"line":151,"column":6},"end":{"line":157,"column":null}}]},"10":{"loc":{"start":{"line":152,"column":8},"end":{"line":156,"column":null}},"type":"if","locations":[{"start":{"line":152,"column":8},"end":{"line":156,"column":null}},{"start":{"line":154,"column":15},"end":{"line":156,"column":null}}]},"11":{"loc":{"start":{"line":223,"column":27},"end":{"line":223,"column":67}},"type":"cond-expr","locations":[{"start":{"line":223,"column":48},"end":{"line":223,"column":63}},{"start":{"line":223,"column":63},"end":{"line":223,"column":67}}]}},"s":{"0":65,"1":65,"2":65,"3":65,"4":5284,"5":0,"6":0,"7":0,"8":0,"9":0,"10":0,"11":0,"12":0,"13":0,"14":0,"15":65,"16":65,"17":0,"18":0,"19":0,"20":0,"21":0,"22":0,"23":65,"24":65,"25":5284,"26":65,"27":16575,"28":195,"29":260,"30":260,"31":3250,"32":65,"33":130,"34":130,"35":260,"36":260,"37":11765,"38":1495,"39":10270,"40":65,"41":5265,"42":0,"43":5265,"44":0,"45":0,"46":0,"47":0,"48":0,"49":5265,"50":0,"51":0,"52":0,"53":0,"54":0,"55":0,"56":0,"57":0,"58":0,"59":0,"60":0,"61":0,"62":0,"63":0,"64":0,"65":0,"66":0,"67":0,"68":0,"69":0,"70":0,"71":0,"72":0,"73":0,"74":0,"75":65,"76":65,"77":0,"78":0,"79":0,"80":0,"81":0,"82":0,"83":0,"84":0,"85":0,"86":0,"87":0,"88":130,"89":130,"90":65,"91":65,"92":0,"93":0,"94":5265,"95":65,"96":260,"97":650},"f":{"0":65,"1":5284,"2":16575,"3":5265,"4":260,"5":650},"b":{"0":[0,0,0,0,0,0,65,0,0,0,65],"1":[195,260,260,3250,65,130,130,260,260,11765],"2":[1495,10270],"3":[0],"4":[0,0],"5":[0,0],"6":[0,0],"7":[0,0],"8":[0,0,0,0,0,0,0,0,0,0,0,65,0,0,0,0,0,130,65,0],"9":[0],"10":[0,0],"11":[195,455]}}
,"/home/will-mitchell/Documents/army-assist/src/utils/VersionHelper.ts": {"path":"/home/will-mitchell/Documents/army-assist/src/utils/VersionHelper.ts","statementMap":{"0":{"start":{"line":3,"column":26},"end":{"line":3,"column":null}},"1":{"start":{"line":3,"column":32},"end":{"line":3,"column":null}},"2":{"start":{"line":4,"column":31},"end":{"line":4,"column":null}},"3":{"start":{"line":4,"column":37},"end":{"line":4,"column":null}}},"fnMap":{"0":{"name":"(anonymous_0)","decl":{"start":{"line":3,"column":26},"end":{"line":3,"column":32}},"loc":{"start":{"line":3,"column":32},"end":{"line":3,"column":null}}},"1":{"name":"(anonymous_1)","decl":{"start":{"line":4,"column":31},"end":{"line":4,"column":37}},"loc":{"start":{"line":4,"column":37},"end":{"line":4,"column":null}}}},"branchMap":{},"s":{"0":65,"1":65,"2":65,"3":130},"f":{"0":65,"1":130},"b":{}}
}
