{"/home/will-mitchell/Documents/army-assist/src/App.tsx": {"path":"/home/will-mitchell/Documents/army-assist/src/App.tsx","statementMap":{"0":{"start":{"line":8,"column":21},"end":{"line":8,"column":null}},"1":{"start":{"line":8,"column":41},"end":{"line":8,"column":57}},"2":{"start":{"line":10,"column":2},"end":{"line":16,"column":null}},"3":{"start":{"line":11,"column":4},"end":{"line":15,"column":null}},"4":{"start":{"line":12,"column":6},"end":{"line":12,"column":null}},"5":{"start":{"line":14,"column":6},"end":{"line":14,"column":null}},"6":{"start":{"line":18,"column":2},"end":{"line":22,"column":null}}},"fnMap":{"0":{"name":"App","decl":{"start":{"line":7,"column":9},"end":{"line":7,"column":15}},"loc":{"start":{"line":7,"column":15},"end":{"line":24,"column":null}}},"1":{"name":"(anonymous_1)","decl":{"start":{"line":8,"column":30},"end":{"line":8,"column":31}},"loc":{"start":{"line":8,"column":41},"end":{"line":8,"column":57}}},"2":{"name":"(anonymous_2)","decl":{"start":{"line":10,"column":12},"end":{"line":10,"column":18}},"loc":{"start":{"line":10,"column":18},"end":{"line":16,"column":5}}}},"branchMap":{"0":{"loc":{"start":{"line":11,"column":4},"end":{"line":15,"column":null}},"type":"if","locations":[{"start":{"line":11,"column":4},"end":{"line":15,"column":null}},{"start":{"line":13,"column":11},"end":{"line":15,"column":null}}]}},"s":{"0":64,"1":320,"2":64,"3":64,"4":64,"5":0,"6":64},"f":{"0":64,"1":320,"2":64},"b":{"0":[64,0]}}
,"/home/will-mitchell/Documents/army-assist/src/main.tsx": {"path":"/home/will-mitchell/Documents/army-assist/src/main.tsx","statementMap":{"0":{"start":{"line":7,"column":0},"end":{"line":11,"column":null}}},"fnMap":{},"branchMap":{},"s":{"0":64},"f":{},"b":{}}
,"/home/will-mitchell/Documents/army-assist/src/components/ArmyRuleDisplay.tsx": {"path":"/home/will-mitchell/Documents/army-assist/src/components/ArmyRuleDisplay.tsx","statementMap":{"0":{"start":{"line":8,"column":24},"end":{"line":112,"column":null}},"1":{"start":{"line":9,"column":18},"end":{"line":9,"column":null}},"2":{"start":{"line":9,"column":38},"end":{"line":9,"column":51}},"3":{"start":{"line":11,"column":4},"end":{"line":11,"column":null}},"4":{"start":{"line":11,"column":24},"end":{"line":11,"column":40}},"5":{"start":{"line":12,"column":16},"end":{"line":12,"column":null}},"6":{"start":{"line":12,"column":36},"end":{"line":12,"column":47}},"7":{"start":{"line":14,"column":36},"end":{"line":14,"column":null}},"8":{"start":{"line":16,"column":2},"end":{"line":50,"column":null}},"9":{"start":{"line":17,"column":34},"end":{"line":30,"column":null}},"10":{"start":{"line":20,"column":10},"end":{"line":20,"column":null}},"11":{"start":{"line":22,"column":19},"end":{"line":30,"column":8}},"12":{"start":{"line":32,"column":40},"end":{"line":47,"column":null}},"13":{"start":{"line":35,"column":10},"end":{"line":37,"column":null}},"14":{"start":{"line":39,"column":19},"end":{"line":47,"column":8}},"15":{"start":{"line":49,"column":4},"end":{"line":49,"column":null}},"16":{"start":{"line":52,"column":27},"end":{"line":52,"column":null}},"17":{"start":{"line":55,"column":4},"end":{"line":55,"column":null}},"18":{"start":{"line":58,"column":2},"end":{"line":110,"column":null}},"19":{"start":{"line":62,"column":10},"end":{"line":107,"column":null}},"20":{"start":{"line":65,"column":16},"end":{"line":71,"column":null}},"21":{"start":{"line":88,"column":20},"end":{"line":98,"column":null}}},"fnMap":{"0":{"name":"(anonymous_0)","decl":{"start":{"line":8,"column":24},"end":{"line":8,"column":30}},"loc":{"start":{"line":8,"column":30},"end":{"line":112,"column":null}}},"1":{"name":"(anonymous_1)","decl":{"start":{"line":9,"column":27},"end":{"line":9,"column":28}},"loc":{"start":{"line":9,"column":38},"end":{"line":9,"column":51}}},"2":{"name":"(anonymous_2)","decl":{"start":{"line":11,"column":13},"end":{"line":11,"column":14}},"loc":{"start":{"line":11,"column":24},"end":{"line":11,"column":40}}},"3":{"name":"(anonymous_3)","decl":{"start":{"line":12,"column":25},"end":{"line":12,"column":26}},"loc":{"start":{"line":12,"column":36},"end":{"line":12,"column":47}}},"4":{"name":"(anonymous_4)","decl":{"start":{"line":16,"column":12},"end":{"line":16,"column":18}},"loc":{"start":{"line":16,"column":18},"end":{"line":50,"column":5}}},"5":{"name":"(anonymous_5)","decl":{"start":{"line":19,"column":8},"end":{"line":19,"column":9}},"loc":{"start":{"line":20,"column":10},"end":{"line":20,"column":null}}},"6":{"name":"(anonymous_6)","decl":{"start":{"line":22,"column":11},"end":{"line":22,"column":12}},"loc":{"start":{"line":22,"column":19},"end":{"line":30,"column":8}}},"7":{"name":"(anonymous_7)","decl":{"start":{"line":34,"column":8},"end":{"line":34,"column":9}},"loc":{"start":{"line":35,"column":10},"end":{"line":37,"column":null}}},"8":{"name":"(anonymous_8)","decl":{"start":{"line":39,"column":11},"end":{"line":39,"column":12}},"loc":{"start":{"line":39,"column":19},"end":{"line":47,"column":8}}},"9":{"name":"classNames","decl":{"start":{"line":54,"column":11},"end":{"line":54,"column":25}},"loc":{"start":{"line":54,"column":44},"end":{"line":56,"column":null}}},"10":{"name":"(anonymous_10)","decl":{"start":{"line":61,"column":9},"end":{"line":61,"column":10}},"loc":{"start":{"line":62,"column":10},"end":{"line":107,"column":null}}},"11":{"name":"(anonymous_11)","decl":{"start":{"line":64,"column":25},"end":{"line":64,"column":26}},"loc":{"start":{"line":65,"column":16},"end":{"line":71,"column":null}}},"12":{"name":"(anonymous_12)","decl":{"start":{"line":87,"column":33},"end":{"line":87,"column":34}},"loc":{"start":{"line":88,"column":20},"end":{"line":98,"column":null}}}},"branchMap":{"0":{"loc":{"start":{"line":11,"column":4},"end":{"line":11,"column":null}},"type":"binary-expr","locations":[{"start":{"line":11,"column":4},"end":{"line":11,"column":45}},{"start":{"line":11,"column":45},"end":{"line":11,"column":null}}]},"1":{"loc":{"start":{"line":20,"column":10},"end":{"line":20,"column":null}},"type":"binary-expr","locations":[{"start":{"line":20,"column":10},"end":{"line":20,"column":44}},{"start":{"line":20,"column":44},"end":{"line":20,"column":null}}]},"2":{"loc":{"start":{"line":35,"column":10},"end":{"line":37,"column":null}},"type":"binary-expr","locations":[{"start":{"line":35,"column":10},"end":{"line":35,"column":null}},{"start":{"line":36,"column":10},"end":{"line":36,"column":null}},{"start":{"line":37,"column":10},"end":{"line":37,"column":null}}]},"3":{"loc":{"start":{"line":67,"column":18},"end":{"line":69,"column":null}},"type":"cond-expr","locations":[{"start":{"line":68,"column":22},"end":{"line":68,"column":null}},{"start":{"line":69,"column":22},"end":{"line":69,"column":null}}]},"4":{"loc":{"start":{"line":74,"column":15},"end":{"line":76,"column":null}},"type":"cond-expr","locations":[{"start":{"line":75,"column":18},"end":{"line":75,"column":null}},{"start":{"line":76,"column":18},"end":{"line":76,"column":null}}]},"5":{"loc":{"start":{"line":79,"column":15},"end":{"line":104,"column":null}},"type":"cond-expr","locations":[{"start":{"line":80,"column":16},"end":{"line":100,"column":null}},{"start":{"line":102,"column":16},"end":{"line":104,"column":null}}]},"6":{"loc":{"start":{"line":82,"column":20},"end":{"line":84,"column":null}},"type":"cond-expr","locations":[{"start":{"line":83,"column":24},"end":{"line":83,"column":null}},{"start":{"line":84,"column":24},"end":{"line":84,"column":null}}]}},"s":{"0":64,"1":256,"2":576,"3":256,"4":576,"5":256,"6":576,"7":256,"8":256,"9":128,"10":7680,"11":64,"12":128,"13":23552,"14":0,"15":128,"16":256,"17":320,"18":256,"19":320,"20":320,"21":128},"f":{"0":256,"1":576,"2":576,"3":576,"4":128,"5":7680,"6":64,"7":23552,"8":0,"9":320,"10":320,"11":320,"12":128},"b":{"0":[256,256],"1":[7680,128],"2":[23552,1152,0],"3":[0,320],"4":[0,320],"5":[128,192],"6":[0,128]}}
,"/home/will-mitchell/Documents/army-assist/src/components/Body.tsx": {"path":"/home/will-mitchell/Documents/army-assist/src/components/Body.tsx","statementMap":{"0":{"start":{"line":7,"column":19},"end":{"line":7,"column":null}},"1":{"start":{"line":7,"column":39},"end":{"line":7,"column":61}},"2":{"start":{"line":9,"column":22},"end":{"line":9,"column":null}},"3":{"start":{"line":11,"column":4},"end":{"line":14,"column":null}}},"fnMap":{"0":{"name":"Body","decl":{"start":{"line":6,"column":9},"end":{"line":6,"column":16}},"loc":{"start":{"line":6,"column":16},"end":{"line":16,"column":null}}},"1":{"name":"(anonymous_1)","decl":{"start":{"line":7,"column":28},"end":{"line":7,"column":29}},"loc":{"start":{"line":7,"column":39},"end":{"line":7,"column":61}}}},"branchMap":{"0":{"loc":{"start":{"line":9,"column":22},"end":{"line":9,"column":null}},"type":"cond-expr","locations":[{"start":{"line":9,"column":33},"end":{"line":9,"column":51}},{"start":{"line":9,"column":51},"end":{"line":9,"column":null}}]}},"s":{"0":128,"1":448,"2":128,"3":128},"f":{"0":128,"1":448},"b":{"0":[64,64]}}
,"/home/will-mitchell/Documents/army-assist/src/components/Changelog.tsx": {"path":"/home/will-mitchell/Documents/army-assist/src/components/Changelog.tsx","statementMap":{"0":{"start":{"line":13,"column":30},"end":{"line":13,"column":null}},"1":{"start":{"line":15,"column":2},"end":{"line":31,"column":null}},"2":{"start":{"line":16,"column":26},"end":{"line":20,"column":null}},"3":{"start":{"line":17,"column":6},"end":{"line":19,"column":null}},"4":{"start":{"line":18,"column":8},"end":{"line":18,"column":null}},"5":{"start":{"line":22,"column":4},"end":{"line":26,"column":null}},"6":{"start":{"line":23,"column":6},"end":{"line":23,"column":null}},"7":{"start":{"line":25,"column":6},"end":{"line":25,"column":null}},"8":{"start":{"line":28,"column":4},"end":{"line":30,"column":null}},"9":{"start":{"line":29,"column":6},"end":{"line":29,"column":null}},"10":{"start":{"line":33,"column":22},"end":{"line":33,"column":null}},"11":{"start":{"line":33,"column":28},"end":{"line":33,"column":null}},"12":{"start":{"line":34,"column":21},"end":{"line":34,"column":null}},"13":{"start":{"line":34,"column":27},"end":{"line":34,"column":null}},"14":{"start":{"line":36,"column":25},"end":{"line":36,"column":null}},"15":{"start":{"line":38,"column":2},"end":{"line":92,"column":null}},"16":{"start":{"line":72,"column":16},"end":{"line":86,"column":null}},"17":{"start":{"line":81,"column":22},"end":{"line":83,"column":null}}},"fnMap":{"0":{"name":"Changelog","decl":{"start":{"line":12,"column":9},"end":{"line":12,"column":21}},"loc":{"start":{"line":12,"column":21},"end":{"line":94,"column":null}}},"1":{"name":"(anonymous_1)","decl":{"start":{"line":15,"column":12},"end":{"line":15,"column":18}},"loc":{"start":{"line":15,"column":18},"end":{"line":31,"column":5}}},"2":{"name":"(anonymous_2)","decl":{"start":{"line":16,"column":26},"end":{"line":16,"column":27}},"loc":{"start":{"line":16,"column":52},"end":{"line":20,"column":null}}},"3":{"name":"(anonymous_3)","decl":{"start":{"line":28,"column":11},"end":{"line":28,"column":17}},"loc":{"start":{"line":28,"column":17},"end":{"line":30,"column":null}}},"4":{"name":"(anonymous_4)","decl":{"start":{"line":33,"column":22},"end":{"line":33,"column":28}},"loc":{"start":{"line":33,"column":28},"end":{"line":33,"column":null}}},"5":{"name":"(anonymous_5)","decl":{"start":{"line":34,"column":21},"end":{"line":34,"column":27}},"loc":{"start":{"line":34,"column":27},"end":{"line":34,"column":null}}},"6":{"name":"(anonymous_6)","decl":{"start":{"line":71,"column":33},"end":{"line":71,"column":34}},"loc":{"start":{"line":72,"column":16},"end":{"line":86,"column":null}}},"7":{"name":"(anonymous_7)","decl":{"start":{"line":80,"column":39},"end":{"line":80,"column":40}},"loc":{"start":{"line":81,"column":22},"end":{"line":83,"column":null}}}},"branchMap":{"0":{"loc":{"start":{"line":17,"column":6},"end":{"line":19,"column":null}},"type":"if","locations":[{"start":{"line":17,"column":6},"end":{"line":19,"column":null}}]},"1":{"loc":{"start":{"line":22,"column":4},"end":{"line":26,"column":null}},"type":"if","locations":[{"start":{"line":22,"column":4},"end":{"line":26,"column":null}},{"start":{"line":24,"column":11},"end":{"line":26,"column":null}}]}},"s":{"0":64,"1":64,"2":64,"3":0,"4":0,"5":64,"6":0,"7":64,"8":64,"9":0,"10":64,"11":0,"12":64,"13":0,"14":64,"15":64,"16":1024,"17":4160},"f":{"0":64,"1":64,"2":0,"3":0,"4":0,"5":0,"6":1024,"7":4160},"b":{"0":[0],"1":[0,64]}}
,"/home/will-mitchell/Documents/army-assist/src/components/Header.tsx": {"path":"/home/will-mitchell/Documents/army-assist/src/components/Header.tsx","statementMap":{"0":{"start":{"line":7,"column":15},"end":{"line":25,"column":null}},"1":{"start":{"line":8,"column":2},"end":{"line":23,"column":null}}},"fnMap":{"0":{"name":"(anonymous_0)","decl":{"start":{"line":7,"column":15},"end":{"line":7,"column":21}},"loc":{"start":{"line":7,"column":21},"end":{"line":25,"column":null}}}},"branchMap":{},"s":{"0":64,"1":64},"f":{"0":64},"b":{}}
,"/home/will-mitchell/Documents/army-assist/src/components/Instructions.tsx": {"path":"/home/will-mitchell/Documents/army-assist/src/components/Instructions.tsx","statementMap":{"0":{"start":{"line":13,"column":30},"end":{"line":13,"column":null}},"1":{"start":{"line":14,"column":26},"end":{"line":14,"column":null}},"2":{"start":{"line":15,"column":23},"end":{"line":15,"column":null}},"3":{"start":{"line":15,"column":43},"end":{"line":15,"column":61}},"4":{"start":{"line":16,"column":24},"end":{"line":16,"column":null}},"5":{"start":{"line":16,"column":44},"end":{"line":16,"column":63}},"6":{"start":{"line":18,"column":2},"end":{"line":23,"column":null}},"7":{"start":{"line":19,"column":4},"end":{"line":22,"column":null}},"8":{"start":{"line":20,"column":6},"end":{"line":20,"column":null}},"9":{"start":{"line":21,"column":6},"end":{"line":21,"column":null}},"10":{"start":{"line":25,"column":2},"end":{"line":41,"column":null}},"11":{"start":{"line":26,"column":26},"end":{"line":30,"column":null}},"12":{"start":{"line":27,"column":6},"end":{"line":29,"column":null}},"13":{"start":{"line":28,"column":8},"end":{"line":28,"column":null}},"14":{"start":{"line":32,"column":4},"end":{"line":36,"column":null}},"15":{"start":{"line":33,"column":6},"end":{"line":33,"column":null}},"16":{"start":{"line":35,"column":6},"end":{"line":35,"column":null}},"17":{"start":{"line":38,"column":4},"end":{"line":40,"column":null}},"18":{"start":{"line":39,"column":6},"end":{"line":39,"column":null}},"19":{"start":{"line":43,"column":2},"end":{"line":55,"column":null}},"20":{"start":{"line":44,"column":22},"end":{"line":52,"column":null}},"21":{"start":{"line":45,"column":6},"end":{"line":51,"column":null}},"22":{"start":{"line":46,"column":25},"end":{"line":46,"column":null}},"23":{"start":{"line":47,"column":21},"end":{"line":47,"column":null}},"24":{"start":{"line":48,"column":8},"end":{"line":48,"column":null}},"25":{"start":{"line":50,"column":8},"end":{"line":50,"column":null}},"26":{"start":{"line":54,"column":4},"end":{"line":54,"column":null}},"27":{"start":{"line":57,"column":22},"end":{"line":57,"column":null}},"28":{"start":{"line":57,"column":28},"end":{"line":57,"column":null}},"29":{"start":{"line":58,"column":21},"end":{"line":58,"column":null}},"30":{"start":{"line":58,"column":27},"end":{"line":58,"column":null}},"31":{"start":{"line":60,"column":32},"end":{"line":73,"column":null}},"32":{"start":{"line":61,"column":4},"end":{"line":72,"column":null}},"33":{"start":{"line":62,"column":6},"end":{"line":68,"column":null}},"34":{"start":{"line":68,"column":20},"end":{"line":68,"column":61}},"35":{"start":{"line":70,"column":6},"end":{"line":70,"column":null}},"36":{"start":{"line":71,"column":6},"end":{"line":71,"column":null}},"37":{"start":{"line":75,"column":19},"end":{"line":77,"column":null}},"38":{"start":{"line":76,"column":4},"end":{"line":76,"column":null}},"39":{"start":{"line":80,"column":4},"end":{"line":80,"column":null}},"40":{"start":{"line":82,"column":2},"end":{"line":202,"column":null}},"41":{"start":{"line":158,"column":20},"end":{"line":158,"column":null}},"42":{"start":{"line":161,"column":20},"end":{"line":161,"column":null}},"43":{"start":{"line":169,"column":36},"end":{"line":169,"column":null}},"44":{"start":{"line":170,"column":33},"end":{"line":170,"column":null}},"45":{"start":{"line":177,"column":36},"end":{"line":177,"column":null}},"46":{"start":{"line":178,"column":33},"end":{"line":178,"column":null}}},"fnMap":{"0":{"name":"Instructions","decl":{"start":{"line":12,"column":9},"end":{"line":12,"column":24}},"loc":{"start":{"line":12,"column":24},"end":{"line":204,"column":null}}},"1":{"name":"(anonymous_1)","decl":{"start":{"line":15,"column":32},"end":{"line":15,"column":33}},"loc":{"start":{"line":15,"column":43},"end":{"line":15,"column":61}}},"2":{"name":"(anonymous_2)","decl":{"start":{"line":16,"column":33},"end":{"line":16,"column":34}},"loc":{"start":{"line":16,"column":44},"end":{"line":16,"column":63}}},"3":{"name":"(anonymous_3)","decl":{"start":{"line":18,"column":12},"end":{"line":18,"column":18}},"loc":{"start":{"line":18,"column":18},"end":{"line":23,"column":5}}},"4":{"name":"(anonymous_4)","decl":{"start":{"line":25,"column":12},"end":{"line":25,"column":18}},"loc":{"start":{"line":25,"column":18},"end":{"line":41,"column":5}}},"5":{"name":"(anonymous_5)","decl":{"start":{"line":26,"column":26},"end":{"line":26,"column":27}},"loc":{"start":{"line":26,"column":52},"end":{"line":30,"column":null}}},"6":{"name":"(anonymous_6)","decl":{"start":{"line":38,"column":11},"end":{"line":38,"column":17}},"loc":{"start":{"line":38,"column":17},"end":{"line":40,"column":null}}},"7":{"name":"(anonymous_7)","decl":{"start":{"line":43,"column":12},"end":{"line":43,"column":18}},"loc":{"start":{"line":43,"column":18},"end":{"line":55,"column":5}}},"8":{"name":"(anonymous_8)","decl":{"start":{"line":44,"column":22},"end":{"line":44,"column":34}},"loc":{"start":{"line":44,"column":34},"end":{"line":52,"column":null}}},"9":{"name":"(anonymous_9)","decl":{"start":{"line":57,"column":22},"end":{"line":57,"column":28}},"loc":{"start":{"line":57,"column":28},"end":{"line":57,"column":null}}},"10":{"name":"(anonymous_10)","decl":{"start":{"line":58,"column":21},"end":{"line":58,"column":27}},"loc":{"start":{"line":58,"column":27},"end":{"line":58,"column":null}}},"11":{"name":"(anonymous_11)","decl":{"start":{"line":60,"column":32},"end":{"line":60,"column":44}},"loc":{"start":{"line":60,"column":44},"end":{"line":73,"column":null}}},"12":{"name":"(anonymous_12)","decl":{"start":{"line":68,"column":14},"end":{"line":68,"column":20}},"loc":{"start":{"line":68,"column":20},"end":{"line":68,"column":61}}},"13":{"name":"(anonymous_13)","decl":{"start":{"line":75,"column":19},"end":{"line":75,"column":20}},"loc":{"start":{"line":75,"column":36},"end":{"line":77,"column":null}}},"14":{"name":"(anonymous_14)","decl":{"start":{"line":95,"column":17},"end":{"line":95,"column":23}},"loc":{"start":{"line":95,"column":23},"end":{"line":95,"column":null}}},"15":{"name":"(anonymous_15)","decl":{"start":{"line":157,"column":30},"end":{"line":157,"column":null}},"loc":{"start":{"line":158,"column":20},"end":{"line":158,"column":null}}},"16":{"name":"(anonymous_16)","decl":{"start":{"line":160,"column":27},"end":{"line":160,"column":null}},"loc":{"start":{"line":161,"column":20},"end":{"line":161,"column":null}}},"17":{"name":"(anonymous_17)","decl":{"start":{"line":169,"column":30},"end":{"line":169,"column":36}},"loc":{"start":{"line":169,"column":36},"end":{"line":169,"column":null}}},"18":{"name":"(anonymous_18)","decl":{"start":{"line":170,"column":27},"end":{"line":170,"column":33}},"loc":{"start":{"line":170,"column":33},"end":{"line":170,"column":null}}},"19":{"name":"(anonymous_19)","decl":{"start":{"line":177,"column":30},"end":{"line":177,"column":36}},"loc":{"start":{"line":177,"column":36},"end":{"line":177,"column":null}}},"20":{"name":"(anonymous_20)","decl":{"start":{"line":178,"column":27},"end":{"line":178,"column":33}},"loc":{"start":{"line":178,"column":33},"end":{"line":178,"column":null}}}},"branchMap":{"0":{"loc":{"start":{"line":19,"column":4},"end":{"line":22,"column":null}},"type":"if","locations":[{"start":{"line":19,"column":4},"end":{"line":22,"column":null}}]},"1":{"loc":{"start":{"line":27,"column":6},"end":{"line":29,"column":null}},"type":"if","locations":[{"start":{"line":27,"column":6},"end":{"line":29,"column":null}}]},"2":{"loc":{"start":{"line":32,"column":4},"end":{"line":36,"column":null}},"type":"if","locations":[{"start":{"line":32,"column":4},"end":{"line":36,"column":null}},{"start":{"line":34,"column":11},"end":{"line":36,"column":null}}]}},"s":{"0":320,"1":320,"2":320,"3":896,"4":320,"5":896,"6":320,"7":128,"8":64,"9":64,"10":320,"11":192,"12":0,"13":0,"14":192,"15":64,"16":128,"17":192,"18":128,"19":320,"20":64,"21":64,"22":64,"23":64,"24":64,"25":0,"26":64,"27":320,"28":128,"29":320,"30":0,"31":320,"32":0,"33":0,"34":0,"35":0,"36":0,"37":320,"38":0,"39":320,"40":320,"41":0,"42":0,"43":0,"44":0,"45":0,"46":0},"f":{"0":320,"1":896,"2":896,"3":128,"4":192,"5":0,"6":128,"7":64,"8":64,"9":128,"10":0,"11":0,"12":0,"13":0,"14":64,"15":0,"16":0,"17":0,"18":0,"19":0,"20":0},"b":{"0":[64],"1":[0],"2":[64,128]}}
,"/home/will-mitchell/Documents/army-assist/src/components/ListDisplay.tsx": {"path":"/home/will-mitchell/Documents/army-assist/src/components/ListDisplay.tsx","statementMap":{"0":{"start":{"line":12,"column":16},"end":{"line":12,"column":null}},"1":{"start":{"line":12,"column":36},"end":{"line":12,"column":47}},"2":{"start":{"line":13,"column":19},"end":{"line":13,"column":null}},"3":{"start":{"line":13,"column":39},"end":{"line":13,"column":53}},"4":{"start":{"line":14,"column":21},"end":{"line":14,"column":null}},"5":{"start":{"line":14,"column":40},"end":{"line":14,"column":56}},"6":{"start":{"line":16,"column":25},"end":{"line":23,"column":null}},"7":{"start":{"line":17,"column":4},"end":{"line":22,"column":null}},"8":{"start":{"line":19,"column":8},"end":{"line":19,"column":null}},"9":{"start":{"line":21,"column":8},"end":{"line":21,"column":null}},"10":{"start":{"line":25,"column":23},"end":{"line":35,"column":null}},"11":{"start":{"line":27,"column":22},"end":{"line":27,"column":null}},"12":{"start":{"line":27,"column":46},"end":{"line":27,"column":69}},"13":{"start":{"line":28,"column":8},"end":{"line":32,"column":null}},"14":{"start":{"line":29,"column":10},"end":{"line":29,"column":null}},"15":{"start":{"line":31,"column":10},"end":{"line":31,"column":null}},"16":{"start":{"line":33,"column":8},"end":{"line":33,"column":null}},"17":{"start":{"line":37,"column":22},"end":{"line":37,"column":null}},"18":{"start":{"line":39,"column":2},"end":{"line":53,"column":null}},"19":{"start":{"line":48,"column":10},"end":{"line":48,"column":null}}},"fnMap":{"0":{"name":"ListDisplay","decl":{"start":{"line":11,"column":9},"end":{"line":11,"column":23}},"loc":{"start":{"line":11,"column":23},"end":{"line":55,"column":null}}},"1":{"name":"(anonymous_1)","decl":{"start":{"line":12,"column":25},"end":{"line":12,"column":26}},"loc":{"start":{"line":12,"column":36},"end":{"line":12,"column":47}}},"2":{"name":"(anonymous_2)","decl":{"start":{"line":13,"column":28},"end":{"line":13,"column":29}},"loc":{"start":{"line":13,"column":39},"end":{"line":13,"column":53}}},"3":{"name":"(anonymous_3)","decl":{"start":{"line":14,"column":30},"end":{"line":14,"column":31}},"loc":{"start":{"line":14,"column":40},"end":{"line":14,"column":56}}},"4":{"name":"(anonymous_4)","decl":{"start":{"line":16,"column":25},"end":{"line":16,"column":26}},"loc":{"start":{"line":16,"column":55},"end":{"line":23,"column":null}}},"5":{"name":"(anonymous_5)","decl":{"start":{"line":26,"column":19},"end":{"line":26,"column":20}},"loc":{"start":{"line":26,"column":55},"end":{"line":34,"column":9}}},"6":{"name":"(anonymous_6)","decl":{"start":{"line":27,"column":36},"end":{"line":27,"column":37}},"loc":{"start":{"line":27,"column":46},"end":{"line":27,"column":69}}},"7":{"name":"(anonymous_7)","decl":{"start":{"line":47,"column":25},"end":{"line":47,"column":26}},"loc":{"start":{"line":48,"column":10},"end":{"line":48,"column":null}}}},"branchMap":{"0":{"loc":{"start":{"line":17,"column":4},"end":{"line":22,"column":null}},"type":"switch","locations":[{"start":{"line":18,"column":6},"end":{"line":19,"column":null}},{"start":{"line":20,"column":6},"end":{"line":21,"column":null}}]},"1":{"loc":{"start":{"line":25,"column":23},"end":{"line":35,"column":null}},"type":"cond-expr","locations":[{"start":{"line":26,"column":6},"end":{"line":34,"column":null}},{"start":{"line":35,"column":6},"end":{"line":35,"column":null}}]},"2":{"loc":{"start":{"line":28,"column":8},"end":{"line":32,"column":null}},"type":"if","locations":[{"start":{"line":28,"column":8},"end":{"line":32,"column":null}},{"start":{"line":30,"column":15},"end":{"line":32,"column":null}}]},"3":{"loc":{"start":{"line":29,"column":30},"end":{"line":29,"column":55}},"type":"binary-expr","locations":[{"start":{"line":29,"column":30},"end":{"line":29,"column":50}},{"start":{"line":29,"column":50},"end":{"line":29,"column":55}}]}},"s":{"0":128,"1":320,"2":128,"3":320,"4":128,"5":320,"6":128,"7":31104,"8":31104,"9":0,"10":128,"11":7424,"12":211584,"13":7424,"14":0,"15":7424,"16":7424,"17":128,"18":128,"19":7424},"f":{"0":128,"1":320,"2":320,"3":320,"4":31104,"5":7424,"6":211584,"7":7424},"b":{"0":[31104,0],"1":[128,0],"2":[0,7424],"3":[0,0]}}
,"/home/will-mitchell/Documents/army-assist/src/components/Pastebox.tsx": {"path":"/home/will-mitchell/Documents/army-assist/src/components/Pastebox.tsx","statementMap":{"0":{"start":{"line":5,"column":26},"end":{"line":5,"column":null}},"1":{"start":{"line":6,"column":16},"end":{"line":6,"column":null}},"2":{"start":{"line":8,"column":23},"end":{"line":10,"column":null}},"3":{"start":{"line":9,"column":4},"end":{"line":9,"column":null}},"4":{"start":{"line":12,"column":23},"end":{"line":20,"column":null}},"5":{"start":{"line":13,"column":4},"end":{"line":13,"column":null}},"6":{"start":{"line":14,"column":19},"end":{"line":14,"column":null}},"7":{"start":{"line":16,"column":4},"end":{"line":19,"column":null}},"8":{"start":{"line":17,"column":6},"end":{"line":17,"column":null}},"9":{"start":{"line":18,"column":6},"end":{"line":18,"column":null}},"10":{"start":{"line":22,"column":2},"end":{"line":43,"column":null}}},"fnMap":{"0":{"name":"Pastebox","decl":{"start":{"line":4,"column":24},"end":{"line":4,"column":35}},"loc":{"start":{"line":4,"column":35},"end":{"line":45,"column":null}}},"1":{"name":"(anonymous_1)","decl":{"start":{"line":8,"column":23},"end":{"line":8,"column":24}},"loc":{"start":{"line":8,"column":74},"end":{"line":10,"column":null}}},"2":{"name":"(anonymous_2)","decl":{"start":{"line":12,"column":23},"end":{"line":12,"column":24}},"loc":{"start":{"line":12,"column":68},"end":{"line":20,"column":null}}}},"branchMap":{"0":{"loc":{"start":{"line":16,"column":4},"end":{"line":19,"column":null}},"type":"if","locations":[{"start":{"line":16,"column":4},"end":{"line":19,"column":null}}]}},"s":{"0":295424,"1":295424,"2":295424,"3":295296,"4":295424,"5":64,"6":64,"7":64,"8":0,"9":0,"10":295424},"f":{"0":295424,"1":295296,"2":64},"b":{"0":[0]}}
,"/home/will-mitchell/Documents/army-assist/src/components/PhaseFilter.tsx": {"path":"/home/will-mitchell/Documents/army-assist/src/components/PhaseFilter.tsx","statementMap":{"0":{"start":{"line":15,"column":16},"end":{"line":15,"column":null}},"1":{"start":{"line":15,"column":36},"end":{"line":15,"column":47}},"2":{"start":{"line":16,"column":23},"end":{"line":16,"column":null}},"3":{"start":{"line":16,"column":43},"end":{"line":16,"column":61}},"4":{"start":{"line":17,"column":19},"end":{"line":17,"column":null}},"5":{"start":{"line":17,"column":39},"end":{"line":17,"column":53}},"6":{"start":{"line":18,"column":38},"end":{"line":18,"column":null}},"7":{"start":{"line":20,"column":23},"end":{"line":22,"column":null}},"8":{"start":{"line":21,"column":4},"end":{"line":21,"column":null}},"9":{"start":{"line":24,"column":2},"end":{"line":29,"column":null}},"10":{"start":{"line":25,"column":4},"end":{"line":25,"column":null}},"11":{"start":{"line":26,"column":4},"end":{"line":28,"column":null}},"12":{"start":{"line":27,"column":6},"end":{"line":27,"column":null}},"13":{"start":{"line":32,"column":4},"end":{"line":32,"column":null}},"14":{"start":{"line":35,"column":2},"end":{"line":102,"column":null}},"15":{"start":{"line":56,"column":18},"end":{"line":69,"column":null}},"16":{"start":{"line":83,"column":14},"end":{"line":97,"column":null}},"17":{"start":{"line":88,"column":20},"end":{"line":93,"column":null}}},"fnMap":{"0":{"name":"PhaseFilter","decl":{"start":{"line":14,"column":9},"end":{"line":14,"column":23}},"loc":{"start":{"line":14,"column":23},"end":{"line":104,"column":null}}},"1":{"name":"(anonymous_1)","decl":{"start":{"line":15,"column":25},"end":{"line":15,"column":26}},"loc":{"start":{"line":15,"column":36},"end":{"line":15,"column":47}}},"2":{"name":"(anonymous_2)","decl":{"start":{"line":16,"column":32},"end":{"line":16,"column":33}},"loc":{"start":{"line":16,"column":43},"end":{"line":16,"column":61}}},"3":{"name":"(anonymous_3)","decl":{"start":{"line":17,"column":28},"end":{"line":17,"column":29}},"loc":{"start":{"line":17,"column":39},"end":{"line":17,"column":53}}},"4":{"name":"(anonymous_4)","decl":{"start":{"line":20,"column":23},"end":{"line":20,"column":29}},"loc":{"start":{"line":20,"column":29},"end":{"line":22,"column":null}}},"5":{"name":"(anonymous_5)","decl":{"start":{"line":24,"column":18},"end":{"line":24,"column":24}},"loc":{"start":{"line":24,"column":24},"end":{"line":29,"column":5}}},"6":{"name":"(anonymous_6)","decl":{"start":{"line":26,"column":11},"end":{"line":26,"column":17}},"loc":{"start":{"line":26,"column":17},"end":{"line":28,"column":null}}},"7":{"name":"classNames","decl":{"start":{"line":31,"column":11},"end":{"line":31,"column":25}},"loc":{"start":{"line":31,"column":44},"end":{"line":33,"column":null}}},"8":{"name":"(anonymous_8)","decl":{"start":{"line":55,"column":16},"end":{"line":55,"column":17}},"loc":{"start":{"line":56,"column":18},"end":{"line":69,"column":null}}},"9":{"name":"(anonymous_9)","decl":{"start":{"line":82,"column":12},"end":{"line":82,"column":13}},"loc":{"start":{"line":83,"column":14},"end":{"line":97,"column":null}}},"10":{"name":"(anonymous_10)","decl":{"start":{"line":87,"column":29},"end":{"line":87,"column":30}},"loc":{"start":{"line":88,"column":20},"end":{"line":93,"column":null}}}},"branchMap":{"0":{"loc":{"start":{"line":37,"column":7},"end":{"line":100,"column":null}},"type":"cond-expr","locations":[{"start":{"line":38,"column":8},"end":{"line":74,"column":null}},{"start":{"line":76,"column":8},"end":{"line":100,"column":null}}]},"1":{"loc":{"start":{"line":56,"column":18},"end":{"line":69,"column":null}},"type":"binary-expr","locations":[{"start":{"line":56,"column":18},"end":{"line":56,"column":null}},{"start":{"line":57,"column":20},"end":{"line":69,"column":null}}]},"2":{"loc":{"start":{"line":83,"column":14},"end":{"line":97,"column":null}},"type":"binary-expr","locations":[{"start":{"line":83,"column":14},"end":{"line":83,"column":null}},{"start":{"line":84,"column":16},"end":{"line":97,"column":null}}]},"3":{"loc":{"start":{"line":90,"column":22},"end":{"line":92,"column":null}},"type":"cond-expr","locations":[{"start":{"line":91,"column":26},"end":{"line":91,"column":null}},{"start":{"line":92,"column":26},"end":{"line":92,"column":null}}]}},"s":{"0":128,"1":320,"2":128,"3":320,"4":128,"5":320,"6":128,"7":128,"8":0,"9":128,"10":64,"11":64,"12":0,"13":1221,"14":128,"15":0,"16":768,"17":1221},"f":{"0":128,"1":320,"2":320,"3":320,"4":0,"5":64,"6":0,"7":1221,"8":0,"9":768,"10":1221},"b":{"0":[0,128],"1":[0,0],"2":[768,768],"3":[261,960]}}
,"/home/will-mitchell/Documents/army-assist/src/components/ResetButton.tsx": {"path":"/home/will-mitchell/Documents/army-assist/src/components/ResetButton.tsx","statementMap":{"0":{"start":{"line":4,"column":20},"end":{"line":16,"column":null}},"1":{"start":{"line":5,"column":16},"end":{"line":5,"column":null}},"2":{"start":{"line":7,"column":2},"end":{"line":14,"column":null}},"3":{"start":{"line":10,"column":21},"end":{"line":10,"column":null}}},"fnMap":{"0":{"name":"(anonymous_0)","decl":{"start":{"line":4,"column":20},"end":{"line":4,"column":26}},"loc":{"start":{"line":4,"column":26},"end":{"line":16,"column":null}}},"1":{"name":"(anonymous_1)","decl":{"start":{"line":10,"column":15},"end":{"line":10,"column":21}},"loc":{"start":{"line":10,"column":21},"end":{"line":10,"column":null}}}},"branchMap":{},"s":{"0":64,"1":256,"2":256,"3":0},"f":{"0":256,"1":0},"b":{}}
,"/home/will-mitchell/Documents/army-assist/src/components/ScrollToTopButton.tsx": {"path":"/home/will-mitchell/Documents/army-assist/src/components/ScrollToTopButton.tsx","statementMap":{"0":{"start":{"line":4,"column":26},"end":{"line":19,"column":null}},"1":{"start":{"line":5,"column":22},"end":{"line":7,"column":null}},"2":{"start":{"line":6,"column":4},"end":{"line":6,"column":null}},"3":{"start":{"line":9,"column":2},"end":{"line":17,"column":null}}},"fnMap":{"0":{"name":"(anonymous_0)","decl":{"start":{"line":4,"column":26},"end":{"line":4,"column":32}},"loc":{"start":{"line":4,"column":32},"end":{"line":19,"column":null}}},"1":{"name":"(anonymous_1)","decl":{"start":{"line":5,"column":22},"end":{"line":5,"column":28}},"loc":{"start":{"line":5,"column":28},"end":{"line":7,"column":null}}}},"branchMap":{},"s":{"0":64,"1":128,"2":0,"3":128},"f":{"0":128,"1":0},"b":{}}
,"/home/will-mitchell/Documents/army-assist/src/components/Settings.tsx": {"path":"/home/will-mitchell/Documents/army-assist/src/components/Settings.tsx","statementMap":{"0":{"start":{"line":9,"column":30},"end":{"line":9,"column":null}},"1":{"start":{"line":10,"column":23},"end":{"line":10,"column":null}},"2":{"start":{"line":10,"column":43},"end":{"line":10,"column":61}},"3":{"start":{"line":11,"column":22},"end":{"line":11,"column":null}},"4":{"start":{"line":11,"column":42},"end":{"line":11,"column":59}},"5":{"start":{"line":13,"column":21},"end":{"line":13,"column":null}},"6":{"start":{"line":13,"column":41},"end":{"line":13,"column":55}},"7":{"start":{"line":14,"column":22},"end":{"line":14,"column":null}},"8":{"start":{"line":14,"column":42},"end":{"line":14,"column":59}},"9":{"start":{"line":16,"column":24},"end":{"line":16,"column":null}},"10":{"start":{"line":16,"column":44},"end":{"line":16,"column":63}},"11":{"start":{"line":17,"column":27},"end":{"line":17,"column":null}},"12":{"start":{"line":17,"column":47},"end":{"line":17,"column":69}},"13":{"start":{"line":19,"column":23},"end":{"line":19,"column":null}},"14":{"start":{"line":19,"column":43},"end":{"line":19,"column":61}},"15":{"start":{"line":20,"column":26},"end":{"line":20,"column":null}},"16":{"start":{"line":20,"column":46},"end":{"line":20,"column":67}},"17":{"start":{"line":22,"column":21},"end":{"line":22,"column":null}},"18":{"start":{"line":22,"column":41},"end":{"line":22,"column":57}},"19":{"start":{"line":23,"column":24},"end":{"line":23,"column":null}},"20":{"start":{"line":23,"column":44},"end":{"line":23,"column":63}},"21":{"start":{"line":25,"column":21},"end":{"line":25,"column":null}},"22":{"start":{"line":25,"column":41},"end":{"line":25,"column":57}},"23":{"start":{"line":26,"column":24},"end":{"line":26,"column":null}},"24":{"start":{"line":26,"column":44},"end":{"line":26,"column":63}},"25":{"start":{"line":28,"column":24},"end":{"line":28,"column":null}},"26":{"start":{"line":28,"column":44},"end":{"line":28,"column":63}},"27":{"start":{"line":29,"column":27},"end":{"line":29,"column":null}},"28":{"start":{"line":29,"column":47},"end":{"line":29,"column":69}},"29":{"start":{"line":31,"column":22},"end":{"line":31,"column":null}},"30":{"start":{"line":31,"column":28},"end":{"line":31,"column":null}},"31":{"start":{"line":32,"column":21},"end":{"line":32,"column":null}},"32":{"start":{"line":32,"column":27},"end":{"line":32,"column":null}},"33":{"start":{"line":39,"column":7},"end":{"line":74,"column":null}},"34":{"start":{"line":40,"column":4},"end":{"line":74,"column":null}},"35":{"start":{"line":77,"column":2},"end":{"line":202,"column":null}},"36":{"start":{"line":109,"column":18},"end":{"line":119,"column":null}},"37":{"start":{"line":113,"column":36},"end":{"line":113,"column":null}},"38":{"start":{"line":130,"column":18},"end":{"line":135,"column":null}},"39":{"start":{"line":134,"column":36},"end":{"line":134,"column":null}},"40":{"start":{"line":147,"column":32},"end":{"line":147,"column":null}},"41":{"start":{"line":158,"column":32},"end":{"line":158,"column":null}},"42":{"start":{"line":169,"column":32},"end":{"line":169,"column":null}},"43":{"start":{"line":178,"column":32},"end":{"line":178,"column":null}},"44":{"start":{"line":187,"column":32},"end":{"line":187,"column":null}}},"fnMap":{"0":{"name":"Settings","decl":{"start":{"line":8,"column":9},"end":{"line":8,"column":20}},"loc":{"start":{"line":8,"column":20},"end":{"line":204,"column":null}}},"1":{"name":"(anonymous_1)","decl":{"start":{"line":10,"column":32},"end":{"line":10,"column":33}},"loc":{"start":{"line":10,"column":43},"end":{"line":10,"column":61}}},"2":{"name":"(anonymous_2)","decl":{"start":{"line":11,"column":31},"end":{"line":11,"column":32}},"loc":{"start":{"line":11,"column":42},"end":{"line":11,"column":59}}},"3":{"name":"(anonymous_3)","decl":{"start":{"line":13,"column":30},"end":{"line":13,"column":31}},"loc":{"start":{"line":13,"column":41},"end":{"line":13,"column":55}}},"4":{"name":"(anonymous_4)","decl":{"start":{"line":14,"column":31},"end":{"line":14,"column":32}},"loc":{"start":{"line":14,"column":42},"end":{"line":14,"column":59}}},"5":{"name":"(anonymous_5)","decl":{"start":{"line":16,"column":33},"end":{"line":16,"column":34}},"loc":{"start":{"line":16,"column":44},"end":{"line":16,"column":63}}},"6":{"name":"(anonymous_6)","decl":{"start":{"line":17,"column":36},"end":{"line":17,"column":37}},"loc":{"start":{"line":17,"column":47},"end":{"line":17,"column":69}}},"7":{"name":"(anonymous_7)","decl":{"start":{"line":19,"column":32},"end":{"line":19,"column":33}},"loc":{"start":{"line":19,"column":43},"end":{"line":19,"column":61}}},"8":{"name":"(anonymous_8)","decl":{"start":{"line":20,"column":35},"end":{"line":20,"column":36}},"loc":{"start":{"line":20,"column":46},"end":{"line":20,"column":67}}},"9":{"name":"(anonymous_9)","decl":{"start":{"line":22,"column":30},"end":{"line":22,"column":31}},"loc":{"start":{"line":22,"column":41},"end":{"line":22,"column":57}}},"10":{"name":"(anonymous_10)","decl":{"start":{"line":23,"column":33},"end":{"line":23,"column":34}},"loc":{"start":{"line":23,"column":44},"end":{"line":23,"column":63}}},"11":{"name":"(anonymous_11)","decl":{"start":{"line":25,"column":30},"end":{"line":25,"column":31}},"loc":{"start":{"line":25,"column":41},"end":{"line":25,"column":57}}},"12":{"name":"(anonymous_12)","decl":{"start":{"line":26,"column":33},"end":{"line":26,"column":34}},"loc":{"start":{"line":26,"column":44},"end":{"line":26,"column":63}}},"13":{"name":"(anonymous_13)","decl":{"start":{"line":28,"column":33},"end":{"line":28,"column":34}},"loc":{"start":{"line":28,"column":44},"end":{"line":28,"column":63}}},"14":{"name":"(anonymous_14)","decl":{"start":{"line":29,"column":36},"end":{"line":29,"column":37}},"loc":{"start":{"line":29,"column":47},"end":{"line":29,"column":69}}},"15":{"name":"(anonymous_15)","decl":{"start":{"line":31,"column":22},"end":{"line":31,"column":28}},"loc":{"start":{"line":31,"column":28},"end":{"line":31,"column":null}}},"16":{"name":"(anonymous_16)","decl":{"start":{"line":32,"column":21},"end":{"line":32,"column":27}},"loc":{"start":{"line":32,"column":27},"end":{"line":32,"column":null}}},"17":{"name":"(anonymous_17)","decl":{"start":{"line":39,"column":7},"end":{"line":39,"column":8}},"loc":{"start":{"line":40,"column":4},"end":{"line":74,"column":null}}},"18":{"name":"(anonymous_18)","decl":{"start":{"line":108,"column":40},"end":{"line":108,"column":41}},"loc":{"start":{"line":109,"column":18},"end":{"line":119,"column":null}}},"19":{"name":"(anonymous_19)","decl":{"start":{"line":113,"column":30},"end":{"line":113,"column":36}},"loc":{"start":{"line":113,"column":36},"end":{"line":113,"column":null}}},"20":{"name":"(anonymous_20)","decl":{"start":{"line":129,"column":48},"end":{"line":129,"column":49}},"loc":{"start":{"line":130,"column":18},"end":{"line":135,"column":null}}},"21":{"name":"(anonymous_21)","decl":{"start":{"line":134,"column":30},"end":{"line":134,"column":36}},"loc":{"start":{"line":134,"column":36},"end":{"line":134,"column":null}}},"22":{"name":"(anonymous_22)","decl":{"start":{"line":147,"column":26},"end":{"line":147,"column":32}},"loc":{"start":{"line":147,"column":32},"end":{"line":147,"column":null}}},"23":{"name":"(anonymous_23)","decl":{"start":{"line":158,"column":26},"end":{"line":158,"column":32}},"loc":{"start":{"line":158,"column":32},"end":{"line":158,"column":null}}},"24":{"name":"(anonymous_24)","decl":{"start":{"line":169,"column":26},"end":{"line":169,"column":32}},"loc":{"start":{"line":169,"column":32},"end":{"line":169,"column":null}}},"25":{"name":"(anonymous_25)","decl":{"start":{"line":178,"column":26},"end":{"line":178,"column":32}},"loc":{"start":{"line":178,"column":32},"end":{"line":178,"column":null}}},"26":{"name":"(anonymous_26)","decl":{"start":{"line":187,"column":26},"end":{"line":187,"column":32}},"loc":{"start":{"line":187,"column":32},"end":{"line":187,"column":null}}}},"branchMap":{"0":{"loc":{"start":{"line":115,"column":22},"end":{"line":117,"column":null}},"type":"cond-expr","locations":[{"start":{"line":116,"column":26},"end":{"line":116,"column":null}},{"start":{"line":117,"column":26},"end":{"line":117,"column":null}}]}},"s":{"0":64,"1":64,"2":320,"3":64,"4":320,"5":64,"6":320,"7":64,"8":320,"9":64,"10":320,"11":64,"12":320,"13":64,"14":320,"15":64,"16":320,"17":64,"18":320,"19":64,"20":320,"21":64,"22":320,"23":64,"24":320,"25":64,"26":320,"27":64,"28":320,"29":64,"30":0,"31":64,"32":0,"33":64,"34":0,"35":64,"36":384,"37":0,"38":128,"39":0,"40":0,"41":0,"42":0,"43":0,"44":0},"f":{"0":64,"1":320,"2":320,"3":320,"4":320,"5":320,"6":320,"7":320,"8":320,"9":320,"10":320,"11":320,"12":320,"13":320,"14":320,"15":0,"16":0,"17":0,"18":384,"19":0,"20":128,"21":0,"22":0,"23":0,"24":0,"25":0,"26":0},"b":{"0":[384,0]}}
,"/home/will-mitchell/Documents/army-assist/src/components/StratagemPanel.tsx": {"path":"/home/will-mitchell/Documents/army-assist/src/components/StratagemPanel.tsx","statementMap":{"0":{"start":{"line":13,"column":26},"end":{"line":13,"column":null}},"1":{"start":{"line":14,"column":18},"end":{"line":14,"column":null}},"2":{"start":{"line":14,"column":38},"end":{"line":14,"column":51}},"3":{"start":{"line":15,"column":16},"end":{"line":15,"column":null}},"4":{"start":{"line":15,"column":36},"end":{"line":15,"column":47}},"5":{"start":{"line":16,"column":21},"end":{"line":16,"column":null}},"6":{"start":{"line":16,"column":41},"end":{"line":16,"column":57}},"7":{"start":{"line":18,"column":25},"end":{"line":18,"column":null}},"8":{"start":{"line":20,"column":2},"end":{"line":22,"column":null}},"9":{"start":{"line":21,"column":4},"end":{"line":21,"column":null}},"10":{"start":{"line":24,"column":28},"end":{"line":42,"column":null}},"11":{"start":{"line":25,"column":21},"end":{"line":25,"column":null}},"12":{"start":{"line":26,"column":31},"end":{"line":26,"column":null}},"13":{"start":{"line":27,"column":4},"end":{"line":30,"column":null}},"14":{"start":{"line":28,"column":20},"end":{"line":28,"column":null}},"15":{"start":{"line":29,"column":6},"end":{"line":29,"column":null}},"16":{"start":{"line":31,"column":4},"end":{"line":41,"column":null}},"17":{"start":{"line":32,"column":6},"end":{"line":40,"column":null}},"18":{"start":{"line":33,"column":8},"end":{"line":38,"column":null}},"19":{"start":{"line":44,"column":29},"end":{"line":78,"column":null}},"20":{"start":{"line":45,"column":41},"end":{"line":45,"column":null}},"21":{"start":{"line":46,"column":4},"end":{"line":57,"column":null}},"22":{"start":{"line":47,"column":6},"end":{"line":51,"column":null}},"23":{"start":{"line":53,"column":6},"end":{"line":56,"column":null}},"24":{"start":{"line":61,"column":8},"end":{"line":61,"column":null}},"25":{"start":{"line":64,"column":6},"end":{"line":67,"column":null}},"26":{"start":{"line":70,"column":27},"end":{"line":70,"column":59}},"27":{"start":{"line":72,"column":6},"end":{"line":77,"column":null}},"28":{"start":{"line":73,"column":8},"end":{"line":73,"column":null}},"29":{"start":{"line":75,"column":8},"end":{"line":75,"column":null}},"30":{"start":{"line":76,"column":8},"end":{"line":76,"column":null}},"31":{"start":{"line":80,"column":2},"end":{"line":158,"column":null}},"32":{"start":{"line":83,"column":23},"end":{"line":83,"column":null}},"33":{"start":{"line":91,"column":23},"end":{"line":91,"column":null}},"34":{"start":{"line":116,"column":44},"end":{"line":116,"column":null}},"35":{"start":{"line":128,"column":22},"end":{"line":149,"column":null}}},"fnMap":{"0":{"name":"StratagemPanel","decl":{"start":{"line":12,"column":24},"end":{"line":12,"column":41}},"loc":{"start":{"line":12,"column":41},"end":{"line":160,"column":null}}},"1":{"name":"(anonymous_1)","decl":{"start":{"line":14,"column":27},"end":{"line":14,"column":28}},"loc":{"start":{"line":14,"column":38},"end":{"line":14,"column":51}}},"2":{"name":"(anonymous_2)","decl":{"start":{"line":15,"column":25},"end":{"line":15,"column":26}},"loc":{"start":{"line":15,"column":36},"end":{"line":15,"column":47}}},"3":{"name":"(anonymous_3)","decl":{"start":{"line":16,"column":30},"end":{"line":16,"column":31}},"loc":{"start":{"line":16,"column":41},"end":{"line":16,"column":57}}},"4":{"name":"(anonymous_4)","decl":{"start":{"line":24,"column":28},"end":{"line":24,"column":29}},"loc":{"start":{"line":24,"column":53},"end":{"line":42,"column":null}}},"5":{"name":"(anonymous_5)","decl":{"start":{"line":27,"column":21},"end":{"line":27,"column":22}},"loc":{"start":{"line":27,"column":34},"end":{"line":30,"column":5}}},"6":{"name":"(anonymous_6)","decl":{"start":{"line":31,"column":48},"end":{"line":31,"column":49}},"loc":{"start":{"line":31,"column":70},"end":{"line":41,"column":5}}},"7":{"name":"(anonymous_7)","decl":{"start":{"line":44,"column":44},"end":{"line":44,"column":45}},"loc":{"start":{"line":44,"column":59},"end":{"line":58,"column":3}}},"8":{"name":"(anonymous_8)","decl":{"start":{"line":60,"column":6},"end":{"line":60,"column":7}},"loc":{"start":{"line":61,"column":8},"end":{"line":61,"column":null}}},"9":{"name":"(anonymous_9)","decl":{"start":{"line":63,"column":12},"end":{"line":63,"column":13}},"loc":{"start":{"line":63,"column":27},"end":{"line":69,"column":5}}},"10":{"name":"(anonymous_10)","decl":{"start":{"line":70,"column":12},"end":{"line":70,"column":13}},"loc":{"start":{"line":70,"column":27},"end":{"line":70,"column":59}}},"11":{"name":"(anonymous_11)","decl":{"start":{"line":71,"column":12},"end":{"line":71,"column":13}},"loc":{"start":{"line":71,"column":27},"end":{"line":78,"column":5}}},"12":{"name":"(anonymous_12)","decl":{"start":{"line":83,"column":17},"end":{"line":83,"column":23}},"loc":{"start":{"line":83,"column":23},"end":{"line":83,"column":null}}},"13":{"name":"(anonymous_13)","decl":{"start":{"line":91,"column":17},"end":{"line":91,"column":23}},"loc":{"start":{"line":91,"column":23},"end":{"line":91,"column":null}}},"14":{"name":"(anonymous_14)","decl":{"start":{"line":116,"column":38},"end":{"line":116,"column":44}},"loc":{"start":{"line":116,"column":44},"end":{"line":116,"column":null}}},"15":{"name":"(anonymous_15)","decl":{"start":{"line":127,"column":44},"end":{"line":127,"column":45}},"loc":{"start":{"line":128,"column":22},"end":{"line":149,"column":null}}}},"branchMap":{"0":{"loc":{"start":{"line":20,"column":2},"end":{"line":22,"column":null}},"type":"if","locations":[{"start":{"line":20,"column":2},"end":{"line":22,"column":null}}]},"1":{"loc":{"start":{"line":20,"column":6},"end":{"line":20,"column":41}},"type":"binary-expr","locations":[{"start":{"line":20,"column":6},"end":{"line":20,"column":18}},{"start":{"line":20,"column":18},"end":{"line":20,"column":28}},{"start":{"line":20,"column":28},"end":{"line":20,"column":41}}]},"2":{"loc":{"start":{"line":32,"column":6},"end":{"line":40,"column":null}},"type":"if","locations":[{"start":{"line":32,"column":6},"end":{"line":40,"column":null}}]},"3":{"loc":{"start":{"line":37,"column":13},"end":{"line":37,"column":null}},"type":"cond-expr","locations":[{"start":{"line":37,"column":40},"end":{"line":37,"column":45}},{"start":{"line":37,"column":45},"end":{"line":37,"column":null}}]},"4":{"loc":{"start":{"line":46,"column":4},"end":{"line":57,"column":null}},"type":"if","locations":[{"start":{"line":46,"column":4},"end":{"line":57,"column":null}},{"start":{"line":52,"column":11},"end":{"line":57,"column":null}}]},"5":{"loc":{"start":{"line":61,"column":8},"end":{"line":61,"column":null}},"type":"binary-expr","locations":[{"start":{"line":61,"column":8},"end":{"line":61,"column":44}},{"start":{"line":61,"column":44},"end":{"line":61,"column":null}}]},"6":{"loc":{"start":{"line":65,"column":8},"end":{"line":67,"column":null}},"type":"binary-expr","locations":[{"start":{"line":65,"column":8},"end":{"line":65,"column":null}},{"start":{"line":66,"column":8},"end":{"line":66,"column":null}},{"start":{"line":67,"column":8},"end":{"line":67,"column":null}}]},"7":{"loc":{"start":{"line":72,"column":6},"end":{"line":77,"column":null}},"type":"if","locations":[{"start":{"line":72,"column":6},"end":{"line":77,"column":null}},{"start":{"line":74,"column":13},"end":{"line":77,"column":null}}]}},"s":{"0":128,"1":128,"2":320,"3":128,"4":320,"5":128,"6":320,"7":128,"8":128,"9":128,"10":0,"11":0,"12":0,"13":0,"14":0,"15":0,"16":0,"17":0,"18":0,"19":0,"20":0,"21":0,"22":0,"23":0,"24":0,"25":0,"26":0,"27":0,"28":0,"29":0,"30":0,"31":0,"32":0,"33":0,"34":0,"35":0},"f":{"0":128,"1":320,"2":320,"3":320,"4":0,"5":0,"6":0,"7":0,"8":0,"9":0,"10":0,"11":0,"12":0,"13":0,"14":0,"15":0},"b":{"0":[128],"1":[128,128,128],"2":[0],"3":[0,0],"4":[0,0],"5":[0,0],"6":[0,0,0],"7":[0,0]}}
,"/home/will-mitchell/Documents/army-assist/src/components/CardComponents/KeywordTags.tsx": {"path":"/home/will-mitchell/Documents/army-assist/src/components/CardComponents/KeywordTags.tsx","statementMap":{"0":{"start":{"line":42,"column":49},"end":{"line":330,"column":null}},"1":{"start":{"line":336,"column":22},"end":{"line":336,"column":null}},"2":{"start":{"line":337,"column":2},"end":{"line":343,"column":null}},"3":{"start":{"line":338,"column":4},"end":{"line":338,"column":null}},"4":{"start":{"line":340,"column":4},"end":{"line":342,"column":null}},"5":{"start":{"line":341,"column":46},"end":{"line":341,"column":77}},"6":{"start":{"line":347,"column":2},"end":{"line":408,"column":null}},"7":{"start":{"line":348,"column":4},"end":{"line":348,"column":null}},"8":{"start":{"line":350,"column":4},"end":{"line":406,"column":null}},"9":{"start":{"line":354,"column":33},"end":{"line":354,"column":47}},"10":{"start":{"line":356,"column":28},"end":{"line":356,"column":null}},"11":{"start":{"line":358,"column":14},"end":{"line":361,"column":null}},"12":{"start":{"line":359,"column":16},"end":{"line":359,"column":null}},"13":{"start":{"line":360,"column":16},"end":{"line":360,"column":null}},"14":{"start":{"line":363,"column":30},"end":{"line":363,"column":null}},"15":{"start":{"line":364,"column":28},"end":{"line":364,"column":null}},"16":{"start":{"line":366,"column":32},"end":{"line":369,"column":null}},"17":{"start":{"line":372,"column":14},"end":{"line":375,"column":null}},"18":{"start":{"line":373,"column":16},"end":{"line":373,"column":null}},"19":{"start":{"line":374,"column":16},"end":{"line":374,"column":null}},"20":{"start":{"line":377,"column":25},"end":{"line":377,"column":null}},"21":{"start":{"line":378,"column":14},"end":{"line":380,"column":null}},"22":{"start":{"line":379,"column":16},"end":{"line":379,"column":null}},"23":{"start":{"line":382,"column":14},"end":{"line":402,"column":null}}},"fnMap":{"0":{"name":"getParameterCaseInsensitive","decl":{"start":{"line":332,"column":9},"end":{"line":332,"column":null}},"loc":{"start":{"line":335,"column":2},"end":{"line":344,"column":null}}},"1":{"name":"(anonymous_1)","decl":{"start":{"line":341,"column":31},"end":{"line":341,"column":32}},"loc":{"start":{"line":341,"column":46},"end":{"line":341,"column":77}}},"2":{"name":"KeywordTags","decl":{"start":{"line":346,"column":9},"end":{"line":346,"column":21}},"loc":{"start":{"line":346,"column":71},"end":{"line":409,"column":null}}},"3":{"name":"(anonymous_3)","decl":{"start":{"line":354,"column":20},"end":{"line":354,"column":21}},"loc":{"start":{"line":354,"column":33},"end":{"line":354,"column":47}}},"4":{"name":"(anonymous_4)","decl":{"start":{"line":355,"column":17},"end":{"line":355,"column":18}},"loc":{"start":{"line":355,"column":37},"end":{"line":404,"column":13}}}},"branchMap":{"0":{"loc":{"start":{"line":337,"column":2},"end":{"line":343,"column":null}},"type":"if","locations":[{"start":{"line":337,"column":2},"end":{"line":343,"column":null}},{"start":{"line":339,"column":9},"end":{"line":343,"column":null}}]},"1":{"loc":{"start":{"line":341,"column":6},"end":{"line":341,"column":null}},"type":"binary-expr","locations":[{"start":{"line":341,"column":6},"end":{"line":341,"column":82}},{"start":{"line":341,"column":82},"end":{"line":341,"column":null}}]},"2":{"loc":{"start":{"line":347,"column":2},"end":{"line":408,"column":null}},"type":"if","locations":[{"start":{"line":347,"column":2},"end":{"line":408,"column":null}},{"start":{"line":349,"column":9},"end":{"line":408,"column":null}}]},"3":{"loc":{"start":{"line":358,"column":14},"end":{"line":361,"column":null}},"type":"if","locations":[{"start":{"line":358,"column":14},"end":{"line":361,"column":null}}]},"4":{"loc":{"start":{"line":364,"column":28},"end":{"line":364,"column":null}},"type":"cond-expr","locations":[{"start":{"line":364,"column":39},"end":{"line":364,"column":50}},{"start":{"line":364,"column":50},"end":{"line":364,"column":null}}]},"5":{"loc":{"start":{"line":372,"column":14},"end":{"line":375,"column":null}},"type":"if","locations":[{"start":{"line":372,"column":14},"end":{"line":375,"column":null}}]},"6":{"loc":{"start":{"line":378,"column":14},"end":{"line":380,"column":null}},"type":"if","locations":[{"start":{"line":378,"column":14},"end":{"line":380,"column":null}}]},"7":{"loc":{"start":{"line":391,"column":23},"end":{"line":391,"column":null}},"type":"cond-expr","locations":[{"start":{"line":391,"column":30},"end":{"line":391,"column":60}},{"start":{"line":391,"column":60},"end":{"line":391,"column":null}}]}},"s":{"0":64,"1":3002,"2":3002,"3":0,"4":3002,"5":40175,"6":3904,"7":0,"8":3904,"9":4892,"10":3002,"11":3002,"12":0,"13":0,"14":3002,"15":3002,"16":3002,"17":3002,"18":0,"19":0,"20":3002,"21":3002,"22":293,"23":3002},"f":{"0":3002,"1":40175,"2":3904,"3":4892,"4":3002},"b":{"0":[0,3002],"1":[3002,0],"2":[0,3904],"3":[0],"4":[1013,1989],"5":[0],"6":[293],"7":[293,2709]}}
,"/home/will-mitchell/Documents/army-assist/src/components/CardComponents/ListUnitCard.tsx": {"path":"/home/will-mitchell/Documents/army-assist/src/components/CardComponents/ListUnitCard.tsx","statementMap":{"0":{"start":{"line":20,"column":16},"end":{"line":20,"column":null}},"1":{"start":{"line":20,"column":36},"end":{"line":20,"column":47}},"2":{"start":{"line":21,"column":21},"end":{"line":21,"column":null}},"3":{"start":{"line":21,"column":41},"end":{"line":21,"column":57}},"4":{"start":{"line":23,"column":24},"end":{"line":23,"column":null}},"5":{"start":{"line":23,"column":44},"end":{"line":23,"column":63}},"6":{"start":{"line":24,"column":21},"end":{"line":24,"column":null}},"7":{"start":{"line":24,"column":41},"end":{"line":24,"column":57}},"8":{"start":{"line":25,"column":23},"end":{"line":25,"column":null}},"9":{"start":{"line":25,"column":43},"end":{"line":25,"column":61}},"10":{"start":{"line":26,"column":24},"end":{"line":26,"column":null}},"11":{"start":{"line":26,"column":44},"end":{"line":26,"column":63}},"12":{"start":{"line":29,"column":16},"end":{"line":29,"column":null}},"13":{"start":{"line":31,"column":40},"end":{"line":31,"column":null}},"14":{"start":{"line":33,"column":27},"end":{"line":35,"column":null}},"15":{"start":{"line":34,"column":4},"end":{"line":34,"column":null}},"16":{"start":{"line":37,"column":25},"end":{"line":48,"column":null}},"17":{"start":{"line":38,"column":4},"end":{"line":38,"column":null}},"18":{"start":{"line":38,"column":30},"end":{"line":38,"column":null}},"19":{"start":{"line":40,"column":22},"end":{"line":40,"column":null}},"20":{"start":{"line":41,"column":30},"end":{"line":41,"column":null}},"21":{"start":{"line":43,"column":4},"end":{"line":45,"column":null}},"22":{"start":{"line":44,"column":6},"end":{"line":44,"column":null}},"23":{"start":{"line":47,"column":4},"end":{"line":47,"column":null}},"24":{"start":{"line":50,"column":2},"end":{"line":71,"column":null}},"25":{"start":{"line":52,"column":6},"end":{"line":52,"column":null}},"26":{"start":{"line":53,"column":6},"end":{"line":53,"column":null}},"27":{"start":{"line":55,"column":6},"end":{"line":55,"column":null}},"28":{"start":{"line":56,"column":6},"end":{"line":56,"column":null}},"29":{"start":{"line":59,"column":6},"end":{"line":63,"column":null}},"30":{"start":{"line":64,"column":6},"end":{"line":64,"column":null}},"31":{"start":{"line":66,"column":6},"end":{"line":66,"column":null}},"32":{"start":{"line":67,"column":6},"end":{"line":67,"column":null}},"33":{"start":{"line":69,"column":6},"end":{"line":69,"column":null}},"34":{"start":{"line":70,"column":6},"end":{"line":70,"column":null}},"35":{"start":{"line":74,"column":45},"end":{"line":77,"column":null}},"36":{"start":{"line":79,"column":51},"end":{"line":82,"column":null}},"37":{"start":{"line":85,"column":4},"end":{"line":85,"column":null}},"38":{"start":{"line":86,"column":23},"end":{"line":86,"column":null}},"39":{"start":{"line":88,"column":25},"end":{"line":88,"column":null}},"40":{"start":{"line":90,"column":2},"end":{"line":136,"column":null}},"41":{"start":{"line":97,"column":25},"end":{"line":97,"column":null}}},"fnMap":{"0":{"name":"ListUnitCard","decl":{"start":{"line":19,"column":9},"end":{"line":19,"column":22}},"loc":{"start":{"line":19,"column":52},"end":{"line":138,"column":null}}},"1":{"name":"(anonymous_1)","decl":{"start":{"line":20,"column":25},"end":{"line":20,"column":26}},"loc":{"start":{"line":20,"column":36},"end":{"line":20,"column":47}}},"2":{"name":"(anonymous_2)","decl":{"start":{"line":21,"column":30},"end":{"line":21,"column":31}},"loc":{"start":{"line":21,"column":41},"end":{"line":21,"column":57}}},"3":{"name":"(anonymous_3)","decl":{"start":{"line":23,"column":33},"end":{"line":23,"column":34}},"loc":{"start":{"line":23,"column":44},"end":{"line":23,"column":63}}},"4":{"name":"(anonymous_4)","decl":{"start":{"line":24,"column":30},"end":{"line":24,"column":31}},"loc":{"start":{"line":24,"column":41},"end":{"line":24,"column":57}}},"5":{"name":"(anonymous_5)","decl":{"start":{"line":25,"column":32},"end":{"line":25,"column":33}},"loc":{"start":{"line":25,"column":43},"end":{"line":25,"column":61}}},"6":{"name":"(anonymous_6)","decl":{"start":{"line":26,"column":33},"end":{"line":26,"column":34}},"loc":{"start":{"line":26,"column":44},"end":{"line":26,"column":63}}},"7":{"name":"(anonymous_7)","decl":{"start":{"line":33,"column":27},"end":{"line":33,"column":28}},"loc":{"start":{"line":33,"column":52},"end":{"line":35,"column":null}}},"8":{"name":"(anonymous_8)","decl":{"start":{"line":37,"column":25},"end":{"line":37,"column":26}},"loc":{"start":{"line":37,"column":50},"end":{"line":48,"column":null}}},"9":{"name":"(anonymous_9)","decl":{"start":{"line":97,"column":19},"end":{"line":97,"column":25}},"loc":{"start":{"line":97,"column":25},"end":{"line":97,"column":null}}}},"branchMap":{"0":{"loc":{"start":{"line":38,"column":4},"end":{"line":38,"column":null}},"type":"if","locations":[{"start":{"line":38,"column":4},"end":{"line":38,"column":null}}]},"1":{"loc":{"start":{"line":43,"column":4},"end":{"line":45,"column":null}},"type":"if","locations":[{"start":{"line":43,"column":4},"end":{"line":45,"column":null}}]},"2":{"loc":{"start":{"line":50,"column":2},"end":{"line":71,"column":null}},"type":"switch","locations":[{"start":{"line":51,"column":4},"end":{"line":53,"column":null}},{"start":{"line":54,"column":4},"end":{"line":56,"column":null}},{"start":{"line":57,"column":4},"end":{"line":57,"column":null}},{"start":{"line":58,"column":4},"end":{"line":64,"column":null}},{"start":{"line":65,"column":4},"end":{"line":67,"column":null}},{"start":{"line":68,"column":4},"end":{"line":70,"column":null}}]},"3":{"loc":{"start":{"line":85,"column":4},"end":{"line":85,"column":null}},"type":"binary-expr","locations":[{"start":{"line":85,"column":4},"end":{"line":85,"column":21}},{"start":{"line":85,"column":21},"end":{"line":85,"column":32}},{"start":{"line":85,"column":32},"end":{"line":85,"column":51}},{"start":{"line":85,"column":51},"end":{"line":85,"column":null}}]},"4":{"loc":{"start":{"line":86,"column":23},"end":{"line":86,"column":null}},"type":"cond-expr","locations":[{"start":{"line":86,"column":37},"end":{"line":86,"column":42}},{"start":{"line":86,"column":42},"end":{"line":86,"column":null}}]},"5":{"loc":{"start":{"line":88,"column":25},"end":{"line":88,"column":null}},"type":"cond-expr","locations":[{"start":{"line":88,"column":38},"end":{"line":88,"column":59}},{"start":{"line":88,"column":59},"end":{"line":88,"column":null}}]},"6":{"loc":{"start":{"line":110,"column":11},"end":{"line":113,"column":null}},"type":"binary-expr","locations":[{"start":{"line":110,"column":11},"end":{"line":110,"column":null}},{"start":{"line":111,"column":12},"end":{"line":113,"column":null}}]},"7":{"loc":{"start":{"line":116,"column":9},"end":{"line":125,"column":null}},"type":"binary-expr","locations":[{"start":{"line":116,"column":9},"end":{"line":116,"column":null}},{"start":{"line":117,"column":10},"end":{"line":125,"column":null}}]},"8":{"loc":{"start":{"line":119,"column":15},"end":{"line":122,"column":null}},"type":"cond-expr","locations":[{"start":{"line":120,"column":16},"end":{"line":120,"column":null}},{"start":{"line":122,"column":16},"end":{"line":122,"column":null}}]},"9":{"loc":{"start":{"line":129,"column":7},"end":{"line":134,"column":null}},"type":"binary-expr","locations":[{"start":{"line":129,"column":7},"end":{"line":129,"column":null}},{"start":{"line":130,"column":8},"end":{"line":134,"column":null}}]},"10":{"loc":{"start":{"line":129,"column":9},"end":{"line":129,"column":null}},"type":"binary-expr","locations":[{"start":{"line":129,"column":9},"end":{"line":129,"column":26}},{"start":{"line":129,"column":26},"end":{"line":129,"column":null}}]}},"s":{"0":7424,"1":18560,"2":7424,"3":18560,"4":7424,"5":18560,"6":7424,"7":18560,"8":7424,"9":18560,"10":7424,"11":18560,"12":7424,"13":7424,"14":7424,"15":0,"16":7424,"17":0,"18":0,"19":0,"20":0,"21":0,"22":0,"23":0,"24":7424,"25":3712,"26":3712,"27":0,"28":0,"29":3712,"30":3712,"31":0,"32":0,"33":0,"34":0,"35":7424,"36":7424,"37":7424,"38":7424,"39":7424,"40":7424,"41":0},"f":{"0":7424,"1":18560,"2":18560,"3":18560,"4":18560,"5":18560,"6":18560,"7":0,"8":0,"9":0},"b":{"0":[0],"1":[0],"2":[3712,0,1914,3712,0,0],"3":[7424,7424,487,260],"4":[7164,260],"5":[7424,0],"6":[7424,7424],"7":[7424,7424],"8":[7164,260],"9":[7424,7164],"10":[7424,7424]}}
,"/home/will-mitchell/Documents/army-assist/src/components/CardComponents/PhaseAbilities.tsx": {"path":"/home/will-mitchell/Documents/army-assist/src/components/CardComponents/PhaseAbilities.tsx","statementMap":{"0":{"start":{"line":10,"column":5},"end":{"line":34,"column":null}},"1":{"start":{"line":11,"column":25},"end":{"line":13,"column":null}},"2":{"start":{"line":12,"column":4},"end":{"line":12,"column":null}},"3":{"start":{"line":16,"column":4},"end":{"line":30,"column":null}},"4":{"start":{"line":18,"column":8},"end":{"line":28,"column":null}},"5":{"start":{"line":33,"column":2},"end":{"line":33,"column":null}}},"fnMap":{"0":{"name":"(anonymous_0)","decl":{"start":{"line":10,"column":5},"end":{"line":10,"column":6}},"loc":{"start":{"line":10,"column":26},"end":{"line":34,"column":null}}},"1":{"name":"(anonymous_1)","decl":{"start":{"line":11,"column":47},"end":{"line":11,"column":48}},"loc":{"start":{"line":12,"column":4},"end":{"line":12,"column":null}}},"2":{"name":"(anonymous_2)","decl":{"start":{"line":17,"column":26},"end":{"line":17,"column":27}},"loc":{"start":{"line":18,"column":8},"end":{"line":28,"column":null}}}},"branchMap":{},"s":{"0":64,"1":7424,"2":30720,"3":7424,"4":5849,"5":7424},"f":{"0":7424,"1":30720,"2":5849},"b":{}}
,"/home/will-mitchell/Documents/army-assist/src/components/CardComponents/PhaseEnhancements.tsx": {"path":"/home/will-mitchell/Documents/army-assist/src/components/CardComponents/PhaseEnhancements.tsx","statementMap":{"0":{"start":{"line":10,"column":5},"end":{"line":34,"column":null}},"1":{"start":{"line":11,"column":29},"end":{"line":13,"column":null}},"2":{"start":{"line":12,"column":34},"end":{"line":12,"column":null}},"3":{"start":{"line":16,"column":4},"end":{"line":30,"column":null}},"4":{"start":{"line":18,"column":8},"end":{"line":28,"column":null}},"5":{"start":{"line":33,"column":2},"end":{"line":33,"column":null}}},"fnMap":{"0":{"name":"(anonymous_0)","decl":{"start":{"line":10,"column":5},"end":{"line":10,"column":6}},"loc":{"start":{"line":10,"column":26},"end":{"line":34,"column":null}}},"1":{"name":"(anonymous_1)","decl":{"start":{"line":12,"column":4},"end":{"line":12,"column":5}},"loc":{"start":{"line":12,"column":34},"end":{"line":12,"column":null}}},"2":{"name":"(anonymous_2)","decl":{"start":{"line":17,"column":30},"end":{"line":17,"column":31}},"loc":{"start":{"line":18,"column":8},"end":{"line":28,"column":null}}}},"branchMap":{},"s":{"0":64,"1":7424,"2":0,"3":7424,"4":0,"5":7424},"f":{"0":7424,"1":0,"2":0},"b":{}}
,"/home/will-mitchell/Documents/army-assist/src/components/CardComponents/PhaseDisplays/ChargePhase.tsx": {"path":"/home/will-mitchell/Documents/army-assist/src/components/CardComponents/PhaseDisplays/ChargePhase.tsx","statementMap":{"0":{"start":{"line":3,"column":20},"end":{"line":8,"column":null}},"1":{"start":{"line":3,"column":54},"end":{"line":8,"column":null}}},"fnMap":{"0":{"name":"(anonymous_0)","decl":{"start":{"line":3,"column":20},"end":{"line":3,"column":54}},"loc":{"start":{"line":3,"column":54},"end":{"line":8,"column":null}}}},"branchMap":{},"s":{"0":64,"1":0},"f":{"0":0},"b":{}}
,"/home/will-mitchell/Documents/army-assist/src/components/CardComponents/PhaseDisplays/CommandPhase.tsx": {"path":"/home/will-mitchell/Documents/army-assist/src/components/CardComponents/PhaseDisplays/CommandPhase.tsx","statementMap":{"0":{"start":{"line":6,"column":21},"end":{"line":23,"column":null}},"1":{"start":{"line":11,"column":2},"end":{"line":22,"column":null}},"2":{"start":{"line":12,"column":4},"end":{"line":12,"column":null}},"3":{"start":{"line":13,"column":4},"end":{"line":13,"column":null}},"4":{"start":{"line":15,"column":4},"end":{"line":21,"column":null}}},"fnMap":{"0":{"name":"(anonymous_0)","decl":{"start":{"line":6,"column":21},"end":{"line":6,"column":22}},"loc":{"start":{"line":10,"column":34},"end":{"line":23,"column":null}}}},"branchMap":{"0":{"loc":{"start":{"line":11,"column":2},"end":{"line":22,"column":null}},"type":"if","locations":[{"start":{"line":11,"column":2},"end":{"line":22,"column":null}},{"start":{"line":14,"column":9},"end":{"line":22,"column":null}}]}},"s":{"0":64,"1":3712,"2":0,"3":0,"4":3712},"f":{"0":3712},"b":{"0":[0,3712]}}
,"/home/will-mitchell/Documents/army-assist/src/components/CardComponents/PhaseDisplays/LeadershipOCTable.tsx": {"path":"/home/will-mitchell/Documents/army-assist/src/components/CardComponents/PhaseDisplays/LeadershipOCTable.tsx","statementMap":{"0":{"start":{"line":13,"column":2},"end":{"line":27,"column":null}}},"fnMap":{"0":{"name":"LeadershipOCTable","decl":{"start":{"line":6,"column":9},"end":{"line":6,"column":27}},"loc":{"start":{"line":12,"column":3},"end":{"line":29,"column":null}}}},"branchMap":{},"s":{"0":3712},"f":{"0":3712},"b":{}}
,"/home/will-mitchell/Documents/army-assist/src/components/CardComponents/PhaseDisplays/ModelSaveTable.tsx": {"path":"/home/will-mitchell/Documents/army-assist/src/components/CardComponents/PhaseDisplays/ModelSaveTable.tsx","statementMap":{"0":{"start":{"line":20,"column":2},"end":{"line":42,"column":null}}},"fnMap":{"0":{"name":"ModelSaveTable","decl":{"start":{"line":5,"column":9},"end":{"line":5,"column":24}},"loc":{"start":{"line":19,"column":3},"end":{"line":44,"column":null}}}},"branchMap":{"0":{"loc":{"start":{"line":35,"column":59},"end":{"line":35,"column":96}},"type":"cond-expr","locations":[{"start":{"line":35,"column":77},"end":{"line":35,"column":92}},{"start":{"line":35,"column":92},"end":{"line":35,"column":96}}]},"1":{"loc":{"start":{"line":36,"column":59},"end":{"line":36,"column":80}},"type":"cond-expr","locations":[{"start":{"line":36,"column":65},"end":{"line":36,"column":76}},{"start":{"line":36,"column":76},"end":{"line":36,"column":80}}]}},"s":{"0":0},"f":{"0":0},"b":{"0":[0,0],"1":[0,0]}}
,"/home/will-mitchell/Documents/army-assist/src/components/CardComponents/PhaseDisplays/MovementPhase.tsx": {"path":"/home/will-mitchell/Documents/army-assist/src/components/CardComponents/PhaseDisplays/MovementPhase.tsx","statementMap":{"0":{"start":{"line":5,"column":22},"end":{"line":14,"column":null}},"1":{"start":{"line":9,"column":34},"end":{"line":14,"column":null}}},"fnMap":{"0":{"name":"(anonymous_0)","decl":{"start":{"line":5,"column":22},"end":{"line":5,"column":23}},"loc":{"start":{"line":9,"column":34},"end":{"line":14,"column":null}}}},"branchMap":{"0":{"loc":{"start":{"line":11,"column":5},"end":{"line":11,"column":null}},"type":"binary-expr","locations":[{"start":{"line":11,"column":5},"end":{"line":11,"column":28}},{"start":{"line":11,"column":28},"end":{"line":11,"column":null}}]}},"s":{"0":64,"1":0},"f":{"0":0},"b":{"0":[0,0]}}
,"/home/will-mitchell/Documents/army-assist/src/components/CardComponents/PhaseDisplays/SavesPhase.tsx": {"path":"/home/will-mitchell/Documents/army-assist/src/components/CardComponents/PhaseDisplays/SavesPhase.tsx","statementMap":{"0":{"start":{"line":7,"column":19},"end":{"line":42,"column":null}},"1":{"start":{"line":12,"column":2},"end":{"line":15,"column":null}},"2":{"start":{"line":13,"column":4},"end":{"line":13,"column":null}},"3":{"start":{"line":14,"column":4},"end":{"line":14,"column":null}},"4":{"start":{"line":17,"column":15},"end":{"line":17,"column":null}},"5":{"start":{"line":18,"column":18},"end":{"line":18,"column":null}},"6":{"start":{"line":20,"column":23},"end":{"line":20,"column":null}},"7":{"start":{"line":21,"column":14},"end":{"line":25,"column":null}},"8":{"start":{"line":23,"column":6},"end":{"line":24,"column":null}},"9":{"start":{"line":27,"column":19},"end":{"line":27,"column":null}},"10":{"start":{"line":28,"column":22},"end":{"line":28,"column":null}},"11":{"start":{"line":29,"column":18},"end":{"line":29,"column":null}},"12":{"start":{"line":31,"column":2},"end":{"line":41,"column":null}}},"fnMap":{"0":{"name":"(anonymous_0)","decl":{"start":{"line":7,"column":19},"end":{"line":7,"column":20}},"loc":{"start":{"line":11,"column":34},"end":{"line":42,"column":null}}},"1":{"name":"(anonymous_1)","decl":{"start":{"line":22,"column":4},"end":{"line":22,"column":5}},"loc":{"start":{"line":23,"column":6},"end":{"line":24,"column":null}}}},"branchMap":{"0":{"loc":{"start":{"line":12,"column":2},"end":{"line":15,"column":null}},"type":"if","locations":[{"start":{"line":12,"column":2},"end":{"line":15,"column":null}}]},"1":{"loc":{"start":{"line":23,"column":6},"end":{"line":24,"column":null}},"type":"binary-expr","locations":[{"start":{"line":23,"column":6},"end":{"line":23,"column":45}},{"start":{"line":23,"column":45},"end":{"line":23,"column":null}},{"start":{"line":24,"column":6},"end":{"line":24,"column":null}}]},"2":{"loc":{"start":{"line":28,"column":22},"end":{"line":28,"column":null}},"type":"cond-expr","locations":[{"start":{"line":28,"column":40},"end":{"line":28,"column":57}},{"start":{"line":28,"column":57},"end":{"line":28,"column":null}}]},"3":{"loc":{"start":{"line":29,"column":18},"end":{"line":29,"column":null}},"type":"cond-expr","locations":[{"start":{"line":29,"column":24},"end":{"line":29,"column":49}},{"start":{"line":29,"column":49},"end":{"line":29,"column":null}}]}},"s":{"0":64,"1":0,"2":0,"3":0,"4":0,"5":0,"6":0,"7":0,"8":0,"9":0,"10":0,"11":0,"12":0},"f":{"0":0,"1":0},"b":{"0":[0],"1":[0,0,0],"2":[0,0],"3":[0,0]}}
,"/home/will-mitchell/Documents/army-assist/src/components/CardComponents/PhaseDisplays/ShootingOrFightPhase.tsx": {"path":"/home/will-mitchell/Documents/army-assist/src/components/CardComponents/PhaseDisplays/ShootingOrFightPhase.tsx","statementMap":{"0":{"start":{"line":10,"column":29},"end":{"line":44,"column":null}},"1":{"start":{"line":19,"column":2},"end":{"line":19,"column":null}},"2":{"start":{"line":20,"column":36},"end":{"line":28,"column":null}},"3":{"start":{"line":22,"column":6},"end":{"line":24,"column":null}},"4":{"start":{"line":27,"column":19},"end":{"line":27,"column":null}},"5":{"start":{"line":30,"column":35},"end":{"line":36,"column":null}},"6":{"start":{"line":31,"column":40},"end":{"line":34,"column":null}},"7":{"start":{"line":33,"column":10},"end":{"line":33,"column":null}},"8":{"start":{"line":38,"column":18},"end":{"line":38,"column":null}},"9":{"start":{"line":40,"column":2},"end":{"line":43,"column":null}}},"fnMap":{"0":{"name":"(anonymous_0)","decl":{"start":{"line":10,"column":29},"end":{"line":10,"column":30}},"loc":{"start":{"line":18,"column":34},"end":{"line":44,"column":null}}},"1":{"name":"(anonymous_1)","decl":{"start":{"line":21,"column":12},"end":{"line":21,"column":13}},"loc":{"start":{"line":22,"column":6},"end":{"line":24,"column":null}}},"2":{"name":"(anonymous_2)","decl":{"start":{"line":27,"column":6},"end":{"line":27,"column":7}},"loc":{"start":{"line":27,"column":19},"end":{"line":27,"column":null}}},"3":{"name":"(anonymous_3)","decl":{"start":{"line":31,"column":39},"end":{"line":31,"column":40}},"loc":{"start":{"line":31,"column":40},"end":{"line":34,"column":null}}},"4":{"name":"(anonymous_4)","decl":{"start":{"line":32,"column":34},"end":{"line":32,"column":35}},"loc":{"start":{"line":32,"column":44},"end":{"line":34,"column":9}}}},"branchMap":{"0":{"loc":{"start":{"line":22,"column":6},"end":{"line":24,"column":null}},"type":"cond-expr","locations":[{"start":{"line":23,"column":10},"end":{"line":23,"column":null}},{"start":{"line":24,"column":10},"end":{"line":24,"column":null}}]},"1":{"loc":{"start":{"line":27,"column":19},"end":{"line":27,"column":null}},"type":"binary-expr","locations":[{"start":{"line":27,"column":19},"end":{"line":27,"column":37}},{"start":{"line":27,"column":37},"end":{"line":27,"column":null}}]},"2":{"loc":{"start":{"line":30,"column":35},"end":{"line":36,"column":null}},"type":"cond-expr","locations":[{"start":{"line":31,"column":6},"end":{"line":35,"column":null}},{"start":{"line":36,"column":6},"end":{"line":36,"column":null}}]},"3":{"loc":{"start":{"line":32,"column":9},"end":{"line":32,"column":29}},"type":"binary-expr","locations":[{"start":{"line":32,"column":9},"end":{"line":32,"column":25}},{"start":{"line":32,"column":25},"end":{"line":32,"column":29}}]}},"s":{"0":64,"1":3712,"2":3712,"3":25319552,"4":12792944,"5":3712,"6":5008,"7":9232,"8":3712,"9":3712},"f":{"0":3712,"1":25319552,"2":12792944,"3":5008,"4":9232},"b":{"0":[13055394,12264158],"1":[12792944,12792944],"2":[3712,0],"3":[5008,0]}}
,"/home/will-mitchell/Documents/army-assist/src/components/CardComponents/PhaseDisplays/WeaponPhaseTable.tsx": {"path":"/home/will-mitchell/Documents/army-assist/src/components/CardComponents/PhaseDisplays/WeaponPhaseTable.tsx","statementMap":{"0":{"start":{"line":14,"column":2},"end":{"line":51,"column":null}},"1":{"start":{"line":31,"column":12},"end":{"line":47,"column":null}}},"fnMap":{"0":{"name":"WeaponPhaseTable","decl":{"start":{"line":9,"column":9},"end":{"line":9,"column":26}},"loc":{"start":{"line":13,"column":3},"end":{"line":53,"column":null}}},"1":{"name":"(anonymous_1)","decl":{"start":{"line":30,"column":32},"end":{"line":30,"column":33}},"loc":{"start":{"line":31,"column":12},"end":{"line":47,"column":null}}}},"branchMap":{"0":{"loc":{"start":{"line":34,"column":16},"end":{"line":34,"column":null}},"type":"cond-expr","locations":[{"start":{"line":34,"column":34},"end":{"line":34,"column":39}},{"start":{"line":34,"column":39},"end":{"line":34,"column":null}}]},"1":{"loc":{"start":{"line":39,"column":17},"end":{"line":39,"column":null}},"type":"cond-expr","locations":[{"start":{"line":39,"column":44},"end":{"line":39,"column":59}},{"start":{"line":39,"column":59},"end":{"line":39,"column":null}}]}},"s":{"0":3452,"1":3904},"f":{"0":3452,"1":3904},"b":{"0":[3322,582],"1":[1891,2013]}}
,"/home/will-mitchell/Documents/army-assist/src/components/CardComponents/PhaseDisplays/TableComponents.tsx/TableCell.tsx": {"path":"/home/will-mitchell/Documents/army-assist/src/components/CardComponents/PhaseDisplays/TableComponents.tsx/TableCell.tsx","statementMap":{"0":{"start":{"line":6,"column":5},"end":{"line":7,"column":null}},"1":{"start":{"line":7,"column":2},"end":{"line":7,"column":null}}},"fnMap":{"0":{"name":"(anonymous_0)","decl":{"start":{"line":6,"column":5},"end":{"line":6,"column":6}},"loc":{"start":{"line":7,"column":2},"end":{"line":7,"column":null}}}},"branchMap":{},"s":{"0":64,"1":34752},"f":{"0":34752},"b":{}}
,"/home/will-mitchell/Documents/army-assist/src/components/CardComponents/PhaseDisplays/TableComponents.tsx/TableHeaderCell.tsx": {"path":"/home/will-mitchell/Documents/army-assist/src/components/CardComponents/PhaseDisplays/TableComponents.tsx/TableHeaderCell.tsx","statementMap":{"0":{"start":{"line":6,"column":5},"end":{"line":7,"column":null}},"1":{"start":{"line":7,"column":2},"end":{"line":7,"column":null}}},"fnMap":{"0":{"name":"(anonymous_0)","decl":{"start":{"line":6,"column":5},"end":{"line":6,"column":6}},"loc":{"start":{"line":7,"column":2},"end":{"line":7,"column":null}}}},"branchMap":{},"s":{"0":64,"1":35040},"f":{"0":35040},"b":{}}
[...]
":10},"end":{"line":206,"column":null}}]},"9":{"loc":{"start":{"line":189,"column":23},"end":{"line":189,"column":null}},"type":"binary-expr","locations":[{"start":{"line":189,"column":23},"end":{"line":189,"column":34}},{"start":{"line":189,"column":34},"end":{"line":189,"column":null}}]},"10":{"loc":{"start":{"line":203,"column":12},"end":{"line":205,"column":null}},"type":"if","locations":[{"start":{"line":203,"column":12},"end":{"line":205,"column":null}}]},"11":{"loc":{"start":{"line":203,"column":16},"end":{"line":203,"column":59}},"type":"binary-expr","locations":[{"start":{"line":203,"column":16},"end":{"line":203,"column":34}},{"start":{"line":203,"column":34},"end":{"line":203,"column":59}}]},"12":{"loc":{"start":{"line":209,"column":8},"end":{"line":313,"column":null}},"type":"if","locations":[{"start":{"line":209,"column":8},"end":{"line":313,"column":null}}]},"13":{"loc":{"start":{"line":225,"column":32},"end":{"line":229,"column":null}},"type":"cond-expr","locations":[{"start":{"line":226,"column":18},"end":{"line":228,"column":null}},{"start":{"line":229,"column":18},"end":{"line":229,"column":null}}]},"14":{"loc":{"start":{"line":231,"column":14},"end":{"line":234,"column":null}},"type":"if","locations":[{"start":{"line":231,"column":14},"end":{"line":234,"column":null}}]},"15":{"loc":{"start":{"line":240,"column":14},"end":{"line":243,"column":null}},"type":"if","locations":[{"start":{"line":240,"column":14},"end":{"line":243,"column":null}}]},"16":{"loc":{"start":{"line":251,"column":14},"end":{"line":259,"column":null}},"type":"if","locations":[{"start":{"line":251,"column":14},"end":{"line":259,"column":null}}]},"17":{"loc":{"start":{"line":251,"column":18},"end":{"line":251,"column":61}},"type":"binary-expr","locations":[{"start":{"line":251,"column":18},"end":{"line":251,"column":35}},{"start":{"line":251,"column":35},"end":{"line":251,"column":61}}]},"18":{"loc":{"start":{"line":255,"column":31},"end":{"line":257,"column":null}},"type":"cond-expr","locations":[{"start":{"line":256,"column":20},"end":{"line":256,"column":null}},{"start":{"line":257,"column":20},"end":{"line":257,"column":null}}]},"19":{"loc":{"start":{"line":263,"column":34},"end":{"line":263,"column":67}},"type":"binary-expr","locations":[{"start":{"line":263,"column":34},"end":{"line":263,"column":56}},{"start":{"line":263,"column":56},"end":{"line":263,"column":67}}]},"20":{"loc":{"start":{"line":277,"column":16},"end":{"line":281,"column":null}},"type":"if","locations":[{"start":{"line":277,"column":16},"end":{"line":281,"column":null}}]},"21":{"loc":{"start":{"line":308,"column":10},"end":{"line":310,"column":null}},"type":"if","locations":[{"start":{"line":308,"column":10},"end":{"line":310,"column":null}}]},"22":{"loc":{"start":{"line":330,"column":8},"end":{"line":333,"column":null}},"type":"if","locations":[{"start":{"line":330,"column":8},"end":{"line":333,"column":null}}]}},"s":{"0":64,"1":64,"2":0,"3":0,"4":64,"5":64,"6":64,"7":64,"8":0,"9":0,"10":64,"11":64,"12":1792,"13":64,"14":0,"15":0,"16":64,"17":64,"18":64,"19":64,"20":64,"21":6784,"22":6784,"23":0,"24":0,"25":0,"26":0,"27":0,"28":0,"29":6784,"30":6784,"31":6784,"32":3712,"33":3712,"34":3712,"35":3712,"36":3712,"37":3072,"38":1216,"39":1216,"40":1216,"41":1216,"42":64,"43":64,"44":64,"45":3712,"46":3712,"47":5749888,"48":3712,"49":3712,"50":3712,"51":0,"52":3712,"53":0,"54":0,"55":3712,"56":2148416,"57":3712,"58":0,"59":0,"60":3712,"61":23671424,"62":15360,"63":3712,"64":1152,"65":1216,"66":1152,"67":1152,"68":3712,"69":7104,"70":7040,"71":7040,"72":7040,"73":7360,"74":3712,"75":3712,"76":7360,"77":7360,"78":448,"79":448,"80":448,"81":6912,"82":3712,"83":2182656,"84":3712,"85":47376256,"86":18560,"87":3712,"88":3712,"89":64,"90":0,"91":64,"92":64,"93":64,"94":3712,"95":64,"96":0,"97":0,"98":0,"99":0,"100":0,"101":0,"102":0,"103":0,"104":64,"105":0,"106":0,"107":0,"108":0,"109":0,"110":0,"111":64},"f":{"0":64,"1":0,"2":0,"3":64,"4":1792,"5":6784,"6":3712,"7":5749888,"8":3712,"9":0,"10":2148416,"11":23671424,"12":15360,"13":1216,"14":7104,"15":7040,"16":7040,"17":7360,"18":7360,"19":2182656,"20":47376256,"21":18560,"22":3712,"23":64,"24":3712,"25":0,"26":0,"27":0,"28":0,"29":64,"30":0,"31":0,"32":0,"33":0,"34":0,"35":0,"36":64},"b":{"0":[0],"1":[64,64],"2":[1792,1728],"3":[0],"4":[0],"5":[0,0],"6":[3712,3072],"7":[3712],"8":[1216],"9":[1216,0],"10":[1216],"11":[1216,1216],"12":[64],"13":[0,3712],"14":[0],"15":[0],"16":[1152],"17":[3712,3712],"18":[64,1088],"19":[7104,7040],"20":[448],"21":[0],"22":[0]}}
,"/home/will-mitchell/Documents/army-assist/src/types/Phase.ts": {"path":"/home/will-mitchell/Documents/army-assist/src/types/Phase.ts","statementMap":{"0":{"start":{"line":1,"column":0},"end":{"line":1,"column":null}},"1":{"start":{"line":2,"column":2},"end":{"line":2,"column":null}},"2":{"start":{"line":3,"column":2},"end":{"line":3,"column":null}},"3":{"start":{"line":4,"column":2},"end":{"line":4,"column":null}},"4":{"start":{"line":5,"column":2},"end":{"line":5,"column":null}},"5":{"start":{"line":6,"column":2},"end":{"line":6,"column":null}},"6":{"start":{"line":7,"column":2},"end":{"line":7,"column":null}},"7":{"start":{"line":1,"column":5},"end":{"line":1,"column":null}}},"fnMap":{"0":{"name":"(anonymous_0)","decl":{"start":{"line":1,"column":0},"end":{"line":1,"column":5}},"loc":{"start":{"line":1,"column":0},"end":{"line":1,"column":null}}}},"branchMap":{"0":{"loc":{"start":{"line":1,"column":5},"end":{"line":1,"column":null}},"type":"binary-expr","locations":[{"start":{"line":1,"column":5},"end":{"line":1,"column":null}},{"start":{"line":1,"column":5},"end":{"line":1,"column":null}}]}},"s":{"0":64,"1":64,"2":64,"3":64,"4":64,"5":64,"6":64,"7":64},"f":{"0":64},"b":{"0":[64,64]}}
,"/home/will-mitchell/Documents/army-assist/src/types/Side.ts": {"path":"/home/will-mitchell/Documents/army-assist/src/types/Side.ts","statementMap":{"0":{"start":{"line":1,"column":0},"end":{"line":1,"column":12}},"1":{"start":{"line":1,"column":12},"end":{"line":1,"column":16}},"2":{"start":{"line":1,"column":16},"end":{"line":1,"column":null}},"3":{"start":{"line":1,"column":5},"end":{"line":1,"column":12}}},"fnMap":{"0":{"name":"(anonymous_0)","decl":{"start":{"line":1,"column":0},"end":{"line":1,"column":5}},"loc":{"start":{"line":1,"column":0},"end":{"line":1,"column":12}}}},"branchMap":{"0":{"loc":{"start":{"line":1,"column":5},"end":{"line":1,"column":12}},"type":"binary-expr","locations":[{"start":{"line":1,"column":5},"end":{"line":1,"column":12}},{"start":{"line":1,"column":5},"end":{"line":1,"column":12}}]}},"s":{"0":64,"1":64,"2":64,"3":64},"f":{"0":64},"b":{"0":[64,64]}}
,"/home/will-mitchell/Documents/army-assist/src/types/SortOptions.ts": {"path":"/home/will-mitchell/Documents/army-assist/src/types/SortOptions.ts","statementMap":{"0":{"start":{"line":1,"column":0},"end":{"line":1,"column":null}},"1":{"start":{"line":2,"column":2},"end":{"line":2,"column":null}},"2":{"start":{"line":3,"column":2},"end":{"line":3,"column":null}},"3":{"start":{"line":1,"column":5},"end":{"line":1,"column":null}}},"fnMap":{"0":{"name":"(anonymous_0)","decl":{"start":{"line":1,"column":0},"end":{"line":1,"column":5}},"loc":{"start":{"line":1,"column":0},"end":{"line":1,"column":null}}}},"branchMap":{"0":{"loc":{"start":{"line":1,"column":5},"end":{"line":1,"column":null}},"type":"binary-expr","locations":[{"start":{"line":1,"column":5},"end":{"line":1,"column":null}},{"start":{"line":1,"column":5},"end":{"line":1,"column":null}}]}},"s":{"0":64,"1":64,"2":64,"3":64},"f":{"0":64},"b":{"0":[64,64]}}
,"/home/will-mitchell/Documents/army-assist/src/utils/StoreHelper.ts": {"path":"/home/will-mitchell/Documents/army-assist/src/utils/StoreHelper.ts","statementMap":{"0":{"start":{"line":6,"column":30},"end":{"line":16,"column":null}},"1":{"start":{"line":7,"column":24},"end":{"line":13,"column":null}},"2":{"start":{"line":15,"column":2},"end":{"line":15,"column":null}},"3":{"start":{"line":18,"column":27},"end":{"line":54,"column":null}},"4":{"start":{"line":19,"column":2},"end":{"line":51,"column":null}},"5":{"start":{"line":21,"column":6},"end":{"line":21,"column":null}},"6":{"start":{"line":22,"column":6},"end":{"line":22,"column":null}},"7":{"start":{"line":24,"column":6},"end":{"line":24,"column":null}},"8":{"start":{"line":25,"column":6},"end":{"line":25,"column":null}},"9":{"start":{"line":27,"column":6},"end":{"line":27,"column":null}},"10":{"start":{"line":28,"column":6},"end":{"line":28,"column":null}},"11":{"start":{"line":30,"column":6},"end":{"line":30,"column":null}},"12":{"start":{"line":31,"column":6},"end":{"line":31,"column":null}},"13":{"start":{"line":34,"column":6},"end":{"line":34,"column":null}},"14":{"start":{"line":35,"column":6},"end":{"line":35,"column":null}},"15":{"start":{"line":37,"column":6},"end":{"line":37,"column":null}},"16":{"start":{"line":38,"column":6},"end":{"line":38,"column":null}},"17":{"start":{"line":40,"column":6},"end":{"line":40,"column":null}},"18":{"start":{"line":41,"column":6},"end":{"line":41,"column":null}},"19":{"start":{"line":43,"column":6},"end":{"line":43,"column":null}},"20":{"start":{"line":44,"column":6},"end":{"line":44,"column":null}},"21":{"start":{"line":46,"column":6},"end":{"line":46,"column":null}},"22":{"start":{"line":47,"column":6},"end":{"line":47,"column":null}},"23":{"start":{"line":49,"column":6},"end":{"line":49,"column":null}},"24":{"start":{"line":50,"column":6},"end":{"line":50,"column":null}},"25":{"start":{"line":53,"column":2},"end":{"line":53,"column":null}},"26":{"start":{"line":56,"column":30},"end":{"line":132,"column":null}},"27":{"start":{"line":57,"column":2},"end":{"line":131,"column":null}},"28":{"start":{"line":59,"column":6},"end":{"line":63,"column":null}},"29":{"start":{"line":65,"column":6},"end":{"line":70,"column":null}},"30":{"start":{"line":72,"column":6},"end":{"line":77,"column":null}},"31":{"start":{"line":79,"column":6},"end":{"line":84,"column":null}},"32":{"start":{"line":86,"column":6},"end":{"line":91,"column":null}},"33":{"start":{"line":93,"column":6},"end":{"line":98,"column":null}},"34":{"start":{"line":100,"column":6},"end":{"line":105,"column":null}},"35":{"start":{"line":107,"column":6},"end":{"line":112,"column":null}},"36":{"start":{"line":114,"column":6},"end":{"line":119,"column":null}},"37":{"start":{"line":121,"column":6},"end":{"line":130,"column":null}},"38":{"start":{"line":122,"column":8},"end":{"line":127,"column":null}},"39":{"start":{"line":129,"column":8},"end":{"line":129,"column":null}},"40":{"start":{"line":134,"column":29},"end":{"line":195,"column":null}},"41":{"start":{"line":135,"column":2},"end":{"line":137,"column":null}},"42":{"start":{"line":136,"column":4},"end":{"line":136,"column":null}},"43":{"start":{"line":139,"column":2},"end":{"line":147,"column":null}},"44":{"start":{"line":141,"column":6},"end":{"line":141,"column":null}},"45":{"start":{"line":142,"column":6},"end":{"line":142,"column":null}},"46":{"start":{"line":144,"column":6},"end":{"line":144,"column":null}},"47":{"start":{"line":145,"column":6},"end":{"line":145,"column":null}},"48":{"start":{"line":146,"column":6},"end":{"line":146,"column":null}},"49":{"start":{"line":149,"column":2},"end":{"line":192,"column":null}},"50":{"start":{"line":151,"column":6},"end":{"line":157,"column":null}},"51":{"start":{"line":152,"column":8},"end":{"line":156,"column":null}},"52":{"start":{"line":153,"column":10},"end":{"line":153,"column":null}},"53":{"start":{"line":155,"column":10},"end":{"line":155,"column":null}},"54":{"start":{"line":158,"column":6},"end":{"line":158,"column":null}},"55":{"start":{"line":160,"column":6},"end":{"line":160,"column":null}},"56":{"start":{"line":161,"column":6},"end":{"line":161,"column":null}},"57":{"start":{"line":163,"column":6},"end":{"line":163,"column":null}},"58":{"start":{"line":164,"column":6},"end":{"line":164,"column":null}},"59":{"start":{"line":166,"column":6},"end":{"line":166,"column":null}},"60":{"start":{"line":167,"column":6},"end":{"line":167,"column":null}},"61":{"start":{"line":169,"column":6},"end":{"line":169,"column":null}},"62":{"start":{"line":170,"column":6},"end":{"line":170,"column":null}},"63":{"start":{"line":172,"column":6},"end":{"line":172,"column":null}},"64":{"start":{"line":173,"column":6},"end":{"line":173,"column":null}},"65":{"start":{"line":175,"column":6},"end":{"line":175,"column":null}},"66":{"start":{"line":176,"column":6},"end":{"line":176,"column":null}},"67":{"start":{"line":178,"column":6},"end":{"line":178,"column":null}},"68":{"start":{"line":179,"column":6},"end":{"line":179,"column":null}},"69":{"start":{"line":181,"column":6},"end":{"line":181,"column":null}},"70":{"start":{"line":182,"column":6},"end":{"line":182,"column":null}},"71":{"start":{"line":184,"column":6},"end":{"line":184,"column":null}},"72":{"start":{"line":185,"column":6},"end":{"line":185,"column":null}},"73":{"start":{"line":187,"column":6},"end":{"line":187,"column":null}},"74":{"start":{"line":188,"column":6},"end":{"line":188,"column":null}},"75":{"start":{"line":190,"column":6},"end":{"line":190,"column":null}},"76":{"start":{"line":191,"column":6},"end":{"line":191,"column":null}},"77":{"start":{"line":194,"column":2},"end":{"line":194,"column":null}}},"fnMap":{"0":{"name":"(anonymous_0)","decl":{"start":{"line":6,"column":30},"end":{"line":6,"column":31}},"loc":{"start":{"line":6,"column":55},"end":{"line":16,"column":null}}},"1":{"name":"(anonymous_1)","decl":{"start":{"line":18,"column":27},"end":{"line":18,"column":28}},"loc":{"start":{"line":18,"column":47},"end":{"line":54,"column":null}}},"2":{"name":"(anonymous_2)","decl":{"start":{"line":56,"column":30},"end":{"line":56,"column":31}},"loc":{"start":{"line":56,"column":52},"end":{"line":132,"column":null}}},"3":{"name":"(anonymous_3)","decl":{"start":{"line":134,"column":29},"end":{"line":134,"column":30}},"loc":{"start":{"line":134,"column":85},"end":{"line":195,"column":null}}}},"branchMap":{"0":{"loc":{"start":{"line":19,"column":2},"end":{"line":51,"column":null}},"type":"switch","locations":[{"start":{"line":20,"column":4},"end":{"line":22,"column":null}},{"start":{"line":23,"column":4},"end":{"line":25,"column":null}},{"start":{"line":26,"column":4},"end":{"line":28,"column":null}},{"start":{"line":29,"column":4},"end":{"line":31,"column":null}},{"start":{"line":32,"column":4},"end":{"line":32,"column":null}},{"start":{"line":33,"column":4},"end":{"line":35,"column":null}},{"start":{"line":36,"column":4},"end":{"line":38,"column":null}},{"start":{"line":39,"column":4},"end":{"line":41,"column":null}},{"start":{"line":42,"column":4},"end":{"line":44,"column":null}},{"start":{"line":45,"column":4},"end":{"line":47,"column":null}},{"start":{"line":48,"column":4},"end":{"line":50,"column":null}}]},"1":{"loc":{"start":{"line":57,"column":2},"end":{"line":131,"column":null}},"type":"switch","locations":[{"start":{"line":58,"column":4},"end":{"line":63,"column":null}},{"start":{"line":64,"column":4},"end":{"line":70,"column":null}},{"start":{"line":71,"column":4},"end":{"line":77,"column":null}},{"start":{"line":78,"column":4},"end":{"line":84,"column":null}},{"start":{"line":85,"column":4},"end":{"line":91,"column":null}},{"start":{"line":92,"column":4},"end":{"line":98,"column":null}},{"start":{"line":99,"column":4},"end":{"line":105,"column":null}},{"start":{"line":106,"column":4},"end":{"line":112,"column":null}},{"start":{"line":113,"column":4},"end":{"line":119,"column":null}},{"start":{"line":120,"column":4},"end":{"line":130,"column":null}}]},"2":{"loc":{"start":{"line":121,"column":6},"end":{"line":130,"column":null}},"type":"if","locations":[{"start":{"line":121,"column":6},"end":{"line":130,"column":null}},{"start":{"line":128,"column":13},"end":{"line":130,"column":null}}]},"3":{"loc":{"start":{"line":135,"column":2},"end":{"line":137,"column":null}},"type":"if","locations":[{"start":{"line":135,"column":2},"end":{"line":137,"column":null}}]},"4":{"loc":{"start":{"line":139,"column":2},"end":{"line":147,"column":null}},"type":"switch","locations":[{"start":{"line":140,"column":4},"end":{"line":142,"column":null}},{"start":{"line":143,"column":4},"end":{"line":146,"column":null}}]},"5":{"loc":{"start":{"line":141,"column":16},"end":{"line":141,"column":null}},"type":"cond-expr","locations":[{"start":{"line":141,"column":26},"end":{"line":141,"column":61}},{"start":{"line":141,"column":61},"end":{"line":141,"column":null}}]},"6":{"loc":{"start":{"line":144,"column":16},"end":{"line":144,"column":null}},"type":"cond-expr","locations":[{"start":{"line":144,"column":26},"end":{"line":144,"column":59}},{"start":{"line":144,"column":59},"end":{"line":144,"column":null}}]},"7":{"loc":{"start":{"line":145,"column":16},"end":{"line":145,"column":null}},"type":"cond-expr","locations":[{"start":{"line":145,"column":26},"end":{"line":145,"column":63}},{"start":{"line":145,"column":63},"end":{"line":145,"column":null}}]},"8":{"loc":{"start":{"line":149,"column":2},"end":{"line":192,"column":null}},"type":"switch","locations":[{"start":{"line":150,"column":4},"end":{"line":158,"column":null}},{"start":{"line":159,"column":4},"end":{"line":161,"column":null}},{"start":{"line":162,"column":4},"end":{"line":164,"column":null}},{"start":{"line":165,"column":4},"end":{"line":167,"column":null}},{"start":{"line":168,"column":4},"end":{"line":170,"column":null}},{"start":{"line":171,"column":4},"end":{"line":173,"column":null}},{"start":{"line":174,"column":4},"end":{"line":176,"column":null}},{"start":{"line":177,"column":4},"end":{"line":179,"column":null}},{"start":{"line":180,"column":4},"end":{"line":182,"column":null}},{"start":{"line":183,"column":4},"end":{"line":185,"column":null}},{"start":{"line":186,"column":4},"end":{"line":188,"column":null}},{"start":{"line":189,"column":4},"end":{"line":191,"column":null}}]},"9":{"loc":{"start":{"line":151,"column":6},"end":{"line":157,"column":null}},"type":"if","locations":[{"start":{"line":151,"column":6},"end":{"line":157,"column":null}}]},"10":{"loc":{"start":{"line":152,"column":8},"end":{"line":156,"column":null}},"type":"if","locations":[{"start":{"line":152,"column":8},"end":{"line":156,"column":null}},{"start":{"line":154,"column":15},"end":{"line":156,"column":null}}]}},"s":{"0":64,"1":64,"2":64,"3":64,"4":3712,"5":0,"6":0,"7":0,"8":0,"9":0,"10":0,"11":0,"12":0,"13":0,"14":0,"15":0,"16":0,"17":0,"18":0,"19":64,"20":64,"21":0,"22":0,"23":0,"24":0,"25":3712,"26":64,"27":15360,"28":128,"29":0,"30":128,"31":1408,"32":0,"33":64,"34":0,"35":640,"36":128,"37":12864,"38":5056,"39":7808,"40":64,"41":3712,"42":0,"43":3712,"44":0,"45":0,"46":0,"47":0,"48":0,"49":3712,"50":0,"51":0,"52":0,"53":0,"54":0,"55":0,"56":0,"57":0,"58":0,"59":0,"60":0,"61":0,"62":0,"63":0,"64":0,"65":0,"66":0,"67":0,"68":0,"69":0,"70":0,"71":0,"72":0,"73":0,"74":0,"75":0,"76":0,"77":3712},"f":{"0":64,"1":3712,"2":15360,"3":3712},"b":{"0":[0,0,0,0,0,0,0,0,64,0,0],"1":[128,0,128,1408,0,64,0,640,128,12864],"2":[5056,7808],"3":[0],"4":[0,0],"5":[0,0],"6":[0,0],"7":[0,0],"8":[0,0,0,0,0,0,0,0,0,0,0,0],"9":[0],"10":[0,0]}}
,"/home/will-mitchell/Documents/army-assist/src/utils/VersionHelper.ts": {"path":"/home/will-mitchell/Documents/army-assist/src/utils/VersionHelper.ts","statementMap":{"0":{"start":{"line":3,"column":26},"end":{"line":3,"column":null}},"1":{"start":{"line":3,"column":32},"end":{"line":3,"column":null}},"2":{"start":{"line":4,"column":31},"end":{"line":4,"column":null}},"3":{"start":{"line":4,"column":37},"end":{"line":4,"column":null}}},"fnMap":{"0":{"name":"(anonymous_0)","decl":{"start":{"line":3,"column":26},"end":{"line":3,"column":32}},"loc":{"start":{"line":3,"column":32},"end":{"line":3,"column":null}}},"1":{"name":"(anonymous_1)","decl":{"start":{"line":4,"column":31},"end":{"line":4,"column":37}},"loc":{"start":{"line":4,"column":37},"end":{"line":4,"column":null}}}},"branchMap":{},"s":{"0":64,"1":64,"2":64,"3":128},"f":{"0":64,"1":128},"b":{}}
}
