TN:
SF:src/App.tsx
FN:7,App
FN:8,(anonymous_1)
FN:10,(anonymous_2)
FNF:3
FNH:3
FNDA:65,App
FNDA:325,(anonymous_1)
FNDA:65,(anonymous_2)
DA:8,325
DA:10,65
DA:11,65
DA:12,65
DA:14,0
DA:18,65
LF:6
LH:5
BRDA:11,0,0,65
BRDA:11,0,1,0
BRF:2
BRH:1
end_of_record
TN:
SF:src/main.tsx
FNF:0
FNH:0
DA:7,65
LF:1
LH:1
BRF:0
BRH:0
end_of_record
TN:
SF:src/components/ArmyRuleDisplay.tsx
FN:8,(anonymous_0)
FN:9,(anonymous_1)
FN:11,(anonymous_2)
FN:12,(anonymous_3)
FN:16,(anonymous_4)
FN:19,(anonymous_5)
FN:22,(anonymous_6)
FN:34,(anonymous_7)
FN:39,(anonymous_8)
FN:54,classNames
FN:61,(anonymous_10)
FN:64,(anonymous_11)
FN:87,(anonymous_12)
FNF:13
FNH:12
FNDA:260,(anonymous_0)
FNDA:585,(anonymous_1)
FNDA:585,(anonymous_2)
FNDA:585,(anonymous_3)
FNDA:130,(anonymous_4)
FNDA:7800,(anonymous_5)
FNDA:130,(anonymous_6)
FNDA:23920,(anonymous_7)
FNDA:0,(anonymous_8)
FNDA:325,classNames
FNDA:325,(anonymous_10)
FNDA:325,(anonymous_11)
FNDA:195,(anonymous_12)
DA:8,65
DA:9,585
DA:11,585
DA:12,585
DA:14,260
DA:16,260
DA:17,130
DA:20,7800
DA:22,130
DA:32,130
DA:35,23920
DA:39,0
DA:49,130
DA:52,260
DA:55,325
DA:58,260
DA:62,325
DA:65,325
DA:88,195
LF:19
LH:18
BRDA:11,0,0,260
BRDA:11,0,1,260
BRDA:20,1,0,7800
BRDA:20,1,1,130
BRDA:35,2,0,23920
BRDA:35,2,1,1170
BRDA:35,2,2,0
BRDA:67,3,0,0
BRDA:67,3,1,325
BRDA:74,4,0,0
BRDA:74,4,1,325
BRDA:79,5,0,195
BRDA:79,5,1,130
BRDA:82,6,0,0
BRDA:82,6,1,195
BRF:15
BRH:11
end_of_record
TN:
SF:src/components/Body.tsx
FN:6,Body
FN:7,(anonymous_1)
FNF:2
FNH:2
FNDA:130,Body
FNDA:455,(anonymous_1)
DA:7,455
DA:9,130
DA:11,130
LF:3
LH:3
BRDA:9,0,0,65
BRDA:9,0,1,65
BRF:2
BRH:2
end_of_record
TN:
SF:src/components/Changelog.tsx
FN:12,Changelog
FN:15,(anonymous_1)
FN:16,(anonymous_2)
FN:28,(anonymous_3)
FN:33,(anonymous_4)
FN:34,(anonymous_5)
FN:71,(anonymous_6)
FN:80,(anonymous_7)
FNF:8
FNH:4
FNDA:65,Changelog
FNDA:65,(anonymous_1)
FNDA:0,(anonymous_2)
FNDA:0,(anonymous_3)
FNDA:0,(anonymous_4)
FNDA:0,(anonymous_5)
FNDA:1105,(anonymous_6)
FNDA:4615,(anonymous_7)
DA:13,65
DA:15,65
DA:16,65
DA:17,0
DA:18,0
DA:22,65
DA:23,0
DA:25,65
DA:28,65
DA:29,0
DA:33,65
DA:34,65
DA:36,65
DA:38,65
DA:72,1105
DA:81,4615
LF:16
LH:12
BRDA:17,0,0,0
BRDA:22,1,0,0
BRDA:22,1,1,65
BRF:3
BRH:1
end_of_record
TN:
SF:src/components/Header.tsx
FN:7,(anonymous_0)
FNF:1
FNH:1
FNDA:65,(anonymous_0)
DA:7,65
DA:8,65
LF:2
LH:2
BRF:0
BRH:0
end_of_record
TN:
SF:src/components/Instructions.tsx
FN:12,Instructions
FN:15,(anonymous_1)
FN:16,(anonymous_2)
FN:18,(anonymous_3)
FN:25,(anonymous_4)
FN:26,(anonymous_5)
FN:38,(anonymous_6)
FN:43,(anonymous_7)
FN:44,(anonymous_8)
FN:57,(anonymous_9)
FN:58,(anonymous_10)
FN:60,(anonymous_11)
FN:68,(anonymous_12)
FN:75,(anonymous_13)
FN:95,(anonymous_14)
FN:157,(anonymous_15)
FN:160,(anonymous_16)
FN:169,(anonymous_17)
FN:170,(anonymous_18)
FN:177,(anonymous_19)
FN:178,(anonymous_20)
FNF:21
FNH:10
FNDA:325,Instructions
FNDA:910,(anonymous_1)
FNDA:910,(anonymous_2)
FNDA:130,(anonymous_3)
FNDA:195,(anonymous_4)
FNDA:0,(anonymous_5)
FNDA:130,(anonymous_6)
FNDA:65,(anonymous_7)
FNDA:65,(anonymous_8)
FNDA:130,(anonymous_9)
FNDA:0,(anonymous_10)
FNDA:0,(anonymous_11)
FNDA:0,(anonymous_12)
FNDA:0,(anonymous_13)
FNDA:65,(anonymous_14)
FNDA:0,(anonymous_15)
FNDA:0,(anonymous_16)
FNDA:0,(anonymous_17)
FNDA:0,(anonymous_18)
FNDA:0,(anonymous_19)
FNDA:0,(anonymous_20)
DA:13,325
DA:14,325
DA:15,910
DA:16,910
DA:18,325
DA:19,130
DA:20,65
DA:21,65
DA:25,325
DA:26,195
DA:27,0
DA:28,0
DA:32,195
DA:33,65
DA:35,130
DA:38,195
DA:39,130
DA:43,325
DA:44,65
DA:45,65
DA:46,65
DA:47,65
DA:48,65
DA:50,0
DA:54,65
DA:57,325
DA:58,325
DA:60,325
DA:61,0
DA:62,0
DA:68,0
DA:70,0
DA:71,0
DA:75,325
DA:76,0
DA:80,325
DA:82,325
DA:158,0
DA:161,0
DA:169,0
DA:170,0
DA:177,0
DA:178,0
LF:43
LH:28
BRDA:19,0,0,65
BRDA:27,1,0,0
BRDA:32,2,0,65
BRDA:32,2,1,130
BRF:4
BRH:3
end_of_record
TN:
SF:src/components/ListDisplay.tsx
FN:11,ListDisplay
FN:12,(anonymous_1)
FN:13,(anonymous_2)
FN:14,(anonymous_3)
FN:16,(anonymous_4)
FN:26,(anonymous_5)
FN:27,(anonymous_6)
FN:47,(anonymous_7)
FNF:8
FNH:8
FNDA:130,ListDisplay
FNDA:325,(anonymous_1)
FNDA:325,(anonymous_2)
FNDA:325,(anonymous_3)
FNDA:36530,(anonymous_4)
FNDA:10530,(anonymous_5)
FNDA:400140,(anonymous_6)
FNDA:10140,(anonymous_7)
DA:12,325
DA:13,325
DA:14,325
DA:16,130
DA:17,36530
DA:19,36530
DA:21,0
DA:25,130
DA:27,400140
DA:28,10530
DA:29,390
DA:31,10140
DA:33,10530
DA:37,130
DA:39,130
DA:48,10140
LF:16
LH:15
BRDA:17,0,0,36530
BRDA:17,0,1,0
BRDA:25,1,0,130
BRDA:25,1,1,0
BRDA:28,2,0,390
BRDA:28,2,1,10140
BRDA:29,3,0,390
BRDA:29,3,1,0
BRF:8
BRH:5
end_of_record
TN:
SF:src/components/Pastebox.tsx
FN:4,Pastebox
FN:8,(anonymous_1)
FN:12,(anonymous_2)
FNF:3
FNH:3
FNDA:615820,Pastebox
FNDA:615690,(anonymous_1)
FNDA:65,(anonymous_2)
DA:5,615820
DA:6,615820
DA:8,615820
DA:9,615690
DA:12,615820
DA:13,65
DA:14,65
DA:16,65
DA:17,0
DA:18,0
DA:22,615820
LF:11
LH:9
BRDA:16,0,0,0
BRF:1
BRH:0
end_of_record
TN:
SF:src/components/PhaseFilter.tsx
FN:14,PhaseFilter
FN:15,(anonymous_1)
FN:16,(anonymous_2)
FN:17,(anonymous_3)
FN:20,(anonymous_4)
FN:24,(anonymous_5)
FN:26,(anonymous_6)
FN:31,classNames
FN:55,(anonymous_8)
FN:82,(anonymous_9)
FN:87,(anonymous_10)
FNF:11
FNH:8
FNDA:130,PhaseFilter
FNDA:325,(anonymous_1)
FNDA:325,(anonymous_2)
FNDA:325,(anonymous_3)
FNDA:0,(anonymous_4)
FNDA:65,(anonymous_5)
FNDA:0,(anonymous_6)
FNDA:1235,classNames
FNDA:0,(anonymous_8)
FNDA:780,(anonymous_9)
FNDA:1235,(anonymous_10)
DA:15,325
DA:16,325
DA:17,325
DA:18,130
DA:20,130
DA:21,0
DA:24,130
DA:25,65
DA:26,65
DA:27,0
DA:32,1235
DA:35,130
DA:56,0
DA:83,780
DA:88,1235
LF:15
LH:12
BRDA:37,0,0,0
BRDA:37,0,1,130
BRDA:56,1,0,0
BRDA:56,1,1,0
BRDA:83,2,0,780
BRDA:83,2,1,780
BRDA:90,3,0,260
BRDA:90,3,1,975
BRF:8
BRH:5
end_of_record
TN:
SF:src/components/ResetButton.tsx
FN:4,(anonymous_0)
FN:10,(anonymous_1)
FNF:2
FNH:1
FNDA:260,(anonymous_0)
FNDA:0,(anonymous_1)
DA:4,65
DA:5,260
DA:7,260
DA:10,0
LF:4
LH:3
BRF:0
BRH:0
end_of_record
TN:
SF:src/components/ScrollToTopButton.tsx
FN:4,(anonymous_0)
FN:5,(anonymous_1)
FNF:2
FNH:1
FNDA:130,(anonymous_0)
FNDA:0,(anonymous_1)
DA:4,65
DA:5,130
DA:6,0
DA:9,130
LF:4
LH:3
BRF:0
BRH:0
end_of_record
TN:
SF:src/components/Settings.tsx
FN:8,Settings
FN:10,(anonymous_1)
FN:11,(anonymous_2)
FN:13,(anonymous_3)
FN:14,(anonymous_4)
FN:16,(anonymous_5)
FN:17,(anonymous_6)
FN:19,(anonymous_7)
FN:20,(anonymous_8)
FN:22,(anonymous_9)
FN:23,(anonymous_10)
FN:25,(anonymous_11)
FN:26,(anonymous_12)
FN:28,(anonymous_13)
FN:29,(anonymous_14)
FN:31,(anonymous_15)
FN:32,(anonymous_16)
FN:39,(anonymous_17)
FN:108,(anonymous_18)
FN:113,(anonymous_19)
FN:129,(anonymous_20)
FN:134,(anonymous_21)
FN:147,(anonymous_22)
FN:158,(anonymous_23)
FN:169,(anonymous_24)
FN:178,(anonymous_25)
FN:187,(anonymous_26)
FNF:27
FNH:17
FNDA:65,Settings
FNDA:325,(anonymous_1)
FNDA:325,(anonymous_2)
FNDA:325,(anonymous_3)
FNDA:325,(anonymous_4)
FNDA:325,(anonymous_5)
FNDA:325,(anonymous_6)
FNDA:325,(anonymous_7)
FNDA:325,(anonymous_8)
FNDA:325,(anonymous_9)
FNDA:325,(anonymous_10)
FNDA:325,(anonymous_11)
FNDA:325,(anonymous_12)
FNDA:325,(anonymous_13)
FNDA:325,(anonymous_14)
FNDA:0,(anonymous_15)
FNDA:0,(anonymous_16)
FNDA:0,(anonymous_17)
FNDA:390,(anonymous_18)
FNDA:0,(anonymous_19)
FNDA:130,(anonymous_20)
FNDA:0,(anonymous_21)
FNDA:0,(anonymous_22)
FNDA:0,(anonymous_23)
FNDA:0,(anonymous_24)
FNDA:0,(anonymous_25)
FNDA:0,(anonymous_26)
DA:9,65
DA:10,325
DA:11,325
DA:13,325
DA:14,325
DA:16,325
DA:17,325
DA:19,325
DA:20,325
DA:22,325
DA:23,325
DA:25,325
DA:26,325
DA:28,325
DA:29,325
DA:31,65
DA:32,65
DA:39,65
DA:40,0
DA:77,65
DA:109,390
DA:113,0
DA:130,130
DA:134,0
DA:147,0
DA:158,0
DA:169,0
DA:178,0
DA:187,0
LF:29
LH:21
BRDA:115,0,0,390
BRDA:115,0,1,0
BRF:2
BRH:1
end_of_record
TN:
SF:src/components/StratagemPanel.tsx
FN:12,StratagemPanel
FN:14,(anonymous_1)
FN:15,(anonymous_2)
FN:16,(anonymous_3)
FN:24,(anonymous_4)
FN:27,(anonymous_5)
FN:31,(anonymous_6)
FN:44,(anonymous_7)
FN:60,(anonymous_8)
FN:63,(anonymous_9)
FN:70,(anonymous_10)
FN:71,(anonymous_11)
FN:83,(anonymous_12)
FN:91,(anonymous_13)
FN:116,(anonymous_14)
FN:127,(anonymous_15)
FNF:16
FNH:4
FNDA:130,StratagemPanel
FNDA:325,(anonymous_1)
FNDA:325,(anonymous_2)
FNDA:325,(anonymous_3)
FNDA:0,(anonymous_4)
FNDA:0,(anonymous_5)
FNDA:0,(anonymous_6)
FNDA:0,(anonymous_7)
FNDA:0,(anonymous_8)
FNDA:0,(anonymous_9)
FNDA:0,(anonymous_10)
FNDA:0,(anonymous_11)
FNDA:0,(anonymous_12)
FNDA:0,(anonymous_13)
FNDA:0,(anonymous_14)
FNDA:0,(anonymous_15)
DA:13,130
DA:14,325
DA:15,325
DA:16,325
DA:18,130
DA:20,130
DA:21,130
DA:24,0
DA:25,0
DA:26,0
DA:27,0
DA:28,0
DA:29,0
DA:31,0
DA:32,0
DA:33,0
DA:44,0
DA:45,0
DA:46,0
DA:47,0
DA:53,0
DA:61,0
DA:64,0
DA:70,0
DA:72,0
DA:73,0
DA:75,0
DA:76,0
DA:80,0
DA:83,0
DA:91,0
DA:116,0
DA:128,0
LF:33
LH:7
BRDA:20,0,0,130
BRDA:20,1,0,130
BRDA:20,1,1,130
BRDA:20,1,2,130
BRDA:32,2,0,0
BRDA:37,3,0,0
BRDA:37,3,1,0
BRDA:46,4,0,0
BRDA:46,4,1,0
BRDA:61,5,0,0
BRDA:61,5,1,0
BRDA:65,6,0,0
BRDA:65,6,1,0
BRDA:65,6,2,0
BRDA:72,7,0,0
BRDA:72,7,1,0
BRF:16
BRH:4
end_of_record
TN:
SF:src/components/CardComponents/KeywordTags.tsx
FN:340,getParameterCaseInsensitive
FN:349,(anonymous_1)
FN:354,KeywordTags
FN:362,(anonymous_3)
FN:363,(anonymous_4)
FNF:5
FNH:5
FNDA:10563,getParameterCaseInsensitive
FNDA:160292,(anonymous_1)
FNDA:9524,KeywordTags
FNDA:13231,(anonymous_3)
FNDA:10563,(anonymous_4)
DA:43,65
DA:344,10563
DA:345,10563
DA:346,0
DA:348,10563
DA:349,160292
DA:355,9524
DA:356,0
DA:358,9524
DA:362,13231
DA:364,10563
DA:366,10563
DA:367,0
DA:368,0
DA:371,10563
DA:372,10563
DA:374,10563
DA:380,10563
DA:381,0
DA:382,0
DA:385,10563
DA:386,10563
DA:387,1617
DA:390,10563
LF:24
LH:18
BRDA:345,0,0,0
BRDA:345,0,1,10563
BRDA:349,1,0,10563
BRDA:349,1,1,0
BRDA:355,2,0,0
BRDA:355,2,1,9524
BRDA:366,3,0,0
BRDA:372,4,0,3054
BRDA:372,4,1,7509
BRDA:380,5,0,0
BRDA:386,6,0,1617
BRDA:399,7,0,1617
BRDA:399,7,1,8946
BRF:13
BRH:8
end_of_record
TN:
SF:src/components/CardComponents/ListUnitCard.tsx
FN:19,ListUnitCard
FN:20,(anonymous_1)
FN:21,(anonymous_2)
FN:23,(anonymous_3)
FN:24,(anonymous_4)
FN:25,(anonymous_5)
FN:26,(anonymous_6)
FN:33,(anonymous_7)
FN:37,(anonymous_8)
FN:97,(anonymous_9)
FNF:10
FNH:7
FNDA:10140,ListUnitCard
FNDA:25350,(anonymous_1)
FNDA:25350,(anonymous_2)
FNDA:25350,(anonymous_3)
FNDA:25350,(anonymous_4)
FNDA:25350,(anonymous_5)
FNDA:25350,(anonymous_6)
FNDA:0,(anonymous_7)
FNDA:0,(anonymous_8)
FNDA:0,(anonymous_9)
DA:20,25350
DA:21,25350
DA:23,25350
DA:24,25350
DA:25,25350
DA:26,25350
DA:29,10140
DA:31,10140
DA:33,10140
DA:34,0
DA:37,10140
DA:38,0
DA:40,0
DA:41,0
DA:43,0
DA:44,0
DA:47,0
DA:50,10140
DA:52,5070
DA:53,5070
DA:55,0
DA:56,0
DA:59,5070
DA:64,5070
DA:66,0
DA:67,0
DA:69,0
DA:70,0
DA:74,10140
DA:79,10140
DA:85,10140
DA:86,10140
DA:88,10140
DA:90,10140
DA:97,0
LF:35
LH:21
BRDA:38,0,0,0
BRDA:43,1,0,0
BRDA:50,2,0,5070
BRDA:50,2,1,0
BRDA:50,2,2,3822
BRDA:50,2,3,5070
BRDA:50,2,4,0
BRDA:50,2,5,0
BRDA:85,3,0,10140
BRDA:85,3,1,10140
BRDA:85,3,2,163
BRDA:85,3,3,98
BRDA:86,4,0,10042
BRDA:86,4,1,98
BRDA:88,5,0,10140
BRDA:88,5,1,0
BRDA:110,6,0,10140
BRDA:110,6,1,10140
BRDA:116,7,0,10140
BRDA:116,7,1,10140
BRDA:119,8,0,10042
BRDA:119,8,1,98
BRDA:129,9,0,10140
BRDA:129,9,1,10042
BRDA:129,10,0,10140
BRDA:129,10,1,10140
BRF:26
BRH:20
end_of_record
TN:
SF:src/components/CardComponents/PhaseAbilities.tsx
FN:10,(anonymous_0)
FN:11,(anonymous_1)
FN:17,(anonymous_2)
FNF:3
FNH:3
FNDA:10140,(anonymous_0)
FNDA:31850,(anonymous_1)
FNDA:9252,(anonymous_2)
DA:10,65
DA:11,10140
DA:12,31850
DA:16,10140
DA:18,9252
DA:33,10140
LF:6
LH:6
BRF:0
BRH:0
end_of_record
TN:
SF:src/components/CardComponents/PhaseEnhancements.tsx
FN:10,(anonymous_0)
FN:12,(anonymous_1)
FN:17,(anonymous_2)
FNF:3
FNH:1
FNDA:10140,(anonymous_0)
FNDA:0,(anonymous_1)
FNDA:0,(anonymous_2)
DA:10,65
DA:11,10140
DA:12,0
DA:16,10140
DA:18,0
DA:33,10140
LF:6
LH:4
BRF:0
BRH:0
end_of_record
TN:
SF:src/components/CardComponents/PhaseDisplays/ChargePhase.tsx
FN:3,(anonymous_0)
FNF:1
FNH:0
FNDA:0,(anonymous_0)
DA:3,65
LF:1
LH:1
BRF:0
BRH:0
end_of_record
TN:
SF:src/components/CardComponents/PhaseDisplays/CommandPhase.tsx
FN:6,(anonymous_0)
FNF:1
FNH:1
FNDA:5070,(anonymous_0)
DA:6,65
DA:11,5070
DA:12,0
DA:13,0
DA:15,5070
LF:5
LH:3
BRDA:11,0,0,0
BRDA:11,0,1,5070
BRF:2
BRH:1
end_of_record
TN:
SF:src/components/CardComponents/PhaseDisplays/LeadershipOCTable.tsx
FN:6,LeadershipOCTable
FNF:1
FNH:1
FNDA:5070,LeadershipOCTable
DA:13,5070
LF:1
LH:1
BRF:0
BRH:0
end_of_record
TN:
SF:src/components/CardComponents/PhaseDisplays/ModelSaveTable.tsx
FN:5,ModelSaveTable
FNF:1
FNH:0
FNDA:0,ModelSaveTable
DA:20,0
LF:1
LH:0
BRDA:35,0,0,0
BRDA:35,0,1,0
BRDA:36,1,0,0
BRDA:36,1,1,0
BRF:4
BRH:0
end_of_record
TN:
SF:src/components/CardComponents/PhaseDisplays/MovementPhase.tsx
FN:5,(anonymous_0)
FNF:1
FNH:0
FNDA:0,(anonymous_0)
DA:5,65
DA:9,0
LF:2
LH:1
BRDA:11,0,0,0
BRDA:11,0,1,0
BRF:2
BRH:0
end_of_record
TN:
SF:src/components/CardComponents/PhaseDisplays/SavesPhase.tsx
FN:7,(anonymous_0)
FN:22,(anonymous_1)
FNF:2
FNH:0
FNDA:0,(anonymous_0)
FNDA:0,(anonymous_1)
DA:7,65
DA:12,0
DA:13,0
DA:14,0
DA:17,0
DA:18,0
DA:20,0
DA:21,0
DA:23,0
DA:27,0
DA:28,0
DA:29,0
DA:31,0
LF:13
LH:1
BRDA:12,0,0,0
BRDA:23,1,0,0
BRDA:23,1,1,0
BRDA:23,1,2,0
BRDA:28,2,0,0
BRDA:28,2,1,0
BRDA:29,3,0,0
BRDA:29,3,1,0
BRF:8
BRH:0
end_of_record
TN:
SF:src/components/CardComponents/PhaseDisplays/ShootingOrFightPhase.tsx
FN:10,(anonymous_0)
FN:20,(anonymous_1)
FN:26,(anonymous_2)
FN:30,(anonymous_3)
FN:31,(anonymous_4)
FNF:5
FNH:5
FNDA:5070,(anonymous_0)
FNDA:34582470,(anonymous_1)
FNDA:20284836,(anonymous_2)
FNDA:22944,(anonymous_3)
FNDA:87643,(anonymous_4)
DA:10,65
DA:19,5070
DA:21,34582470
DA:26,20284836
DA:29,5070
DA:30,22944
DA:32,87643
DA:37,5070
DA:39,5070
LF:9
LH:9
BRDA:21,0,0,26069862
BRDA:21,0,1,8512608
BRDA:26,1,0,20284836
BRDA:26,1,1,20284836
BRDA:29,2,0,5070
BRDA:29,2,1,0
BRDA:31,3,0,22944
BRDA:31,3,1,0
BRF:8
BRH:6
end_of_record
TN:
SF:src/components/CardComponents/PhaseDisplays/WeaponPhaseTable.tsx
FN:11,WeaponPhaseTable
FN:16,(anonymous_1)
FN:34,(anonymous_2)
FNF:3
FNH:3
FNDA:4972,WeaponPhaseTable
FNDA:9944,(anonymous_1)
FNDA:9524,(anonymous_2)
DA:16,9944
DA:18,4972
DA:35,9524
LF:3
LH:3
BRDA:24,0,0,4972
BRDA:24,0,1,3724
BRDA:38,1,0,6131
BRDA:38,1,1,3393
BRDA:42,2,0,9524
BRDA:42,2,1,8036
BRDA:44,3,0,0
BRDA:44,3,1,8036
BRDA:48,4,0,588
BRDA:48,4,1,8936
BRF:10
BRH:9
end_of_record
TN:
SF:src/components/CardComponents/PhaseDisplays/TableComponents.tsx/TableCell.tsx
FN:6,(anonymous_0)
FNF:1
FNH:1
FNDA:75320,(anonymous_0)
DA:6,65
DA:7,75320
LF:2
LH:2
BRF:0
BRH:0
end_of_record
TN:
SF:src/components/CardComponents/PhaseDisplays/TableComponents.tsx/TableHeaderCell.tsx
FN:6,(anonymous_0)
FNF:1
FNH:1
FNDA:48668,(anonymous_0)
DA:6,65
DA:7,48668
LF:2
LH:2
BRF:0
BRH:0
end_of_record
TN:
SF:src/store/store.ts
FN:68,(anonymous_0)
FN:93,(anonymous_1)
FN:104,(anonymous_2)
FN:105,(anonymous_3)
FN:120,(anonymous_4)
FN:135,(anonymous_5)
FN:214,(anonymous_6)
FN:218,(anonymous_7)
FN:223,(anonymous_8)
FN:229,(anonymous_9)
FN:238,(anonymous_10)
FN:249,(anonymous_11)
FN:251,(anonymous_12)
FN:255,(anonymous_13)
FN:265,(anonymous_14)
FN:266,(anonymous_15)
FN:267,(anonymous_16)
FN:271,(anonymous_17)
FN:277,(anonymous_18)
FN:288,(anonymous_19)
FN:293,(anonymous_20)
FN:295,(anonymous_21)
FN:308,(anonymous_22)
FN:319,(anonymous_23)
FN:321,(anonymous_24)
FN:328,(anonymous_25)
FN:330,(anonymous_26)
FN:337,(anonymous_27)
FN:338,(anonymous_28)
FN:345,(anonymous_29)
FN:346,(anonymous_30)
FN:347,(anonymous_31)
FN:348,(anonymous_32)
FN:349,(anonymous_33)
FN:350,(anonymous_34)
FN:351,(anonymous_35)
FN:352,(anonymous_36)
FN:356,(anonymous_37)
FNF:38
FNH:24
FNDA:65,(anonymous_0)
FNDA:0,(anonymous_1)
FNDA:0,(anonymous_2)
FNDA:65,(anonymous_3)
FNDA:1820,(anonymous_4)
FNDA:9818,(anonymous_5)
FNDA:5284,(anonymous_6)
FNDA:8184916,(anonymous_7)
FNDA:9100,(anonymous_8)
FNDA:0,(anonymous_9)
FNDA:3634280,(anonymous_10)
FNDA:33574905,(anonymous_11)
FNDA:16575,(anonymous_12)
FNDA:2795,(anonymous_13)
FNDA:19240,(anonymous_14)
FNDA:19240,(anonymous_15)
FNDA:19240,(anonymous_16)
FNDA:20735,(anonymous_17)
FNDA:20735,(anonymous_18)
FNDA:3095820,(anonymous_19)
FNDA:67197195,(anonymous_20)
FNDA:34580,(anonymous_21)
FNDA:5284,(anonymous_22)
FNDA:65,(anonymous_23)
FNDA:5265,(anonymous_24)
FNDA:0,(anonymous_25)
FNDA:0,(anonymous_26)
FNDA:0,(anonymous_27)
FNDA:0,(anonymous_28)
FNDA:65,(anonymous_29)
FNDA:0,(anonymous_30)
FNDA:0,(anonymous_31)
FNDA:0,(anonymous_32)
FNDA:0,(anonymous_33)
FNDA:0,(anonymous_34)
FNDA:0,(anonymous_35)
FNDA:0,(anonymous_36)
FNDA:65,(anonymous_37)
DA:66,65
DA:68,65
DA:94,0
DA:104,0
DA:106,65
DA:108,65
DA:109,65
DA:113,65
DA:114,0
DA:115,0
DA:118,65
DA:119,65
DA:120,1820
DA:123,65
DA:124,0
DA:125,0
DA:128,65
DA:130,65
DA:132,65
DA:133,65
DA:135,65
DA:136,9818
DA:140,9818
DA:142,0
DA:144,0
DA:146,0
DA:147,0
DA:149,0
DA:152,0
DA:155,9818
DA:158,9818
DA:162,9818
DA:164,5284
DA:165,5284
DA:166,5284
DA:167,5284
DA:184,5284
DA:186,4534
DA:187,2844
DA:188,2844
DA:205,2844
DA:206,2844
DA:211,65
DA:212,65
DA:213,65
DA:215,5284
DA:217,5284
DA:218,8184916
DA:222,5284
DA:223,9100
DA:227,5284
DA:229,0
DA:233,5284
DA:234,19
DA:235,19
DA:237,5265
DA:239,3634280
DA:242,5265
DA:243,0
DA:244,0
DA:247,5265
DA:250,33574905
DA:251,16575
DA:253,5265
DA:254,1430
DA:255,2795
DA:257,1430
DA:260,1430
DA:263,5265
DA:265,19240
DA:266,19240
DA:268,19240
DA:271,20735
DA:275,5265
DA:277,5265
DA:278,20735
DA:279,20735
DA:280,2405
DA:281,2405
DA:282,2405
DA:284,18330
DA:287,5265
DA:289,3095820
DA:292,5265
DA:293,67197195
DA:295,34580
DA:298,5265
DA:308,5284
DA:310,65
DA:311,0
DA:314,65
DA:317,65
DA:321,5265
DA:326,65
DA:329,0
DA:330,0
DA:332,0
DA:333,0
DA:334,0
DA:338,0
DA:345,65
DA:346,0
DA:347,0
DA:348,0
DA:349,0
DA:350,0
DA:351,0
DA:352,0
DA:356,65
LF:109
LH:80
BRDA:113,0,0,0
BRDA:113,1,0,65
BRDA:113,1,1,65
BRDA:120,2,0,1820
BRDA:120,2,1,1755
BRDA:123,3,0,0
BRDA:140,4,0,0
BRDA:144,5,0,0
BRDA:144,5,1,0
BRDA:162,6,0,5284
BRDA:162,6,1,4534
BRDA:166,7,0,5284
BRDA:186,8,0,2844
BRDA:191,9,0,2844
BRDA:191,9,1,0
BRDA:205,10,0,2844
BRDA:205,11,0,2844
BRDA:205,11,1,2844
BRDA:211,12,0,65
BRDA:227,13,0,0
BRDA:227,13,1,5284
BRDA:233,14,0,19
BRDA:242,15,0,0
BRDA:253,16,0,1430
BRDA:253,17,0,5265
BRDA:253,17,1,5265
BRDA:257,18,0,260
BRDA:257,18,1,1170
BRDA:265,19,0,19240
BRDA:265,19,1,19240
BRDA:279,20,0,2405
BRDA:310,21,0,0
BRDA:332,22,0,0
BRF:33
BRH:23
end_of_record
TN:
SF:src/types/Phase.ts
FN:1,(anonymous_0)
FNF:1
FNH:1
FNDA:65,(anonymous_0)
DA:1,65
DA:2,65
DA:3,65
DA:4,65
DA:5,65
DA:6,65
DA:7,65
LF:7
LH:7
BRDA:1,0,0,65
BRDA:1,0,1,65
BRF:2
BRH:2
end_of_record
TN:
SF:src/types/Side.ts
FN:1,(anonymous_0)
FNF:1
FNH:1
FNDA:65,(anonymous_0)
DA:1,65
LF:1
LH:1
BRDA:1,0,0,65
BRDA:1,0,1,65
BRF:2
BRH:2
end_of_record
TN:
SF:src/types/SortOptions.ts
FN:1,(anonymous_0)
FNF:1
FNH:1
FNDA:65,(anonymous_0)
DA:1,65
DA:2,65
DA:3,65
LF:3
LH:3
BRDA:1,0,0,65
BRDA:1,0,1,65
BRF:2
BRH:2
end_of_record
TN:
SF:src/utils/StoreHelper.ts
FN:6,(anonymous_0)
FN:18,(anonymous_1)
FN:56,(anonymous_2)
FN:134,(anonymous_3)
FN:222,(anonymous_4)
FN:223,(anonymous_5)
FNF:6
FNH:6
FNDA:65,(anonymous_0)
FNDA:5284,(anonymous_1)
FNDA:16575,(anonymous_2)
FNDA:5265,(anonymous_3)
FNDA:260,(anonymous_4)
FNDA:650,(anonymous_5)
DA:6,65
DA:7,65
DA:15,65
DA:18,65
DA:19,5284
DA:21,0
DA:22,0
DA:24,0
DA:25,0
DA:27,0
DA:28,0
DA:30,0
DA:31,0
DA:34,0
DA:35,0
DA:37,65
DA:38,65
DA:40,0
DA:41,0
DA:43,0
DA:44,0
DA:46,0
DA:47,0
DA:49,65
DA:50,65
DA:53,5284
DA:56,65
DA:57,16575
DA:59,195
DA:65,260
DA:72,260
DA:79,3250
DA:86,65
DA:93,130
DA:100,130
DA:107,260
DA:114,260
DA:121,11765
DA:122,1495
DA:129,10270
DA:134,65
DA:135,5265
DA:136,0
DA:139,5265
DA:141,0
DA:142,0
DA:144,0
DA:145,0
DA:146,0
DA:149,5265
DA:151,0
DA:152,0
DA:153,0
DA:155,0
DA:158,0
DA:160,0
DA:161,0
DA:163,0
DA:164,0
DA:166,0
DA:167,0
DA:169,0
DA:170,0
DA:172,0
DA:173,0
DA:175,0
DA:176,0
DA:178,0
DA:179,0
DA:181,0
DA:182,0
DA:184,0
DA:185,0
DA:187,0
DA:188,0
DA:190,65
DA:191,65
DA:193,0
DA:194,0
DA:195,0
DA:197,0
DA:198,0
DA:200,0
DA:201,0
DA:203,0
DA:204,0
DA:206,0
DA:207,0
DA:209,130
DA:210,130
DA:212,65
DA:213,65
DA:215,0
DA:216,0
DA:219,5265
DA:222,65
DA:223,650
LF:97
LH:37
BRDA:19,0,0,0
BRDA:19,0,1,0
BRDA:19,0,2,0
BRDA:19,0,3,0
BRDA:19,0,4,0
BRDA:19,0,5,0
BRDA:19,0,6,65
BRDA:19,0,7,0
BRDA:19,0,8,0
BRDA:19,0,9,0
BRDA:19,0,10,65
BRDA:57,1,0,195
BRDA:57,1,1,260
BRDA:57,1,2,260
BRDA:57,1,3,3250
BRDA:57,1,4,65
BRDA:57,1,5,130
BRDA:57,1,6,130
BRDA:57,1,7,260
BRDA:57,1,8,260
BRDA:57,1,9,11765
BRDA:121,2,0,1495
BRDA:121,2,1,10270
BRDA:135,3,0,0
BRDA:139,4,0,0
BRDA:139,4,1,0
BRDA:141,5,0,0
BRDA:141,5,1,0
BRDA:144,6,0,0
BRDA:144,6,1,0
BRDA:145,7,0,0
BRDA:145,7,1,0
BRDA:149,8,0,0
BRDA:149,8,1,0
BRDA:149,8,2,0
BRDA:149,8,3,0
BRDA:149,8,4,0
BRDA:149,8,5,0
BRDA:149,8,6,0
BRDA:149,8,7,0
BRDA:149,8,8,0
BRDA:149,8,9,0
BRDA:149,8,10,0
BRDA:149,8,11,65
BRDA:149,8,12,0
BRDA:149,8,13,0
BRDA:149,8,14,0
BRDA:149,8,15,0
BRDA:149,8,16,0
BRDA:149,8,17,130
BRDA:149,8,18,65
BRDA:149,8,19,0
BRDA:151,9,0,0
BRDA:152,10,0,0
BRDA:152,10,1,0
BRDA:223,11,0,195
BRDA:223,11,1,455
BRF:57
BRH:19
end_of_record
TN:
SF:src/utils/VersionHelper.ts
FN:3,(anonymous_0)
FN:4,(anonymous_1)
FNF:2
FNH:2
FNDA:65,(anonymous_0)
FNDA:130,(anonymous_1)
DA:3,65
DA:4,130
LF:2
LH:2
BRF:0
BRH:0
end_of_record
