TN:
SF:src/App.tsx
FN:7,App
FN:8,(anonymous_1)
FN:10,(anonymous_2)
FNF:3
FNH:3
FNDA:64,App
FNDA:320,(anonymous_1)
FNDA:64,(anonymous_2)
DA:8,320
DA:10,64
DA:11,64
DA:12,64
DA:14,0
DA:18,64
LF:6
LH:5
BRDA:11,0,0,64
BRDA:11,0,1,0
BRF:2
BRH:1
end_of_record
TN:
SF:src/main.tsx
FNF:0
FNH:0
DA:7,64
LF:1
LH:1
BRF:0
BRH:0
end_of_record
TN:
SF:src/components/ArmyRuleDisplay.tsx
FN:8,(anonymous_0)
FN:9,(anonymous_1)
FN:11,(anonymous_2)
FN:12,(anonymous_3)
FN:16,(anonymous_4)
FN:19,(anonymous_5)
FN:22,(anonymous_6)
FN:34,(anonymous_7)
FN:39,(anonymous_8)
FN:54,classNames
FN:61,(anonymous_10)
FN:64,(anonymous_11)
FN:87,(anonymous_12)
FNF:13
FNH:12
FNDA:256,(anonymous_0)
FNDA:576,(anonymous_1)
FNDA:576,(anonymous_2)
FNDA:576,(anonymous_3)
FNDA:128,(anonymous_4)
FNDA:7680,(anonymous_5)
FNDA:64,(anonymous_6)
FNDA:23552,(anonymous_7)
FNDA:0,(anonymous_8)
FNDA:320,classNames
FNDA:320,(anonymous_10)
FNDA:320,(anonymous_11)
FNDA:128,(anonymous_12)
DA:8,64
DA:9,576
DA:11,576
DA:12,576
DA:14,256
DA:16,256
DA:17,128
DA:20,7680
DA:22,64
DA:32,128
DA:35,23552
DA:39,0
DA:49,128
DA:52,256
DA:55,320
DA:58,256
DA:62,320
DA:65,320
DA:88,128
LF:19
LH:18
BRDA:11,0,0,256
BRDA:11,0,1,256
BRDA:20,1,0,7680
BRDA:20,1,1,128
BRDA:35,2,0,23552
BRDA:35,2,1,1152
BRDA:35,2,2,0
BRDA:67,3,0,0
BRDA:67,3,1,320
BRDA:74,4,0,0
BRDA:74,4,1,320
BRDA:79,5,0,128
BRDA:79,5,1,192
BRDA:82,6,0,0
BRDA:82,6,1,128
BRF:15
BRH:11
end_of_record
TN:
SF:src/components/Body.tsx
FN:6,Body
FN:7,(anonymous_1)
FNF:2
FNH:2
FNDA:128,Body
FNDA:448,(anonymous_1)
DA:7,448
DA:9,128
DA:11,128
LF:3
LH:3
BRDA:9,0,0,64
BRDA:9,0,1,64
BRF:2
BRH:2
end_of_record
TN:
SF:src/components/Changelog.tsx
FN:12,Changelog
FN:15,(anonymous_1)
FN:16,(anonymous_2)
FN:28,(anonymous_3)
FN:33,(anonymous_4)
FN:34,(anonymous_5)
FN:71,(anonymous_6)
FN:80,(anonymous_7)
FNF:8
FNH:4
FNDA:64,Changelog
FNDA:64,(anonymous_1)
FNDA:0,(anonymous_2)
FNDA:0,(anonymous_3)
FNDA:0,(anonymous_4)
FNDA:0,(anonymous_5)
FNDA:1024,(anonymous_6)
FNDA:4160,(anonymous_7)
DA:13,64
DA:15,64
DA:16,64
DA:17,0
DA:18,0
DA:22,64
DA:23,0
DA:25,64
DA:28,64
DA:29,0
DA:33,64
DA:34,64
DA:36,64
DA:38,64
DA:72,1024
DA:81,4160
LF:16
LH:12
BRDA:17,0,0,0
BRDA:22,1,0,0
BRDA:22,1,1,64
BRF:3
BRH:1
end_of_record
TN:
SF:src/components/Header.tsx
FN:7,(anonymous_0)
FNF:1
FNH:1
FNDA:64,(anonymous_0)
DA:7,64
DA:8,64
LF:2
LH:2
BRF:0
BRH:0
end_of_record
TN:
SF:src/components/Instructions.tsx
FN:12,Instructions
FN:15,(anonymous_1)
FN:16,(anonymous_2)
FN:18,(anonymous_3)
FN:25,(anonymous_4)
FN:26,(anonymous_5)
FN:38,(anonymous_6)
FN:43,(anonymous_7)
FN:44,(anonymous_8)
FN:57,(anonymous_9)
FN:58,(anonymous_10)
FN:60,(anonymous_11)
FN:68,(anonymous_12)
FN:75,(anonymous_13)
FN:95,(anonymous_14)
FN:157,(anonymous_15)
FN:160,(anonymous_16)
FN:169,(anonymous_17)
FN:170,(anonymous_18)
FN:177,(anonymous_19)
FN:178,(anonymous_20)
FNF:21
FNH:10
FNDA:320,Instructions
FNDA:896,(anonymous_1)
FNDA:896,(anonymous_2)
FNDA:128,(anonymous_3)
FNDA:192,(anonymous_4)
FNDA:0,(anonymous_5)
FNDA:128,(anonymous_6)
FNDA:64,(anonymous_7)
FNDA:64,(anonymous_8)
FNDA:128,(anonymous_9)
FNDA:0,(anonymous_10)
FNDA:0,(anonymous_11)
FNDA:0,(anonymous_12)
FNDA:0,(anonymous_13)
FNDA:64,(anonymous_14)
FNDA:0,(anonymous_15)
FNDA:0,(anonymous_16)
FNDA:0,(anonymous_17)
FNDA:0,(anonymous_18)
FNDA:0,(anonymous_19)
FNDA:0,(anonymous_20)
DA:13,320
DA:14,320
DA:15,896
DA:16,896
DA:18,320
DA:19,128
DA:20,64
DA:21,64
DA:25,320
DA:26,192
DA:27,0
DA:28,0
DA:32,192
DA:33,64
DA:35,128
DA:38,192
DA:39,128
DA:43,320
DA:44,64
DA:45,64
DA:46,64
DA:47,64
DA:48,64
DA:50,0
DA:54,64
DA:57,320
DA:58,320
DA:60,320
DA:61,0
DA:62,0
DA:68,0
DA:70,0
DA:71,0
DA:75,320
DA:76,0
DA:80,320
DA:82,320
DA:158,0
DA:161,0
DA:169,0
DA:170,0
DA:177,0
DA:178,0
LF:43
LH:28
BRDA:19,0,0,64
BRDA:27,1,0,0
BRDA:32,2,0,64
BRDA:32,2,1,128
BRF:4
BRH:3
end_of_record
TN:
SF:src/components/ListDisplay.tsx
FN:11,ListDisplay
FN:12,(anonymous_1)
FN:13,(anonymous_2)
FN:14,(anonymous_3)
FN:16,(anonymous_4)
FN:26,(anonymous_5)
FN:27,(anonymous_6)
FN:47,(anonymous_7)
FNF:8
FNH:8
FNDA:128,ListDisplay
FNDA:320,(anonymous_1)
FNDA:320,(anonymous_2)
FNDA:320,(anonymous_3)
FNDA:31104,(anonymous_4)
FNDA:7424,(anonymous_5)
FNDA:211584,(anonymous_6)
FNDA:7424,(anonymous_7)
DA:12,320
DA:13,320
DA:14,320
DA:16,128
DA:17,31104
DA:19,31104
DA:21,0
DA:25,128
DA:27,211584
DA:28,7424
DA:29,0
DA:31,7424
DA:33,7424
DA:37,128
DA:39,128
DA:48,7424
LF:16
LH:14
BRDA:17,0,0,31104
BRDA:17,0,1,0
BRDA:25,1,0,128
BRDA:25,1,1,0
BRDA:28,2,0,0
BRDA:28,2,1,7424
BRDA:29,3,0,0
BRDA:29,3,1,0
BRF:8
BRH:3
end_of_record
TN:
SF:src/components/Pastebox.tsx
FN:4,Pastebox
FN:8,(anonymous_1)
FN:12,(anonymous_2)
FNF:3
FNH:3
FNDA:295424,Pastebox
FNDA:295296,(anonymous_1)
FNDA:64,(anonymous_2)
DA:5,295424
DA:6,295424
DA:8,295424
DA:9,295296
DA:12,295424
DA:13,64
DA:14,64
DA:16,64
DA:17,0
DA:18,0
DA:22,295424
LF:11
LH:9
BRDA:16,0,0,0
BRF:1
BRH:0
end_of_record
TN:
SF:src/components/PhaseFilter.tsx
FN:14,PhaseFilter
FN:15,(anonymous_1)
FN:16,(anonymous_2)
FN:17,(anonymous_3)
FN:20,(anonymous_4)
FN:24,(anonymous_5)
FN:26,(anonymous_6)
FN:31,classNames
FN:55,(anonymous_8)
FN:82,(anonymous_9)
FN:87,(anonymous_10)
FNF:11
FNH:8
FNDA:128,PhaseFilter
FNDA:320,(anonymous_1)
FNDA:320,(anonymous_2)
FNDA:320,(anonymous_3)
FNDA:0,(anonymous_4)
FNDA:64,(anonymous_5)
FNDA:0,(anonymous_6)
FNDA:1221,classNames
FNDA:0,(anonymous_8)
FNDA:768,(anonymous_9)
FNDA:1221,(anonymous_10)
DA:15,320
DA:16,320
DA:17,320
DA:18,128
DA:20,128
DA:21,0
DA:24,128
DA:25,64
DA:26,64
DA:27,0
DA:32,1221
DA:35,128
DA:56,0
DA:83,768
DA:88,1221
LF:15
LH:12
BRDA:37,0,0,0
BRDA:37,0,1,128
BRDA:56,1,0,0
BRDA:56,1,1,0
BRDA:83,2,0,768
BRDA:83,2,1,768
BRDA:90,3,0,261
BRDA:90,3,1,960
BRF:8
BRH:5
end_of_record
TN:
SF:src/components/ResetButton.tsx
FN:4,(anonymous_0)
FN:10,(anonymous_1)
FNF:2
FNH:1
FNDA:256,(anonymous_0)
FNDA:0,(anonymous_1)
DA:4,64
DA:5,256
DA:7,256
DA:10,0
LF:4
LH:3
BRF:0
BRH:0
end_of_record
TN:
SF:src/components/ScrollToTopButton.tsx
FN:4,(anonymous_0)
FN:5,(anonymous_1)
FNF:2
FNH:1
FNDA:128,(anonymous_0)
FNDA:0,(anonymous_1)
DA:4,64
DA:5,128
DA:6,0
DA:9,128
LF:4
LH:3
BRF:0
BRH:0
end_of_record
TN:
SF:src/components/Settings.tsx
FN:8,Settings
FN:10,(anonymous_1)
FN:11,(anonymous_2)
FN:13,(anonymous_3)
FN:14,(anonymous_4)
FN:16,(anonymous_5)
FN:17,(anonymous_6)
FN:19,(anonymous_7)
FN:20,(anonymous_8)
FN:22,(anonymous_9)
FN:23,(anonymous_10)
FN:25,(anonymous_11)
FN:26,(anonymous_12)
FN:28,(anonymous_13)
FN:29,(anonymous_14)
FN:31,(anonymous_15)
FN:32,(anonymous_16)
FN:39,(anonymous_17)
FN:108,(anonymous_18)
FN:113,(anonymous_19)
FN:129,(anonymous_20)
FN:134,(anonymous_21)
FN:147,(anonymous_22)
FN:158,(anonymous_23)
FN:169,(anonymous_24)
FN:178,(anonymous_25)
FN:187,(anonymous_26)
FNF:27
FNH:17
FNDA:64,Settings
FNDA:320,(anonymous_1)
FNDA:320,(anonymous_2)
FNDA:320,(anonymous_3)
FNDA:320,(anonymous_4)
FNDA:320,(anonymous_5)
FNDA:320,(anonymous_6)
FNDA:320,(anonymous_7)
FNDA:320,(anonymous_8)
FNDA:320,(anonymous_9)
FNDA:320,(anonymous_10)
FNDA:320,(anonymous_11)
FNDA:320,(anonymous_12)
FNDA:320,(anonymous_13)
FNDA:320,(anonymous_14)
FNDA:0,(anonymous_15)
FNDA:0,(anonymous_16)
FNDA:0,(anonymous_17)
FNDA:384,(anonymous_18)
FNDA:0,(anonymous_19)
FNDA:128,(anonymous_20)
FNDA:0,(anonymous_21)
FNDA:0,(anonymous_22)
FNDA:0,(anonymous_23)
FNDA:0,(anonymous_24)
FNDA:0,(anonymous_25)
FNDA:0,(anonymous_26)
DA:9,64
DA:10,320
DA:11,320
DA:13,320
DA:14,320
DA:16,320
DA:17,320
DA:19,320
DA:20,320
DA:22,320
DA:23,320
DA:25,320
DA:26,320
DA:28,320
DA:29,320
DA:31,64
DA:32,64
DA:39,64
DA:40,0
DA:77,64
DA:109,384
DA:113,0
DA:130,128
DA:134,0
DA:147,0
DA:158,0
DA:169,0
DA:178,0
DA:187,0
LF:29
LH:21
BRDA:115,0,0,384
BRDA:115,0,1,0
BRF:2
BRH:1
end_of_record
TN:
SF:src/components/StratagemPanel.tsx
FN:12,StratagemPanel
FN:14,(anonymous_1)
FN:15,(anonymous_2)
FN:16,(anonymous_3)
FN:24,(anonymous_4)
FN:27,(anonymous_5)
FN:31,(anonymous_6)
FN:44,(anonymous_7)
FN:60,(anonymous_8)
FN:63,(anonymous_9)
FN:70,(anonymous_10)
FN:71,(anonymous_11)
FN:83,(anonymous_12)
FN:91,(anonymous_13)
FN:116,(anonymous_14)
FN:127,(anonymous_15)
FNF:16
FNH:4
FNDA:128,StratagemPanel
FNDA:320,(anonymous_1)
FNDA:320,(anonymous_2)
FNDA:320,(anonymous_3)
FNDA:0,(anonymous_4)
FNDA:0,(anonymous_5)
FNDA:0,(anonymous_6)
FNDA:0,(anonymous_7)
FNDA:0,(anonymous_8)
FNDA:0,(anonymous_9)
FNDA:0,(anonymous_10)
FNDA:0,(anonymous_11)
FNDA:0,(anonymous_12)
FNDA:0,(anonymous_13)
FNDA:0,(anonymous_14)
FNDA:0,(anonymous_15)
DA:13,128
DA:14,320
DA:15,320
DA:16,320
DA:18,128
DA:20,128
DA:21,128
DA:24,0
DA:25,0
DA:26,0
DA:27,0
DA:28,0
DA:29,0
DA:31,0
DA:32,0
DA:33,0
DA:44,0
DA:45,0
DA:46,0
DA:47,0
DA:53,0
DA:61,0
DA:64,0
DA:70,0
DA:72,0
DA:73,0
DA:75,0
DA:76,0
DA:80,0
DA:83,0
DA:91,0
DA:116,0
DA:128,0
LF:33
LH:7
BRDA:20,0,0,128
BRDA:20,1,0,128
BRDA:20,1,1,128
BRDA:20,1,2,128
BRDA:32,2,0,0
BRDA:37,3,0,0
BRDA:37,3,1,0
BRDA:46,4,0,0
BRDA:46,4,1,0
BRDA:61,5,0,0
BRDA:61,5,1,0
BRDA:65,6,0,0
BRDA:65,6,1,0
BRDA:65,6,2,0
BRDA:72,7,0,0
BRDA:72,7,1,0
BRF:16
BRH:4
end_of_record
TN:
SF:src/components/CardComponents/KeywordTags.tsx
FN:332,getParameterCaseInsensitive
FN:341,(anonymous_1)
FN:346,KeywordTags
FN:354,(anonymous_3)
FN:355,(anonymous_4)
FNF:5
FNH:5
FNDA:3002,getParameterCaseInsensitive
FNDA:40175,(anonymous_1)
FNDA:3904,KeywordTags
FNDA:4892,(anonymous_3)
FNDA:3002,(anonymous_4)
DA:42,64
DA:336,3002
DA:337,3002
DA:338,0
DA:340,3002
DA:341,40175
DA:347,3904
DA:348,0
DA:350,3904
DA:354,4892
DA:356,3002
DA:358,3002
DA:359,0
DA:360,0
DA:363,3002
DA:364,3002
DA:366,3002
DA:372,3002
DA:373,0
DA:374,0
DA:377,3002
DA:378,3002
DA:379,293
DA:382,3002
LF:24
LH:18
BRDA:337,0,0,0
BRDA:337,0,1,3002
BRDA:341,1,0,3002
BRDA:341,1,1,0
BRDA:347,2,0,0
BRDA:347,2,1,3904
BRDA:358,3,0,0
BRDA:364,4,0,1013
BRDA:364,4,1,1989
BRDA:372,5,0,0
BRDA:378,6,0,293
BRDA:391,7,0,293
BRDA:391,7,1,2709
BRF:13
BRH:8
end_of_record
TN:
SF:src/components/CardComponents/ListUnitCard.tsx
FN:19,ListUnitCard
FN:20,(anonymous_1)
FN:21,(anonymous_2)
FN:23,(anonymous_3)
FN:24,(anonymous_4)
FN:25,(anonymous_5)
FN:26,(anonymous_6)
FN:33,(anonymous_7)
FN:37,(anonymous_8)
FN:97,(anonymous_9)
FNF:10
FNH:7
FNDA:7424,ListUnitCard
FNDA:18560,(anonymous_1)
FNDA:18560,(anonymous_2)
FNDA:18560,(anonymous_3)
FNDA:18560,(anonymous_4)
FNDA:18560,(anonymous_5)
FNDA:18560,(anonymous_6)
FNDA:0,(anonymous_7)
FNDA:0,(anonymous_8)
FNDA:0,(anonymous_9)
DA:20,18560
DA:21,18560
DA:23,18560
DA:24,18560
DA:25,18560
DA:26,18560
DA:29,7424
DA:31,7424
DA:33,7424
DA:34,0
DA:37,7424
DA:38,0
DA:40,0
DA:41,0
DA:43,0
DA:44,0
DA:47,0
DA:50,7424
DA:52,3712
DA:53,3712
DA:55,0
DA:56,0
DA:59,3712
DA:64,3712
DA:66,0
DA:67,0
DA:69,0
DA:70,0
DA:74,7424
DA:79,7424
DA:85,7424
DA:86,7424
DA:88,7424
DA:90,7424
DA:97,0
LF:35
LH:21
BRDA:38,0,0,0
BRDA:43,1,0,0
BRDA:50,2,0,3712
BRDA:50,2,1,0
BRDA:50,2,2,1914
BRDA:50,2,3,3712
BRDA:50,2,4,0
BRDA:50,2,5,0
BRDA:85,3,0,7424
BRDA:85,3,1,7424
BRDA:85,3,2,487
BRDA:85,3,3,260
BRDA:86,4,0,7164
BRDA:86,4,1,260
BRDA:88,5,0,7424
BRDA:88,5,1,0
BRDA:110,6,0,7424
BRDA:110,6,1,7424
BRDA:116,7,0,7424
BRDA:116,7,1,7424
BRDA:119,8,0,7164
BRDA:119,8,1,260
BRDA:129,9,0,7424
BRDA:129,9,1,7164
BRDA:129,10,0,7424
BRDA:129,10,1,7424
BRF:26
BRH:20
end_of_record
TN:
SF:src/components/CardComponents/PhaseAbilities.tsx
FN:10,(anonymous_0)
FN:11,(anonymous_1)
FN:17,(anonymous_2)
FNF:3
FNH:3
FNDA:7424,(anonymous_0)
FNDA:30720,(anonymous_1)
FNDA:5849,(anonymous_2)
DA:10,64
DA:11,7424
DA:12,30720
DA:16,7424
DA:18,5849
DA:33,7424
LF:6
LH:6
BRF:0
BRH:0
end_of_record
TN:
SF:src/components/CardComponents/PhaseEnhancements.tsx
FN:10,(anonymous_0)
FN:12,(anonymous_1)
FN:17,(anonymous_2)
FNF:3
FNH:1
FNDA:7424,(anonymous_0)
FNDA:0,(anonymous_1)
FNDA:0,(anonymous_2)
DA:10,64
DA:11,7424
DA:12,0
DA:16,7424
DA:18,0
DA:33,7424
LF:6
LH:4
BRF:0
BRH:0
end_of_record
TN:
SF:src/components/CardComponents/PhaseDisplays/ChargePhase.tsx
FN:3,(anonymous_0)
FNF:1
FNH:0
FNDA:0,(anonymous_0)
DA:3,64
LF:1
LH:1
BRF:0
BRH:0
end_of_record
TN:
SF:src/components/CardComponents/PhaseDisplays/CommandPhase.tsx
FN:6,(anonymous_0)
FNF:1
FNH:1
FNDA:3712,(anonymous_0)
DA:6,64
DA:11,3712
DA:12,0
DA:13,0
DA:15,3712
LF:5
LH:3
BRDA:11,0,0,0
BRDA:11,0,1,3712
BRF:2
BRH:1
end_of_record
TN:
SF:src/components/CardComponents/PhaseDisplays/LeadershipOCTable.tsx
FN:6,LeadershipOCTable
FNF:1
FNH:1
FNDA:3712,LeadershipOCTable
DA:13,3712
LF:1
LH:1
BRF:0
BRH:0
end_of_record
TN:
SF:src/components/CardComponents/PhaseDisplays/ModelSaveTable.tsx
FN:5,ModelSaveTable
FNF:1
FNH:0
FNDA:0,ModelSaveTable
DA:20,0
LF:1
LH:0
BRDA:35,0,0,0
BRDA:35,0,1,0
BRDA:36,1,0,0
BRDA:36,1,1,0
BRF:4
BRH:0
end_of_record
TN:
SF:src/components/CardComponents/PhaseDisplays/MovementPhase.tsx
FN:5,(anonymous_0)
FNF:1
FNH:0
FNDA:0,(anonymous_0)
DA:5,64
DA:9,0
LF:2
LH:1
BRDA:11,0,0,0
BRDA:11,0,1,0
BRF:2
BRH:0
end_of_record
TN:
SF:src/components/CardComponents/PhaseDisplays/SavesPhase.tsx
FN:7,(anonymous_0)
FN:22,(anonymous_1)
FNF:2
FNH:0
FNDA:0,(anonymous_0)
FNDA:0,(anonymous_1)
DA:7,64
DA:12,0
DA:13,0
DA:14,0
DA:17,0
DA:18,0
DA:20,0
DA:21,0
DA:23,0
DA:27,0
DA:28,0
DA:29,0
DA:31,0
LF:13
LH:1
BRDA:12,0,0,0
BRDA:23,1,0,0
BRDA:23,1,1,0
BRDA:23,1,2,0
BRDA:28,2,0,0
BRDA:28,2,1,0
BRDA:29,3,0,0
BRDA:29,3,1,0
BRF:8
BRH:0
end_of_record
TN:
SF:src/components/CardComponents/PhaseDisplays/ShootingOrFightPhase.tsx
FN:10,(anonymous_0)
FN:21,(anonymous_1)
FN:27,(anonymous_2)
FN:31,(anonymous_3)
FN:32,(anonymous_4)
FNF:5
FNH:5
FNDA:3712,(anonymous_0)
FNDA:25319552,(anonymous_1)
FNDA:12792944,(anonymous_2)
FNDA:5008,(anonymous_3)
FNDA:9232,(anonymous_4)
DA:10,64
DA:19,3712
DA:20,3712
DA:22,25319552
DA:27,12792944
DA:30,3712
DA:31,5008
DA:33,9232
DA:38,3712
DA:40,3712
LF:10
LH:10
BRDA:22,0,0,13055394
BRDA:22,0,1,12264158
BRDA:27,1,0,12792944
BRDA:27,1,1,12792944
BRDA:30,2,0,3712
BRDA:30,2,1,0
BRDA:32,3,0,5008
BRDA:32,3,1,0
BRF:8
BRH:6
end_of_record
TN:
SF:src/components/CardComponents/PhaseDisplays/WeaponPhaseTable.tsx
FN:9,WeaponPhaseTable
FN:30,(anonymous_1)
FNF:2
FNH:2
FNDA:3452,WeaponPhaseTable
FNDA:3904,(anonymous_1)
DA:14,3452
DA:31,3904
LF:2
LH:2
BRDA:34,0,0,3322
BRDA:34,0,1,582
BRDA:39,1,0,1891
BRDA:39,1,1,2013
BRF:4
BRH:4
end_of_record
TN:
SF:src/components/CardComponents/PhaseDisplays/TableComponents.tsx/TableCell.tsx
FN:6,(anonymous_0)
FNF:1
FNH:1
FNDA:34752,(anonymous_0)
DA:6,64
DA:7,34752
LF:2
LH:2
BRF:0
BRH:0
end_of_record
TN:
SF:src/components/CardComponents/PhaseDisplays/TableComponents.tsx/TableHeaderCell.tsx
FN:6,(anonymous_0)
FNF:1
FNH:1
FNDA:35040,(anonymous_0)
DA:6,64
DA:7,35040
LF:2
LH:2
BRF:0
BRH:0
end_of_record
TN:
SF:src/store/store.ts
FN:67,(anonymous_0)
FN:91,(anonymous_1)
FN:102,(anonymous_2)
FN:103,(anonymous_3)
FN:118,(anonymous_4)
FN:133,(anonymous_5)
FN:212,(anonymous_6)
FN:216,(anonymous_7)
FN:221,(anonymous_8)
FN:227,(anonymous_9)
FN:236,(anonymous_10)
FN:247,(anonymous_11)
FN:249,(anonymous_12)
FN:253,(anonymous_13)
FN:263,(anonymous_14)
FN:264,(anonymous_15)
FN:265,(anonymous_16)
FN:269,(anonymous_17)
FN:275,(anonymous_18)
FN:286,(anonymous_19)
FN:291,(anonymous_20)
FN:293,(anonymous_21)
FN:306,(anonymous_22)
FN:317,(anonymous_23)
FN:319,(anonymous_24)
FN:326,(anonymous_25)
FN:328,(anonymous_26)
FN:335,(anonymous_27)
FN:336,(anonymous_28)
FN:343,(anonymous_29)
FN:344,(anonymous_30)
FN:345,(anonymous_31)
FN:346,(anonymous_32)
FN:347,(anonymous_33)
FN:348,(anonymous_34)
FN:349,(anonymous_35)
FN:353,(anonymous_36)
FNF:37
FNH:24
FNDA:64,(anonymous_0)
FNDA:0,(anonymous_1)
FNDA:0,(anonymous_2)
FNDA:64,(anonymous_3)
FNDA:1792,(anonymous_4)
FNDA:6784,(anonymous_5)
FNDA:3712,(anonymous_6)
FNDA:5749888,(anonymous_7)
FNDA:3712,(anonymous_8)
FNDA:0,(anonymous_9)
FNDA:2148416,(anonymous_10)
FNDA:23671424,(anonymous_11)
FNDA:15360,(anonymous_12)
FNDA:1216,(anonymous_13)
FNDA:7104,(anonymous_14)
FNDA:7040,(anonymous_15)
FNDA:7040,(anonymous_16)
FNDA:7360,(anonymous_17)
FNDA:7360,(anonymous_18)
FNDA:2182656,(anonymous_19)
FNDA:47376256,(anonymous_20)
FNDA:18560,(anonymous_21)
FNDA:3712,(anonymous_22)
FNDA:64,(anonymous_23)
FNDA:3712,(anonymous_24)
FNDA:0,(anonymous_25)
FNDA:0,(anonymous_26)
FNDA:0,(anonymous_27)
FNDA:0,(anonymous_28)
FNDA:64,(anonymous_29)
FNDA:0,(anonymous_30)
FNDA:0,(anonymous_31)
FNDA:0,(anonymous_32)
FNDA:0,(anonymous_33)
FNDA:0,(anonymous_34)
FNDA:0,(anonymous_35)
FNDA:64,(anonymous_36)
DA:65,64
DA:67,64
DA:92,0
DA:102,0
DA:104,64
DA:106,64
DA:107,64
DA:111,64
DA:112,0
DA:113,0
DA:116,64
DA:117,64
DA:118,1792
DA:121,64
DA:122,0
DA:123,0
DA:126,64
DA:128,64
DA:130,64
DA:131,64
DA:133,64
DA:134,6784
DA:138,6784
DA:140,0
DA:142,0
DA:144,0
DA:145,0
DA:147,0
DA:150,0
DA:153,6784
DA:156,6784
DA:160,6784
DA:162,3712
DA:163,3712
DA:164,3712
DA:165,3712
DA:182,3712
DA:184,3072
DA:185,1216
DA:186,1216
DA:203,1216
DA:204,1216
DA:209,64
DA:210,64
DA:211,64
DA:213,3712
DA:215,3712
DA:216,5749888
DA:220,3712
DA:221,3712
DA:225,3712
DA:227,0
DA:231,3712
DA:232,0
DA:233,0
DA:235,3712
DA:237,2148416
DA:240,3712
DA:241,0
DA:242,0
DA:245,3712
DA:248,23671424
DA:249,15360
DA:251,3712
DA:252,1152
DA:253,1216
DA:255,1152
DA:258,1152
DA:261,3712
DA:263,7104
DA:264,7040
DA:266,7040
DA:269,7360
DA:273,3712
DA:275,3712
DA:276,7360
DA:277,7360
DA:278,448
DA:279,448
DA:280,448
DA:282,6912
DA:285,3712
DA:287,2182656
DA:290,3712
DA:291,47376256
DA:293,18560
DA:296,3712
DA:306,3712
DA:308,64
DA:309,0
DA:312,64
DA:315,64
DA:319,3712
DA:324,64
DA:327,0
DA:328,0
DA:330,0
DA:331,0
DA:332,0
DA:336,0
DA:343,64
DA:344,0
DA:345,0
DA:346,0
DA:347,0
DA:348,0
DA:349,0
DA:353,64
LF:108
LH:78
BRDA:111,0,0,0
BRDA:111,1,0,64
BRDA:111,1,1,64
BRDA:118,2,0,1792
BRDA:118,2,1,1728
BRDA:121,3,0,0
BRDA:138,4,0,0
BRDA:142,5,0,0
BRDA:142,5,1,0
BRDA:160,6,0,3712
BRDA:160,6,1,3072
BRDA:164,7,0,3712
BRDA:184,8,0,1216
BRDA:189,9,0,1216
BRDA:189,9,1,0
BRDA:203,10,0,1216
BRDA:203,11,0,1216
BRDA:203,11,1,1216
BRDA:209,12,0,64
BRDA:225,13,0,0
BRDA:225,13,1,3712
BRDA:231,14,0,0
BRDA:240,15,0,0
BRDA:251,16,0,1152
BRDA:251,17,0,3712
BRDA:251,17,1,3712
BRDA:255,18,0,64
BRDA:255,18,1,1088
BRDA:263,19,0,7104
BRDA:263,19,1,7040
BRDA:277,20,0,448
BRDA:308,21,0,0
BRDA:330,22,0,0
BRF:33
BRH:22
end_of_record
TN:
SF:src/types/Phase.ts
FN:1,(anonymous_0)
FNF:1
FNH:1
FNDA:64,(anonymous_0)
DA:1,64
DA:2,64
DA:3,64
DA:4,64
DA:5,64
DA:6,64
DA:7,64
LF:7
LH:7
BRDA:1,0,0,64
BRDA:1,0,1,64
BRF:2
BRH:2
end_of_record
TN:
SF:src/types/Side.ts
FN:1,(anonymous_0)
FNF:1
FNH:1
FNDA:64,(anonymous_0)
DA:1,64
LF:1
LH:1
BRDA:1,0,0,64
BRDA:1,0,1,64
BRF:2
BRH:2
end_of_record
TN:
SF:src/types/SortOptions.ts
FN:1,(anonymous_0)
FNF:1
FNH:1
FNDA:64,(anonymous_0)
DA:1,64
DA:2,64
DA:3,64
LF:3
LH:3
BRDA:1,0,0,64
BRDA:1,0,1,64
BRF:2
BRH:2
end_of_record
TN:
SF:src/utils/StoreHelper.ts
FN:6,(anonymous_0)
FN:18,(anonymous_1)
FN:56,(anonymous_2)
FN:134,(anonymous_3)
FNF:4
FNH:4
FNDA:64,(anonymous_0)
FNDA:3712,(anonymous_1)
FNDA:15360,(anonymous_2)
FNDA:3712,(anonymous_3)
DA:6,64
DA:7,64
DA:15,64
DA:18,64
DA:19,3712
DA:21,0
DA:22,0
DA:24,0
DA:25,0
DA:27,0
DA:28,0
DA:30,0
DA:31,0
DA:34,0
DA:35,0
DA:37,0
DA:38,0
DA:40,0
DA:41,0
DA:43,64
DA:44,64
DA:46,0
DA:47,0
DA:49,0
DA:50,0
DA:53,3712
DA:56,64
DA:57,15360
DA:59,128
DA:65,0
DA:72,128
DA:79,1408
DA:86,0
DA:93,64
DA:100,0
DA:107,640
DA:114,128
DA:121,12864
DA:122,5056
DA:129,7808
DA:134,64
DA:135,3712
DA:136,0
DA:139,3712
DA:141,0
DA:142,0
DA:144,0
DA:145,0
DA:146,0
DA:149,3712
DA:151,0
DA:152,0
DA:153,0
DA:155,0
DA:158,0
DA:160,0
DA:161,0
DA:163,0
DA:164,0
DA:166,0
DA:167,0
DA:169,0
DA:170,0
DA:172,0
DA:173,0
DA:175,0
DA:176,0
DA:178,0
DA:179,0
DA:181,0
DA:182,0
DA:184,0
DA:185,0
DA:187,0
DA:188,0
DA:190,0
DA:191,0
DA:194,3712
LF:78
LH:24
BRDA:19,0,0,0
BRDA:19,0,1,0
BRDA:19,0,2,0
BRDA:19,0,3,0
BRDA:19,0,4,0
BRDA:19,0,5,0
BRDA:19,0,6,0
BRDA:19,0,7,0
BRDA:19,0,8,64
BRDA:19,0,9,0
BRDA:19,0,10,0
BRDA:57,1,0,128
BRDA:57,1,1,0
BRDA:57,1,2,128
BRDA:57,1,3,1408
BRDA:57,1,4,0
BRDA:57,1,5,64
BRDA:57,1,6,0
BRDA:57,1,7,640
BRDA:57,1,8,128
BRDA:57,1,9,12864
BRDA:121,2,0,5056
BRDA:121,2,1,7808
BRDA:135,3,0,0
BRDA:139,4,0,0
BRDA:139,4,1,0
BRDA:141,5,0,0
BRDA:141,5,1,0
BRDA:144,6,0,0
BRDA:144,6,1,0
BRDA:145,7,0,0
BRDA:145,7,1,0
BRDA:149,8,0,0
BRDA:149,8,1,0
BRDA:149,8,2,0
BRDA:149,8,3,0
BRDA:149,8,4,0
BRDA:149,8,5,0
BRDA:149,8,6,0
BRDA:149,8,7,0
BRDA:149,8,8,0
BRDA:149,8,9,0
BRDA:149,8,10,0
BRDA:149,8,11,0
BRDA:151,9,0,0
BRDA:152,10,0,0
BRDA:152,10,1,0
BRF:47
BRH:10
end_of_record
TN:
SF:src/utils/VersionHelper.ts
FN:3,(anonymous_0)
FN:4,(anonymous_1)
FNF:2
FNH:2
FNDA:64,(anonymous_0)
FNDA:128,(anonymous_1)
DA:3,64
DA:4,128
LF:2
LH:2
BRF:0
BRH:0
end_of_record
